7.5485 	EXP 	Created window1 = Window(allowGUI=False, allowStencil=False, autoLog=True, backendConf=UNKNOWN, bitsMode=UNKNOWN, blendMode='avg', bpc=(8, 8, 8), color=array([0, 0, 0]), colorSpace='rgb', depthBits=8, fullscr=<method-wrapper '__getattribute__' of attributeSetter object at 0x000002E7220B2CF8>, gamma=None, gammaErrorPolicy='raise', lms=UNKNOWN, monitor=<psychopy.monitors.calibTools.Monitor object at 0x000002E722126198>, multiSample=False, name='window1', numSamples=2, pos=[0.0, 0.0], screen=0, size=array([1920, 1080]), stencilBits=0, stereo=False, units='height', useFBO=True, useRetina=False, viewOri=0.0, viewPos=None, viewScale=None, waitBlanking=True, winType='pyglet')
7.5487 	EXP 	window1: mouseVisible = True
7.5487 	EXP 	window1: recordFrameIntervals = False
7.6176 	EXP 	window1: recordFrameIntervals = True
7.6941 	EXP 	window1: recordFrameIntervals = False
7.9347 	EXP 	UDP Sent: marker_value=0, marker_string=experiment_start
8.0871 	EXP 	Created instructions_text = TextStim(__class__=<class 'psychopy.visual.text.TextStim'>, alignHoriz=method-wrapper(...), alignText='center', alignVert=method-wrapper(...), anchorHoriz='center', anchorVert='center', antialias=True, autoLog=True, bold=False, color=array([1., 1., 1.]), colorSpace='rgb', contrast=1.0, depth=0.0, flipHoriz=False, flipVert=False, font='Open Sans', fontFiles=[], height=0.05, italic=False, languageStyle='LTR', name='instructions_text', opacity=1, ori=0.0, pos=array([0., 0.]), rgb=UNKNOWN, text=str(...), units='height', win=Window(...), wrapWidth=1)
8.1015 	EXP 	Created practice_instructions_text = TextStim(__class__=<class 'psychopy.visual.text.TextStim'>, alignHoriz=method-wrapper(...), alignText='center', alignVert=method-wrapper(...), anchorHoriz='center', anchorVert='center', antialias=True, autoLog=True, bold=False, color=array([1., 1., 1.]), colorSpace='rgb', contrast=1.0, depth=-1.0, flipHoriz=False, flipVert=False, font='Open Sans', fontFiles=[], height=0.1, italic=False, languageStyle='LTR', name='practice_instructions_text', opacity=1, ori=0.0, pos=array([0., 0.]), rgb=UNKNOWN, text='Practice instructions go here.', units='height', win=Window(...), wrapWidth=1)
8.1174 	EXP 	Created post_instructions_text = TextStim(__class__=<class 'psychopy.visual.text.TextStim'>, alignHoriz=method-wrapper(...), alignText='center', alignVert=method-wrapper(...), anchorHoriz='center', anchorVert='center', antialias=True, autoLog=True, bold=False, color=array([1., 1., 1.]), colorSpace='rgb', contrast=1.0, depth=-1.0, flipHoriz=False, flipVert=False, font='Open Sans', fontFiles=[], height=0.05, italic=False, languageStyle='LTR', name='post_instructions_text', opacity=1, ori=0.0, pos=array([0., 0.]), rgb=UNKNOWN, text=str(...), units='height', win=Window(...), wrapWidth=1)
8.1392 	EXP 	Created zero_move_text = TextStim(__class__=<class 'psychopy.visual.text.TextStim'>, alignHoriz=method-wrapper(...), alignText='center', alignVert=method-wrapper(...), anchorHoriz='center', anchorVert='center', antialias=True, autoLog=True, bold=False, color=array([1., 1., 1.]), colorSpace='rgb', contrast=1.0, depth=0.0, flipHoriz=False, flipVert=False, font='Open Sans', fontFiles=[], height=0.1, italic=False, languageStyle='LTR', name='zero_move_text', opacity=1.0, ori=0.0, pos=array([0., 0.]), rgb=UNKNOWN, text=str(...), units='height', win=Window(...), wrapWidth=1)
8.1515 	EXP 	Created multi_move_text = TextStim(__class__=<class 'psychopy.visual.text.TextStim'>, alignHoriz=method-wrapper(...), alignText='center', alignVert=method-wrapper(...), anchorHoriz='center', anchorVert='center', antialias=True, autoLog=True, bold=False, color=array([1., 1., 1.]), colorSpace='rgb', contrast=1.0, depth=-1.0, flipHoriz=False, flipVert=False, font='Open Sans', fontFiles=[], height=0.1, italic=False, languageStyle='LTR', name='multi_move_text', opacity=1.0, ori=0.0, pos=array([0., 0.]), rgb=UNKNOWN, text=str(...), units='height', win=Window(...), wrapWidth=1)
8.1594 	EXP 	Created stim_text = TextStim(__class__=<class 'psychopy.visual.text.TextStim'>, alignHoriz=method-wrapper(...), alignText='center', alignVert=method-wrapper(...), anchorHoriz='center', anchorVert='center', antialias=True, autoLog=True, bold=False, color=array([1., 1., 1.]), colorSpace='rgb', contrast=1.0, depth=-1.0, flipHoriz=False, flipVert=False, font='Open Sans', fontFiles=[], height=0.1, italic=False, languageStyle='LTR', name='stim_text', opacity=1, ori=0.0, pos=array([0., 0.]), rgb=UNKNOWN, text='Can you solve this in exactly two moves?', units='height', win=Window(...), wrapWidth=1)
8.1695 	EXP 	Created stim_image = ImageStim(__class__=<class 'psychopy.visual.image.ImageStim'>, autoLog=True, color=array([1., 1., 1.]), colorSpace='rgb', contrast=1.0, depth=-3.0, flipHoriz=False, flipVert=False, image='sin', interpolate=True, mask=None, maskParams=None, name='stim_image', opacity=1, ori=0.0, pos=array([0., 0.]), size=array([0.5 , 0.75]), texRes=128.0, units='height', win=Window(...))
8.2019 	EXP 	instructions_text: autoDraw = True
8.4643 	DATA 	Keypress: space
8.4770 	EXP 	instructions_text: autoDraw = False
8.4770 	EXP 	practice_instructions_text: autoDraw = True
8.8093 	DATA 	Keypress: space
8.8161 	EXP 	UDP Sent: marker_value=2, marker_string=practice_start
8.8162 	EXP 	UDP Sent: marker_value=3, marker_string=practice_end
8.8234 	EXP 	practice_instructions_text: autoDraw = False
8.8234 	EXP 	post_instructions_text: autoDraw = True
9.2010 	EXP 	Imported TOL_task_order-16461825694900932.csv as conditions, 6 conditions, 1 params
9.2013 	EXP 	Created sequence: sequential, trialTypes=6, nReps=1, seed=None
9.2015 	EXP 	New trial (rep=0, index=0): OrderedDict([('task_order', 'MM1')])
9.2281 	DATA 	Keypress: space
9.2303 	EXP 	post_instructions_text: autoDraw = False
9.2303 	EXP 	zero_move_text: autoDraw = True
9.2303 	EXP 	multi_move_text: autoDraw = True
9.5459 	DATA 	Keypress: space
9.5528 	EXP 	UDP Sent: marker_value=4, marker_string=block_start
9.5578 	EXP 	Imported TOL_conditions\MM_stims-16462253937985368.csv as conditions, 6 conditions, 2 params
9.5581 	EXP 	Created sequence: sequential, trialTypes=6, nReps=1, seed=None
9.5583 	EXP 	New trial (rep=0, index=0): OrderedDict([('image_stim', 'multi_move_stimuli\\two_move\\two_move_2.jpg'), ('match', 1)])
9.5599 	EXP 	UDP Sent: marker_value=6, marker_string=trial_start
9.5600 	EXP 	UDP Sent: marker_value=8, marker_string=stimuli_start
9.6316 	EXP 	zero_move_text: autoDraw = False
9.6316 	EXP 	multi_move_text: autoDraw = False
9.6316 	EXP 	stim_image: image = 'C:\\Users\\zackg\\OneDrive\\Ayaz Lab\\KernelFlow_PsychoPy\\tower_of_london\\multi_move_stimuli\\two_move\\two_move_2.jpg'
9.6316 	EXP 	stim_image: autoDraw = True
16.5954 	EXP 	stim_text: autoDraw = True
16.6368 	EXP 	stim_image: autoDraw = False
19.5601 	EXP 	UDP Sent: marker_value=9, marker_string=stimuli_end
19.5601 	EXP 	UDP Sent: marker_value=11, marker_string=incorrect_ans
19.5602 	EXP 	UDP Sent: marker_value=7, marker_string=trial_end
19.5611 	EXP 	New trial (rep=0, index=1): OrderedDict([('image_stim', 'multi_move_stimuli\not_two_move\not_two_move_3.jpg'), ('match', 0)])
19.5628 	EXP 	UDP Sent: marker_value=6, marker_string=trial_start
19.5628 	EXP 	UDP Sent: marker_value=8, marker_string=stimuli_start
19.5632 	DEPRECATION 	Couldn't find image C:\Users\zackg\OneDrive\Ayaz Lab\KernelFlow_PsychoPy\tower_of_london\multi_move_stimuli
ot_two_move
ot_two_move_3.jpg; check path? (tried: C:\Users\zackg\OneDrive\Ayaz Lab\KernelFlow_PsychoPy\tower_of_london\multi_move_stimuli
ot_two_move
ot_two_move_3.jpg)
22.1935 	EXP 	window1: mouseVisible = True
