9.1763 	EXP 	Created window1 = Window(allowGUI=False, allowStencil=False, autoLog=True, backendConf=UNKNOWN, bitsMode=UNKNOWN, blendMode='avg', bpc=(8, 8, 8), color=array([0, 0, 0]), colorSpace='rgb', depthBits=8, fullscr=<method-wrapper '__getattribute__' of attributeSetter object at 0x0000024096746B00>, gamma=None, gammaErrorPolicy='raise', lms=UNKNOWN, monitor=<psychopy.monitors.calibTools.Monitor object at 0x00000240967C4F60>, multiSample=False, name='window1', numSamples=2, pos=[0.0, 0.0], screen=0, size=array([1920, 1080]), stencilBits=0, stereo=False, units='height', useFBO=True, useRetina=False, viewOri=0.0, viewPos=None, viewScale=None, waitBlanking=True, winType='pyglet')
9.1765 	EXP 	window1: mouseVisible = True
9.1766 	EXP 	window1: recordFrameIntervals = False
9.2453 	EXP 	window1: recordFrameIntervals = True
9.3218 	EXP 	window1: recordFrameIntervals = False
9.5663 	EXP 	UDP Sent: marker_value=0, marker_string=experiment_start
9.7180 	EXP 	Created instructions_text = TextStim(__class__=<class 'psychopy.visual.text.TextStim'>, alignHoriz=method-wrapper(...), alignText='center', alignVert=method-wrapper(...), anchorHoriz='center', anchorVert='center', antialias=True, autoLog=True, bold=False, color=array([1., 1., 1.]), colorSpace='rgb', contrast=1.0, depth=0.0, flipHoriz=False, flipVert=False, font='Open Sans', fontFiles=[], height=0.05, italic=False, languageStyle='LTR', name='instructions_text', opacity=1, ori=0.0, pos=array([0., 0.]), rgb=UNKNOWN, text=str(...), units='height', win=Window(...), wrapWidth=1)
9.7482 	EXP 	Created multi_move_text = TextStim(__class__=<class 'psychopy.visual.text.TextStim'>, alignHoriz=method-wrapper(...), alignText='center', alignVert=method-wrapper(...), anchorHoriz='center', anchorVert='center', antialias=True, autoLog=True, bold=False, color=array([1., 1., 1.]), colorSpace='rgb', contrast=1.0, depth=0.0, flipHoriz=False, flipVert=False, font='Open Sans', fontFiles=[], height=0.1, italic=False, languageStyle='LTR', name='multi_move_text', opacity=1, ori=0.0, pos=array([0., 0.]), rgb=UNKNOWN, text=str(...), units='height', win=Window(...), wrapWidth=1)
9.7554 	EXP 	Created stim_text = TextStim(__class__=<class 'psychopy.visual.text.TextStim'>, alignHoriz=method-wrapper(...), alignText='center', alignVert=method-wrapper(...), anchorHoriz='center', anchorVert='center', antialias=True, autoLog=True, bold=False, color=array([1., 1., 1.]), colorSpace='rgb', contrast=1.0, depth=-1.0, flipHoriz=False, flipVert=False, font='Open Sans', fontFiles=[], height=0.1, italic=False, languageStyle='LTR', name='stim_text', opacity=1, ori=0.0, pos=array([0., 0.]), rgb=UNKNOWN, text='Can you solve this in exactly two moves?', units='height', win=Window(...), wrapWidth=1)
9.7654 	EXP 	Created stim_image = ImageStim(__class__=<class 'psychopy.visual.image.ImageStim'>, autoLog=True, color=array([1., 1., 1.]), colorSpace='rgb', contrast=1.0, depth=-3.0, flipHoriz=False, flipVert=False, image='sin', interpolate=True, mask=None, maskParams=None, name='stim_image', opacity=1, ori=0.0, pos=array([0., 0.]), size=array([0.5 , 0.75]), texRes=128.0, units='height', win=Window(...))
9.7981 	EXP 	instructions_text: autoDraw = True
35.8418 	EXP 	Imported TOL_task_order-16461825694900932.csv as conditions, 6 conditions, 1 params
35.8421 	EXP 	Created sequence: sequential, trialTypes=6, nReps=1, seed=None
35.8423 	EXP 	New trial (rep=0, index=0): OrderedDict([('task_order', 'MM1')])
35.8501 	DATA 	Keypress: space
35.8519 	EXP 	instructions_text: autoDraw = False
35.8519 	EXP 	multi_move_text: autoDraw = True
44.7857 	DATA 	Keypress: space
44.7920 	EXP 	UDP Sent: marker_value=4, marker_string=block_start
44.7961 	EXP 	Imported TOL_conditions\MM_stims-16462270164042006.csv as conditions, 6 conditions, 2 params
44.7964 	EXP 	Created sequence: sequential, trialTypes=6, nReps=1, seed=None
44.7966 	EXP 	New trial (rep=0, index=0): OrderedDict([('image_stim', 'multi_move_stimuli\\stim_two_move\\stim_two_move_4.jpg'), ('match', 1)])
44.7983 	EXP 	UDP Sent: marker_value=6, marker_string=trial_start
44.7984 	EXP 	UDP Sent: marker_value=8, marker_string=stimuli_start
44.8749 	EXP 	multi_move_text: autoDraw = False
44.8749 	EXP 	stim_image: image = 'multi_move_stimuli\\stim_two_move\\stim_two_move_4.jpg'
44.8749 	EXP 	stim_image: autoDraw = True
51.8349 	EXP 	stim_text: autoDraw = True
51.8762 	EXP 	stim_image: autoDraw = False
54.7992 	EXP 	UDP Sent: marker_value=9, marker_string=stimuli_end
54.7992 	EXP 	UDP Sent: marker_value=11, marker_string=incorrect_ans
54.7993 	EXP 	UDP Sent: marker_value=7, marker_string=trial_end
54.8002 	EXP 	New trial (rep=0, index=1): OrderedDict([('image_stim', 'multi_move_stimuli\\stim_not_two_move\\stim_not_two_move_3.jpg'), ('match', 0)])
54.8025 	EXP 	UDP Sent: marker_value=6, marker_string=trial_start
54.8025 	EXP 	UDP Sent: marker_value=8, marker_string=stimuli_start
54.8423 	EXP 	stim_text: autoDraw = False
54.8423 	EXP 	stim_image: autoDraw = False
54.8423 	EXP 	stim_image: image = 'multi_move_stimuli\\stim_not_two_move\\stim_not_two_move_3.jpg'
54.8423 	EXP 	stim_image: autoDraw = True
61.8397 	EXP 	stim_text: autoDraw = True
61.8466 	EXP 	stim_image: autoDraw = False
64.8043 	EXP 	UDP Sent: marker_value=9, marker_string=stimuli_end
64.8044 	EXP 	UDP Sent: marker_value=11, marker_string=incorrect_ans
64.8044 	EXP 	UDP Sent: marker_value=7, marker_string=trial_end
64.8051 	EXP 	New trial (rep=0, index=2): OrderedDict([('image_stim', 'multi_move_stimuli\\stim_two_move\\stim_two_move_3.jpg'), ('match', 1)])
64.8072 	EXP 	UDP Sent: marker_value=6, marker_string=trial_start
64.8073 	EXP 	UDP Sent: marker_value=8, marker_string=stimuli_start
64.8449 	EXP 	stim_text: autoDraw = False
64.8449 	EXP 	stim_image: autoDraw = False
64.8449 	EXP 	stim_image: image = 'multi_move_stimuli\\stim_two_move\\stim_two_move_3.jpg'
64.8449 	EXP 	stim_image: autoDraw = True
71.8377 	EXP 	stim_text: autoDraw = True
71.8459 	EXP 	stim_image: autoDraw = False
72.1620 	DATA 	Keypress: right
74.8094 	EXP 	UDP Sent: marker_value=9, marker_string=stimuli_end
74.8094 	EXP 	UDP Sent: marker_value=11, marker_string=incorrect_ans
74.8095 	EXP 	UDP Sent: marker_value=7, marker_string=trial_end
74.8102 	EXP 	New trial (rep=0, index=3): OrderedDict([('image_stim', 'multi_move_stimuli\\stim_two_move\\stim_two_move_2.jpg'), ('match', 1)])
74.8121 	EXP 	UDP Sent: marker_value=6, marker_string=trial_start
74.8122 	EXP 	UDP Sent: marker_value=8, marker_string=stimuli_start
74.8488 	EXP 	stim_text: autoDraw = False
74.8488 	EXP 	stim_image: autoDraw = False
74.8488 	EXP 	stim_image: image = 'multi_move_stimuli\\stim_two_move\\stim_two_move_2.jpg'
74.8488 	EXP 	stim_image: autoDraw = True
81.8428 	EXP 	stim_text: autoDraw = True
81.8507 	EXP 	stim_image: autoDraw = False
82.3745 	DATA 	Keypress: right
84.8143 	EXP 	UDP Sent: marker_value=9, marker_string=stimuli_end
84.8144 	EXP 	UDP Sent: marker_value=11, marker_string=incorrect_ans
84.8144 	EXP 	UDP Sent: marker_value=7, marker_string=trial_end
84.8151 	EXP 	New trial (rep=0, index=4): OrderedDict([('image_stim', 'multi_move_stimuli\\stim_not_two_move\\stim_not_two_move_4.jpg'), ('match', 0)])
84.8174 	EXP 	UDP Sent: marker_value=6, marker_string=trial_start
84.8175 	EXP 	UDP Sent: marker_value=8, marker_string=stimuli_start
84.8552 	EXP 	stim_text: autoDraw = False
84.8552 	EXP 	stim_image: autoDraw = False
84.8552 	EXP 	stim_image: image = 'multi_move_stimuli\\stim_not_two_move\\stim_not_two_move_4.jpg'
84.8552 	EXP 	stim_image: autoDraw = True
91.8477 	EXP 	stim_text: autoDraw = True
91.8555 	EXP 	stim_image: autoDraw = False
94.8191 	EXP 	UDP Sent: marker_value=9, marker_string=stimuli_end
94.8192 	EXP 	UDP Sent: marker_value=11, marker_string=incorrect_ans
94.8192 	EXP 	UDP Sent: marker_value=7, marker_string=trial_end
94.8199 	EXP 	New trial (rep=0, index=5): OrderedDict([('image_stim', 'multi_move_stimuli\\stim_not_two_move\\stim_not_two_move_2.jpg'), ('match', 0)])
94.8214 	EXP 	UDP Sent: marker_value=6, marker_string=trial_start
94.8215 	EXP 	UDP Sent: marker_value=8, marker_string=stimuli_start
94.8559 	EXP 	stim_text: autoDraw = False
94.8559 	EXP 	stim_image: autoDraw = False
94.8559 	EXP 	stim_image: image = 'multi_move_stimuli\\stim_not_two_move\\stim_not_two_move_2.jpg'
94.8559 	EXP 	stim_image: autoDraw = True
101.8527 	EXP 	stim_text: autoDraw = True
101.8613 	EXP 	stim_image: autoDraw = False
104.8243 	EXP 	UDP Sent: marker_value=9, marker_string=stimuli_end
104.8243 	EXP 	UDP Sent: marker_value=11, marker_string=incorrect_ans
104.8244 	EXP 	UDP Sent: marker_value=7, marker_string=trial_end
104.8250 	EXP 	UDP Sent: marker_value=5, marker_string=block_end
104.8265 	EXP 	New trial (rep=0, index=1): OrderedDict([('task_order', 'ZM1')])
104.8331 	EXP 	stim_text: autoDraw = False
104.8331 	EXP 	stim_image: autoDraw = False
104.8331 	EXP 	multi_move_text: autoDraw = True
155.0901 	DATA 	Keypress: space
155.0960 	EXP 	UDP Sent: marker_value=4, marker_string=block_start
155.1039 	EXP 	Imported TOL_conditions\ZM_stims-16462270163021884.csv as conditions, 6 conditions, 2 params
155.1042 	EXP 	Created sequence: sequential, trialTypes=6, nReps=1, seed=None
155.1044 	EXP 	New trial (rep=0, index=0): OrderedDict([('image_stim', 'zero_move_stimuli\\zero_move_2.jpg'), ('match', 1)])
155.1065 	EXP 	UDP Sent: marker_value=6, marker_string=trial_start
155.1066 	EXP 	UDP Sent: marker_value=8, marker_string=stimuli_start
155.1590 	EXP 	multi_move_text: autoDraw = False
155.1590 	EXP 	stim_image: image = 'zero_move_stimuli\\zero_move_2.jpg'
155.1590 	EXP 	stim_image: autoDraw = True
162.1534 	EXP 	stim_text: autoDraw = True
162.1613 	EXP 	stim_image: autoDraw = False
163.9905 	DATA 	Keypress: escape
166.1795 	EXP 	window1: mouseVisible = True
