7.5921 	EXP 	Created window1 = Window(allowGUI=False, allowStencil=False, autoLog=True, backendConf=UNKNOWN, bitsMode=UNKNOWN, blendMode='avg', bpc=(8, 8, 8), color=array([0, 0, 0]), colorSpace='rgb', depthBits=8, fullscr=<method-wrapper '__getattribute__' of attributeSetter object at 0x000001C64D2C2C50>, gamma=None, gammaErrorPolicy='raise', lms=UNKNOWN, monitor=<psychopy.monitors.calibTools.Monitor object at 0x000001C64D3360F0>, multiSample=False, name='window1', numSamples=2, pos=[0.0, 0.0], screen=0, size=array([1920, 1080]), stencilBits=0, stereo=False, units='height', useFBO=True, useRetina=False, viewOri=0.0, viewPos=None, viewScale=None, waitBlanking=True, winType='pyglet')
7.5923 	EXP 	window1: mouseVisible = True
7.5923 	EXP 	window1: recordFrameIntervals = False
7.6611 	EXP 	window1: recordFrameIntervals = True
7.7376 	EXP 	window1: recordFrameIntervals = False
7.9815 	EXP 	UDP Sent: marker_value=0, marker_string=experiment_start
8.1366 	EXP 	Created instructions_text = TextStim(__class__=<class 'psychopy.visual.text.TextStim'>, alignHoriz=method-wrapper(...), alignText='center', alignVert=method-wrapper(...), anchorHoriz='center', anchorVert='center', antialias=True, autoLog=True, bold=False, color=array([1., 1., 1.]), colorSpace='rgb', contrast=1.0, depth=0.0, flipHoriz=False, flipVert=False, font='Open Sans', fontFiles=[], height=0.05, italic=False, languageStyle='LTR', name='instructions_text', opacity=1, ori=0.0, pos=array([0., 0.]), rgb=UNKNOWN, text=str(...), units='height', win=Window(...), wrapWidth=1)
8.1518 	EXP 	Created practice_instructions_text = TextStim(__class__=<class 'psychopy.visual.text.TextStim'>, alignHoriz=method-wrapper(...), alignText='center', alignVert=method-wrapper(...), anchorHoriz='center', anchorVert='center', antialias=True, autoLog=True, bold=False, color=array([1., 1., 1.]), colorSpace='rgb', contrast=1.0, depth=-1.0, flipHoriz=False, flipVert=False, font='Open Sans', fontFiles=[], height=0.1, italic=False, languageStyle='LTR', name='practice_instructions_text', opacity=1, ori=0.0, pos=array([0., 0.]), rgb=UNKNOWN, text='Practice instructions go here.', units='height', win=Window(...), wrapWidth=1)
8.1683 	EXP 	Created post_instructions_text = TextStim(__class__=<class 'psychopy.visual.text.TextStim'>, alignHoriz=method-wrapper(...), alignText='center', alignVert=method-wrapper(...), anchorHoriz='center', anchorVert='center', antialias=True, autoLog=True, bold=False, color=array([1., 1., 1.]), colorSpace='rgb', contrast=1.0, depth=-1.0, flipHoriz=False, flipVert=False, font='Open Sans', fontFiles=[], height=0.05, italic=False, languageStyle='LTR', name='post_instructions_text', opacity=1, ori=0.0, pos=array([0., 0.]), rgb=UNKNOWN, text=str(...), units='height', win=Window(...), wrapWidth=1)
8.1903 	EXP 	Created zero_move_text = TextStim(__class__=<class 'psychopy.visual.text.TextStim'>, alignHoriz=method-wrapper(...), alignText='center', alignVert=method-wrapper(...), anchorHoriz='center', anchorVert='center', antialias=True, autoLog=True, bold=False, color=array([1., 1., 1.]), colorSpace='rgb', contrast=1.0, depth=0.0, flipHoriz=False, flipVert=False, font='Open Sans', fontFiles=[], height=0.1, italic=False, languageStyle='LTR', name='zero_move_text', opacity=1.0, ori=0.0, pos=array([0., 0.]), rgb=UNKNOWN, text=str(...), units='height', win=Window(...), wrapWidth=1)
8.2027 	EXP 	Created multi_move_text = TextStim(__class__=<class 'psychopy.visual.text.TextStim'>, alignHoriz=method-wrapper(...), alignText='center', alignVert=method-wrapper(...), anchorHoriz='center', anchorVert='center', antialias=True, autoLog=True, bold=False, color=array([1., 1., 1.]), colorSpace='rgb', contrast=1.0, depth=-1.0, flipHoriz=False, flipVert=False, font='Open Sans', fontFiles=[], height=0.1, italic=False, languageStyle='LTR', name='multi_move_text', opacity=1.0, ori=0.0, pos=array([0., 0.]), rgb=UNKNOWN, text=str(...), units='height', win=Window(...), wrapWidth=1)
8.2107 	EXP 	Created stim_text = TextStim(__class__=<class 'psychopy.visual.text.TextStim'>, alignHoriz=method-wrapper(...), alignText='center', alignVert=method-wrapper(...), anchorHoriz='center', anchorVert='center', antialias=True, autoLog=True, bold=False, color=array([1., 1., 1.]), colorSpace='rgb', contrast=1.0, depth=-1.0, flipHoriz=False, flipVert=False, font='Open Sans', fontFiles=[], height=0.1, italic=False, languageStyle='LTR', name='stim_text', opacity=1, ori=0.0, pos=array([0., 0.]), rgb=UNKNOWN, text='Can you solve this in exactly two moves?', units='height', win=Window(...), wrapWidth=1)
8.2429 	EXP 	instructions_text: autoDraw = True
8.5056 	DATA 	Keypress: space
8.5070 	EXP 	instructions_text: autoDraw = False
8.5070 	EXP 	practice_instructions_text: autoDraw = True
8.8174 	EXP 	UDP Sent: marker_value=2, marker_string=practice_start
8.8174 	EXP 	UDP Sent: marker_value=3, marker_string=practice_end
8.8232 	DATA 	Keypress: space
8.8247 	EXP 	practice_instructions_text: autoDraw = False
8.8247 	EXP 	post_instructions_text: autoDraw = True
9.1681 	EXP 	Imported TOL_task_order-16461825694900932.csv as conditions, 6 conditions, 1 params
9.1685 	EXP 	Created sequence: sequential, trialTypes=6, nReps=1, seed=None
9.1687 	EXP 	New trial (rep=0, index=0): OrderedDict([('task_order', 'MM1')])
9.1960 	DATA 	Keypress: space
9.1982 	EXP 	post_instructions_text: autoDraw = False
9.1982 	EXP 	zero_move_text: autoDraw = True
9.1982 	EXP 	multi_move_text: autoDraw = True
9.5288 	EXP 	UDP Sent: marker_value=4, marker_string=block_start
9.5329 	EXP 	Imported TOL_conditions\MM_stims-16462221392135022.csv as conditions, 6 conditions, 2 params
9.5331 	EXP 	Created sequence: sequential, trialTypes=6, nReps=1, seed=None
9.5333 	EXP 	New trial (rep=0, index=0): OrderedDict([('image_stim', 'multi_move_stimuli\\\not_two_move\\\not_two_move_1.jpg'), ('match', 0)])
9.5350 	EXP 	UDP Sent: marker_value=6, marker_string=trial_start
9.5350 	EXP 	UDP Sent: marker_value=8, marker_string=stimuli_start
9.5373 	DATA 	Keypress: space
9.5385 	EXP 	zero_move_text: autoDraw = False
9.5385 	EXP 	multi_move_text: autoDraw = False
16.5343 	EXP 	stim_text: autoDraw = True
19.5288 	EXP 	UDP Sent: marker_value=9, marker_string=stimuli_end
19.5289 	EXP 	UDP Sent: marker_value=11, marker_string=incorrect_ans
19.5289 	EXP 	UDP Sent: marker_value=7, marker_string=trial_end
19.5296 	EXP 	New trial (rep=0, index=1): OrderedDict([('image_stim', 'multi_move_stimuli\\\\two_move\\\\two_move_1.jpg'), ('match', 1)])
19.5318 	EXP 	UDP Sent: marker_value=6, marker_string=trial_start
19.5318 	EXP 	UDP Sent: marker_value=8, marker_string=stimuli_start
19.5350 	EXP 	stim_text: autoDraw = False
19.5350 	EXP 	stim_text: autoDraw = False
20.2856 	DATA 	Keypress: space
21.3264 	DATA 	Keypress: escape
23.5910 	EXP 	window1: mouseVisible = True
