7.6563 	EXP 	Created window1 = Window(allowGUI=False, allowStencil=False, autoLog=True, backendConf=UNKNOWN, bitsMode=UNKNOWN, blendMode='avg', bpc=(8, 8, 8), color=array([0, 0, 0]), colorSpace='rgb', depthBits=8, fullscr=<method-wrapper '__getattribute__' of attributeSetter object at 0x000001F1DE7C2CC0>, gamma=None, gammaErrorPolicy='raise', lms=UNKNOWN, monitor=<psychopy.monitors.calibTools.Monitor object at 0x000001F1DE836160>, multiSample=False, name='window1', numSamples=2, pos=[0.0, 0.0], screen=0, size=array([1920, 1080]), stencilBits=0, stereo=False, units='height', useFBO=True, useRetina=False, viewOri=0.0, viewPos=None, viewScale=None, waitBlanking=True, winType='pyglet')
7.6565 	EXP 	window1: mouseVisible = True
7.6565 	EXP 	window1: recordFrameIntervals = False
7.7254 	EXP 	window1: recordFrameIntervals = True
7.8018 	EXP 	window1: recordFrameIntervals = False
8.0438 	EXP 	UDP Sent: marker_value=0, marker_string=experiment_start
8.2079 	EXP 	Created instructions_text = TextStim(__class__=<class 'psychopy.visual.text.TextStim'>, alignHoriz=method-wrapper(...), alignText='center', alignVert=method-wrapper(...), anchorHoriz='center', anchorVert='center', antialias=True, autoLog=True, bold=False, color=array([1., 1., 1.]), colorSpace='rgb', contrast=1.0, depth=0.0, flipHoriz=False, flipVert=False, font='Open Sans', fontFiles=[], height=0.05, italic=False, languageStyle='LTR', name='instructions_text', opacity=1, ori=0.0, pos=array([0., 0.]), rgb=UNKNOWN, text=str(...), units='height', win=Window(...), wrapWidth=1)
8.2238 	EXP 	Created practice_instructions_text = TextStim(__class__=<class 'psychopy.visual.text.TextStim'>, alignHoriz=method-wrapper(...), alignText='center', alignVert=method-wrapper(...), anchorHoriz='center', anchorVert='center', antialias=True, autoLog=True, bold=False, color=array([1., 1., 1.]), colorSpace='rgb', contrast=1.0, depth=-1.0, flipHoriz=False, flipVert=False, font='Open Sans', fontFiles=[], height=0.1, italic=False, languageStyle='LTR', name='practice_instructions_text', opacity=1, ori=0.0, pos=array([0., 0.]), rgb=UNKNOWN, text='Practice instructions go here.', units='height', win=Window(...), wrapWidth=1)
8.2402 	EXP 	Created post_instructions_text = TextStim(__class__=<class 'psychopy.visual.text.TextStim'>, alignHoriz=method-wrapper(...), alignText='center', alignVert=method-wrapper(...), anchorHoriz='center', anchorVert='center', antialias=True, autoLog=True, bold=False, color=array([1., 1., 1.]), colorSpace='rgb', contrast=1.0, depth=-1.0, flipHoriz=False, flipVert=False, font='Open Sans', fontFiles=[], height=0.05, italic=False, languageStyle='LTR', name='post_instructions_text', opacity=1, ori=0.0, pos=array([0., 0.]), rgb=UNKNOWN, text=str(...), units='height', win=Window(...), wrapWidth=1)
8.2632 	EXP 	Created zero_move_text = TextStim(__class__=<class 'psychopy.visual.text.TextStim'>, alignHoriz=method-wrapper(...), alignText='center', alignVert=method-wrapper(...), anchorHoriz='center', anchorVert='center', antialias=True, autoLog=True, bold=False, color=array([1., 1., 1.]), colorSpace='rgb', contrast=1.0, depth=0.0, flipHoriz=False, flipVert=False, font='Open Sans', fontFiles=[], height=0.1, italic=False, languageStyle='LTR', name='zero_move_text', opacity=1.0, ori=0.0, pos=array([0., 0.]), rgb=UNKNOWN, text=str(...), units='height', win=Window(...), wrapWidth=1)
8.2761 	EXP 	Created multi_move_text = TextStim(__class__=<class 'psychopy.visual.text.TextStim'>, alignHoriz=method-wrapper(...), alignText='center', alignVert=method-wrapper(...), anchorHoriz='center', anchorVert='center', antialias=True, autoLog=True, bold=False, color=array([1., 1., 1.]), colorSpace='rgb', contrast=1.0, depth=-1.0, flipHoriz=False, flipVert=False, font='Open Sans', fontFiles=[], height=0.1, italic=False, languageStyle='LTR', name='multi_move_text', opacity=1.0, ori=0.0, pos=array([0., 0.]), rgb=UNKNOWN, text=str(...), units='height', win=Window(...), wrapWidth=1)
8.2838 	EXP 	Created stim_text = TextStim(__class__=<class 'psychopy.visual.text.TextStim'>, alignHoriz=method-wrapper(...), alignText='center', alignVert=method-wrapper(...), anchorHoriz='center', anchorVert='center', antialias=True, autoLog=True, bold=False, color=array([1., 1., 1.]), colorSpace='rgb', contrast=1.0, depth=-1.0, flipHoriz=False, flipVert=False, font='Open Sans', fontFiles=[], height=0.1, italic=False, languageStyle='LTR', name='stim_text', opacity=1, ori=0.0, pos=array([0., 0.]), rgb=UNKNOWN, text='Can you solve this in exactly two moves?', units='height', win=Window(...), wrapWidth=1)
8.2940 	EXP 	Created stim_image = ImageStim(__class__=<class 'psychopy.visual.image.ImageStim'>, autoLog=True, color=array([1., 1., 1.]), colorSpace='rgb', contrast=1.0, depth=-3.0, flipHoriz=False, flipVert=False, image='sin', interpolate=True, mask=None, maskParams=None, name='stim_image', opacity=1, ori=0.0, pos=array([0., 0.]), size=array([0.5 , 0.75]), texRes=128.0, units='height', win=Window(...))
8.3263 	EXP 	instructions_text: autoDraw = True
8.6823 	DATA 	Keypress: space
8.6953 	EXP 	instructions_text: autoDraw = False
8.6953 	EXP 	practice_instructions_text: autoDraw = True
9.0622 	EXP 	UDP Sent: marker_value=2, marker_string=practice_start
9.0623 	EXP 	UDP Sent: marker_value=3, marker_string=practice_end
9.0678 	DATA 	Keypress: space
9.0692 	EXP 	practice_instructions_text: autoDraw = False
9.0692 	EXP 	post_instructions_text: autoDraw = True
9.4205 	EXP 	Imported TOL_task_order-16461825694900932.csv as conditions, 6 conditions, 1 params
9.4208 	EXP 	Created sequence: sequential, trialTypes=6, nReps=1, seed=None
9.4210 	EXP 	New trial (rep=0, index=0): OrderedDict([('task_order', 'MM1')])
9.4488 	DATA 	Keypress: space
9.4508 	EXP 	post_instructions_text: autoDraw = False
9.4508 	EXP 	zero_move_text: autoDraw = True
9.4508 	EXP 	multi_move_text: autoDraw = True
9.7965 	DATA 	Keypress: space
9.8034 	EXP 	UDP Sent: marker_value=4, marker_string=block_start
9.8083 	EXP 	Imported TOL_conditions\MM_stims-16462253937985368.csv as conditions, 6 conditions, 2 params
9.8086 	EXP 	Created sequence: sequential, trialTypes=6, nReps=1, seed=None
9.8088 	EXP 	New trial (rep=0, index=0): OrderedDict([('image_stim', 'multi_move_stimuli\\two_move\\two_move_2.jpg'), ('match', 1)])
9.8105 	EXP 	UDP Sent: marker_value=6, marker_string=trial_start
9.8106 	EXP 	UDP Sent: marker_value=8, marker_string=stimuli_start
9.8989 	EXP 	zero_move_text: autoDraw = False
9.8989 	EXP 	multi_move_text: autoDraw = False
9.8989 	EXP 	stim_image: image = 'C:\\Users\\zackg\\OneDrive\\Ayaz Lab\\KernelFlow_PsychoPy\\tower_of_london\\multi_move_stimuli\\two_move\\two_move_2.jpg'
9.8989 	EXP 	stim_image: autoDraw = True
16.8628 	EXP 	stim_text: autoDraw = True
16.8983 	EXP 	stim_image: autoDraw = False
19.8133 	EXP 	UDP Sent: marker_value=9, marker_string=stimuli_end
19.8134 	EXP 	UDP Sent: marker_value=11, marker_string=incorrect_ans
19.8134 	EXP 	UDP Sent: marker_value=7, marker_string=trial_end
19.8143 	EXP 	New trial (rep=0, index=1): OrderedDict([('image_stim', 'multi_move_stimuli\not_two_move\not_two_move_3.jpg'), ('match', 0)])
19.8162 	EXP 	UDP Sent: marker_value=6, marker_string=trial_start
19.8163 	EXP 	UDP Sent: marker_value=8, marker_string=stimuli_start
19.8166 	DEPRECATION 	Couldn't find image C:\Users\zackg\OneDrive\Ayaz Lab\KernelFlow_PsychoPy\tower_of_london\multi_move_stimuli
ot_two_move
ot_two_move_3.jpg; check path? (tried: C:\Users\zackg\OneDrive\Ayaz Lab\KernelFlow_PsychoPy\tower_of_london\multi_move_stimuli
ot_two_move
ot_two_move_3.jpg)
22.4168 	EXP 	window1: mouseVisible = True
