8.7764 	EXP 	Created window1 = Window(allowGUI=False, allowStencil=False, autoLog=True, backendConf=UNKNOWN, bitsMode=UNKNOWN, blendMode='avg', bpc=(8, 8, 8), color=array([0, 0, 0]), colorSpace='rgb', depthBits=8, fullscr=<method-wrapper '__getattribute__' of attributeSetter object at 0x0000028CBB162CF8>, gamma=None, gammaErrorPolicy='raise', lms=UNKNOWN, monitor=<psychopy.monitors.calibTools.Monitor object at 0x0000028CBB1D6160>, multiSample=False, name='window1', numSamples=2, pos=[0.0, 0.0], screen=0, size=array([1920, 1080]), stencilBits=0, stereo=False, units='height', useFBO=True, useRetina=False, viewOri=0.0, viewPos=None, viewScale=None, waitBlanking=True, winType='pyglet')
8.7766 	EXP 	window1: mouseVisible = True
8.7766 	EXP 	window1: recordFrameIntervals = False
8.8455 	EXP 	window1: recordFrameIntervals = True
8.9220 	EXP 	window1: recordFrameIntervals = False
9.1616 	EXP 	UDP Sent: marker_value=0, marker_string=experiment_start
9.3133 	EXP 	Created instructions_text = TextStim(__class__=<class 'psychopy.visual.text.TextStim'>, alignHoriz=method-wrapper(...), alignText='center', alignVert=method-wrapper(...), anchorHoriz='center', anchorVert='center', antialias=True, autoLog=True, bold=False, color=array([1., 1., 1.]), colorSpace='rgb', contrast=1.0, depth=0.0, flipHoriz=False, flipVert=False, font='Open Sans', fontFiles=[], height=0.05, italic=False, languageStyle='LTR', name='instructions_text', opacity=1, ori=0.0, pos=array([0., 0.]), rgb=UNKNOWN, text=str(...), units='height', win=Window(...), wrapWidth=1)
9.3279 	EXP 	Created practice_instructions_text = TextStim(__class__=<class 'psychopy.visual.text.TextStim'>, alignHoriz=method-wrapper(...), alignText='center', alignVert=method-wrapper(...), anchorHoriz='center', anchorVert='center', antialias=True, autoLog=True, bold=False, color=array([1., 1., 1.]), colorSpace='rgb', contrast=1.0, depth=-1.0, flipHoriz=False, flipVert=False, font='Open Sans', fontFiles=[], height=0.1, italic=False, languageStyle='LTR', name='practice_instructions_text', opacity=1, ori=0.0, pos=array([0., 0.]), rgb=UNKNOWN, text='Practice instructions go here.', units='height', win=Window(...), wrapWidth=1)
9.3442 	EXP 	Created post_instructions_text = TextStim(__class__=<class 'psychopy.visual.text.TextStim'>, alignHoriz=method-wrapper(...), alignText='center', alignVert=method-wrapper(...), anchorHoriz='center', anchorVert='center', antialias=True, autoLog=True, bold=False, color=array([1., 1., 1.]), colorSpace='rgb', contrast=1.0, depth=-1.0, flipHoriz=False, flipVert=False, font='Open Sans', fontFiles=[], height=0.05, italic=False, languageStyle='LTR', name='post_instructions_text', opacity=1, ori=0.0, pos=array([0., 0.]), rgb=UNKNOWN, text=str(...), units='height', win=Window(...), wrapWidth=1)
9.3653 	EXP 	Created zero_move_text = TextStim(__class__=<class 'psychopy.visual.text.TextStim'>, alignHoriz=method-wrapper(...), alignText='center', alignVert=method-wrapper(...), anchorHoriz='center', anchorVert='center', antialias=True, autoLog=True, bold=False, color=array([1., 1., 1.]), colorSpace='rgb', contrast=1.0, depth=0.0, flipHoriz=False, flipVert=False, font='Open Sans', fontFiles=[], height=0.1, italic=False, languageStyle='LTR', name='zero_move_text', opacity=1.0, ori=0.0, pos=array([0., 0.]), rgb=UNKNOWN, text=str(...), units='height', win=Window(...), wrapWidth=1)
9.3827 	EXP 	Created multi_move_text = TextStim(__class__=<class 'psychopy.visual.text.TextStim'>, alignHoriz=method-wrapper(...), alignText='center', alignVert=method-wrapper(...), anchorHoriz='center', anchorVert='center', antialias=True, autoLog=True, bold=False, color=array([1., 1., 1.]), colorSpace='rgb', contrast=1.0, depth=-1.0, flipHoriz=False, flipVert=False, font='Open Sans', fontFiles=[], height=0.1, italic=False, languageStyle='LTR', name='multi_move_text', opacity=1.0, ori=0.0, pos=array([0., 0.]), rgb=UNKNOWN, text=str(...), units='height', win=Window(...), wrapWidth=1)
9.3905 	EXP 	Created stim_text = TextStim(__class__=<class 'psychopy.visual.text.TextStim'>, alignHoriz=method-wrapper(...), alignText='center', alignVert=method-wrapper(...), anchorHoriz='center', anchorVert='center', antialias=True, autoLog=True, bold=False, color=array([1., 1., 1.]), colorSpace='rgb', contrast=1.0, depth=-1.0, flipHoriz=False, flipVert=False, font='Open Sans', fontFiles=[], height=0.1, italic=False, languageStyle='LTR', name='stim_text', opacity=1, ori=0.0, pos=array([0., 0.]), rgb=UNKNOWN, text='Can you solve this in exactly two moves?', units='height', win=Window(...), wrapWidth=1)
9.4007 	EXP 	Created stim_image = ImageStim(__class__=<class 'psychopy.visual.image.ImageStim'>, autoLog=True, color=array([1., 1., 1.]), colorSpace='rgb', contrast=1.0, depth=-3.0, flipHoriz=False, flipVert=False, image='sin', interpolate=True, mask=None, maskParams=None, name='stim_image', opacity=1, ori=0.0, pos=array([0., 0.]), size=array([0.5 , 0.75]), texRes=128.0, units='height', win=Window(...))
9.4329 	EXP 	instructions_text: autoDraw = True
9.7244 	DATA 	Keypress: space
9.7257 	EXP 	instructions_text: autoDraw = False
9.7257 	EXP 	practice_instructions_text: autoDraw = True
10.0852 	EXP 	UDP Sent: marker_value=2, marker_string=practice_start
10.0853 	EXP 	UDP Sent: marker_value=3, marker_string=practice_end
10.0908 	DATA 	Keypress: space
10.0923 	EXP 	practice_instructions_text: autoDraw = False
10.0923 	EXP 	post_instructions_text: autoDraw = True
10.4744 	DATA 	Keypress: space
10.4843 	EXP 	Imported TOL_task_order-16461825694900932.csv as conditions, 6 conditions, 1 params
10.4846 	EXP 	Created sequence: sequential, trialTypes=6, nReps=1, seed=None
10.4848 	EXP 	New trial (rep=0, index=0): OrderedDict([('task_order', 'MM1')])
10.5141 	EXP 	post_instructions_text: autoDraw = False
10.5141 	EXP 	zero_move_text: autoDraw = True
10.5141 	EXP 	multi_move_text: autoDraw = True
11.2168 	EXP 	UDP Sent: marker_value=4, marker_string=block_start
11.2208 	EXP 	Imported TOL_conditions\MM_stims-16462253937985368.csv as conditions, 6 conditions, 2 params
11.2211 	EXP 	Created sequence: sequential, trialTypes=6, nReps=1, seed=None
11.2213 	EXP 	New trial (rep=0, index=0): OrderedDict([('image_stim', 'multi_move_stimuli\\two_move\\two_move_2.jpg'), ('match', 1)])
11.2230 	EXP 	UDP Sent: marker_value=6, marker_string=trial_start
11.2230 	EXP 	UDP Sent: marker_value=8, marker_string=stimuli_start
11.2963 	DATA 	Keypress: space
11.2987 	EXP 	zero_move_text: autoDraw = False
11.2987 	EXP 	multi_move_text: autoDraw = False
11.2987 	EXP 	stim_image: image = WindowsPath('multi_move_stimuli/two_move/two_move_2.jpg')
11.2987 	EXP 	stim_image: autoDraw = True
18.2605 	EXP 	stim_text: autoDraw = True
18.3028 	EXP 	stim_image: autoDraw = False
21.2250 	EXP 	UDP Sent: marker_value=9, marker_string=stimuli_end
21.2250 	EXP 	UDP Sent: marker_value=11, marker_string=incorrect_ans
21.2251 	EXP 	UDP Sent: marker_value=7, marker_string=trial_end
21.2260 	EXP 	New trial (rep=0, index=1): OrderedDict([('image_stim', 'multi_move_stimuli\not_two_move\not_two_move_3.jpg'), ('match', 0)])
21.2280 	EXP 	UDP Sent: marker_value=6, marker_string=trial_start
21.2281 	EXP 	UDP Sent: marker_value=8, marker_string=stimuli_start
21.2284 	DEPRECATION 	Couldn't find image multi_move_stimuli
ot_two_move
ot_two_move_3.jpg; check path? (tried: C:\Users\zackg\OneDrive\Ayaz Lab\KernelFlow_PsychoPy\tower_of_london\multi_move_stimuli
ot_two_move
ot_two_move_3.jpg)
23.8291 	EXP 	window1: mouseVisible = True
