8.3770 	EXP 	Created window1 = Window(allowGUI=False, allowStencil=False, autoLog=True, backendConf=UNKNOWN, bitsMode=UNKNOWN, blendMode='avg', bpc=(8, 8, 8), color=array([0, 0, 0]), colorSpace='rgb', depthBits=8, fullscr=<method-wrapper '__getattribute__' of attributeSetter object at 0x000002CB8B213F60>, gamma=None, gammaErrorPolicy='raise', lms=UNKNOWN, monitor=<psychopy.monitors.calibTools.Monitor object at 0x000002CB8B296400>, multiSample=False, name='window1', numSamples=2, pos=[0.0, 0.0], screen=0, size=array([1920, 1080]), stencilBits=0, stereo=False, units='height', useFBO=True, useRetina=False, viewOri=0.0, viewPos=None, viewScale=None, waitBlanking=True, winType='pyglet')
8.3772 	EXP 	window1: mouseVisible = True
8.3772 	EXP 	window1: recordFrameIntervals = False
8.4461 	EXP 	window1: recordFrameIntervals = True
8.5225 	EXP 	window1: recordFrameIntervals = False
8.7627 	EXP 	UDP Sent: marker_value=0, marker_string=experiment_start
8.9176 	EXP 	Created instructions_text = TextStim(__class__=<class 'psychopy.visual.text.TextStim'>, alignHoriz=method-wrapper(...), alignText='center', alignVert=method-wrapper(...), anchorHoriz='center', anchorVert='center', antialias=True, autoLog=True, bold=False, color=array([1., 1., 1.]), colorSpace='rgb', contrast=1.0, depth=0.0, flipHoriz=False, flipVert=False, font='Open Sans', fontFiles=[], height=0.05, italic=False, languageStyle='LTR', name='instructions_text', opacity=1, ori=0.0, pos=array([0., 0.]), rgb=UNKNOWN, text=str(...), units='height', win=Window(...), wrapWidth=1)
8.9326 	EXP 	Created practice_instructions_text = TextStim(__class__=<class 'psychopy.visual.text.TextStim'>, alignHoriz=method-wrapper(...), alignText='center', alignVert=method-wrapper(...), anchorHoriz='center', anchorVert='center', antialias=True, autoLog=True, bold=False, color=array([1., 1., 1.]), colorSpace='rgb', contrast=1.0, depth=-1.0, flipHoriz=False, flipVert=False, font='Open Sans', fontFiles=[], height=0.1, italic=False, languageStyle='LTR', name='practice_instructions_text', opacity=1, ori=0.0, pos=array([0., 0.]), rgb=UNKNOWN, text='Practice instructions go here.', units='height', win=Window(...), wrapWidth=1)
8.9491 	EXP 	Created post_instructions_text = TextStim(__class__=<class 'psychopy.visual.text.TextStim'>, alignHoriz=method-wrapper(...), alignText='center', alignVert=method-wrapper(...), anchorHoriz='center', anchorVert='center', antialias=True, autoLog=True, bold=False, color=array([1., 1., 1.]), colorSpace='rgb', contrast=1.0, depth=-1.0, flipHoriz=False, flipVert=False, font='Open Sans', fontFiles=[], height=0.05, italic=False, languageStyle='LTR', name='post_instructions_text', opacity=1, ori=0.0, pos=array([0., 0.]), rgb=UNKNOWN, text=str(...), units='height', win=Window(...), wrapWidth=1)
8.9718 	EXP 	Created multi_move_text = TextStim(__class__=<class 'psychopy.visual.text.TextStim'>, alignHoriz=method-wrapper(...), alignText='center', alignVert=method-wrapper(...), anchorHoriz='center', anchorVert='center', antialias=True, autoLog=True, bold=False, color=array([1., 1., 1.]), colorSpace='rgb', contrast=1.0, depth=0.0, flipHoriz=False, flipVert=False, font='Open Sans', fontFiles=[], height=0.1, italic=False, languageStyle='LTR', name='multi_move_text', opacity=1, ori=0.0, pos=array([0., 0.]), rgb=UNKNOWN, text=str(...), units='height', win=Window(...), wrapWidth=1)
8.9792 	EXP 	Created stim_text = TextStim(__class__=<class 'psychopy.visual.text.TextStim'>, alignHoriz=method-wrapper(...), alignText='center', alignVert=method-wrapper(...), anchorHoriz='center', anchorVert='center', antialias=True, autoLog=True, bold=False, color=array([1., 1., 1.]), colorSpace='rgb', contrast=1.0, depth=-1.0, flipHoriz=False, flipVert=False, font='Open Sans', fontFiles=[], height=0.1, italic=False, languageStyle='LTR', name='stim_text', opacity=1, ori=0.0, pos=array([0., 0.]), rgb=UNKNOWN, text='Can you solve this in exactly two moves?', units='height', win=Window(...), wrapWidth=1)
8.9894 	EXP 	Created stim_image = ImageStim(__class__=<class 'psychopy.visual.image.ImageStim'>, autoLog=True, color=array([1., 1., 1.]), colorSpace='rgb', contrast=1.0, depth=-3.0, flipHoriz=False, flipVert=False, image='sin', interpolate=True, mask=None, maskParams=None, name='stim_image', opacity=1, ori=0.0, pos=array([0., 0.]), size=array([0.5 , 0.75]), texRes=128.0, units='height', win=Window(...))
9.0226 	EXP 	instructions_text: autoDraw = True
15.8095 	DATA 	Keypress: space
15.8108 	EXP 	instructions_text: autoDraw = False
15.8108 	EXP 	practice_instructions_text: autoDraw = True
16.9624 	EXP 	UDP Sent: marker_value=2, marker_string=practice_start
16.9624 	EXP 	UDP Sent: marker_value=3, marker_string=practice_end
16.9679 	DATA 	Keypress: space
16.9694 	EXP 	practice_instructions_text: autoDraw = False
16.9694 	EXP 	post_instructions_text: autoDraw = True
18.5328 	EXP 	Imported TOL_task_order-16461825694900932.csv as conditions, 6 conditions, 1 params
18.5332 	EXP 	Created sequence: sequential, trialTypes=6, nReps=1, seed=None
18.5334 	EXP 	New trial (rep=0, index=0): OrderedDict([('task_order', 'MM1')])
18.5407 	DATA 	Keypress: space
18.5423 	EXP 	post_instructions_text: autoDraw = False
18.5423 	EXP 	multi_move_text: autoDraw = True
20.8793 	DATA 	Keypress: space
23.3028 	EXP 	UDP Sent: marker_value=4, marker_string=block_start
23.3163 	EXP 	Imported TOL_conditions\MM_stims-16462270164042006.csv as conditions, 6 conditions, 2 params
23.3165 	EXP 	Created sequence: sequential, trialTypes=6, nReps=1, seed=None
23.3168 	EXP 	New trial (rep=0, index=0): OrderedDict([('image_stim', 'multi_move_stimuli\\stim_two_move\\stim_two_move_4.jpg'), ('match', 1)])
23.3183 	EXP 	UDP Sent: marker_value=6, marker_string=trial_start
23.3183 	EXP 	UDP Sent: marker_value=8, marker_string=stimuli_start
23.3968 	DATA 	Keypress: space
23.3991 	EXP 	multi_move_text: autoDraw = False
23.3991 	EXP 	stim_image: image = 'multi_move_stimuli\\stim_two_move\\stim_two_move_4.jpg'
23.3991 	EXP 	stim_image: autoDraw = True
24.3478 	DATA 	Keypress: space
25.3274 	DATA 	Keypress: escape
27.6061 	EXP 	window1: mouseVisible = True
