8.6745 	EXP 	Created window1 = Window(allowGUI=False, allowStencil=False, autoLog=True, backendConf=UNKNOWN, bitsMode=UNKNOWN, blendMode='avg', bpc=(8, 8, 8), color=array([0, 0, 0]), colorSpace='rgb', depthBits=8, fullscr=<method-wrapper '__getattribute__' of attributeSetter object at 0x0000028F4C976B00>, gamma=None, gammaErrorPolicy='raise', lms=UNKNOWN, monitor=<psychopy.monitors.calibTools.Monitor object at 0x0000028F4C9F4F60>, multiSample=False, name='window1', numSamples=2, pos=[0.0, 0.0], screen=0, size=array([1920, 1080]), stencilBits=0, stereo=False, units='height', useFBO=True, useRetina=False, viewOri=0.0, viewPos=None, viewScale=None, waitBlanking=True, winType='pyglet')
8.6747 	EXP 	window1: mouseVisible = True
8.6747 	EXP 	window1: recordFrameIntervals = False
8.7436 	EXP 	window1: recordFrameIntervals = True
8.8200 	EXP 	window1: recordFrameIntervals = False
9.1293 	EXP 	UDP Sent: marker_value=0, marker_string=experiment_start
9.3972 	EXP 	Created instructions_text = TextStim(__class__=<class 'psychopy.visual.text.TextStim'>, alignHoriz=method-wrapper(...), alignText='center', alignVert=method-wrapper(...), anchorHoriz='center', anchorVert='center', antialias=True, autoLog=True, bold=False, color=array([1., 1., 1.]), colorSpace='rgb', contrast=1.0, depth=0.0, flipHoriz=False, flipVert=False, font='Open Sans', fontFiles=[], height=0.04, italic=False, languageStyle='LTR', name='instructions_text', opacity=1, ori=0.0, pos=array([0., 0.]), rgb=UNKNOWN, text=str(...), units='height', win=Window(...), wrapWidth=1)
9.4227 	EXP 	Created multi_move_text = TextStim(__class__=<class 'psychopy.visual.text.TextStim'>, alignHoriz=method-wrapper(...), alignText='center', alignVert=method-wrapper(...), anchorHoriz='center', anchorVert='center', antialias=True, autoLog=True, bold=False, color=array([1., 1., 1.]), colorSpace='rgb', contrast=1.0, depth=0.0, flipHoriz=False, flipVert=False, font='Open Sans', fontFiles=[], height=0.05, italic=False, languageStyle='LTR', name='multi_move_text', opacity=1, ori=0.0, pos=array([0., 0.]), rgb=UNKNOWN, text=str(...), units='height', win=Window(...), wrapWidth=1)
9.4524 	EXP 	Created stim_text = TextStim(__class__=<class 'psychopy.visual.text.TextStim'>, alignHoriz=method-wrapper(...), alignText='center', alignVert=method-wrapper(...), anchorHoriz='center', anchorVert='center', antialias=True, autoLog=True, bold=False, color=array([1., 1., 1.]), colorSpace='rgb', contrast=1.0, depth=-1.0, flipHoriz=False, flipVert=False, font='Open Sans', fontFiles=[], height=0.1, italic=False, languageStyle='LTR', name='stim_text', opacity=1, ori=0.0, pos=array([0., 0.]), rgb=UNKNOWN, text=str(...), units='height', win=Window(...), wrapWidth=1)
9.4614 	EXP 	Created stim_image = ImageStim(__class__=<class 'psychopy.visual.image.ImageStim'>, autoLog=True, color=array([1., 1., 1.]), colorSpace='rgb', contrast=1.0, depth=-3.0, flipHoriz=False, flipVert=False, image='sin', interpolate=True, mask=None, maskParams=None, name='stim_image', opacity=1, ori=0.0, pos=array([0., 0.]), size=array([0.5 , 0.75]), texRes=128.0, units='height', win=Window(...))
9.4936 	EXP 	instructions_text: autoDraw = True
12.2802 	EXP 	Imported TOL_task_order-16461825694900932.csv as conditions, 6 conditions, 1 params
12.2806 	EXP 	Created sequence: sequential, trialTypes=6, nReps=1, seed=None
12.2808 	EXP 	New trial (rep=0, index=0): OrderedDict([('task_order', 'MM1')])
12.2868 	DATA 	Keypress: space
12.2881 	EXP 	instructions_text: autoDraw = False
12.2881 	EXP 	multi_move_text: autoDraw = True
18.1348 	DATA 	Keypress: space
18.1423 	EXP 	UDP Sent: marker_value=4, marker_string=block_start
18.1467 	EXP 	Imported TOL_conditions\MM_stims-16486585034216871.csv as conditions, 6 conditions, 3 params
18.1470 	EXP 	Created sequence: sequential, trialTypes=6, nReps=1, seed=None
18.1472 	EXP 	New trial (rep=0, index=0): OrderedDict([('image_stim', 'multi_move_stimuli\\stim_not_two_move\\stim_not_two_move_3.jpg'), ('match', 0), ('corr_key', 'left')])
18.1486 	EXP 	UDP Sent: marker_value=6, marker_string=trial_start
18.1486 	EXP 	UDP Sent: marker_value=8, marker_string=stimuli_start
18.2339 	EXP 	multi_move_text: autoDraw = False
18.2339 	EXP 	stim_image: image = 'multi_move_stimuli\\stim_not_two_move\\stim_not_two_move_3.jpg'
18.2339 	EXP 	stim_image: autoDraw = True
25.1990 	EXP 	stim_text: autoDraw = True
25.2341 	EXP 	stim_image: autoDraw = False
25.8703 	DATA 	Keypress: left
28.1497 	EXP 	UDP Sent: marker_value=9, marker_string=stimuli_end
28.1497 	EXP 	UDP Sent: marker_value=10, marker_string=correct_ans
28.1498 	EXP 	UDP Sent: marker_value=7, marker_string=trial_end
28.1508 	EXP 	New trial (rep=0, index=1): OrderedDict([('image_stim', 'multi_move_stimuli\\stim_two_move\\stim_two_move_4.jpg'), ('match', 1), ('corr_key', 'right')])
28.1525 	EXP 	UDP Sent: marker_value=6, marker_string=trial_start
28.1526 	EXP 	UDP Sent: marker_value=8, marker_string=stimuli_start
28.1847 	EXP 	stim_text: autoDraw = False
28.1847 	EXP 	stim_image: autoDraw = False
28.1847 	EXP 	stim_image: image = 'multi_move_stimuli\\stim_two_move\\stim_two_move_4.jpg'
28.1847 	EXP 	stim_image: autoDraw = True
35.1762 	EXP 	stim_text: autoDraw = True
35.1916 	EXP 	stim_image: autoDraw = False
35.7568 	DATA 	Keypress: right
38.1550 	EXP 	UDP Sent: marker_value=9, marker_string=stimuli_end
38.1551 	EXP 	UDP Sent: marker_value=10, marker_string=correct_ans
38.1551 	EXP 	UDP Sent: marker_value=7, marker_string=trial_end
38.1558 	EXP 	New trial (rep=0, index=2): OrderedDict([('image_stim', 'multi_move_stimuli\\stim_two_move\\stim_two_move_3.jpg'), ('match', 1), ('corr_key', 'right')])
38.1581 	EXP 	UDP Sent: marker_value=6, marker_string=trial_start
38.1581 	EXP 	UDP Sent: marker_value=8, marker_string=stimuli_start
38.1969 	EXP 	stim_text: autoDraw = False
38.1969 	EXP 	stim_image: autoDraw = False
38.1969 	EXP 	stim_image: image = 'multi_move_stimuli\\stim_two_move\\stim_two_move_3.jpg'
38.1969 	EXP 	stim_image: autoDraw = True
45.1952 	EXP 	stim_text: autoDraw = True
45.2023 	EXP 	stim_image: autoDraw = False
46.4777 	DATA 	Keypress: left
48.1600 	EXP 	UDP Sent: marker_value=9, marker_string=stimuli_end
48.1600 	EXP 	UDP Sent: marker_value=11, marker_string=incorrect_ans
48.1601 	EXP 	UDP Sent: marker_value=7, marker_string=trial_end
48.1608 	EXP 	New trial (rep=0, index=3): OrderedDict([('image_stim', 'multi_move_stimuli\\stim_not_two_move\\stim_not_two_move_5.jpg'), ('match', 0), ('corr_key', 'left')])
48.1631 	EXP 	UDP Sent: marker_value=6, marker_string=trial_start
48.1631 	EXP 	UDP Sent: marker_value=8, marker_string=stimuli_start
48.1978 	EXP 	stim_text: autoDraw = False
48.1978 	EXP 	stim_image: autoDraw = False
48.1978 	EXP 	stim_image: image = 'multi_move_stimuli\\stim_not_two_move\\stim_not_two_move_5.jpg'
48.1978 	EXP 	stim_image: autoDraw = True
55.1933 	EXP 	stim_text: autoDraw = True
55.2013 	EXP 	stim_image: autoDraw = False
56.2184 	DATA 	Keypress: left
58.1649 	EXP 	UDP Sent: marker_value=9, marker_string=stimuli_end
58.1650 	EXP 	UDP Sent: marker_value=10, marker_string=correct_ans
58.1650 	EXP 	UDP Sent: marker_value=7, marker_string=trial_end
58.1658 	EXP 	New trial (rep=0, index=4): OrderedDict([('image_stim', 'multi_move_stimuli\\stim_not_two_move\\stim_not_two_move_4.jpg'), ('match', 0), ('corr_key', 'left')])
58.1677 	EXP 	UDP Sent: marker_value=6, marker_string=trial_start
58.1677 	EXP 	UDP Sent: marker_value=8, marker_string=stimuli_start
58.2051 	EXP 	stim_text: autoDraw = False
58.2051 	EXP 	stim_image: autoDraw = False
58.2051 	EXP 	stim_image: image = 'multi_move_stimuli\\stim_not_two_move\\stim_not_two_move_4.jpg'
58.2051 	EXP 	stim_image: autoDraw = True
65.1983 	EXP 	stim_text: autoDraw = True
65.2072 	EXP 	stim_image: autoDraw = False
65.6681 	DATA 	Keypress: right
68.1699 	EXP 	UDP Sent: marker_value=9, marker_string=stimuli_end
68.1700 	EXP 	UDP Sent: marker_value=11, marker_string=incorrect_ans
68.1700 	EXP 	UDP Sent: marker_value=7, marker_string=trial_end
68.1707 	EXP 	New trial (rep=0, index=5): OrderedDict([('image_stim', 'multi_move_stimuli\\stim_two_move\\stim_two_move_1.jpg'), ('match', 1), ('corr_key', 'right')])
68.1727 	EXP 	UDP Sent: marker_value=6, marker_string=trial_start
68.1727 	EXP 	UDP Sent: marker_value=8, marker_string=stimuli_start
68.2099 	EXP 	stim_text: autoDraw = False
68.2099 	EXP 	stim_image: autoDraw = False
68.2099 	EXP 	stim_image: image = 'multi_move_stimuli\\stim_two_move\\stim_two_move_1.jpg'
68.2099 	EXP 	stim_image: autoDraw = True
75.2033 	EXP 	stim_text: autoDraw = True
75.2112 	EXP 	stim_image: autoDraw = False
75.7215 	DATA 	Keypress: left
78.1749 	EXP 	UDP Sent: marker_value=9, marker_string=stimuli_end
78.1749 	EXP 	UDP Sent: marker_value=11, marker_string=incorrect_ans
78.1750 	EXP 	UDP Sent: marker_value=7, marker_string=trial_end
78.1757 	EXP 	UDP Sent: marker_value=5, marker_string=block_end
78.1774 	EXP 	New trial (rep=0, index=1): OrderedDict([('task_order', 'ZM1')])
78.1837 	EXP 	stim_text: autoDraw = False
78.1837 	EXP 	stim_image: autoDraw = False
78.1837 	EXP 	multi_move_text: autoDraw = True
85.3857 	DATA 	Keypress: space
85.3923 	EXP 	UDP Sent: marker_value=4, marker_string=block_start
85.4006 	EXP 	Imported TOL_conditions\ZM_stims-16486585033156998.csv as conditions, 6 conditions, 3 params
85.4009 	EXP 	Created sequence: sequential, trialTypes=6, nReps=1, seed=None
85.4012 	EXP 	New trial (rep=0, index=0): OrderedDict([('image_stim', 'zero_move_stimuli\\zero_move_3.jpg'), ('match', 0), ('corr_key', 'left')])
85.4030 	EXP 	UDP Sent: marker_value=6, marker_string=trial_start
85.4031 	EXP 	UDP Sent: marker_value=8, marker_string=stimuli_start
85.4531 	EXP 	multi_move_text: autoDraw = False
85.4531 	EXP 	stim_image: image = 'zero_move_stimuli\\zero_move_3.jpg'
85.4531 	EXP 	stim_image: autoDraw = True
92.4500 	EXP 	stim_text: autoDraw = True
92.4585 	EXP 	stim_image: autoDraw = False
92.9125 	DATA 	Keypress: left
95.4076 	EXP 	UDP Sent: marker_value=9, marker_string=stimuli_end
95.4077 	EXP 	UDP Sent: marker_value=10, marker_string=correct_ans
95.4077 	EXP 	UDP Sent: marker_value=7, marker_string=trial_end
95.4088 	EXP 	New trial (rep=0, index=1): OrderedDict([('image_stim', 'zero_move_stimuli\\zero_move_6.jpg'), ('match', 0), ('corr_key', 'left')])
95.4107 	EXP 	UDP Sent: marker_value=6, marker_string=trial_start
95.4108 	EXP 	UDP Sent: marker_value=8, marker_string=stimuli_start
95.4499 	EXP 	stim_text: autoDraw = False
95.4499 	EXP 	stim_image: autoDraw = False
95.4499 	EXP 	stim_image: image = 'zero_move_stimuli\\zero_move_6.jpg'
95.4499 	EXP 	stim_image: autoDraw = True
102.4409 	EXP 	stim_text: autoDraw = True
102.4559 	EXP 	stim_image: autoDraw = False
102.9871 	DATA 	Keypress: right
104.0143 	DATA 	Keypress: escape
106.7422 	EXP 	window1: mouseVisible = True
