10.3610 	EXP 	Created window1 = Window(allowGUI=False, allowStencil=False, autoLog=True, backendConf=UNKNOWN, bitsMode=UNKNOWN, blendMode='avg', bpc=(8, 8, 8), color=array([0, 0, 0]), colorSpace='rgb', depthBits=8, fullscr=<method-wrapper '__getattribute__' of attributeSetter object at 0x000001BFF9E2F438>, gamma=None, gammaErrorPolicy='raise', lms=UNKNOWN, monitor=<psychopy.monitors.calibTools.Monitor object at 0x000001BFF9EA3898>, multiSample=False, name='window1', numSamples=2, pos=[0.0, 0.0], screen=0, size=array([1920, 1080]), stencilBits=0, stereo=False, units='height', useFBO=True, useRetina=False, viewOri=0.0, viewPos=None, viewScale=None, waitBlanking=True, winType='pyglet')
10.3612 	EXP 	window1: mouseVisible = True
10.3612 	EXP 	window1: recordFrameIntervals = False
10.4301 	EXP 	window1: recordFrameIntervals = True
10.5066 	EXP 	window1: recordFrameIntervals = False
10.8695 	EXP 	Created instructions_text = TextStim(__class__=<class 'psychopy.visual.text.TextStim'>, alignHoriz=method-wrapper(...), alignText='center', alignVert=method-wrapper(...), anchorHoriz='center', anchorVert='center', antialias=True, autoLog=True, bold=False, color=array([1., 1., 1.]), colorSpace='rgb', contrast=1.0, depth=0.0, flipHoriz=False, flipVert=False, font='Open Sans', fontFiles=[], height=0.05, italic=False, languageStyle='LTR', name='instructions_text', opacity=1, ori=0.0, pos=array([0., 0.]), rgb=UNKNOWN, text=str(...), units='height', win=Window(...), wrapWidth=1)
10.8984 	EXP 	Created zero_move_text = TextStim(__class__=<class 'psychopy.visual.text.TextStim'>, alignHoriz=method-wrapper(...), alignText='center', alignVert=method-wrapper(...), anchorHoriz='center', anchorVert='center', antialias=True, autoLog=True, bold=False, color=array([1., 1., 1.]), colorSpace='rgb', contrast=1.0, depth=0.0, flipHoriz=False, flipVert=False, font='Open Sans', fontFiles=[], height=0.1, italic=False, languageStyle='LTR', name='zero_move_text', opacity=1.0, ori=0.0, pos=array([0., 0.]), rgb=UNKNOWN, text=str(...), units='height', win=Window(...), wrapWidth=1)
10.9102 	EXP 	Created multi_move_text = TextStim(__class__=<class 'psychopy.visual.text.TextStim'>, alignHoriz=method-wrapper(...), alignText='center', alignVert=method-wrapper(...), anchorHoriz='center', anchorVert='center', antialias=True, autoLog=True, bold=False, color=array([1., 1., 1.]), colorSpace='rgb', contrast=1.0, depth=-1.0, flipHoriz=False, flipVert=False, font='Open Sans', fontFiles=[], height=0.1, italic=False, languageStyle='LTR', name='multi_move_text', opacity=1.0, ori=0.0, pos=array([0., 0.]), rgb=UNKNOWN, text=str(...), units='height', win=Window(...), wrapWidth=1)
10.9113 	EXP 	Created TOL_trial_text = TextStim(__class__=<class 'psychopy.visual.text.TextStim'>, alignHoriz=method-wrapper(...), alignText='center', alignVert=method-wrapper(...), anchorHoriz='center', anchorVert='center', antialias=True, autoLog=True, bold=False, color=array([1., 1., 1.]), colorSpace='rgb', contrast=1.0, depth=0.0, flipHoriz=False, flipVert=False, font='Open Sans', fontFiles=[], height=0.1, italic=False, languageStyle='LTR', name='TOL_trial_text', opacity=1, ori=0.0, pos=array([0., 0.]), rgb=UNKNOWN, text='', units='height', win=Window(...), wrapWidth=1)
10.9211 	EXP 	Created TOL_trial_image = ImageStim(__class__=<class 'psychopy.visual.image.ImageStim'>, autoLog=True, color=array([1., 1., 1.]), colorSpace='rgb', contrast=1.0, depth=-2.0, flipHoriz=False, flipVert=False, image='sin', interpolate=True, mask=None, maskParams=None, name='TOL_trial_image', opacity=1, ori=0.0, pos=array([0., 0.]), size=array([0.85, 0.85]), texRes=128.0, units='height', win=Window(...))
10.9544 	EXP 	instructions_text: autoDraw = True
11.3822 	EXP 	Imported TOL_task_order-1644592913258905.csv as conditions, 6 conditions, 1 params
11.3825 	EXP 	Created sequence: sequential, trialTypes=6, nReps=1, seed=None
11.3827 	EXP 	New trial (rep=0, index=0): OrderedDict([('task_order', 'ZM1')])
11.4085 	DATA 	Keypress: space
11.4108 	EXP 	instructions_text: autoDraw = False
11.4108 	EXP 	zero_move_text: autoDraw = True
11.4108 	EXP 	multi_move_text: autoDraw = True
21.1110 	EXP 	Imported TOL_conditions\ZM_stims-16445938803559995.csv as conditions, 6 conditions, 2 params
21.1112 	EXP 	Created sequence: sequential, trialTypes=6, nReps=1, seed=None
21.1114 	EXP 	New trial (rep=0, index=0): OrderedDict([('image_stim', 'zero_move_5.jpg'), ('match', ['space'])])
21.1323 	DEPRECATION 	Couldn't find image zero_move_5.jpg; check path? (tried: C:\Users\zackg\OneDrive\Ayaz Lab\KernelFlow_PsychoPy\tower_of_london\zero_move_5.jpg)
23.2173 	EXP 	window1: mouseVisible = True
