9.4107 	EXP 	Created window1 = Window(allowGUI=False, allowStencil=False, autoLog=True, backendConf=UNKNOWN, bitsMode=UNKNOWN, blendMode='avg', bpc=(8, 8, 8), color=array([0, 0, 0]), colorSpace='rgb', depthBits=8, fullscr=<method-wrapper '__getattribute__' of attributeSetter object at 0x000001CBA2DA7400>, gamma=None, gammaErrorPolicy='raise', lms=UNKNOWN, monitor=<psychopy.monitors.calibTools.Monitor object at 0x000001CBA2E24898>, multiSample=False, name='window1', numSamples=2, pos=[0.0, 0.0], screen=0, size=array([1920, 1080]), stencilBits=0, stereo=False, units='height', useFBO=True, useRetina=False, viewOri=0.0, viewPos=None, viewScale=None, waitBlanking=True, winType='pyglet')
9.4110 	EXP 	window1: mouseVisible = True
9.4110 	EXP 	window1: recordFrameIntervals = False
9.4796 	EXP 	window1: recordFrameIntervals = True
9.5561 	EXP 	window1: recordFrameIntervals = False
9.9218 	EXP 	Created instructions_text = TextStim(__class__=<class 'psychopy.visual.text.TextStim'>, alignHoriz=method-wrapper(...), alignText='center', alignVert=method-wrapper(...), anchorHoriz='center', anchorVert='center', antialias=True, autoLog=True, bold=False, color=array([1., 1., 1.]), colorSpace='rgb', contrast=1.0, depth=0.0, flipHoriz=False, flipVert=False, font='Open Sans', fontFiles=[], height=0.05, italic=False, languageStyle='LTR', name='instructions_text', opacity=1, ori=0.0, pos=array([0., 0.]), rgb=UNKNOWN, text=str(...), units='height', win=Window(...), wrapWidth=1)
9.9515 	EXP 	Created zero_move_text = TextStim(__class__=<class 'psychopy.visual.text.TextStim'>, alignHoriz=method-wrapper(...), alignText='center', alignVert=method-wrapper(...), anchorHoriz='center', anchorVert='center', antialias=True, autoLog=True, bold=False, color=array([1., 1., 1.]), colorSpace='rgb', contrast=1.0, depth=0.0, flipHoriz=False, flipVert=False, font='Open Sans', fontFiles=[], height=0.1, italic=False, languageStyle='LTR', name='zero_move_text', opacity=1.0, ori=0.0, pos=array([0., 0.]), rgb=UNKNOWN, text=str(...), units='height', win=Window(...), wrapWidth=1)
9.9635 	EXP 	Created multi_move_text = TextStim(__class__=<class 'psychopy.visual.text.TextStim'>, alignHoriz=method-wrapper(...), alignText='center', alignVert=method-wrapper(...), anchorHoriz='center', anchorVert='center', antialias=True, autoLog=True, bold=False, color=array([1., 1., 1.]), colorSpace='rgb', contrast=1.0, depth=-1.0, flipHoriz=False, flipVert=False, font='Open Sans', fontFiles=[], height=0.1, italic=False, languageStyle='LTR', name='multi_move_text', opacity=1.0, ori=0.0, pos=array([0., 0.]), rgb=UNKNOWN, text=str(...), units='height', win=Window(...), wrapWidth=1)
9.9646 	EXP 	Created TOL_trial_text = TextStim(__class__=<class 'psychopy.visual.text.TextStim'>, alignHoriz=method-wrapper(...), alignText='center', alignVert=method-wrapper(...), anchorHoriz='center', anchorVert='center', antialias=True, autoLog=True, bold=False, color=array([1., 1., 1.]), colorSpace='rgb', contrast=1.0, depth=0.0, flipHoriz=False, flipVert=False, font='Open Sans', fontFiles=[], height=0.1, italic=False, languageStyle='LTR', name='TOL_trial_text', opacity=1, ori=0.0, pos=array([0., 0.]), rgb=UNKNOWN, text='', units='height', win=Window(...), wrapWidth=1)
9.9756 	EXP 	Created TOL_trial_image = ImageStim(__class__=<class 'psychopy.visual.image.ImageStim'>, autoLog=True, color=array([1., 1., 1.]), colorSpace='rgb', contrast=1.0, depth=-2.0, flipHoriz=False, flipVert=False, image='sin', interpolate=True, mask=None, maskParams=None, name='TOL_trial_image', opacity=1, ori=0.0, pos=array([0., 0.]), size=array([0.85, 0.85]), texRes=128.0, units='height', win=Window(...))
10.0073 	EXP 	instructions_text: autoDraw = True
10.6166 	DATA 	Keypress: space
10.6260 	EXP 	Imported TOL_task_order-1644592913258905.csv as conditions, 6 conditions, 1 params
10.6263 	EXP 	Created sequence: sequential, trialTypes=6, nReps=1, seed=None
10.6265 	EXP 	New trial (rep=0, index=0): OrderedDict([('task_order', 'ZM1')])
10.6545 	EXP 	instructions_text: autoDraw = False
10.6545 	EXP 	zero_move_text: autoDraw = True
10.6545 	EXP 	multi_move_text: autoDraw = True
11.2218 	EXP 	Imported TOL_conditions\ZM_stims-1644598838868716.csv as conditions, 6 conditions, 2 params
11.2220 	EXP 	Created sequence: sequential, trialTypes=6, nReps=1, seed=None
11.2222 	EXP 	New trial (rep=0, index=0): OrderedDict([('image_stim', 'zero_move_stimuli\\zero_move_4.jpg'), ('match', ['space'])])
11.3145 	DATA 	Keypress: space
11.3173 	EXP 	zero_move_text: autoDraw = False
11.3173 	EXP 	multi_move_text: autoDraw = False
11.3173 	EXP 	TOL_trial_text: text = 'Can you solve this in exactly {num_moves} moves? \n\nPress Y for YES \nPress N for NO'
11.3173 	EXP 	TOL_trial_image: image = 'zero_move_stimuli\\zero_move_4.jpg'
11.3173 	EXP 	TOL_trial_image: autoDraw = True
12.2940 	DATA 	Keypress: space
18.2845 	EXP 	TOL_trial_text: autoDraw = True
18.3211 	EXP 	TOL_trial_image: autoDraw = False
21.2216 	EXP 	New trial (rep=0, index=1): OrderedDict([('image_stim', 'zero_move_stimuli\\zero_move_1.jpg'), ('match', ['space'])])
21.2502 	EXP 	TOL_trial_text: autoDraw = False
21.2502 	EXP 	TOL_trial_image: autoDraw = False
21.2502 	EXP 	TOL_trial_text: text = 'Can you solve this in exactly {num_moves} moves? \n\nPress Y for YES \nPress N for NO'
21.2502 	EXP 	TOL_trial_image: image = 'zero_move_stimuli\\zero_move_1.jpg'
21.2502 	EXP 	TOL_trial_image: autoDraw = True
21.8416 	DATA 	Keypress: escape
24.1675 	EXP 	window1: mouseVisible = True
