10.4161 	EXP 	Created window1 = Window(allowGUI=False, allowStencil=False, autoLog=True, backendConf=UNKNOWN, bitsMode=UNKNOWN, blendMode='avg', bpc=(8, 8, 8), color=array([-0.7, -0.7, -0.7]), colorSpace='rgb', depthBits=8, fullscr=<method-wrapper '__getattribute__' of attributeSetter object at 0x0000026960B9D630>, gamma=None, gammaErrorPolicy='raise', lms=UNKNOWN, monitor=<psychopy.monitors.calibTools.Monitor object at 0x0000026960C3B3C8>, multiSample=False, name='window1', numSamples=2, pos=[0.0, 0.0], screen=0, size=array([1920, 1080]), stencilBits=0, stereo=False, units='height', useFBO=True, useRetina=False, viewOri=0.0, viewPos=None, viewScale=None, waitBlanking=True, winType='pyglet')
10.4166 	EXP 	window1: mouseVisible = True
10.4166 	EXP 	window1: recordFrameIntervals = False
10.4781 	EXP 	window1: recordFrameIntervals = True
10.5546 	EXP 	window1: recordFrameIntervals = False
10.9472 	EXP 	window1: mouseVisible = False
10.9481 	EXP 	UDP Sent: marker_value=41, marker_string=king_devick_start, timestamp=1651450718990638848
11.1987 	EXP 	Created instructions_text = TextStim(__class__=<class 'psychopy.visual.text.TextStim'>, alignHoriz=method-wrapper(...), alignText='center', alignVert=method-wrapper(...), anchorHoriz='center', anchorVert='center', antialias=True, autoLog=True, bold=False, color=array([1., 1., 1.]), colorSpace='rgb', contrast=1.0, depth=0.0, flipHoriz=False, flipVert=False, font='Open Sans', fontFiles=[], height=0.05, italic=False, languageStyle='LTR', name='instructions_text', opacity=1, ori=0.0, pos=array([0., 0.]), rgb=UNKNOWN, text=str(...), units='height', win=Window(...), wrapWidth=1)
11.2374 	EXP 	Created demo_instructions_text = TextStim(__class__=<class 'psychopy.visual.text.TextStim'>, alignHoriz=method-wrapper(...), alignText='center', alignVert=method-wrapper(...), anchorHoriz='center', anchorVert='center', antialias=True, autoLog=True, bold=False, color=array([1., 1., 1.]), colorSpace='rgb', contrast=1.0, depth=0.0, flipHoriz=False, flipVert=False, font='Open Sans', fontFiles=[], height=0.06, italic=False, languageStyle='LTR', name='demo_instructions_text', opacity=1, ori=0.0, pos=array([0., 0.]), rgb=UNKNOWN, text=str(...), units='height', win=Window(...), wrapWidth=1)
11.3799 	EXP 	Created demo_image = ImageStim(__class__=<class 'psychopy.visual.image.ImageStim'>, autoLog=True, color=array([1., 1., 1.]), colorSpace='rgb', contrast=1.0, depth=0.0, flipHoriz=False, flipVert=False, image='king_devick_stimuli/demo_card.jpg', interpolate=True, mask=None, maskParams=None, name='demo_image', opacity=1, ori=0.0, pos=array([0., 0.]), size=array([0.85, 0.85]), texRes=128.0, units='height', win=Window(...))
11.4011 	EXP 	Created test1_instructions_text = TextStim(__class__=<class 'psychopy.visual.text.TextStim'>, alignHoriz=method-wrapper(...), alignText='center', alignVert=method-wrapper(...), anchorHoriz='center', anchorVert='center', antialias=True, autoLog=True, bold=False, color=array([1., 1., 1.]), colorSpace='rgb', contrast=1.0, depth=0.0, flipHoriz=False, flipVert=False, font='Open Sans', fontFiles=[], height=0.06, italic=False, languageStyle='LTR', name='test1_instructions_text', opacity=1, ori=0.0, pos=array([0., 0.]), rgb=UNKNOWN, text=str(...), units='height', win=Window(...), wrapWidth=1)
11.5195 	EXP 	Created test1_image = ImageStim(__class__=<class 'psychopy.visual.image.ImageStim'>, autoLog=True, color=array([1., 1., 1.]), colorSpace='rgb', contrast=1.0, depth=0.0, flipHoriz=False, flipVert=False, image='king_devick_stimuli/test1_card.jpg', interpolate=True, mask=None, maskParams=None, name='test1_image', opacity=1, ori=0.0, pos=array([0., 0.]), size=array([0.85, 0.85]), texRes=128.0, units='height', win=Window(...))
11.5396 	EXP 	Created test2_instructions_text = TextStim(__class__=<class 'psychopy.visual.text.TextStim'>, alignHoriz=method-wrapper(...), alignText='center', alignVert=method-wrapper(...), anchorHoriz='center', anchorVert='center', antialias=True, autoLog=True, bold=False, color=array([1., 1., 1.]), colorSpace='rgb', contrast=1.0, depth=0.0, flipHoriz=False, flipVert=False, font='Open Sans', fontFiles=[], height=0.06, italic=False, languageStyle='LTR', name='test2_instructions_text', opacity=1, ori=0.0, pos=array([0., 0.]), rgb=UNKNOWN, text=str(...), units='height', win=Window(...), wrapWidth=1)
11.6579 	EXP 	Created test2_image = ImageStim(__class__=<class 'psychopy.visual.image.ImageStim'>, autoLog=True, color=array([1., 1., 1.]), colorSpace='rgb', contrast=1.0, depth=0.0, flipHoriz=False, flipVert=False, image='king_devick_stimuli/test2_card.jpg', interpolate=True, mask=None, maskParams=None, name='test2_image', opacity=1, ori=0.0, pos=array([0., 0.]), size=array([0.85, 0.85]), texRes=128.0, units='height', win=Window(...))
11.6772 	EXP 	Created test3_instructions_text = TextStim(__class__=<class 'psychopy.visual.text.TextStim'>, alignHoriz=method-wrapper(...), alignText='center', alignVert=method-wrapper(...), anchorHoriz='center', anchorVert='center', antialias=True, autoLog=True, bold=False, color=array([1., 1., 1.]), colorSpace='rgb', contrast=1.0, depth=0.0, flipHoriz=False, flipVert=False, font='Open Sans', fontFiles=[], height=0.06, italic=False, languageStyle='LTR', name='test3_instructions_text', opacity=1, ori=0.0, pos=array([0., 0.]), rgb=UNKNOWN, text=str(...), units='height', win=Window(...), wrapWidth=1)
11.7994 	EXP 	Created test3_image = ImageStim(__class__=<class 'psychopy.visual.image.ImageStim'>, autoLog=True, color=array([1., 1., 1.]), colorSpace='rgb', contrast=1.0, depth=0.0, flipHoriz=False, flipVert=False, image='king_devick_stimuli/test3_card.jpg', interpolate=True, mask=None, maskParams=None, name='test3_image', opacity=1, ori=0.0, pos=array([0., 0.]), size=array([0.85, 0.85]), texRes=128.0, units='height', win=Window(...))
11.8476 	EXP 	instructions_text: autoDraw = True
19.2491 	DATA 	Keypress: space
19.2653 	EXP 	instructions_text: autoDraw = False
19.2653 	EXP 	demo_instructions_text: autoDraw = True
28.3600 	DATA 	Keypress: space
28.4113 	EXP 	demo_instructions_text: autoDraw = False
28.4113 	EXP 	demo_image: autoDraw = True
34.3858 	DATA 	Keypress: space
34.3892 	EXP 	demo_image: autoDraw = False
34.3892 	EXP 	test1_instructions_text: autoDraw = True
35.5663 	DATA 	Keypress: space
36.3930 	EXP 	test1_instructions_text: autoDraw = False
36.3930 	EXP 	test1_image: autoDraw = True
39.2968 	DATA 	Keypress: space
39.3002 	EXP 	test1_image: autoDraw = False
39.3002 	EXP 	test2_instructions_text: autoDraw = True
40.6833 	DATA 	Keypress: space
41.3029 	EXP 	test2_instructions_text: autoDraw = False
41.3029 	EXP 	test2_image: autoDraw = True
43.3397 	DATA 	Keypress: space
43.3535 	EXP 	test2_image: autoDraw = False
43.3535 	EXP 	test3_instructions_text: autoDraw = True
44.3563 	DATA 	Keypress: space
45.3579 	EXP 	test3_instructions_text: autoDraw = False
45.3579 	EXP 	test3_image: autoDraw = True
46.5598 	EXP 	UDP Sent: marker_value=42, marker_string=king_devick_end, timestamp=1651450762644482816
46.5602 	DATA 	Keypress: space
46.5634 	EXP 	test3_image: autoDraw = False
48.7533 	EXP 	window1: mouseVisible = True
