7.8347 	EXP 	Created window1 = Window(allowGUI=False, allowStencil=False, autoLog=True, backendConf=UNKNOWN, bitsMode=UNKNOWN, blendMode='avg', bpc=(8, 8, 8), color=array([0, 0, 0]), colorSpace='rgb', depthBits=8, fullscr=<method-wrapper '__getattribute__' of attributeSetter object at 0x00000280B059C080>, gamma=None, gammaErrorPolicy='raise', lms=UNKNOWN, monitor=<psychopy.monitors.calibTools.Monitor object at 0x00000280B06184E0>, multiSample=False, name='window1', numSamples=2, pos=[0.0, 0.0], screen=0, size=array([1920, 1080]), stencilBits=0, stereo=False, units='height', useFBO=True, useRetina=False, viewOri=0.0, viewPos=None, viewScale=None, waitBlanking=True, winType='pyglet')
7.8349 	EXP 	window1: mouseVisible = True
7.8349 	EXP 	window1: recordFrameIntervals = False
7.9038 	EXP 	window1: recordFrameIntervals = True
7.9803 	EXP 	window1: recordFrameIntervals = False
8.2286 	EXP 	UDP Sent: marker_value=0, marker_string=experiment_start
8.3692 	EXP 	Created instructions_text = TextStim(__class__=<class 'psychopy.visual.text.TextStim'>, alignHoriz=method-wrapper(...), alignText='center', alignVert=method-wrapper(...), anchorHoriz='center', anchorVert='center', antialias=True, autoLog=True, bold=False, color=array([1., 1., 1.]), colorSpace='rgb', contrast=1.0, depth=0.0, flipHoriz=False, flipVert=False, font='Open Sans', fontFiles=[], height=0.1, italic=False, languageStyle='LTR', name='instructions_text', opacity=1, ori=0.0, pos=array([0., 0.]), rgb=UNKNOWN, text=str(...), units='height', win=Window(...), wrapWidth=1)
8.4052 	EXP 	Created demo_instructions_text = TextStim(__class__=<class 'psychopy.visual.text.TextStim'>, alignHoriz=method-wrapper(...), alignText='center', alignVert=method-wrapper(...), anchorHoriz='center', anchorVert='center', antialias=True, autoLog=True, bold=False, color=array([1., 1., 1.]), colorSpace='rgb', contrast=1.0, depth=0.0, flipHoriz=False, flipVert=False, font='Open Sans', fontFiles=[], height=0.06, italic=False, languageStyle='LTR', name='demo_instructions_text', opacity=1, ori=0.0, pos=array([0., 0.]), rgb=UNKNOWN, text=str(...), units='height', win=Window(...), wrapWidth=1)
8.5342 	EXP 	Created demo_image = ImageStim(__class__=<class 'psychopy.visual.image.ImageStim'>, autoLog=True, color=array([1., 1., 1.]), colorSpace='rgb', contrast=1.0, depth=-1.0, flipHoriz=False, flipVert=False, image='king_devick_stimuli/demo_card.jpg', interpolate=True, mask=None, maskParams=None, name='demo_image', opacity=1, ori=0.0, pos=array([0., 0.]), size=array([0.85, 0.85]), texRes=128.0, units='height', win=Window(...))
8.5488 	EXP 	Created test1_instructions_text = TextStim(__class__=<class 'psychopy.visual.text.TextStim'>, alignHoriz=method-wrapper(...), alignText='center', alignVert=method-wrapper(...), anchorHoriz='center', anchorVert='center', antialias=True, autoLog=True, bold=False, color=array([1., 1., 1.]), colorSpace='rgb', contrast=1.0, depth=0.0, flipHoriz=False, flipVert=False, font='Open Sans', fontFiles=[], height=0.06, italic=False, languageStyle='LTR', name='test1_instructions_text', opacity=1, ori=0.0, pos=array([0., 0.]), rgb=UNKNOWN, text=str(...), units='height', win=Window(...), wrapWidth=1)
8.6594 	EXP 	Created test1_image = ImageStim(__class__=<class 'psychopy.visual.image.ImageStim'>, autoLog=True, color=array([1., 1., 1.]), colorSpace='rgb', contrast=1.0, depth=-1.0, flipHoriz=False, flipVert=False, image='king_devick_stimuli/test1_card.jpg', interpolate=True, mask=None, maskParams=None, name='test1_image', opacity=1, ori=0.0, pos=array([0., 0.]), size=array([0.85, 0.85]), texRes=128.0, units='height', win=Window(...))
8.6730 	EXP 	Created test2_instructions_text = TextStim(__class__=<class 'psychopy.visual.text.TextStim'>, alignHoriz=method-wrapper(...), alignText='center', alignVert=method-wrapper(...), anchorHoriz='center', anchorVert='center', antialias=True, autoLog=True, bold=False, color=array([1., 1., 1.]), colorSpace='rgb', contrast=1.0, depth=0.0, flipHoriz=False, flipVert=False, font='Open Sans', fontFiles=[], height=0.06, italic=False, languageStyle='LTR', name='test2_instructions_text', opacity=1, ori=0.0, pos=array([0., 0.]), rgb=UNKNOWN, text=str(...), units='height', win=Window(...), wrapWidth=1)
8.7844 	EXP 	Created test2_image = ImageStim(__class__=<class 'psychopy.visual.image.ImageStim'>, autoLog=True, color=array([1., 1., 1.]), colorSpace='rgb', contrast=1.0, depth=-1.0, flipHoriz=False, flipVert=False, image='king_devick_stimuli/test2_card.jpg', interpolate=True, mask=None, maskParams=None, name='test2_image', opacity=1, ori=0.0, pos=array([0., 0.]), size=array([0.85, 0.85]), texRes=128.0, units='height', win=Window(...))
8.7981 	EXP 	Created test3_instructions_text = TextStim(__class__=<class 'psychopy.visual.text.TextStim'>, alignHoriz=method-wrapper(...), alignText='center', alignVert=method-wrapper(...), anchorHoriz='center', anchorVert='center', antialias=True, autoLog=True, bold=False, color=array([1., 1., 1.]), colorSpace='rgb', contrast=1.0, depth=0.0, flipHoriz=False, flipVert=False, font='Open Sans', fontFiles=[], height=0.06, italic=False, languageStyle='LTR', name='test3_instructions_text', opacity=1, ori=0.0, pos=array([0., 0.]), rgb=UNKNOWN, text=str(...), units='height', win=Window(...), wrapWidth=1)
8.9054 	EXP 	Created test3_image = ImageStim(__class__=<class 'psychopy.visual.image.ImageStim'>, autoLog=True, color=array([1., 1., 1.]), colorSpace='rgb', contrast=1.0, depth=-1.0, flipHoriz=False, flipVert=False, image='king_devick_stimuli/test3_card.jpg', interpolate=True, mask=None, maskParams=None, name='test3_image', opacity=1, ori=0.0, pos=array([0., 0.]), size=array([0.85, 0.85]), texRes=128.0, units='height', win=Window(...))
8.9458 	EXP 	instructions_text: autoDraw = True
11.3740 	DATA 	Keypress: space
11.3872 	EXP 	instructions_text: autoDraw = False
11.3872 	EXP 	demo_instructions_text: autoDraw = True
27.2943 	DATA 	Keypress: space
27.3003 	EXP 	UDP Sent: marker_value=2, marker_string=practice_start
27.3375 	EXP 	demo_instructions_text: autoDraw = False
27.3375 	EXP 	demo_image: autoDraw = True
39.6532 	DATA 	Keypress: space
39.6598 	EXP 	UDP Sent: marker_value=3, marker_string=practice_end
39.6691 	EXP 	demo_image: autoDraw = False
39.6691 	EXP 	test1_instructions_text: autoDraw = True
42.7434 	DATA 	Keypress: space
42.7492 	EXP 	UDP Sent: marker_value=8, marker_string=stimuli_start
42.7547 	EXP 	test1_instructions_text: autoDraw = False
42.7547 	EXP 	test1_image: autoDraw = True
48.8734 	EXP 	UDP Sent: marker_value=9, marker_string=stimuli_end
48.8821 	DATA 	Keypress: space
48.8840 	EXP 	test1_image: autoDraw = False
48.8840 	EXP 	test2_instructions_text: autoDraw = True
57.3438 	DATA 	Keypress: space
57.3497 	EXP 	UDP Sent: marker_value=8, marker_string=stimuli_start
57.3554 	EXP 	test2_instructions_text: autoDraw = False
57.3554 	EXP 	test2_image: autoDraw = True
59.5729 	EXP 	UDP Sent: marker_value=9, marker_string=stimuli_end
59.5815 	DATA 	Keypress: space
59.5835 	EXP 	test2_image: autoDraw = False
59.5835 	EXP 	test3_instructions_text: autoDraw = True
62.4050 	DATA 	Keypress: space
62.4109 	EXP 	UDP Sent: marker_value=8, marker_string=stimuli_start
62.4165 	EXP 	test3_instructions_text: autoDraw = False
62.4165 	EXP 	test3_image: autoDraw = True
68.5774 	EXP 	UDP Sent: marker_value=9, marker_string=stimuli_end
68.5792 	EXP 	UDP Sent: marker_value=1, marker_string=experiment_end
68.5816 	DATA 	Keypress: space
68.5829 	EXP 	test3_image: autoDraw = False
70.0499 	EXP 	window1: mouseVisible = True
