4.5886 	WARNING 	User requested fullscreen with size [1024  768], but screen is actually [1920, 1080]. Using actual size
12.2812 	EXP 	Created window1 = Window(allowGUI=False, allowStencil=False, autoLog=True, backendConf=UNKNOWN, bitsMode=UNKNOWN, blendMode='avg', bpc=(8, 8, 8), color=array([0, 0, 0]), colorSpace='rgb', depthBits=8, fullscr=<method-wrapper '__getattribute__' of attributeSetter object at 0x0000017048E12D30>, gamma=None, gammaErrorPolicy='raise', lms=UNKNOWN, monitor=<psychopy.monitors.calibTools.Monitor object at 0x0000017048E971D0>, multiSample=False, name='window1', numSamples=2, pos=[0.0, 0.0], screen=0, size=array([1920, 1080]), stencilBits=0, stereo=False, units='height', useFBO=True, useRetina=False, viewOri=0.0, viewPos=None, viewScale=None, waitBlanking=True, winType='pyglet')
12.2814 	EXP 	window1: mouseVisible = True
12.2814 	EXP 	window1: recordFrameIntervals = False
12.3503 	EXP 	window1: recordFrameIntervals = True
12.4269 	EXP 	window1: recordFrameIntervals = False
12.6750 	EXP 	UDP Sent: marker_value=0, marker_string=experiment_start
12.8139 	EXP 	Created instructions_text = TextStim(__class__=<class 'psychopy.visual.text.TextStim'>, alignHoriz=method-wrapper(...), alignText='center', alignVert=method-wrapper(...), anchorHoriz='center', anchorVert='center', antialias=True, autoLog=True, bold=False, color=array([1., 1., 1.]), colorSpace='rgb', contrast=1.0, depth=0.0, flipHoriz=False, flipVert=False, font='Open Sans', fontFiles=[], height=0.1, italic=False, languageStyle='LTR', name='instructions_text', opacity=1, ori=0.0, pos=array([0., 0.]), rgb=UNKNOWN, text=str(...), units='height', win=Window(...), wrapWidth=1)
12.8491 	EXP 	Created demo_instructions_text = TextStim(__class__=<class 'psychopy.visual.text.TextStim'>, alignHoriz=method-wrapper(...), alignText='center', alignVert=method-wrapper(...), anchorHoriz='center', anchorVert='center', antialias=True, autoLog=True, bold=False, color=array([1., 1., 1.]), colorSpace='rgb', contrast=1.0, depth=0.0, flipHoriz=False, flipVert=False, font='Open Sans', fontFiles=[], height=0.06, italic=False, languageStyle='LTR', name='demo_instructions_text', opacity=1, ori=0.0, pos=array([0., 0.]), rgb=UNKNOWN, text=str(...), units='height', win=Window(...), wrapWidth=1)
12.9516 	EXP 	Created demo_image = ImageStim(__class__=<class 'psychopy.visual.image.ImageStim'>, autoLog=True, color=array([1., 1., 1.]), colorSpace='rgb', contrast=1.0, depth=-1.0, flipHoriz=False, flipVert=False, image='king_devick_stimuli/demo_card.jpg', interpolate=True, mask=None, maskParams=None, name='demo_image', opacity=1, ori=0.0, pos=array([0., 0.]), size=array([0.85, 0.85]), texRes=128.0, units='height', win=Window(...))
12.9675 	EXP 	Created test1_instructions_text = TextStim(__class__=<class 'psychopy.visual.text.TextStim'>, alignHoriz=method-wrapper(...), alignText='center', alignVert=method-wrapper(...), anchorHoriz='center', anchorVert='center', antialias=True, autoLog=True, bold=False, color=array([1., 1., 1.]), colorSpace='rgb', contrast=1.0, depth=0.0, flipHoriz=False, flipVert=False, font='Open Sans', fontFiles=[], height=0.06, italic=False, languageStyle='LTR', name='test1_instructions_text', opacity=1, ori=0.0, pos=array([0., 0.]), rgb=UNKNOWN, text=str(...), units='height', win=Window(...), wrapWidth=1)
12.9676 	EXP 	UDP Sent: marker_value=8, marker_string=stimuli_start
13.0672 	EXP 	Created test1_image = ImageStim(__class__=<class 'psychopy.visual.image.ImageStim'>, autoLog=True, color=array([1., 1., 1.]), colorSpace='rgb', contrast=1.0, depth=-1.0, flipHoriz=False, flipVert=False, image='king_devick_stimuli/test1_card.jpg', interpolate=True, mask=None, maskParams=None, name='test1_image', opacity=1, ori=0.0, pos=array([0., 0.]), size=array([0.85, 0.85]), texRes=128.0, units='height', win=Window(...))
13.0832 	EXP 	Created test2_instructions_text = TextStim(__class__=<class 'psychopy.visual.text.TextStim'>, alignHoriz=method-wrapper(...), alignText='center', alignVert=method-wrapper(...), anchorHoriz='center', anchorVert='center', antialias=True, autoLog=True, bold=False, color=array([1., 1., 1.]), colorSpace='rgb', contrast=1.0, depth=0.0, flipHoriz=False, flipVert=False, font='Open Sans', fontFiles=[], height=0.06, italic=False, languageStyle='LTR', name='test2_instructions_text', opacity=1, ori=0.0, pos=array([0., 0.]), rgb=UNKNOWN, text=str(...), units='height', win=Window(...), wrapWidth=1)
13.1924 	EXP 	Created test2_image = ImageStim(__class__=<class 'psychopy.visual.image.ImageStim'>, autoLog=True, color=array([1., 1., 1.]), colorSpace='rgb', contrast=1.0, depth=-1.0, flipHoriz=False, flipVert=False, image='king_devick_stimuli/test2_card.jpg', interpolate=True, mask=None, maskParams=None, name='test2_image', opacity=1, ori=0.0, pos=array([0., 0.]), size=array([0.85, 0.85]), texRes=128.0, units='height', win=Window(...))
13.2084 	EXP 	Created test3_instructions_text = TextStim(__class__=<class 'psychopy.visual.text.TextStim'>, alignHoriz=method-wrapper(...), alignText='center', alignVert=method-wrapper(...), anchorHoriz='center', anchorVert='center', antialias=True, autoLog=True, bold=False, color=array([1., 1., 1.]), colorSpace='rgb', contrast=1.0, depth=0.0, flipHoriz=False, flipVert=False, font='Open Sans', fontFiles=[], height=0.06, italic=False, languageStyle='LTR', name='test3_instructions_text', opacity=1, ori=0.0, pos=array([0., 0.]), rgb=UNKNOWN, text=str(...), units='height', win=Window(...), wrapWidth=1)
13.2086 	EXP 	UDP Sent: marker_value=8, marker_string=stimuli_start
13.3052 	EXP 	Created test3_image = ImageStim(__class__=<class 'psychopy.visual.image.ImageStim'>, autoLog=True, color=array([1., 1., 1.]), colorSpace='rgb', contrast=1.0, depth=-1.0, flipHoriz=False, flipVert=False, image='king_devick_stimuli/test3_card.jpg', interpolate=True, mask=None, maskParams=None, name='test3_image', opacity=1, ori=0.0, pos=array([0., 0.]), size=array([0.85, 0.85]), texRes=128.0, units='height', win=Window(...))
13.3462 	EXP 	instructions_text: autoDraw = True
14.7694 	DATA 	Keypress: space
14.7712 	EXP 	instructions_text: autoDraw = False
14.7712 	EXP 	demo_instructions_text: autoDraw = True
15.8048 	EXP 	UDP Sent: marker_value=2, marker_string=practice_start
15.8375 	DATA 	Keypress: space
15.8399 	EXP 	demo_instructions_text: autoDraw = False
15.8399 	EXP 	demo_image: autoDraw = True
17.1807 	DATA 	Keypress: space
17.1873 	EXP 	UDP Sent: marker_value=3, marker_string=practice_end
17.1971 	EXP 	demo_image: autoDraw = False
17.1971 	EXP 	test1_instructions_text: autoDraw = True
19.0897 	DATA 	Keypress: space
21.1939 	DATA 	Keypress: space
21.2049 	EXP 	test1_instructions_text: autoDraw = False
21.2049 	EXP 	test1_image: autoDraw = True
22.4643 	EXP 	UDP Sent: marker_value=9, marker_string=stimuli_end
22.4724 	DATA 	Keypress: space
22.4744 	EXP 	test1_image: autoDraw = False
22.4744 	EXP 	test2_instructions_text: autoDraw = True
23.5266 	DATA 	Keypress: escape
26.2383 	EXP 	window1: mouseVisible = True
