5.3505 	WARNING 	User requested fullscreen with size [1024  768], but screen is actually [1920, 1080]. Using actual size
9.3065 	EXP 	Created window1 = Window(allowGUI=False, allowStencil=False, autoLog=True, backendConf=UNKNOWN, bitsMode=UNKNOWN, blendMode='avg', bpc=(8, 8, 8), color=array([0, 0, 0]), colorSpace='rgb', depthBits=8, fullscr=<method-wrapper '__getattribute__' of attributeSetter object at 0x000002D2EB392EB8>, gamma=None, gammaErrorPolicy='raise', lms=UNKNOWN, monitor=<psychopy.monitors.calibTools.Monitor object at 0x000002D2EB417358>, multiSample=False, name='window1', numSamples=2, pos=[0.0, 0.0], screen=0, size=array([1920, 1080]), stencilBits=0, stereo=False, units='height', useFBO=True, useRetina=False, viewOri=0.0, viewPos=None, viewScale=None, waitBlanking=True, winType='pyglet')
9.3067 	EXP 	window1: mouseVisible = True
9.3067 	EXP 	window1: recordFrameIntervals = False
9.3756 	EXP 	window1: recordFrameIntervals = True
9.4521 	EXP 	window1: recordFrameIntervals = False
9.6927 	EXP 	UDP Sent: marker_value=0, marker_string=experiment_start
9.8249 	EXP 	Created instructions_text = TextStim(__class__=<class 'psychopy.visual.text.TextStim'>, alignHoriz=method-wrapper(...), alignText='center', alignVert=method-wrapper(...), anchorHoriz='center', anchorVert='center', antialias=True, autoLog=True, bold=False, color=array([1., 1., 1.]), colorSpace='rgb', contrast=1.0, depth=0.0, flipHoriz=False, flipVert=False, font='Open Sans', fontFiles=[], height=0.1, italic=False, languageStyle='LTR', name='instructions_text', opacity=1, ori=0.0, pos=array([0., 0.]), rgb=UNKNOWN, text=str(...), units='height', win=Window(...), wrapWidth=1)
9.8583 	EXP 	Created demo_instructions_text = TextStim(__class__=<class 'psychopy.visual.text.TextStim'>, alignHoriz=method-wrapper(...), alignText='center', alignVert=method-wrapper(...), anchorHoriz='center', anchorVert='center', antialias=True, autoLog=True, bold=False, color=array([1., 1., 1.]), colorSpace='rgb', contrast=1.0, depth=0.0, flipHoriz=False, flipVert=False, font='Open Sans', fontFiles=[], height=0.06, italic=False, languageStyle='LTR', name='demo_instructions_text', opacity=1, ori=0.0, pos=array([0., 0.]), rgb=UNKNOWN, text=str(...), units='height', win=Window(...), wrapWidth=1)
9.9761 	EXP 	Created demo_image = ImageStim(__class__=<class 'psychopy.visual.image.ImageStim'>, autoLog=True, color=array([1., 1., 1.]), colorSpace='rgb', contrast=1.0, depth=0.0, flipHoriz=False, flipVert=False, image='king_devick_stimuli/demo_card.jpg', interpolate=True, mask=None, maskParams=None, name='demo_image', opacity=1, ori=0.0, pos=array([0., 0.]), size=array([0.85, 0.85]), texRes=128.0, units='height', win=Window(...))
9.9916 	EXP 	Created test1_instructions_text = TextStim(__class__=<class 'psychopy.visual.text.TextStim'>, alignHoriz=method-wrapper(...), alignText='center', alignVert=method-wrapper(...), anchorHoriz='center', anchorVert='center', antialias=True, autoLog=True, bold=False, color=array([1., 1., 1.]), colorSpace='rgb', contrast=1.0, depth=0.0, flipHoriz=False, flipVert=False, font='Open Sans', fontFiles=[], height=0.06, italic=False, languageStyle='LTR', name='test1_instructions_text', opacity=1, ori=0.0, pos=array([0., 0.]), rgb=UNKNOWN, text=str(...), units='height', win=Window(...), wrapWidth=1)
10.1048 	EXP 	Created test1_image = ImageStim(__class__=<class 'psychopy.visual.image.ImageStim'>, autoLog=True, color=array([1., 1., 1.]), colorSpace='rgb', contrast=1.0, depth=0.0, flipHoriz=False, flipVert=False, image='king_devick_stimuli/test1_card.jpg', interpolate=True, mask=None, maskParams=None, name='test1_image', opacity=1, ori=0.0, pos=array([0., 0.]), size=array([0.85, 0.85]), texRes=128.0, units='height', win=Window(...))
10.1049 	EXP 	UDP Sent: marker_value=8, marker_string=stimuli_start
10.1212 	EXP 	Created test2_instructions_text = TextStim(__class__=<class 'psychopy.visual.text.TextStim'>, alignHoriz=method-wrapper(...), alignText='center', alignVert=method-wrapper(...), anchorHoriz='center', anchorVert='center', antialias=True, autoLog=True, bold=False, color=array([1., 1., 1.]), colorSpace='rgb', contrast=1.0, depth=0.0, flipHoriz=False, flipVert=False, font='Open Sans', fontFiles=[], height=0.06, italic=False, languageStyle='LTR', name='test2_instructions_text', opacity=1, ori=0.0, pos=array([0., 0.]), rgb=UNKNOWN, text=str(...), units='height', win=Window(...), wrapWidth=1)
10.2355 	EXP 	Created test2_image = ImageStim(__class__=<class 'psychopy.visual.image.ImageStim'>, autoLog=True, color=array([1., 1., 1.]), colorSpace='rgb', contrast=1.0, depth=0.0, flipHoriz=False, flipVert=False, image='king_devick_stimuli/test2_card.jpg', interpolate=True, mask=None, maskParams=None, name='test2_image', opacity=1, ori=0.0, pos=array([0., 0.]), size=array([0.85, 0.85]), texRes=128.0, units='height', win=Window(...))
10.2528 	EXP 	Created test3_instructions_text = TextStim(__class__=<class 'psychopy.visual.text.TextStim'>, alignHoriz=method-wrapper(...), alignText='center', alignVert=method-wrapper(...), anchorHoriz='center', anchorVert='center', antialias=True, autoLog=True, bold=False, color=array([1., 1., 1.]), colorSpace='rgb', contrast=1.0, depth=0.0, flipHoriz=False, flipVert=False, font='Open Sans', fontFiles=[], height=0.06, italic=False, languageStyle='LTR', name='test3_instructions_text', opacity=1, ori=0.0, pos=array([0., 0.]), rgb=UNKNOWN, text=str(...), units='height', win=Window(...), wrapWidth=1)
10.3659 	EXP 	Created test3_image = ImageStim(__class__=<class 'psychopy.visual.image.ImageStim'>, autoLog=True, color=array([1., 1., 1.]), colorSpace='rgb', contrast=1.0, depth=0.0, flipHoriz=False, flipVert=False, image='king_devick_stimuli/test3_card.jpg', interpolate=True, mask=None, maskParams=None, name='test3_image', opacity=1, ori=0.0, pos=array([0., 0.]), size=array([0.85, 0.85]), texRes=128.0, units='height', win=Window(...))
10.3660 	EXP 	UDP Sent: marker_value=8, marker_string=stimuli_start
10.4038 	EXP 	instructions_text: autoDraw = True
12.3708 	DATA 	Keypress: space
12.3727 	EXP 	instructions_text: autoDraw = False
12.3727 	EXP 	demo_instructions_text: autoDraw = True
22.3157 	DATA 	Keypress: space
22.3226 	EXP 	UDP Sent: marker_value=2, marker_string=practice_start
22.3583 	EXP 	demo_instructions_text: autoDraw = False
22.3583 	EXP 	demo_image: autoDraw = True
55.9611 	EXP 	UDP Sent: marker_value=3, marker_string=practice_end
55.9690 	DATA 	Keypress: space
55.9709 	EXP 	demo_image: autoDraw = False
55.9709 	EXP 	test1_instructions_text: autoDraw = True
61.2899 	DATA 	Keypress: space
61.2944 	EXP 	test1_instructions_text: autoDraw = False
61.2944 	EXP 	test1_image: autoDraw = True
71.8692 	DATA 	Keypress: space
71.8756 	EXP 	UDP Sent: marker_value=9, marker_string=stimuli_end
71.8851 	EXP 	test1_image: autoDraw = False
71.8851 	EXP 	test2_instructions_text: autoDraw = True
71.9713 	DATA 	Keypress: space
71.9772 	EXP 	UDP Sent: marker_value=8, marker_string=stimuli_start
71.9831 	EXP 	test2_instructions_text: autoDraw = False
71.9831 	EXP 	test2_image: autoDraw = True
76.2640 	DATA 	Keypress: left
92.4401 	EXP 	UDP Sent: marker_value=9, marker_string=stimuli_end
92.4479 	DATA 	Keypress: space
92.4498 	EXP 	test2_image: autoDraw = False
92.4498 	EXP 	test3_instructions_text: autoDraw = True
95.6833 	DATA 	Keypress: space
95.6958 	EXP 	test3_instructions_text: autoDraw = False
95.6958 	EXP 	test3_image: autoDraw = True
106.0355 	EXP 	UDP Sent: marker_value=9, marker_string=stimuli_end
106.0374 	EXP 	UDP Sent: marker_value=1, marker_string=experiment_end
106.0397 	DATA 	Keypress: space
106.0409 	EXP 	test3_image: autoDraw = False
108.7288 	EXP 	window1: mouseVisible = True
