3.6508 	WARNING 	User requested fullscreen with size [1024  768], but screen is actually [1920, 1080]. Using actual size
7.4920 	EXP 	Created window1 = Window(allowGUI=False, allowStencil=False, autoLog=True, backendConf=UNKNOWN, bitsMode=UNKNOWN, blendMode='avg', bpc=(8, 8, 8), color=array([0, 0, 0]), colorSpace='rgb', depthBits=8, fullscr=<method-wrapper '__getattribute__' of attributeSetter object at 0x00000211001F2E48>, gamma=None, gammaErrorPolicy='raise', lms=UNKNOWN, monitor=<psychopy.monitors.calibTools.Monitor object at 0x00000211002882E8>, multiSample=False, name='window1', numSamples=2, pos=[0.0, 0.0], screen=0, size=array([1920, 1080]), stencilBits=0, stereo=False, units='height', useFBO=True, useRetina=False, viewOri=0.0, viewPos=None, viewScale=None, waitBlanking=True, winType='pyglet')
7.4924 	EXP 	window1: mouseVisible = True
7.4924 	EXP 	window1: recordFrameIntervals = False
7.5608 	EXP 	window1: recordFrameIntervals = True
7.6374 	EXP 	window1: recordFrameIntervals = False
7.8795 	EXP 	UDP Sent: marker_value=0, marker_string=experiment_start
8.0083 	EXP 	Created instructions_text = TextStim(__class__=<class 'psychopy.visual.text.TextStim'>, alignHoriz=method-wrapper(...), alignText='center', alignVert=method-wrapper(...), anchorHoriz='center', anchorVert='center', antialias=True, autoLog=True, bold=False, color=array([1., 1., 1.]), colorSpace='rgb', contrast=1.0, depth=0.0, flipHoriz=False, flipVert=False, font='Open Sans', fontFiles=[], height=0.1, italic=False, languageStyle='LTR', name='instructions_text', opacity=1, ori=0.0, pos=array([0., 0.]), rgb=UNKNOWN, text=str(...), units='height', win=Window(...), wrapWidth=1)
8.0388 	EXP 	Created demo_instructions_text = TextStim(__class__=<class 'psychopy.visual.text.TextStim'>, alignHoriz=method-wrapper(...), alignText='center', alignVert=method-wrapper(...), anchorHoriz='center', anchorVert='center', antialias=True, autoLog=True, bold=False, color=array([1., 1., 1.]), colorSpace='rgb', contrast=1.0, depth=0.0, flipHoriz=False, flipVert=False, font='Open Sans', fontFiles=[], height=0.06, italic=False, languageStyle='LTR', name='demo_instructions_text', opacity=1, ori=0.0, pos=array([0., 0.]), rgb=UNKNOWN, text=str(...), units='height', win=Window(...), wrapWidth=1)
8.1544 	EXP 	Created demo_image = ImageStim(__class__=<class 'psychopy.visual.image.ImageStim'>, autoLog=True, color=array([1., 1., 1.]), colorSpace='rgb', contrast=1.0, depth=-1.0, flipHoriz=False, flipVert=False, image='king_devick_stimuli/demo_card.jpg', interpolate=True, mask=None, maskParams=None, name='demo_image', opacity=1, ori=0.0, pos=array([0., 0.]), size=array([0.85, 0.85]), texRes=128.0, units='height', win=Window(...))
8.1700 	EXP 	Created test1_instructions_text = TextStim(__class__=<class 'psychopy.visual.text.TextStim'>, alignHoriz=method-wrapper(...), alignText='center', alignVert=method-wrapper(...), anchorHoriz='center', anchorVert='center', antialias=True, autoLog=True, bold=False, color=array([1., 1., 1.]), colorSpace='rgb', contrast=1.0, depth=0.0, flipHoriz=False, flipVert=False, font='Open Sans', fontFiles=[], height=0.06, italic=False, languageStyle='LTR', name='test1_instructions_text', opacity=1, ori=0.0, pos=array([0., 0.]), rgb=UNKNOWN, text=str(...), units='height', win=Window(...), wrapWidth=1)
8.1702 	EXP 	UDP Sent: marker_value=8, marker_string=stimuli_start
8.2839 	EXP 	Created test1_image = ImageStim(__class__=<class 'psychopy.visual.image.ImageStim'>, autoLog=True, color=array([1., 1., 1.]), colorSpace='rgb', contrast=1.0, depth=-1.0, flipHoriz=False, flipVert=False, image='king_devick_stimuli/test1_card.jpg', interpolate=True, mask=None, maskParams=None, name='test1_image', opacity=1, ori=0.0, pos=array([0., 0.]), size=array([0.85, 0.85]), texRes=128.0, units='height', win=Window(...))
8.2999 	EXP 	Created test2_instructions_text = TextStim(__class__=<class 'psychopy.visual.text.TextStim'>, alignHoriz=method-wrapper(...), alignText='center', alignVert=method-wrapper(...), anchorHoriz='center', anchorVert='center', antialias=True, autoLog=True, bold=False, color=array([1., 1., 1.]), colorSpace='rgb', contrast=1.0, depth=0.0, flipHoriz=False, flipVert=False, font='Open Sans', fontFiles=[], height=0.06, italic=False, languageStyle='LTR', name='test2_instructions_text', opacity=1, ori=0.0, pos=array([0., 0.]), rgb=UNKNOWN, text=str(...), units='height', win=Window(...), wrapWidth=1)
8.4100 	EXP 	Created test2_image = ImageStim(__class__=<class 'psychopy.visual.image.ImageStim'>, autoLog=True, color=array([1., 1., 1.]), colorSpace='rgb', contrast=1.0, depth=-1.0, flipHoriz=False, flipVert=False, image='king_devick_stimuli/test2_card.jpg', interpolate=True, mask=None, maskParams=None, name='test2_image', opacity=1, ori=0.0, pos=array([0., 0.]), size=array([0.85, 0.85]), texRes=128.0, units='height', win=Window(...))
8.4262 	EXP 	Created test3_instructions_text = TextStim(__class__=<class 'psychopy.visual.text.TextStim'>, alignHoriz=method-wrapper(...), alignText='center', alignVert=method-wrapper(...), anchorHoriz='center', anchorVert='center', antialias=True, autoLog=True, bold=False, color=array([1., 1., 1.]), colorSpace='rgb', contrast=1.0, depth=0.0, flipHoriz=False, flipVert=False, font='Open Sans', fontFiles=[], height=0.06, italic=False, languageStyle='LTR', name='test3_instructions_text', opacity=1, ori=0.0, pos=array([0., 0.]), rgb=UNKNOWN, text=str(...), units='height', win=Window(...), wrapWidth=1)
8.4263 	EXP 	UDP Sent: marker_value=8, marker_string=stimuli_start
8.5401 	EXP 	Created test3_image = ImageStim(__class__=<class 'psychopy.visual.image.ImageStim'>, autoLog=True, color=array([1., 1., 1.]), colorSpace='rgb', contrast=1.0, depth=-1.0, flipHoriz=False, flipVert=False, image='king_devick_stimuli/test3_card.jpg', interpolate=True, mask=None, maskParams=None, name='test3_image', opacity=1, ori=0.0, pos=array([0., 0.]), size=array([0.85, 0.85]), texRes=128.0, units='height', win=Window(...))
8.5818 	EXP 	instructions_text: autoDraw = True
9.4678 	DATA 	Keypress: space
9.4817 	EXP 	instructions_text: autoDraw = False
9.4817 	EXP 	demo_instructions_text: autoDraw = True
9.8774 	DATA 	Keypress: space
9.8844 	EXP 	UDP Sent: marker_value=2, marker_string=practice_start
9.9191 	EXP 	demo_instructions_text: autoDraw = False
9.9191 	EXP 	demo_image: autoDraw = True
10.4193 	EXP 	UDP Sent: marker_value=3, marker_string=practice_end
10.4272 	DATA 	Keypress: space
10.4291 	EXP 	demo_image: autoDraw = False
10.4291 	EXP 	test1_instructions_text: autoDraw = True
10.6205 	DATA 	Keypress: space
10.6327 	EXP 	test1_instructions_text: autoDraw = False
10.6327 	EXP 	test1_image: autoDraw = True
10.9057 	DATA 	Keypress: space
10.9113 	EXP 	UDP Sent: marker_value=9, marker_string=stimuli_end
10.9208 	EXP 	test1_image: autoDraw = False
10.9208 	EXP 	test2_instructions_text: autoDraw = True
11.1826 	EXP 	UDP Sent: marker_value=8, marker_string=stimuli_start
11.1853 	DATA 	Keypress: space
11.1889 	EXP 	test2_instructions_text: autoDraw = False
11.1889 	EXP 	test2_image: autoDraw = True
11.4611 	DATA 	Keypress: space
11.4676 	EXP 	UDP Sent: marker_value=9, marker_string=stimuli_end
11.4770 	EXP 	test2_image: autoDraw = False
11.4770 	EXP 	test3_instructions_text: autoDraw = True
11.7531 	DATA 	Keypress: space
11.7651 	EXP 	test3_instructions_text: autoDraw = False
11.7651 	EXP 	test3_image: autoDraw = True
12.0430 	EXP 	UDP Sent: marker_value=9, marker_string=stimuli_end
12.0449 	EXP 	UDP Sent: marker_value=1, marker_string=experiment_end
12.0473 	DATA 	Keypress: space
12.0485 	EXP 	test3_image: autoDraw = False
14.7558 	EXP 	window1: mouseVisible = True
