4.6823 	WARNING 	User requested fullscreen with size [1024  768], but screen is actually [1920, 1080]. Using actual size
8.6247 	EXP 	Created window1 = Window(allowGUI=False, allowStencil=False, autoLog=True, backendConf=UNKNOWN, bitsMode=UNKNOWN, blendMode='avg', bpc=(8, 8, 8), color=array([0, 0, 0]), colorSpace='rgb', depthBits=8, fullscr=<method-wrapper '__getattribute__' of attributeSetter object at 0x000001B50E5860B8>, gamma=None, gammaErrorPolicy='raise', lms=UNKNOWN, monitor=<psychopy.monitors.calibTools.Monitor object at 0x000001B50E6034E0>, multiSample=False, name='window1', numSamples=2, pos=[0.0, 0.0], screen=0, size=array([1920, 1080]), stencilBits=0, stereo=False, units='height', useFBO=True, useRetina=False, viewOri=0.0, viewPos=None, viewScale=None, waitBlanking=True, winType='pyglet')
8.6249 	EXP 	window1: mouseVisible = True
8.6249 	EXP 	window1: recordFrameIntervals = False
8.6937 	EXP 	window1: recordFrameIntervals = True
8.7703 	EXP 	window1: recordFrameIntervals = False
9.0151 	EXP 	UDP Sent: marker_value=0, marker_string=experiment_start
9.1451 	EXP 	Created instructions1_text = TextStim(__class__=<class 'psychopy.visual.text.TextStim'>, alignHoriz=method-wrapper(...), alignText='center', alignVert=method-wrapper(...), anchorHoriz='center', anchorVert='center', antialias=True, autoLog=True, bold=False, color=array([1., 1., 1.]), colorSpace='rgb', contrast=1.0, depth=0.0, flipHoriz=False, flipVert=False, font='Open Sans', fontFiles=[], height=0.05, italic=False, languageStyle='LTR', name='instructions1_text', opacity=1, ori=0.0, pos=array([0., 0.]), rgb=UNKNOWN, text=str(...), units='height', win=Window(...), wrapWidth=1)
9.1530 	EXP 	Created pieman_details_text = TextStim(__class__=<class 'psychopy.visual.text.TextStim'>, alignHoriz=method-wrapper(...), alignText='center', alignVert=method-wrapper(...), anchorHoriz='center', anchorVert='center', antialias=True, autoLog=True, bold=False, color=array([1., 1., 1.]), colorSpace='rgb', contrast=1.0, depth=0.0, flipHoriz=False, flipVert=False, font='Open Sans', fontFiles=[], height=0.05, italic=False, languageStyle='LTR', name='pieman_details_text', opacity=1, ori=0.0, pos=array([0., 0.]), rgb=UNKNOWN, text=str(...), units='height', win=Window(...), wrapWidth=1)
9.2035 	EXP 	participant_response: autoLog = True
9.2035 	EXP 	instructions1_text: autoDraw = True
11.8505 	DATA 	Keypress: space
11.8843 	EXP 	instructions1_text: autoDraw = False
11.8843 	EXP 	pieman_details_text: autoDraw = True
14.4399 	EXP 	UDP Sent: marker_value=7, marker_string=trial_end
14.4472 	DATA 	Keypress: space
14.4489 	EXP 	pieman_details_text: autoDraw = False
14.4489 	EXP 	participant_response: autoDraw = True
15.9590 	DATA 	Keypress: d
16.0497 	DATA 	Keypress: j
16.1756 	DATA 	Keypress: f
16.2449 	DATA 	Keypress: j
16.3549 	DATA 	Keypress: d
16.5147 	DATA 	Keypress: k
16.7443 	DATA 	Keypress: space
16.8626 	DATA 	Keypress: f
17.0225 	DATA 	Keypress: d
17.1822 	DATA 	Keypress: k
17.2299 	DATA 	Keypress: f
17.3548 	DATA 	Keypress: k
17.4040 	DATA 	Keypress: f
17.5352 	DATA 	Keypress: space
17.6047 	DATA 	Keypress: f
17.6948 	DATA 	Keypress: k
17.7575 	DATA 	Keypress: d
17.8691 	DATA 	Keypress: n
17.8963 	DATA 	Keypress: f
17.9863 	DATA 	Keypress: d
18.0085 	DATA 	Keypress: k
18.1462 	DATA 	Keypress: f
18.1949 	DATA 	Keypress: space
18.3546 	DATA 	Keypress: f
18.4450 	DATA 	Keypress: k
18.5353 	DATA 	Keypress: d
18.6050 	DATA 	Keypress: space
18.7442 	DATA 	Keypress: f
18.8136 	DATA 	Keypress: k
18.9246 	DATA 	Keypress: f
18.9943 	DATA 	Keypress: k
19.0916 	DATA 	Keypress: f
19.1600 	DATA 	Keypress: k
19.2508 	DATA 	Keypress: f
19.2989 	DATA 	Keypress: space
19.4309 	DATA 	Keypress: f
19.4946 	DATA 	Keypress: k
19.5421 	DATA 	Keypress: d
19.6817 	DATA 	Keypress: k
19.7229 	DATA 	Keypress: f
19.8408 	DATA 	Keypress: k
19.9027 	DATA 	Keypress: d
20.0080 	DATA 	Keypress: space
20.0564 	DATA 	Keypress: f
20.2093 	DATA 	Keypress: k
20.2571 	DATA 	Keypress: d
20.4445 	DATA 	Keypress: f
20.5360 	DATA 	Keypress: k
20.5369 	DATA 	Keypress: d
20.6735 	DATA 	Keypress: f
20.7153 	DATA 	Keypress: k
20.8132 	DATA 	Keypress: f
20.9035 	DATA 	Keypress: space
20.9521 	DATA 	Keypress: d
21.0901 	DATA 	Keypress: k
21.1538 	DATA 	Keypress: f
21.2570 	DATA 	Keypress: k
21.3469 	DATA 	Keypress: f
21.4374 	DATA 	Keypress: k
21.5423 	DATA 	Keypress: f
21.5839 	DATA 	Keypress: space
21.6316 	DATA 	Keypress: d
21.7705 	DATA 	Keypress: k
21.8538 	DATA 	Keypress: d
21.9650 	DATA 	Keypress: k
22.0553 	DATA 	Keypress: f
22.1455 	DATA 	Keypress: k
22.2080 	DATA 	Keypress: f
22.2089 	DATA 	Keypress: d
22.3265 	DATA 	Keypress: k
22.4167 	DATA 	Keypress: f
22.5281 	DATA 	Keypress: k
22.5831 	DATA 	Keypress: d
22.6039 	DATA 	Keypress: f
22.7081 	DATA 	Keypress: k
22.7980 	DATA 	Keypress: f
22.9170 	DATA 	Keypress: k
22.9587 	DATA 	Keypress: d
23.0691 	DATA 	Keypress: f
23.1183 	DATA 	Keypress: k
23.2079 	DATA 	Keypress: d
23.3199 	DATA 	Keypress: k
23.3615 	DATA 	Keypress: f
23.4581 	DATA 	Keypress: d
23.5282 	DATA 	Keypress: k
23.5969 	DATA 	Keypress: f
23.7076 	DATA 	Keypress: d
23.7503 	DATA 	Keypress: k
23.8466 	DATA 	Keypress: f
23.9377 	DATA 	Keypress: d
23.9784 	DATA 	Keypress: k
24.1387 	DATA 	Keypress: space
24.2304 	DATA 	Keypress: f
24.3473 	DATA 	Keypress: k
24.4368 	DATA 	Keypress: d
24.5480 	DATA 	Keypress: k
24.6178 	DATA 	Keypress: f
24.7293 	DATA 	Keypress: k
24.7912 	DATA 	Keypress: d
24.9090 	DATA 	Keypress: space
24.9713 	DATA 	Keypress: f
25.0973 	DATA 	Keypress: k
25.1867 	DATA 	Keypress: f
25.3124 	DATA 	Keypress: j
25.4088 	DATA 	Keypress: d
25.5756 	DATA 	Keypress: f
25.6874 	DATA 	Keypress: space
25.7976 	DATA 	Keypress: d
26.0416 	DATA 	Keypress: f
26.2637 	DATA 	Keypress: j
26.3116 	DATA 	Keypress: f
26.5198 	DATA 	Keypress: f
26.6236 	DATA 	Keypress: space
26.7279 	DATA 	Keypress: f
26.8597 	DATA 	Keypress: h
26.9501 	DATA 	Keypress: d
27.0623 	DATA 	Keypress: space
27.1664 	DATA 	Keypress: d
27.2558 	DATA 	Keypress: h
27.3391 	DATA 	Keypress: f
27.4293 	DATA 	Keypress: space
27.5475 	DATA 	Keypress: f
27.6173 	DATA 	Keypress: h
27.7432 	DATA 	Keypress: f
27.8112 	DATA 	Keypress: h
27.8816 	DATA 	Keypress: d
27.9708 	DATA 	Keypress: space
28.2139 	DATA 	Keypress: d
28.2361 	DATA 	Keypress: k
28.5058 	DATA 	Keypress: k
28.5958 	DATA 	Keypress: f
28.6864 	DATA 	Keypress: k
28.7831 	DATA 	Keypress: f
28.8527 	DATA 	Keypress: space
28.9984 	DATA 	Keypress: d
29.1312 	DATA 	Keypress: k
29.2281 	DATA 	Keypress: d
29.4300 	DATA 	Keypress: f
29.5618 	DATA 	Keypress: n
29.6312 	DATA 	Keypress: f
29.7900 	DATA 	Keypress: space
29.9221 	DATA 	Keypress: f
30.1589 	DATA 	Keypress: g
30.2275 	DATA 	Keypress: space
30.4366 	DATA 	Keypress: k
30.5815 	DATA 	Keypress: d
30.6577 	DATA 	Keypress: k
30.8043 	DATA 	Keypress: d
30.8451 	DATA 	Keypress: space
30.9706 	DATA 	Keypress: f
31.0607 	DATA 	Keypress: k
31.1925 	DATA 	Keypress: f
31.2829 	DATA 	Keypress: space
31.3869 	DATA 	Keypress: f
31.4916 	DATA 	Keypress: h
31.8102 	DATA 	Keypress: g
31.9075 	DATA 	Keypress: h
31.9916 	DATA 	Keypress: d
32.0882 	DATA 	Keypress: space
32.2061 	DATA 	Keypress: d
32.2965 	DATA 	Keypress: j
32.4146 	DATA 	Keypress: g
32.6513 	DATA 	Keypress: g
32.8795 	DATA 	Keypress: g
33.1156 	DATA 	Keypress: space
33.2338 	DATA 	Keypress: d
33.3520 	DATA 	Keypress: j
33.4353 	DATA 	Keypress: g
33.5738 	DATA 	Keypress: j
33.6500 	DATA 	Keypress: d
33.7830 	DATA 	Keypress: j
33.8099 	DATA 	Keypress: g
33.8721 	DATA 	Keypress: space
33.9417 	DATA 	Keypress: d
34.0045 	DATA 	Keypress: k
34.0533 	DATA 	Keypress: g
34.1716 	DATA 	Keypress: d
34.2613 	DATA 	Keypress: k
34.3593 	DATA 	Keypress: g
34.4418 	DATA 	Keypress: s
34.5532 	DATA 	Keypress: space
34.6026 	DATA 	Keypress: g
34.7415 	DATA 	Keypress: k
34.7680 	DATA 	Keypress: s
34.8382 	DATA 	Keypress: j
34.8867 	DATA 	Keypress: g
34.8884 	DATA 	Keypress: space
35.0185 	DATA 	Keypress: s
35.0397 	DATA 	Keypress: k
35.1573 	DATA 	Keypress: space
35.1798 	DATA 	Keypress: g
35.3305 	DATA 	Keypress: k
35.3322 	DATA 	Keypress: d
35.4000 	DATA 	Keypress: j
35.4485 	DATA 	Keypress: g
35.4902 	DATA 	Keypress: space
35.5879 	DATA 	Keypress: d
35.5896 	DATA 	Keypress: s
35.6291 	DATA 	Keypress: k
35.6780 	DATA 	Keypress: j
35.6992 	DATA 	Keypress: g
35.8441 	DATA 	Keypress: s
35.8651 	DATA 	Keypress: d
35.8858 	DATA 	Keypress: k
35.9344 	DATA 	Keypress: j
35.9622 	DATA 	Keypress: g
36.0250 	DATA 	Keypress: h
36.0943 	DATA 	Keypress: s
36.1230 	DATA 	Keypress: k
36.1249 	DATA 	Keypress: d
36.1715 	DATA 	Keypress: j
36.2194 	DATA 	Keypress: g
36.4424 	DATA 	Keypress: k
36.5253 	DATA 	Keypress: s
36.7330 	DATA 	Keypress: space
36.8657 	DATA 	Keypress: space
37.0316 	DATA 	Keypress: g
37.1707 	DATA 	Keypress: k
37.2616 	DATA 	Keypress: d
37.3510 	DATA 	Keypress: j
37.4690 	DATA 	Keypress: f
37.6917 	DATA 	Keypress: f
37.7822 	DATA 	Keypress: space
37.9072 	DATA 	Keypress: f
37.9965 	DATA 	Keypress: k
38.0457 	DATA 	Keypress: d
38.1987 	DATA 	Keypress: k
38.2675 	DATA 	Keypress: d
38.3727 	DATA 	Keypress: k
38.4697 	DATA 	Keypress: d
38.6005 	DATA 	Keypress: k
38.6909 	DATA 	Keypress: d
38.7823 	DATA 	Keypress: space
38.8726 	DATA 	Keypress: f
39.0111 	DATA 	Keypress: k
39.0808 	DATA 	Keypress: f
39.1910 	DATA 	Keypress: k
39.3517 	DATA 	Keypress: g
39.4341 	DATA 	Keypress: j
39.5172 	DATA 	Keypress: g
39.6904 	DATA 	Keypress: s
39.8850 	DATA 	Keypress: space
40.0174 	DATA 	Keypress: g
40.0386 	DATA 	Keypress: k
40.1769 	DATA 	Keypress: s
40.2464 	DATA 	Keypress: space
40.3089 	DATA 	Keypress: d
40.3787 	DATA 	Keypress: f
40.4198 	DATA 	Keypress: k
40.5517 	DATA 	Keypress: space
40.5797 	DATA 	Keypress: s
40.7123 	DATA 	Keypress: d
40.7598 	DATA 	Keypress: k
40.9204 	DATA 	Keypress: space
40.9615 	DATA 	Keypress: f
41.1141 	DATA 	Keypress: k
41.1843 	DATA 	Keypress: d
41.2532 	DATA 	Keypress: f
41.3641 	DATA 	Keypress: h
41.4346 	DATA 	Keypress: f
41.5725 	DATA 	Keypress: h
41.6354 	DATA 	Keypress: f
41.7527 	DATA 	Keypress: h
41.7951 	DATA 	Keypress: d
41.9063 	DATA 	Keypress: space
42.0035 	DATA 	Keypress: f
42.1286 	DATA 	Keypress: k
42.2394 	DATA 	Keypress: f
42.3302 	DATA 	Keypress: j
42.4407 	DATA 	Keypress: f
42.5104 	DATA 	Keypress: space
43.1426 	DATA 	Keypress: return
44.2879 	DATA 	Keypress: d
44.3983 	DATA 	Keypress: f
44.5513 	DATA 	Keypress: d
44.6134 	DATA 	Keypress: n
44.6627 	DATA 	Keypress: f
44.7731 	DATA 	Keypress: l
44.7922 	DATA 	Keypress: k
44.8430 	DATA 	Keypress: d
45.0093 	DATA 	Keypress: f
45.1558 	DATA 	Keypress: l
45.1768 	DATA 	Keypress: k
45.2733 	DATA 	Keypress: n
45.2939 	DATA 	Keypress: d
45.3166 	DATA 	Keypress: f
45.5161 	DATA 	Keypress: l
45.6070 	DATA 	Keypress: k
45.6093 	DATA 	Keypress: d
45.6766 	DATA 	Keypress: f
45.7877 	DATA 	Keypress: n
45.8847 	DATA 	Keypress: d
45.9050 	DATA 	Keypress: l
45.9743 	DATA 	Keypress: k
46.0448 	DATA 	Keypress: f
46.0853 	DATA 	Keypress: n
46.1834 	DATA 	Keypress: d
46.3431 	DATA 	Keypress: f
46.4536 	DATA 	Keypress: k
46.5646 	DATA 	Keypress: d
46.6765 	DATA 	Keypress: f
46.7668 	DATA 	Keypress: l
46.8360 	DATA 	Keypress: k
46.8384 	DATA 	Keypress: d
46.9536 	DATA 	Keypress: f
46.9743 	DATA 	Keypress: n
47.2665 	DATA 	Keypress: d
47.3769 	DATA 	Keypress: f
47.5722 	DATA 	Keypress: d
47.9390 	DATA 	Keypress: period
48.0710 	DATA 	Keypress: d
48.2174 	DATA 	Keypress: k
48.2874 	DATA 	Keypress: f
48.3074 	DATA 	Keypress: n
48.3775 	DATA 	Keypress: d
48.4184 	DATA 	Keypress: l
48.5373 	DATA 	Keypress: f
48.5989 	DATA 	Keypress: j
48.7176 	DATA 	Keypress: d
48.8286 	DATA 	Keypress: k
48.9390 	DATA 	Keypress: j
49.0032 	DATA 	Keypress: d
49.1613 	DATA 	Keypress: f
49.3487 	DATA 	Keypress: j
49.3977 	DATA 	Keypress: d
49.5785 	DATA 	Keypress: j
49.6686 	DATA 	Keypress: f
49.7798 	DATA 	Keypress: j
49.8484 	DATA 	Keypress: d
50.0153 	DATA 	Keypress: j
50.0855 	DATA 	Keypress: f
50.1494 	DATA 	Keypress: d
50.1759 	DATA 	Keypress: k
50.3351 	DATA 	Keypress: f
50.4736 	DATA 	Keypress: d
50.6469 	DATA 	Keypress: f
50.6746 	DATA 	Keypress: j
50.7857 	DATA 	Keypress: d
50.9039 	DATA 	Keypress: space
51.0089 	DATA 	Keypress: f
51.0982 	DATA 	Keypress: k
51.1262 	DATA 	Keypress: d
51.2382 	DATA 	Keypress: f
51.3621 	DATA 	Keypress: j
51.3840 	DATA 	Keypress: d
51.5225 	DATA 	Keypress: f
51.7099 	DATA 	Keypress: d
51.7796 	DATA 	Keypress: l
51.8484 	DATA 	Keypress: f
51.9799 	DATA 	Keypress: j
52.0078 	DATA 	Keypress: s
52.1822 	DATA 	Keypress: f
52.2306 	DATA 	Keypress: k
52.3485 	DATA 	Keypress: s
52.3699 	DATA 	Keypress: j
52.5082 	DATA 	Keypress: f
52.5713 	DATA 	Keypress: l
52.7018 	DATA 	Keypress: d
52.7229 	DATA 	Keypress: j
52.8199 	DATA 	Keypress: f
53.1190 	DATA 	Keypress: f
53.3342 	DATA 	Keypress: space
53.4032 	DATA 	Keypress: d
53.5709 	DATA 	Keypress: j
53.6888 	DATA 	Keypress: d
53.7805 	DATA 	Keypress: space
53.7849 	DATA 	Keypress: f
53.8901 	DATA 	Keypress: j
53.9386 	DATA 	Keypress: d
54.0284 	DATA 	Keypress: space
54.0779 	DATA 	Keypress: f
54.2089 	DATA 	Keypress: k
54.2117 	DATA 	Keypress: d
54.2574 	DATA 	Keypress: j
54.3760 	DATA 	Keypress: f
54.3973 	DATA 	Keypress: space
54.5361 	DATA 	Keypress: d
54.6262 	DATA 	Keypress: f
54.8057 	DATA 	Keypress: d
54.9241 	DATA 	Keypress: f
54.9453 	DATA 	Keypress: j
55.0632 	DATA 	Keypress: d
55.1322 	DATA 	Keypress: j
55.2027 	DATA 	Keypress: f
55.2711 	DATA 	Keypress: space
55.3822 	DATA 	Keypress: d
55.4725 	DATA 	Keypress: j
55.5010 	DATA 	Keypress: f
55.6538 	DATA 	Keypress: d
55.7431 	DATA 	Keypress: j
55.7925 	DATA 	Keypress: f
55.8681 	DATA 	Keypress: space
55.9796 	DATA 	Keypress: d
56.0904 	DATA 	Keypress: j
56.1330 	DATA 	Keypress: f
56.2293 	DATA 	Keypress: space
56.2712 	DATA 	Keypress: d
56.3824 	DATA 	Keypress: f
56.5912 	DATA 	Keypress: j
56.7430 	DATA 	Keypress: space
56.7463 	DATA 	Keypress: d
56.9105 	DATA 	Keypress: f
57.0079 	DATA 	Keypress: space
57.0278 	DATA 	Keypress: d
57.1597 	DATA 	Keypress: j
57.1813 	DATA 	Keypress: f
57.2570 	DATA 	Keypress: space
57.3193 	DATA 	Keypress: d
57.4582 	DATA 	Keypress: f
57.5694 	DATA 	Keypress: j
57.5901 	DATA 	Keypress: d
57.7095 	DATA 	Keypress: space
57.7297 	DATA 	Keypress: f
57.8888 	DATA 	Keypress: d
57.9162 	DATA 	Keypress: j
58.0276 	DATA 	Keypress: space
58.0498 	DATA 	Keypress: f
58.1882 	DATA 	Keypress: d
58.2782 	DATA 	Keypress: j
58.3265 	DATA 	Keypress: f
58.4166 	DATA 	Keypress: space
58.5078 	DATA 	Keypress: d
58.7078 	DATA 	Keypress: f
58.7702 	DATA 	Keypress: j
58.8674 	DATA 	Keypress: d
58.9101 	DATA 	Keypress: space
59.0483 	DATA 	Keypress: f
59.1673 	DATA 	Keypress: j
59.1879 	DATA 	Keypress: d
59.3269 	DATA 	Keypress: space
59.3478 	DATA 	Keypress: f
59.4858 	DATA 	Keypress: d
59.5489 	DATA 	Keypress: j
59.6668 	DATA 	Keypress: f
59.8267 	DATA 	Keypress: d
59.9856 	DATA 	Keypress: j
60.0067 	DATA 	Keypress: f
60.1393 	DATA 	Keypress: space
60.2295 	DATA 	Keypress: d
60.3888 	DATA 	Keypress: f
60.4516 	DATA 	Keypress: j
60.5635 	DATA 	Keypress: d
60.5905 	DATA 	Keypress: space
60.7004 	DATA 	Keypress: f
60.8472 	DATA 	Keypress: j
60.8880 	DATA 	Keypress: d
61.0061 	DATA 	Keypress: space
61.0965 	DATA 	Keypress: f
61.2144 	DATA 	Keypress: j
61.2361 	DATA 	Keypress: d
61.3950 	DATA 	Keypress: f
61.5557 	DATA 	Keypress: k
61.5763 	DATA 	Keypress: d
61.6240 	DATA 	Keypress: j
61.7630 	DATA 	Keypress: f
61.9573 	DATA 	Keypress: d
62.0694 	DATA 	Keypress: j
62.2560 	DATA 	Keypress: space
62.2772 	DATA 	Keypress: f
62.3956 	DATA 	Keypress: d
62.3990 	DATA 	Keypress: j
62.5336 	DATA 	Keypress: f
62.5615 	DATA 	Keypress: space
62.6942 	DATA 	Keypress: d
62.6980 	DATA 	Keypress: j
62.8252 	DATA 	Keypress: f
62.9858 	DATA 	Keypress: d
63.0761 	DATA 	Keypress: j
63.1447 	DATA 	Keypress: f
63.2836 	DATA 	Keypress: d
63.6313 	DATA 	Keypress: return
63.7712 	DATA 	Keypress: f
63.9499 	DATA 	Keypress: d
64.0619 	DATA 	Keypress: k
64.0820 	DATA 	Keypress: f
64.2211 	DATA 	Keypress: d
64.3112 	DATA 	Keypress: l
64.3319 	DATA 	Keypress: k
64.3604 	DATA 	Keypress: f
64.4501 	DATA 	Keypress: j
64.5198 	DATA 	Keypress: d
65.3049 	DATA 	Keypress: space
66.5200 	DATA 	Keypress: space
68.0396 	DATA 	Keypress: escape
70.2946 	EXP 	window1: mouseVisible = True
