4.4426 	WARNING 	User requested fullscreen with size [1024  768], but screen is actually [1920, 1080]. Using actual size
8.7008 	EXP 	Created window1 = Window(allowGUI=False, allowStencil=False, autoLog=True, backendConf=UNKNOWN, bitsMode=UNKNOWN, blendMode='avg', bpc=(8, 8, 8), color=array([0, 0, 0]), colorSpace='rgb', depthBits=8, fullscr=<method-wrapper '__getattribute__' of attributeSetter object at 0x0000018232A36A58>, gamma=None, gammaErrorPolicy='raise', lms=UNKNOWN, monitor=<psychopy.monitors.calibTools.Monitor object at 0x0000018232AA5E80>, multiSample=False, name='window1', numSamples=2, pos=[0.0, 0.0], screen=0, size=array([1920, 1080]), stencilBits=0, stereo=False, units='height', useFBO=True, useRetina=False, viewOri=0.0, viewPos=None, viewScale=None, waitBlanking=True, winType='pyglet')
8.7010 	EXP 	window1: mouseVisible = True
8.7010 	EXP 	window1: recordFrameIntervals = False
8.7699 	EXP 	window1: recordFrameIntervals = True
8.8465 	EXP 	window1: recordFrameIntervals = False
9.1261 	EXP 	UDP Sent: marker_value=0, marker_string=experiment_start
9.3597 	EXP 	Created instructions_text = TextStim(__class__=<class 'psychopy.visual.text.TextStim'>, alignHoriz=method-wrapper(...), alignText='center', alignVert=method-wrapper(...), anchorHoriz='center', anchorVert='center', antialias=True, autoLog=True, bold=False, color=array([1., 1., 1.]), colorSpace='rgb', contrast=1.0, depth=0.0, flipHoriz=False, flipVert=False, font='Open Sans', fontFiles=[], height=0.05, italic=False, languageStyle='LTR', name='instructions_text', opacity=1, ori=0.0, pos=array([0., 0.]), rgb=UNKNOWN, text=str(...), units='height', win=Window(...), wrapWidth=1)
9.3806 	EXP 	Created experiment_SAT_text = TextStim(__class__=<class 'psychopy.visual.text.TextStim'>, alignHoriz=method-wrapper(...), alignText='center', alignVert=method-wrapper(...), anchorHoriz='center', anchorVert='center', antialias=True, autoLog=True, bold=False, color=array([1., 1., 1.]), colorSpace='rgb', contrast=1.0, depth=0.0, flipHoriz=False, flipVert=False, font='Open Sans', fontFiles=[], height=0.1, italic=False, languageStyle='LTR', name='experiment_SAT_text', opacity=1.0, ori=0.0, pos=array([0., 0.]), rgb=UNKNOWN, text=str(...), units='height', win=Window(...), wrapWidth=1)
9.3880 	EXP 	Created experiment_vSAT_text = TextStim(__class__=<class 'psychopy.visual.text.TextStim'>, alignHoriz=method-wrapper(...), alignText='center', alignVert=method-wrapper(...), anchorHoriz='center', anchorVert='center', antialias=True, autoLog=True, bold=False, color=array([1., 1., 1.]), colorSpace='rgb', contrast=1.0, depth=-1.0, flipHoriz=False, flipVert=False, font='Open Sans', fontFiles=[], height=0.1, italic=False, languageStyle='LTR', name='experiment_vSAT_text', opacity=1.0, ori=0.0, pos=array([0., 0.]), rgb=UNKNOWN, text=str(...), units='height', win=Window(...), wrapWidth=1)
9.3894 	EXP 	Created inter_stim_text = TextStim(__class__=<class 'psychopy.visual.text.TextStim'>, alignHoriz=method-wrapper(...), alignText='center', alignVert=method-wrapper(...), anchorHoriz='center', anchorVert='center', antialias=True, autoLog=True, bold=False, color=array([1., 1., 1.]), colorSpace='rgb', contrast=1.0, depth=0.0, flipHoriz=False, flipVert=False, font='Open Sans', fontFiles=[], height=0.1, italic=False, languageStyle='LTR', name='inter_stim_text', opacity=1, ori=0.0, pos=array([0., 0.]), rgb=UNKNOWN, text='', units='height', win=Window(...), wrapWidth=1)
9.3919 	EXP 	Created vSAT_square = Rect(__class__=<class 'psychopy.visual.rect.Rect'>, autoDraw=False, autoLog=True, closeShape=True, color=method-wrapper(...), colorSpace='rgb', contrast=None, depth=0.0, fillColor=array([1, 1, 1]), fillColorSpace='rgb', fillRGB=array([1, 1, 1]), interpolate=True, lineColor=array([1., 1., 1.]), lineColorSpace='rgb', lineRGB=array([1, 1, 1]), lineWidth=1.0, name='vSAT_square', opacity=1.0, ori=0.0, pos=array([0., 0.]), size=array([0.25, 0.25]), units='height', vertices=ndarray(...), win=Window(...))
9.3932 	EXP 	Created delay_text = TextStim(__class__=<class 'psychopy.visual.text.TextStim'>, alignHoriz=method-wrapper(...), alignText='center', alignVert=method-wrapper(...), anchorHoriz='center', anchorVert='center', antialias=True, autoLog=True, bold=False, color=array([1., 1., 1.]), colorSpace='rgb', contrast=1.0, depth=0.0, flipHoriz=False, flipVert=False, font='Open Sans', fontFiles=[], height=0.1, italic=False, languageStyle='LTR', name='delay_text', opacity=1, ori=0.0, pos=array([0., 0.]), rgb=UNKNOWN, text='', units='height', win=Window(...), wrapWidth=1)
9.4769 	EXP 	Sound response_cue_sound set volume 1.000
9.4770 	EXP 	window1: mouseVisible = True
9.4774 	DEPRECATION 	'0.0000, 0.0000, 0.0000' is not a valid rgb color
9.4777 	DEPRECATION 	'0.0000, 0.0000, 0.0000' is not a valid rgb color
9.4791 	EXP 	Created stimuli_background = Rect(__class__=<class 'psychopy.visual.rect.Rect'>, autoDraw=False, autoLog=True, closeShape=True, color=method-wrapper(...), colorSpace='rgb', contrast=None, depth=-1.0, fillColor=array([0, 0, 0]), fillColorSpace='rgb', fillRGB=array([0, 0, 0]), interpolate=True, lineColor=array([0., 0., 0.]), lineColorSpace='rgb', lineRGB=array([0, 0, 0]), lineWidth=1.0, name='stimuli_background', opacity=0, ori=0.0, pos=array([0., 0.]), size=array([2., 2.]), units='height', vertices=ndarray(...), win=Window(...))
9.4799 	EXP 	Sound feedback_sound set volume 1.000
9.5112 	EXP 	instructions_text: autoDraw = True
10.4263 	EXP 	Imported vSAT_task_order-16444492898941681.csv as conditions, 4 conditions, 1 params
10.4266 	EXP 	Created sequence: sequential, trialTypes=4, nReps=1, seed=None
10.4268 	EXP 	New trial (rep=0, index=0): OrderedDict([('task_order', 'vSAT1')])
10.4449 	DATA 	Keypress: space
10.4466 	EXP 	instructions_text: autoDraw = False
10.4466 	EXP 	experiment_SAT_text: autoDraw = True
10.4466 	EXP 	experiment_vSAT_text: autoDraw = True
10.9161 	DATA 	Keypress: space
10.9359 	EXP 	Imported vSAT_conditions\vSAT_stims-16444508695370612.csv as conditions, 30 conditions, 5 params
10.9362 	EXP 	Created sequence: sequential, trialTypes=30, nReps=1, seed=None
10.9365 	EXP 	New trial (rep=0, index=0): OrderedDict([('stim_time', 0.017), ('inter_stim_time', 2), ('x_pos', -0.25), ('y_pos', 0.25), ('stim_event', 0)])
10.9405 	EXP 	experiment_SAT_text: autoDraw = False
10.9405 	EXP 	experiment_vSAT_text: autoDraw = False
10.9405 	EXP 	inter_stim_text: autoDraw = True
12.9376 	EXP 	UDP Sent: marker_value=8, marker_string=stimuli_start
12.9427 	EXP 	inter_stim_text: autoDraw = False
12.9427 	EXP 	inter_stim_text: autoDraw = False
12.9427 	EXP 	vSAT_square: pos = array([-0.25,  0.25])
12.9427 	EXP 	vSAT_square: autoDraw = True
12.9634 	EXP 	vSAT_square: autoDraw = False
12.9634 	EXP 	vSAT_square: autoDraw = False
12.9634 	EXP 	delay_text: autoDraw = True
13.0676 	EXP 	Sound response_cue_sound started
13.0676 	EXP 	delay_text: autoDraw = False
13.5080 	EXP 	Sound response_cue_sound reached end of file
13.5120 	EXP 	stimuli_background: autoDraw = True
14.9979 	EXP 	Sound feedback_sound started
14.9977 	EXP 	stimuli_background: autoDraw = False
15.5081 	EXP 	Sound feedback_sound reached end of file
15.5104 	EXP 	New trial (rep=0, index=1): OrderedDict([('stim_time', 0.017), ('inter_stim_time', 3), ('x_pos', -0.25), ('y_pos', 0.25), ('stim_event', 0)])
15.5142 	EXP 	inter_stim_text: autoDraw = True
18.5138 	EXP 	UDP Sent: marker_value=8, marker_string=stimuli_start
18.5180 	EXP 	inter_stim_text: autoDraw = False
18.5180 	EXP 	inter_stim_text: autoDraw = False
18.5180 	EXP 	vSAT_square: pos = array([-0.25,  0.25])
18.5180 	EXP 	vSAT_square: autoDraw = True
18.5388 	EXP 	vSAT_square: autoDraw = False
18.5388 	EXP 	vSAT_square: autoDraw = False
18.5388 	EXP 	delay_text: autoDraw = True
18.6428 	EXP 	Sound response_cue_sound started
18.6429 	EXP 	delay_text: autoDraw = False
19.0784 	EXP 	Sound response_cue_sound reached end of file
19.0832 	EXP 	stimuli_background: autoDraw = True
20.5731 	EXP 	Sound feedback_sound started
20.5731 	EXP 	stimuli_background: autoDraw = False
21.0782 	EXP 	Sound feedback_sound stopped
21.0805 	EXP 	New trial (rep=0, index=2): OrderedDict([('stim_time', 0.05), ('inter_stim_time', 2), ('x_pos', 0.25), ('y_pos', 0.25), ('stim_event', 0)])
21.0843 	EXP 	inter_stim_text: autoDraw = True
23.0824 	EXP 	UDP Sent: marker_value=8, marker_string=stimuli_start
23.0866 	EXP 	inter_stim_text: autoDraw = False
23.0866 	EXP 	inter_stim_text: autoDraw = False
23.0866 	EXP 	vSAT_square: pos = array([0.25, 0.25])
23.0866 	EXP 	vSAT_square: autoDraw = True
23.1420 	EXP 	vSAT_square: autoDraw = False
23.1420 	EXP 	vSAT_square: autoDraw = False
23.1420 	EXP 	delay_text: autoDraw = True
23.2462 	EXP 	Sound response_cue_sound started
23.2461 	EXP 	delay_text: autoDraw = False
23.6884 	EXP 	Sound response_cue_sound reached end of file
23.6918 	EXP 	stimuli_background: autoDraw = True
25.1763 	EXP 	Sound feedback_sound started
25.1763 	EXP 	stimuli_background: autoDraw = False
25.6883 	EXP 	Sound feedback_sound reached end of file
25.6902 	EXP 	New trial (rep=0, index=3): OrderedDict([('stim_time', 0.028999999999999998), ('inter_stim_time', 3), ('x_pos', -0.25), ('y_pos', -0.25), ('stim_event', 1)])
25.6941 	EXP 	inter_stim_text: autoDraw = True
28.6914 	EXP 	UDP Sent: marker_value=8, marker_string=stimuli_start
28.6966 	EXP 	inter_stim_text: autoDraw = False
28.6966 	EXP 	inter_stim_text: autoDraw = False
28.6966 	EXP 	vSAT_square: pos = array([-0.25, -0.25])
28.6966 	EXP 	vSAT_square: autoDraw = True
28.7312 	EXP 	vSAT_square: autoDraw = False
28.7312 	EXP 	vSAT_square: autoDraw = False
28.7312 	EXP 	delay_text: autoDraw = True
28.8355 	EXP 	Sound response_cue_sound started
28.8354 	EXP 	delay_text: autoDraw = False
29.2784 	EXP 	Sound response_cue_sound reached end of file
29.2823 	EXP 	stimuli_background: autoDraw = True
30.7655 	EXP 	Sound feedback_sound started
30.7655 	EXP 	stimuli_background: autoDraw = False
31.2779 	EXP 	Sound feedback_sound reached end of file
31.2803 	EXP 	New trial (rep=0, index=4): OrderedDict([('stim_time', 0.017), ('inter_stim_time', 2), ('x_pos', -0.25), ('y_pos', -0.25), ('stim_event', 1)])
31.2841 	EXP 	inter_stim_text: autoDraw = True
33.2816 	EXP 	UDP Sent: marker_value=8, marker_string=stimuli_start
33.2859 	EXP 	inter_stim_text: autoDraw = False
33.2859 	EXP 	inter_stim_text: autoDraw = False
33.2859 	EXP 	vSAT_square: pos = array([-0.25, -0.25])
33.2859 	EXP 	vSAT_square: autoDraw = True
33.3067 	EXP 	vSAT_square: autoDraw = False
33.3067 	EXP 	vSAT_square: autoDraw = False
33.3067 	EXP 	delay_text: autoDraw = True
33.4109 	EXP 	Sound response_cue_sound started
33.4108 	EXP 	delay_text: autoDraw = False
33.8482 	EXP 	Sound response_cue_sound reached end of file
33.8522 	EXP 	stimuli_background: autoDraw = True
35.3409 	EXP 	Sound feedback_sound started
35.3409 	EXP 	stimuli_background: autoDraw = False
35.8483 	EXP 	Sound feedback_sound reached end of file
35.8487 	EXP 	New trial (rep=0, index=5): OrderedDict([('stim_time', 0.017), ('inter_stim_time', 2), ('x_pos', 0.0), ('y_pos', 0.0), ('stim_event', 0)])
35.8522 	EXP 	inter_stim_text: autoDraw = True
37.8501 	EXP 	UDP Sent: marker_value=8, marker_string=stimuli_start
37.8545 	EXP 	inter_stim_text: autoDraw = False
37.8545 	EXP 	inter_stim_text: autoDraw = False
37.8545 	EXP 	vSAT_square: pos = array([0., 0.])
37.8545 	EXP 	vSAT_square: autoDraw = True
37.8752 	EXP 	vSAT_square: autoDraw = False
37.8752 	EXP 	vSAT_square: autoDraw = False
37.8752 	EXP 	delay_text: autoDraw = True
37.9794 	EXP 	Sound response_cue_sound started
37.9795 	EXP 	delay_text: autoDraw = False
38.4182 	EXP 	Sound response_cue_sound reached end of file
38.4220 	EXP 	stimuli_background: autoDraw = True
39.9096 	EXP 	Sound feedback_sound started
39.9094 	EXP 	stimuli_background: autoDraw = False
40.4184 	EXP 	Sound feedback_sound reached end of file
40.4203 	EXP 	New trial (rep=0, index=6): OrderedDict([('stim_time', 0.017), ('inter_stim_time', 2), ('x_pos', -0.25), ('y_pos', -0.25), ('stim_event', 0)])
40.4240 	EXP 	inter_stim_text: autoDraw = True
42.4256 	EXP 	UDP Sent: marker_value=8, marker_string=stimuli_start
42.4300 	EXP 	inter_stim_text: autoDraw = False
42.4300 	EXP 	inter_stim_text: autoDraw = False
42.4300 	EXP 	vSAT_square: pos = array([-0.25, -0.25])
42.4300 	EXP 	vSAT_square: autoDraw = True
42.4507 	EXP 	vSAT_square: autoDraw = False
42.4507 	EXP 	vSAT_square: autoDraw = False
42.4507 	EXP 	delay_text: autoDraw = True
42.5549 	EXP 	Sound response_cue_sound started
42.5548 	EXP 	delay_text: autoDraw = False
42.9981 	EXP 	Sound response_cue_sound reached end of file
43.0020 	EXP 	stimuli_background: autoDraw = True
44.4851 	EXP 	Sound feedback_sound started
44.4851 	EXP 	stimuli_background: autoDraw = False
44.9978 	EXP 	Sound feedback_sound reached end of file
45.0000 	EXP 	New trial (rep=0, index=7): OrderedDict([('stim_time', 0.028999999999999998), ('inter_stim_time', 2), ('x_pos', 0.25), ('y_pos', -0.25), ('stim_event', 1)])
45.0038 	EXP 	inter_stim_text: autoDraw = True
47.0010 	EXP 	UDP Sent: marker_value=8, marker_string=stimuli_start
47.0055 	EXP 	inter_stim_text: autoDraw = False
47.0055 	EXP 	inter_stim_text: autoDraw = False
47.0055 	EXP 	vSAT_square: pos = array([ 0.25, -0.25])
47.0055 	EXP 	vSAT_square: autoDraw = True
47.0401 	EXP 	vSAT_square: autoDraw = False
47.0401 	EXP 	vSAT_square: autoDraw = False
47.0401 	EXP 	delay_text: autoDraw = True
47.1443 	EXP 	Sound response_cue_sound started
47.1444 	EXP 	delay_text: autoDraw = False
47.5878 	EXP 	Sound response_cue_sound reached end of file
47.5909 	EXP 	stimuli_background: autoDraw = True
49.0744 	EXP 	Sound feedback_sound started
49.0745 	EXP 	stimuli_background: autoDraw = False
49.5878 	EXP 	Sound feedback_sound reached end of file
49.5902 	EXP 	New trial (rep=0, index=8): OrderedDict([('stim_time', 0.028999999999999998), ('inter_stim_time', 2), ('x_pos', -0.25), ('y_pos', -0.25), ('stim_event', 0)])
49.5939 	EXP 	inter_stim_text: autoDraw = True
51.5897 	EXP 	UDP Sent: marker_value=8, marker_string=stimuli_start
51.5948 	EXP 	inter_stim_text: autoDraw = False
51.5948 	EXP 	inter_stim_text: autoDraw = False
51.5948 	EXP 	vSAT_square: pos = array([-0.25, -0.25])
51.5948 	EXP 	vSAT_square: autoDraw = True
51.6295 	EXP 	vSAT_square: autoDraw = False
51.6295 	EXP 	vSAT_square: autoDraw = False
51.6295 	EXP 	delay_text: autoDraw = True
51.7337 	EXP 	Sound response_cue_sound started
51.7337 	EXP 	delay_text: autoDraw = False
52.1683 	EXP 	Sound response_cue_sound reached end of file
52.1739 	EXP 	stimuli_background: autoDraw = True
53.6638 	EXP 	Sound feedback_sound started
53.6638 	EXP 	stimuli_background: autoDraw = False
54.1681 	EXP 	Sound feedback_sound stopped
54.1703 	EXP 	New trial (rep=0, index=9): OrderedDict([('stim_time', 0.028999999999999998), ('inter_stim_time', 1), ('x_pos', -0.25), ('y_pos', -0.25), ('stim_event', 1)])
54.1742 	EXP 	inter_stim_text: autoDraw = True
55.1723 	EXP 	UDP Sent: marker_value=8, marker_string=stimuli_start
55.1775 	EXP 	inter_stim_text: autoDraw = False
55.1775 	EXP 	inter_stim_text: autoDraw = False
55.1775 	EXP 	vSAT_square: pos = array([-0.25, -0.25])
55.1775 	EXP 	vSAT_square: autoDraw = True
55.2121 	EXP 	vSAT_square: autoDraw = False
55.2121 	EXP 	vSAT_square: autoDraw = False
55.2121 	EXP 	delay_text: autoDraw = True
55.3163 	EXP 	Sound response_cue_sound started
55.3163 	EXP 	delay_text: autoDraw = False
55.7586 	EXP 	Sound response_cue_sound reached end of file
55.7626 	EXP 	stimuli_background: autoDraw = True
57.2465 	EXP 	Sound feedback_sound started
57.2466 	EXP 	stimuli_background: autoDraw = False
57.7585 	EXP 	Sound feedback_sound reached end of file
57.7600 	EXP 	New trial (rep=0, index=10): OrderedDict([('stim_time', 0.028999999999999998), ('inter_stim_time', 1), ('x_pos', -0.25), ('y_pos', 0.25), ('stim_event', 0)])
57.7639 	EXP 	inter_stim_text: autoDraw = True
58.7623 	EXP 	UDP Sent: marker_value=8, marker_string=stimuli_start
58.7671 	EXP 	inter_stim_text: autoDraw = False
58.7671 	EXP 	inter_stim_text: autoDraw = False
58.7671 	EXP 	vSAT_square: pos = array([-0.25,  0.25])
58.7671 	EXP 	vSAT_square: autoDraw = True
58.8017 	EXP 	vSAT_square: autoDraw = False
58.8017 	EXP 	vSAT_square: autoDraw = False
58.8017 	EXP 	delay_text: autoDraw = True
58.9058 	EXP 	Sound response_cue_sound started
58.9058 	EXP 	delay_text: autoDraw = False
59.3479 	EXP 	Sound response_cue_sound reached end of file
59.3510 	EXP 	stimuli_background: autoDraw = True
60.8361 	EXP 	Sound feedback_sound started
60.8361 	EXP 	stimuli_background: autoDraw = False
61.3480 	EXP 	Sound feedback_sound reached end of file
61.3499 	EXP 	New trial (rep=0, index=11): OrderedDict([('stim_time', 0.028999999999999998), ('inter_stim_time', 3), ('x_pos', 0.25), ('y_pos', 0.25), ('stim_event', 0)])
61.3538 	EXP 	inter_stim_text: autoDraw = True
64.3521 	EXP 	UDP Sent: marker_value=8, marker_string=stimuli_start
64.3562 	EXP 	inter_stim_text: autoDraw = False
64.3562 	EXP 	inter_stim_text: autoDraw = False
64.3562 	EXP 	vSAT_square: pos = array([0.25, 0.25])
64.3562 	EXP 	vSAT_square: autoDraw = True
64.3841 	EXP 	vSAT_square: autoDraw = False
64.3841 	EXP 	vSAT_square: autoDraw = False
64.3841 	EXP 	delay_text: autoDraw = True
64.4880 	EXP 	Sound response_cue_sound started
64.4880 	EXP 	delay_text: autoDraw = False
64.9283 	EXP 	Sound response_cue_sound reached end of file
64.9321 	EXP 	stimuli_background: autoDraw = True
66.4183 	EXP 	Sound feedback_sound started
66.4183 	EXP 	stimuli_background: autoDraw = False
66.9283 	EXP 	Sound feedback_sound reached end of file
66.9302 	EXP 	New trial (rep=0, index=12): OrderedDict([('stim_time', 0.017), ('inter_stim_time', 2), ('x_pos', 0.25), ('y_pos', -0.25), ('stim_event', 1)])
66.9340 	EXP 	inter_stim_text: autoDraw = True
68.9335 	EXP 	UDP Sent: marker_value=8, marker_string=stimuli_start
68.9387 	EXP 	inter_stim_text: autoDraw = False
68.9387 	EXP 	inter_stim_text: autoDraw = False
68.9387 	EXP 	vSAT_square: pos = array([ 0.25, -0.25])
68.9387 	EXP 	vSAT_square: autoDraw = True
68.9595 	EXP 	vSAT_square: autoDraw = False
68.9595 	EXP 	vSAT_square: autoDraw = False
68.9595 	EXP 	delay_text: autoDraw = True
69.0636 	EXP 	Sound response_cue_sound started
69.0635 	EXP 	delay_text: autoDraw = False
69.4982 	EXP 	Sound response_cue_sound reached end of file
69.5030 	EXP 	stimuli_background: autoDraw = True
70.9937 	EXP 	Sound feedback_sound started
70.9936 	EXP 	stimuli_background: autoDraw = False
71.4981 	EXP 	Sound feedback_sound stopped
71.5002 	EXP 	New trial (rep=0, index=13): OrderedDict([('stim_time', 0.017), ('inter_stim_time', 1), ('x_pos', 0.0), ('y_pos', 0.0), ('stim_event', 1)])
71.5041 	EXP 	inter_stim_text: autoDraw = True
72.5032 	EXP 	UDP Sent: marker_value=8, marker_string=stimuli_start
72.5073 	EXP 	inter_stim_text: autoDraw = False
72.5073 	EXP 	inter_stim_text: autoDraw = False
72.5073 	EXP 	vSAT_square: pos = array([0., 0.])
72.5073 	EXP 	vSAT_square: autoDraw = True
72.5282 	EXP 	vSAT_square: autoDraw = False
72.5282 	EXP 	vSAT_square: autoDraw = False
72.5282 	EXP 	delay_text: autoDraw = True
72.6324 	EXP 	Sound response_cue_sound started
72.6323 	EXP 	delay_text: autoDraw = False
73.0679 	EXP 	Sound response_cue_sound reached end of file
73.0735 	EXP 	stimuli_background: autoDraw = True
74.5625 	EXP 	Sound feedback_sound started
74.5626 	EXP 	stimuli_background: autoDraw = False
75.0684 	EXP 	Sound feedback_sound stopped
75.0700 	EXP 	New trial (rep=0, index=14): OrderedDict([('stim_time', 0.017), ('inter_stim_time', 2), ('x_pos', -0.25), ('y_pos', -0.25), ('stim_event', 1)])
75.0737 	EXP 	inter_stim_text: autoDraw = True
77.0716 	EXP 	UDP Sent: marker_value=8, marker_string=stimuli_start
77.0760 	EXP 	inter_stim_text: autoDraw = False
77.0760 	EXP 	inter_stim_text: autoDraw = False
77.0760 	EXP 	vSAT_square: pos = array([-0.25, -0.25])
77.0760 	EXP 	vSAT_square: autoDraw = True
77.0967 	EXP 	vSAT_square: autoDraw = False
77.0967 	EXP 	vSAT_square: autoDraw = False
77.0967 	EXP 	delay_text: autoDraw = True
77.2009 	EXP 	Sound response_cue_sound started
77.2009 	EXP 	delay_text: autoDraw = False
77.6383 	EXP 	Sound response_cue_sound reached end of file
77.6422 	EXP 	stimuli_background: autoDraw = True
79.1310 	EXP 	Sound feedback_sound started
79.1311 	EXP 	stimuli_background: autoDraw = False
79.6382 	EXP 	Sound feedback_sound reached end of file
79.6385 	EXP 	New trial (rep=0, index=15): OrderedDict([('stim_time', 0.05), ('inter_stim_time', 1), ('x_pos', 0.25), ('y_pos', -0.25), ('stim_event', 0)])
79.6422 	EXP 	inter_stim_text: autoDraw = True
80.6402 	EXP 	UDP Sent: marker_value=8, marker_string=stimuli_start
80.6448 	EXP 	inter_stim_text: autoDraw = False
80.6448 	EXP 	inter_stim_text: autoDraw = False
80.6448 	EXP 	vSAT_square: pos = array([ 0.25, -0.25])
80.6448 	EXP 	vSAT_square: autoDraw = True
80.7002 	EXP 	vSAT_square: autoDraw = False
80.7002 	EXP 	vSAT_square: autoDraw = False
80.7002 	EXP 	delay_text: autoDraw = True
80.8044 	EXP 	Sound response_cue_sound started
80.8044 	EXP 	delay_text: autoDraw = False
81.2384 	EXP 	Sound response_cue_sound reached end of file
81.2441 	EXP 	stimuli_background: autoDraw = True
82.7345 	EXP 	Sound feedback_sound started
82.7345 	EXP 	stimuli_background: autoDraw = False
83.2382 	EXP 	Sound feedback_sound stopped
83.2399 	EXP 	New trial (rep=0, index=16): OrderedDict([('stim_time', 0.017), ('inter_stim_time', 1), ('x_pos', 0.0), ('y_pos', 0.0), ('stim_event', 0)])
83.2439 	EXP 	inter_stim_text: autoDraw = True
84.2434 	EXP 	UDP Sent: marker_value=8, marker_string=stimuli_start
84.2482 	EXP 	inter_stim_text: autoDraw = False
84.2482 	EXP 	inter_stim_text: autoDraw = False
84.2482 	EXP 	vSAT_square: pos = array([0., 0.])
84.2482 	EXP 	vSAT_square: autoDraw = True
84.2688 	EXP 	vSAT_square: autoDraw = False
84.2688 	EXP 	vSAT_square: autoDraw = False
84.2688 	EXP 	delay_text: autoDraw = True
84.3731 	EXP 	Sound response_cue_sound started
84.3731 	EXP 	delay_text: autoDraw = False
84.8079 	EXP 	Sound response_cue_sound reached end of file
84.8128 	EXP 	stimuli_background: autoDraw = True
86.3033 	EXP 	Sound feedback_sound started
86.3032 	EXP 	stimuli_background: autoDraw = False
86.8082 	EXP 	Sound feedback_sound stopped
86.8103 	EXP 	New trial (rep=0, index=17): OrderedDict([('stim_time', 0.028999999999999998), ('inter_stim_time', 2), ('x_pos', -0.25), ('y_pos', -0.25), ('stim_event', 0)])
86.8141 	EXP 	inter_stim_text: autoDraw = True
88.8119 	EXP 	UDP Sent: marker_value=8, marker_string=stimuli_start
88.8167 	EXP 	inter_stim_text: autoDraw = False
88.8167 	EXP 	inter_stim_text: autoDraw = False
88.8167 	EXP 	vSAT_square: pos = array([-0.25, -0.25])
88.8167 	EXP 	vSAT_square: autoDraw = True
88.8514 	EXP 	vSAT_square: autoDraw = False
88.8514 	EXP 	vSAT_square: autoDraw = False
88.8514 	EXP 	delay_text: autoDraw = True
88.9556 	EXP 	Sound response_cue_sound started
88.9556 	EXP 	delay_text: autoDraw = False
89.3981 	EXP 	Sound response_cue_sound reached end of file
89.4021 	EXP 	stimuli_background: autoDraw = True
90.8857 	EXP 	Sound feedback_sound started
90.8858 	EXP 	stimuli_background: autoDraw = False
91.3983 	EXP 	Sound feedback_sound reached end of file
91.4007 	EXP 	New trial (rep=0, index=18): OrderedDict([('stim_time', 0.017), ('inter_stim_time', 2), ('x_pos', -0.25), ('y_pos', 0.25), ('stim_event', 1)])
91.4045 	EXP 	inter_stim_text: autoDraw = True
93.4009 	EXP 	UDP Sent: marker_value=8, marker_string=stimuli_start
93.4061 	EXP 	inter_stim_text: autoDraw = False
93.4061 	EXP 	inter_stim_text: autoDraw = False
93.4061 	EXP 	vSAT_square: pos = array([-0.25,  0.25])
93.4061 	EXP 	vSAT_square: autoDraw = True
93.4268 	EXP 	vSAT_square: autoDraw = False
93.4268 	EXP 	vSAT_square: autoDraw = False
93.4268 	EXP 	delay_text: autoDraw = True
93.5310 	EXP 	Sound response_cue_sound started
93.5310 	EXP 	delay_text: autoDraw = False
93.9678 	EXP 	Sound response_cue_sound reached end of file
93.9715 	EXP 	stimuli_background: autoDraw = True
95.4612 	EXP 	Sound feedback_sound started
95.4612 	EXP 	stimuli_background: autoDraw = False
95.9682 	EXP 	Sound feedback_sound reached end of file
95.9686 	EXP 	New trial (rep=0, index=19): OrderedDict([('stim_time', 0.05), ('inter_stim_time', 2), ('x_pos', 0.0), ('y_pos', 0.0), ('stim_event', 0)])
95.9728 	EXP 	inter_stim_text: autoDraw = True
97.9703 	EXP 	UDP Sent: marker_value=8, marker_string=stimuli_start
97.9746 	EXP 	inter_stim_text: autoDraw = False
97.9746 	EXP 	inter_stim_text: autoDraw = False
97.9746 	EXP 	vSAT_square: pos = array([0., 0.])
97.9746 	EXP 	vSAT_square: autoDraw = True
98.0301 	EXP 	vSAT_square: autoDraw = False
98.0301 	EXP 	vSAT_square: autoDraw = False
98.0301 	EXP 	delay_text: autoDraw = True
98.1343 	EXP 	Sound response_cue_sound started
98.1343 	EXP 	delay_text: autoDraw = False
98.5779 	EXP 	Sound response_cue_sound reached end of file
98.5817 	EXP 	stimuli_background: autoDraw = True
100.0645 	EXP 	Sound feedback_sound started
100.0644 	EXP 	stimuli_background: autoDraw = False
100.5678 	EXP 	Sound feedback_sound stopped
100.5701 	EXP 	New trial (rep=0, index=20): OrderedDict([('stim_time', 0.017), ('inter_stim_time', 1), ('x_pos', -0.25), ('y_pos', 0.25), ('stim_event', 1)])
100.5739 	EXP 	inter_stim_text: autoDraw = True
101.5732 	EXP 	UDP Sent: marker_value=8, marker_string=stimuli_start
101.5781 	EXP 	inter_stim_text: autoDraw = False
101.5781 	EXP 	inter_stim_text: autoDraw = False
101.5781 	EXP 	vSAT_square: pos = array([-0.25,  0.25])
101.5781 	EXP 	vSAT_square: autoDraw = True
101.5989 	EXP 	vSAT_square: autoDraw = False
101.5989 	EXP 	vSAT_square: autoDraw = False
101.5989 	EXP 	delay_text: autoDraw = True
101.7031 	EXP 	Sound response_cue_sound started
101.7031 	EXP 	delay_text: autoDraw = False
102.1381 	EXP 	Sound response_cue_sound reached end of file
102.1429 	EXP 	stimuli_background: autoDraw = True
103.6332 	EXP 	Sound feedback_sound started
103.6332 	EXP 	stimuli_background: autoDraw = False
104.1383 	EXP 	Sound feedback_sound stopped
104.1401 	EXP 	New trial (rep=0, index=21): OrderedDict([('stim_time', 0.017), ('inter_stim_time', 2), ('x_pos', 0.25), ('y_pos', -0.25), ('stim_event', 1)])
104.1440 	EXP 	inter_stim_text: autoDraw = True
106.1415 	EXP 	UDP Sent: marker_value=8, marker_string=stimuli_start
106.1467 	EXP 	inter_stim_text: autoDraw = False
106.1467 	EXP 	inter_stim_text: autoDraw = False
106.1467 	EXP 	vSAT_square: pos = array([ 0.25, -0.25])
106.1467 	EXP 	vSAT_square: autoDraw = True
106.1674 	EXP 	vSAT_square: autoDraw = False
106.1674 	EXP 	vSAT_square: autoDraw = False
106.1674 	EXP 	delay_text: autoDraw = True
106.2716 	EXP 	Sound response_cue_sound started
106.2716 	EXP 	delay_text: autoDraw = False
106.7078 	EXP 	Sound response_cue_sound reached end of file
106.7127 	EXP 	stimuli_background: autoDraw = True
108.2016 	EXP 	Sound feedback_sound started
108.2015 	EXP 	stimuli_background: autoDraw = False
108.7082 	EXP 	Sound feedback_sound stopped
108.7102 	EXP 	New trial (rep=0, index=22): OrderedDict([('stim_time', 0.05), ('inter_stim_time', 3), ('x_pos', -0.25), ('y_pos', -0.25), ('stim_event', 0)])
108.7141 	EXP 	inter_stim_text: autoDraw = True
111.7108 	EXP 	UDP Sent: marker_value=8, marker_string=stimuli_start
111.7150 	EXP 	inter_stim_text: autoDraw = False
111.7150 	EXP 	inter_stim_text: autoDraw = False
111.7150 	EXP 	vSAT_square: pos = array([-0.25, -0.25])
111.7150 	EXP 	vSAT_square: autoDraw = True
111.7705 	EXP 	vSAT_square: autoDraw = False
111.7705 	EXP 	vSAT_square: autoDraw = False
111.7705 	EXP 	delay_text: autoDraw = True
111.8746 	EXP 	Sound response_cue_sound started
111.8746 	EXP 	delay_text: autoDraw = False
112.3181 	EXP 	Sound response_cue_sound reached end of file
112.3215 	EXP 	stimuli_background: autoDraw = True
113.8048 	EXP 	Sound feedback_sound started
113.8049 	EXP 	stimuli_background: autoDraw = False
114.3080 	EXP 	Sound feedback_sound stopped
114.3104 	EXP 	New trial (rep=0, index=23): OrderedDict([('stim_time', 0.028999999999999998), ('inter_stim_time', 2), ('x_pos', -0.25), ('y_pos', -0.25), ('stim_event', 0)])
114.3144 	EXP 	inter_stim_text: autoDraw = True
116.3141 	EXP 	UDP Sent: marker_value=8, marker_string=stimuli_start
116.3184 	EXP 	inter_stim_text: autoDraw = False
116.3184 	EXP 	inter_stim_text: autoDraw = False
116.3184 	EXP 	vSAT_square: pos = array([-0.25, -0.25])
116.3184 	EXP 	vSAT_square: autoDraw = True
116.3530 	EXP 	vSAT_square: autoDraw = False
116.3530 	EXP 	vSAT_square: autoDraw = False
116.3530 	EXP 	delay_text: autoDraw = True
116.4571 	EXP 	Sound response_cue_sound started
116.4571 	EXP 	delay_text: autoDraw = False
116.8985 	EXP 	Sound response_cue_sound reached end of file
116.9021 	EXP 	stimuli_background: autoDraw = True
118.3873 	EXP 	Sound feedback_sound started
118.3872 	EXP 	stimuli_background: autoDraw = False
118.8978 	EXP 	Sound feedback_sound reached end of file
118.9003 	EXP 	New trial (rep=0, index=24): OrderedDict([('stim_time', 0.028999999999999998), ('inter_stim_time', 3), ('x_pos', 0.25), ('y_pos', 0.25), ('stim_event', 0)])
118.9040 	EXP 	inter_stim_text: autoDraw = True
121.9031 	EXP 	UDP Sent: marker_value=8, marker_string=stimuli_start
121.9075 	EXP 	inter_stim_text: autoDraw = False
121.9075 	EXP 	inter_stim_text: autoDraw = False
121.9075 	EXP 	vSAT_square: pos = array([0.25, 0.25])
121.9075 	EXP 	vSAT_square: autoDraw = True
121.9421 	EXP 	vSAT_square: autoDraw = False
121.9421 	EXP 	vSAT_square: autoDraw = False
121.9421 	EXP 	delay_text: autoDraw = True
122.0462 	EXP 	Sound response_cue_sound started
122.0464 	EXP 	delay_text: autoDraw = False
122.4880 	EXP 	Sound response_cue_sound reached end of file
122.4918 	EXP 	stimuli_background: autoDraw = True
123.9764 	EXP 	Sound feedback_sound started
123.9765 	EXP 	stimuli_background: autoDraw = False
124.4878 	EXP 	Sound feedback_sound reached end of file
124.4897 	EXP 	New trial (rep=0, index=25): OrderedDict([('stim_time', 0.017), ('inter_stim_time', 2), ('x_pos', -0.25), ('y_pos', -0.25), ('stim_event', 0)])
124.4936 	EXP 	inter_stim_text: autoDraw = True
126.4925 	EXP 	UDP Sent: marker_value=8, marker_string=stimuli_start
126.4968 	EXP 	inter_stim_text: autoDraw = False
126.4968 	EXP 	inter_stim_text: autoDraw = False
126.4968 	EXP 	vSAT_square: pos = array([-0.25, -0.25])
126.4968 	EXP 	vSAT_square: autoDraw = True
126.5176 	EXP 	vSAT_square: autoDraw = False
126.5176 	EXP 	vSAT_square: autoDraw = False
126.5176 	EXP 	delay_text: autoDraw = True
126.6218 	EXP 	Sound response_cue_sound started
126.6218 	EXP 	delay_text: autoDraw = False
127.0578 	EXP 	Sound response_cue_sound reached end of file
127.0631 	EXP 	stimuli_background: autoDraw = True
128.5519 	EXP 	Sound feedback_sound started
128.5520 	EXP 	stimuli_background: autoDraw = False
129.0580 	EXP 	Sound feedback_sound stopped
129.0595 	EXP 	New trial (rep=0, index=26): OrderedDict([('stim_time', 0.017), ('inter_stim_time', 1), ('x_pos', -0.25), ('y_pos', -0.25), ('stim_event', 1)])
129.0632 	EXP 	inter_stim_text: autoDraw = True
130.0613 	EXP 	UDP Sent: marker_value=8, marker_string=stimuli_start
130.0655 	EXP 	inter_stim_text: autoDraw = False
130.0655 	EXP 	inter_stim_text: autoDraw = False
130.0655 	EXP 	vSAT_square: pos = array([-0.25, -0.25])
130.0655 	EXP 	vSAT_square: autoDraw = True
130.0864 	EXP 	vSAT_square: autoDraw = False
130.0864 	EXP 	vSAT_square: autoDraw = False
130.0864 	EXP 	delay_text: autoDraw = True
130.1906 	EXP 	Sound response_cue_sound started
130.1906 	EXP 	delay_text: autoDraw = False
130.6277 	EXP 	Sound response_cue_sound reached end of file
130.6316 	EXP 	stimuli_background: autoDraw = True
132.1207 	EXP 	Sound feedback_sound started
132.1207 	EXP 	stimuli_background: autoDraw = False
132.6281 	EXP 	Sound feedback_sound reached end of file
132.6285 	EXP 	New trial (rep=0, index=27): OrderedDict([('stim_time', 0.017), ('inter_stim_time', 1), ('x_pos', 0.0), ('y_pos', 0.0), ('stim_event', 0)])
132.6319 	EXP 	inter_stim_text: autoDraw = True
133.6291 	EXP 	UDP Sent: marker_value=8, marker_string=stimuli_start
133.6343 	EXP 	inter_stim_text: autoDraw = False
133.6343 	EXP 	inter_stim_text: autoDraw = False
133.6343 	EXP 	vSAT_square: pos = array([0., 0.])
133.6343 	EXP 	vSAT_square: autoDraw = True
133.6551 	EXP 	vSAT_square: autoDraw = False
133.6551 	EXP 	vSAT_square: autoDraw = False
133.6551 	EXP 	delay_text: autoDraw = True
133.7593 	EXP 	Sound response_cue_sound started
133.7592 	EXP 	delay_text: autoDraw = False
134.1980 	EXP 	Sound response_cue_sound reached end of file
134.2010 	EXP 	stimuli_background: autoDraw = True
135.6895 	EXP 	Sound feedback_sound started
135.6894 	EXP 	stimuli_background: autoDraw = False
136.1977 	EXP 	Sound feedback_sound reached end of file
136.1980 	EXP 	New trial (rep=0, index=28): OrderedDict([('stim_time', 0.017), ('inter_stim_time', 1), ('x_pos', -0.25), ('y_pos', 0.25), ('stim_event', 1)])
136.2018 	EXP 	inter_stim_text: autoDraw = True
137.1989 	EXP 	UDP Sent: marker_value=8, marker_string=stimuli_start
137.2031 	EXP 	inter_stim_text: autoDraw = False
137.2031 	EXP 	inter_stim_text: autoDraw = False
137.2031 	EXP 	vSAT_square: pos = array([-0.25,  0.25])
137.2031 	EXP 	vSAT_square: autoDraw = True
137.2238 	EXP 	vSAT_square: autoDraw = False
137.2238 	EXP 	vSAT_square: autoDraw = False
137.2238 	EXP 	delay_text: autoDraw = True
137.3280 	EXP 	Sound response_cue_sound started
137.3280 	EXP 	delay_text: autoDraw = False
137.7684 	EXP 	Sound response_cue_sound reached end of file
137.7722 	EXP 	stimuli_background: autoDraw = True
139.2583 	EXP 	Sound feedback_sound started
139.2583 	EXP 	stimuli_background: autoDraw = False
139.7682 	EXP 	Sound feedback_sound reached end of file
139.7705 	EXP 	New trial (rep=0, index=29): OrderedDict([('stim_time', 0.05), ('inter_stim_time', 1), ('x_pos', 0.25), ('y_pos', -0.25), ('stim_event', 0)])
139.7743 	EXP 	inter_stim_text: autoDraw = True
140.7746 	EXP 	UDP Sent: marker_value=8, marker_string=stimuli_start
140.7790 	EXP 	inter_stim_text: autoDraw = False
140.7790 	EXP 	inter_stim_text: autoDraw = False
140.7790 	EXP 	vSAT_square: pos = array([ 0.25, -0.25])
140.7790 	EXP 	vSAT_square: autoDraw = True
140.8342 	EXP 	vSAT_square: autoDraw = False
140.8342 	EXP 	vSAT_square: autoDraw = False
140.8342 	EXP 	delay_text: autoDraw = True
140.9384 	EXP 	Sound response_cue_sound started
140.9384 	EXP 	delay_text: autoDraw = False
141.3776 	EXP 	Sound response_cue_sound reached end of file
141.3817 	EXP 	stimuli_background: autoDraw = True
142.8686 	EXP 	Sound feedback_sound started
142.8686 	EXP 	stimuli_background: autoDraw = False
143.3782 	EXP 	Sound feedback_sound reached end of file
143.3801 	EXP 	New trial (rep=0, index=1): OrderedDict([('task_order', 'SAT2')])
143.3977 	EXP 	experiment_SAT_text: autoDraw = True
143.3977 	EXP 	experiment_vSAT_text: autoDraw = True
145.7912 	DATA 	Keypress: space
145.8108 	EXP 	Imported SAT_conditions\SAT_stims-16445046303387184.csv as conditions, 30 conditions, 5 params
145.8111 	EXP 	Created sequence: sequential, trialTypes=30, nReps=1, seed=None
145.8113 	EXP 	New trial (rep=0, index=0): OrderedDict([('stim_time', 0.028999999999999998), ('inter_stim_time', 1), ('x_pos', 0), ('y_pos', 0), ('stim_event', 1)])
145.8154 	EXP 	experiment_SAT_text: autoDraw = False
145.8154 	EXP 	experiment_vSAT_text: autoDraw = False
145.8154 	EXP 	inter_stim_text: autoDraw = True
146.8153 	EXP 	UDP Sent: marker_value=8, marker_string=stimuli_start
146.8192 	EXP 	inter_stim_text: autoDraw = False
146.8192 	EXP 	inter_stim_text: autoDraw = False
146.8192 	EXP 	vSAT_square: pos = array([0., 0.])
146.8192 	EXP 	vSAT_square: autoDraw = True
146.8540 	EXP 	vSAT_square: autoDraw = False
146.8540 	EXP 	vSAT_square: autoDraw = False
146.8540 	EXP 	delay_text: autoDraw = True
146.9580 	EXP 	Sound response_cue_sound started
146.9581 	EXP 	delay_text: autoDraw = False
147.3981 	EXP 	Sound response_cue_sound reached end of file
147.4013 	EXP 	stimuli_background: autoDraw = True
148.8884 	EXP 	Sound feedback_sound started
148.8882 	EXP 	stimuli_background: autoDraw = False
149.3975 	EXP 	Sound feedback_sound reached end of file
149.3995 	EXP 	New trial (rep=0, index=1): OrderedDict([('stim_time', 0.05), ('inter_stim_time', 2), ('x_pos', 0), ('y_pos', 0), ('stim_event', 1)])
149.4031 	EXP 	inter_stim_text: autoDraw = True
151.4043 	EXP 	UDP Sent: marker_value=8, marker_string=stimuli_start
151.4086 	EXP 	inter_stim_text: autoDraw = False
151.4086 	EXP 	inter_stim_text: autoDraw = False
151.4086 	EXP 	vSAT_square: pos = array([0., 0.])
151.4086 	EXP 	vSAT_square: autoDraw = True
151.4642 	EXP 	vSAT_square: autoDraw = False
151.4642 	EXP 	vSAT_square: autoDraw = False
151.4642 	EXP 	delay_text: autoDraw = True
151.5683 	EXP 	Sound response_cue_sound started
151.5682 	EXP 	delay_text: autoDraw = False
152.0080 	EXP 	Sound response_cue_sound reached end of file
152.0118 	EXP 	stimuli_background: autoDraw = True
153.4984 	EXP 	Sound feedback_sound started
153.4984 	EXP 	stimuli_background: autoDraw = False
154.0082 	EXP 	Sound feedback_sound reached end of file
154.0103 	EXP 	New trial (rep=0, index=2): OrderedDict([('stim_time', 0.028999999999999998), ('inter_stim_time', 1), ('x_pos', 0), ('y_pos', 0), ('stim_event', 1)])
154.0142 	EXP 	inter_stim_text: autoDraw = True
155.0148 	EXP 	UDP Sent: marker_value=8, marker_string=stimuli_start
155.0191 	EXP 	inter_stim_text: autoDraw = False
155.0191 	EXP 	inter_stim_text: autoDraw = False
155.0191 	EXP 	vSAT_square: pos = array([0., 0.])
155.0191 	EXP 	vSAT_square: autoDraw = True
155.0537 	EXP 	vSAT_square: autoDraw = False
155.0537 	EXP 	vSAT_square: autoDraw = False
155.0537 	EXP 	delay_text: autoDraw = True
155.1579 	EXP 	Sound response_cue_sound started
155.1579 	EXP 	delay_text: autoDraw = False
155.5979 	EXP 	Sound response_cue_sound reached end of file
155.6013 	EXP 	stimuli_background: autoDraw = True
157.0880 	EXP 	Sound feedback_sound started
157.0881 	EXP 	stimuli_background: autoDraw = False
157.5980 	EXP 	Sound feedback_sound reached end of file
157.6005 	EXP 	New trial (rep=0, index=3): OrderedDict([('stim_time', 0.028999999999999998), ('inter_stim_time', 1), ('x_pos', 0), ('y_pos', 0), ('stim_event', 0)])
157.6044 	EXP 	inter_stim_text: autoDraw = True
158.6034 	EXP 	UDP Sent: marker_value=8, marker_string=stimuli_start
158.6087 	EXP 	inter_stim_text: autoDraw = False
158.6087 	EXP 	inter_stim_text: autoDraw = False
158.6087 	EXP 	vSAT_square: pos = array([0., 0.])
158.6087 	EXP 	vSAT_square: autoDraw = True
158.6431 	EXP 	vSAT_square: autoDraw = False
158.6431 	EXP 	vSAT_square: autoDraw = False
158.6431 	EXP 	delay_text: autoDraw = True
158.7474 	EXP 	Sound response_cue_sound started
158.7474 	EXP 	delay_text: autoDraw = False
159.1879 	EXP 	Sound response_cue_sound reached end of file
159.1919 	EXP 	stimuli_background: autoDraw = True
160.6776 	EXP 	Sound feedback_sound started
160.6776 	EXP 	stimuli_background: autoDraw = False
161.1882 	EXP 	Sound feedback_sound reached end of file
161.1905 	EXP 	New trial (rep=0, index=4): OrderedDict([('stim_time', 0.05), ('inter_stim_time', 2), ('x_pos', 0), ('y_pos', 0), ('stim_event', 0)])
161.1943 	EXP 	inter_stim_text: autoDraw = True
163.1928 	EXP 	UDP Sent: marker_value=8, marker_string=stimuli_start
163.1980 	EXP 	inter_stim_text: autoDraw = False
163.1980 	EXP 	inter_stim_text: autoDraw = False
163.1980 	EXP 	vSAT_square: pos = array([0., 0.])
163.1980 	EXP 	vSAT_square: autoDraw = True
163.2535 	EXP 	vSAT_square: autoDraw = False
163.2535 	EXP 	vSAT_square: autoDraw = False
163.2535 	EXP 	delay_text: autoDraw = True
163.3577 	EXP 	Sound response_cue_sound started
163.3576 	EXP 	delay_text: autoDraw = False
163.7981 	EXP 	Sound response_cue_sound reached end of file
163.8020 	EXP 	stimuli_background: autoDraw = True
165.2878 	EXP 	Sound feedback_sound started
165.2878 	EXP 	stimuli_background: autoDraw = False
165.7981 	EXP 	Sound feedback_sound reached end of file
165.8005 	EXP 	New trial (rep=0, index=5): OrderedDict([('stim_time', 0.028999999999999998), ('inter_stim_time', 1), ('x_pos', 0), ('y_pos', 0), ('stim_event', 0)])
165.8042 	EXP 	inter_stim_text: autoDraw = True
166.8040 	EXP 	UDP Sent: marker_value=8, marker_string=stimuli_start
166.8084 	EXP 	inter_stim_text: autoDraw = False
166.8084 	EXP 	inter_stim_text: autoDraw = False
166.8084 	EXP 	vSAT_square: pos = array([0., 0.])
166.8084 	EXP 	vSAT_square: autoDraw = True
166.8431 	EXP 	vSAT_square: autoDraw = False
166.8431 	EXP 	vSAT_square: autoDraw = False
166.8431 	EXP 	delay_text: autoDraw = True
166.9472 	EXP 	Sound response_cue_sound started
166.9472 	EXP 	delay_text: autoDraw = False
167.3875 	EXP 	Sound response_cue_sound reached end of file
167.3906 	EXP 	stimuli_background: autoDraw = True
168.8774 	EXP 	Sound feedback_sound started
168.8774 	EXP 	stimuli_background: autoDraw = False
169.3879 	EXP 	Sound feedback_sound reached end of file
169.3900 	EXP 	New trial (rep=0, index=6): OrderedDict([('stim_time', 0.05), ('inter_stim_time', 2), ('x_pos', 0), ('y_pos', 0), ('stim_event', 1)])
169.3937 	EXP 	inter_stim_text: autoDraw = True
171.3934 	EXP 	UDP Sent: marker_value=8, marker_string=stimuli_start
171.3977 	EXP 	inter_stim_text: autoDraw = False
171.3977 	EXP 	inter_stim_text: autoDraw = False
171.3977 	EXP 	vSAT_square: pos = array([0., 0.])
171.3977 	EXP 	vSAT_square: autoDraw = True
171.4532 	EXP 	vSAT_square: autoDraw = False
171.4532 	EXP 	vSAT_square: autoDraw = False
171.4532 	EXP 	delay_text: autoDraw = True
171.5574 	EXP 	Sound response_cue_sound started
171.5574 	EXP 	delay_text: autoDraw = False
171.9979 	EXP 	Sound response_cue_sound reached end of file
172.0016 	EXP 	stimuli_background: autoDraw = True
173.4876 	EXP 	Sound feedback_sound started
173.4876 	EXP 	stimuli_background: autoDraw = False
173.9981 	EXP 	Sound feedback_sound reached end of file
173.9998 	EXP 	New trial (rep=0, index=7): OrderedDict([('stim_time', 0.017), ('inter_stim_time', 2), ('x_pos', 0), ('y_pos', 0), ('stim_event', 0)])
174.0036 	EXP 	inter_stim_text: autoDraw = True
176.0036 	EXP 	UDP Sent: marker_value=8, marker_string=stimuli_start
176.0080 	EXP 	inter_stim_text: autoDraw = False
176.0080 	EXP 	inter_stim_text: autoDraw = False
176.0080 	EXP 	vSAT_square: pos = array([0., 0.])
176.0080 	EXP 	vSAT_square: autoDraw = True
176.0288 	EXP 	vSAT_square: autoDraw = False
176.0288 	EXP 	vSAT_square: autoDraw = False
176.0288 	EXP 	delay_text: autoDraw = True
176.1328 	EXP 	Sound response_cue_sound started
176.1329 	EXP 	delay_text: autoDraw = False
176.5676 	EXP 	Sound response_cue_sound reached end of file
176.5723 	EXP 	stimuli_background: autoDraw = True
178.0630 	EXP 	Sound feedback_sound started
178.0631 	EXP 	stimuli_background: autoDraw = False
178.5675 	EXP 	Sound feedback_sound stopped
178.5694 	EXP 	New trial (rep=0, index=8): OrderedDict([('stim_time', 0.017), ('inter_stim_time', 1), ('x_pos', 0), ('y_pos', 0), ('stim_event', 1)])
178.5733 	EXP 	inter_stim_text: autoDraw = True
179.5724 	EXP 	UDP Sent: marker_value=8, marker_string=stimuli_start
179.5767 	EXP 	inter_stim_text: autoDraw = False
179.5767 	EXP 	inter_stim_text: autoDraw = False
179.5767 	EXP 	vSAT_square: pos = array([0., 0.])
179.5767 	EXP 	vSAT_square: autoDraw = True
179.5974 	EXP 	vSAT_square: autoDraw = False
179.5974 	EXP 	vSAT_square: autoDraw = False
179.5974 	EXP 	delay_text: autoDraw = True
179.7017 	EXP 	Sound response_cue_sound started
179.7016 	EXP 	delay_text: autoDraw = False
180.1377 	EXP 	Sound response_cue_sound reached end of file
180.1429 	EXP 	stimuli_background: autoDraw = True
181.6319 	EXP 	Sound feedback_sound started
181.6317 	EXP 	stimuli_background: autoDraw = False
182.1374 	EXP 	Sound feedback_sound stopped
182.1395 	EXP 	New trial (rep=0, index=9): OrderedDict([('stim_time', 0.028999999999999998), ('inter_stim_time', 2), ('x_pos', 0), ('y_pos', 0), ('stim_event', 0)])
182.1433 	EXP 	inter_stim_text: autoDraw = True
184.1403 	EXP 	UDP Sent: marker_value=8, marker_string=stimuli_start
184.1452 	EXP 	inter_stim_text: autoDraw = False
184.1452 	EXP 	inter_stim_text: autoDraw = False
184.1452 	EXP 	vSAT_square: pos = array([0., 0.])
184.1452 	EXP 	vSAT_square: autoDraw = True
184.1799 	EXP 	vSAT_square: autoDraw = False
184.1799 	EXP 	vSAT_square: autoDraw = False
184.1799 	EXP 	delay_text: autoDraw = True
184.2841 	EXP 	Sound response_cue_sound started
184.2841 	EXP 	delay_text: autoDraw = False
184.7275 	EXP 	Sound response_cue_sound reached end of file
184.7307 	EXP 	stimuli_background: autoDraw = True
186.2142 	EXP 	Sound feedback_sound started
186.2143 	EXP 	stimuli_background: autoDraw = False
186.7176 	EXP 	Sound feedback_sound stopped
186.7193 	EXP 	New trial (rep=0, index=10): OrderedDict([('stim_time', 0.017), ('inter_stim_time', 1), ('x_pos', 0), ('y_pos', 0), ('stim_event', 0)])
186.7230 	EXP 	inter_stim_text: autoDraw = True
187.7235 	EXP 	UDP Sent: marker_value=8, marker_string=stimuli_start
187.7279 	EXP 	inter_stim_text: autoDraw = False
187.7279 	EXP 	inter_stim_text: autoDraw = False
187.7279 	EXP 	vSAT_square: pos = array([0., 0.])
187.7279 	EXP 	vSAT_square: autoDraw = True
187.7487 	EXP 	vSAT_square: autoDraw = False
187.7487 	EXP 	vSAT_square: autoDraw = False
187.7487 	EXP 	delay_text: autoDraw = True
187.8528 	EXP 	Sound response_cue_sound started
187.8528 	EXP 	delay_text: autoDraw = False
188.2875 	EXP 	Sound response_cue_sound reached end of file
188.2925 	EXP 	stimuli_background: autoDraw = True
189.7830 	EXP 	Sound feedback_sound started
189.7830 	EXP 	stimuli_background: autoDraw = False
190.2875 	EXP 	Sound feedback_sound stopped
190.2892 	EXP 	New trial (rep=0, index=11): OrderedDict([('stim_time', 0.017), ('inter_stim_time', 1), ('x_pos', 0), ('y_pos', 0), ('stim_event', 0)])
190.2930 	EXP 	inter_stim_text: autoDraw = True
191.2923 	EXP 	UDP Sent: marker_value=8, marker_string=stimuli_start
191.2966 	EXP 	inter_stim_text: autoDraw = False
191.2966 	EXP 	inter_stim_text: autoDraw = False
191.2966 	EXP 	vSAT_square: pos = array([0., 0.])
191.2966 	EXP 	vSAT_square: autoDraw = True
191.3174 	EXP 	vSAT_square: autoDraw = False
191.3174 	EXP 	vSAT_square: autoDraw = False
191.3174 	EXP 	delay_text: autoDraw = True
191.4216 	EXP 	Sound response_cue_sound started
191.4216 	EXP 	delay_text: autoDraw = False
191.8578 	EXP 	Sound response_cue_sound reached end of file
191.8633 	EXP 	stimuli_background: autoDraw = True
193.3517 	EXP 	Sound feedback_sound started
193.3518 	EXP 	stimuli_background: autoDraw = False
193.8575 	EXP 	Sound feedback_sound stopped
193.8593 	EXP 	New trial (rep=0, index=12): OrderedDict([('stim_time', 0.028999999999999998), ('inter_stim_time', 1), ('x_pos', 0), ('y_pos', 0), ('stim_event', 0)])
193.8630 	EXP 	inter_stim_text: autoDraw = True
194.8606 	EXP 	UDP Sent: marker_value=8, marker_string=stimuli_start
194.8653 	EXP 	inter_stim_text: autoDraw = False
194.8653 	EXP 	inter_stim_text: autoDraw = False
194.8653 	EXP 	vSAT_square: pos = array([0., 0.])
194.8653 	EXP 	vSAT_square: autoDraw = True
194.9000 	EXP 	vSAT_square: autoDraw = False
194.9000 	EXP 	vSAT_square: autoDraw = False
194.9000 	EXP 	delay_text: autoDraw = True
195.0042 	EXP 	Sound response_cue_sound started
195.0042 	EXP 	delay_text: autoDraw = False
195.4477 	EXP 	Sound response_cue_sound reached end of file
195.4508 	EXP 	stimuli_background: autoDraw = True
196.9343 	EXP 	Sound feedback_sound started
196.9344 	EXP 	stimuli_background: autoDraw = False
197.4379 	EXP 	Sound feedback_sound stopped
197.4399 	EXP 	New trial (rep=0, index=13): OrderedDict([('stim_time', 0.017), ('inter_stim_time', 2), ('x_pos', 0), ('y_pos', 0), ('stim_event', 0)])
197.4437 	EXP 	inter_stim_text: autoDraw = True
199.4435 	EXP 	UDP Sent: marker_value=8, marker_string=stimuli_start
199.4479 	EXP 	inter_stim_text: autoDraw = False
199.4479 	EXP 	inter_stim_text: autoDraw = False
199.4479 	EXP 	vSAT_square: pos = array([0., 0.])
199.4479 	EXP 	vSAT_square: autoDraw = True
199.4686 	EXP 	vSAT_square: autoDraw = False
199.4686 	EXP 	vSAT_square: autoDraw = False
199.4686 	EXP 	delay_text: autoDraw = True
199.5727 	EXP 	Sound response_cue_sound started
199.5727 	EXP 	delay_text: autoDraw = False
200.0079 	EXP 	Sound response_cue_sound reached end of file
200.0127 	EXP 	stimuli_background: autoDraw = True
201.5029 	EXP 	Sound feedback_sound started
201.5030 	EXP 	stimuli_background: autoDraw = False
202.0079 	EXP 	Sound feedback_sound stopped
202.0096 	EXP 	New trial (rep=0, index=14): OrderedDict([('stim_time', 0.028999999999999998), ('inter_stim_time', 1), ('x_pos', 0), ('y_pos', 0), ('stim_event', 1)])
202.0135 	EXP 	inter_stim_text: autoDraw = True
203.0122 	EXP 	UDP Sent: marker_value=8, marker_string=stimuli_start
203.0165 	EXP 	inter_stim_text: autoDraw = False
203.0165 	EXP 	inter_stim_text: autoDraw = False
203.0165 	EXP 	vSAT_square: pos = array([0., 0.])
203.0165 	EXP 	vSAT_square: autoDraw = True
203.0513 	EXP 	vSAT_square: autoDraw = False
203.0513 	EXP 	vSAT_square: autoDraw = False
203.0513 	EXP 	delay_text: autoDraw = True
203.1554 	EXP 	Sound response_cue_sound started
203.1554 	EXP 	delay_text: autoDraw = False
203.5975 	EXP 	Sound response_cue_sound reached end of file
203.6006 	EXP 	stimuli_background: autoDraw = True
205.0856 	EXP 	Sound feedback_sound started
205.0856 	EXP 	stimuli_background: autoDraw = False
205.5975 	EXP 	Sound feedback_sound reached end of file
205.6001 	EXP 	New trial (rep=0, index=15): OrderedDict([('stim_time', 0.05), ('inter_stim_time', 3), ('x_pos', 0), ('y_pos', 0), ('stim_event', 1)])
205.6038 	EXP 	inter_stim_text: autoDraw = True
208.6009 	EXP 	UDP Sent: marker_value=8, marker_string=stimuli_start
208.6057 	EXP 	inter_stim_text: autoDraw = False
208.6057 	EXP 	inter_stim_text: autoDraw = False
208.6057 	EXP 	vSAT_square: pos = array([0., 0.])
208.6057 	EXP 	vSAT_square: autoDraw = True
208.6612 	EXP 	vSAT_square: autoDraw = False
208.6612 	EXP 	vSAT_square: autoDraw = False
208.6612 	EXP 	delay_text: autoDraw = True
208.7654 	EXP 	Sound response_cue_sound started
208.7653 	EXP 	delay_text: autoDraw = False
209.2078 	EXP 	Sound response_cue_sound reached end of file
209.2119 	EXP 	stimuli_background: autoDraw = True
210.6956 	EXP 	Sound feedback_sound started
210.6956 	EXP 	stimuli_background: autoDraw = False
211.2076 	EXP 	Sound feedback_sound reached end of file
211.2094 	EXP 	New trial (rep=0, index=16): OrderedDict([('stim_time', 0.017), ('inter_stim_time', 3), ('x_pos', 0), ('y_pos', 0), ('stim_event', 1)])
211.2135 	EXP 	inter_stim_text: autoDraw = True
214.2104 	EXP 	UDP Sent: marker_value=8, marker_string=stimuli_start
214.2157 	EXP 	inter_stim_text: autoDraw = False
214.2157 	EXP 	inter_stim_text: autoDraw = False
214.2157 	EXP 	vSAT_square: pos = array([0., 0.])
214.2157 	EXP 	vSAT_square: autoDraw = True
214.2365 	EXP 	vSAT_square: autoDraw = False
214.2365 	EXP 	vSAT_square: autoDraw = False
214.2365 	EXP 	delay_text: autoDraw = True
214.3407 	EXP 	Sound response_cue_sound started
214.3407 	EXP 	delay_text: autoDraw = False
214.7778 	EXP 	Sound response_cue_sound reached end of file
214.7816 	EXP 	stimuli_background: autoDraw = True
216.2709 	EXP 	Sound feedback_sound started
216.2709 	EXP 	stimuli_background: autoDraw = False
216.7781 	EXP 	Sound feedback_sound reached end of file
216.7785 	EXP 	New trial (rep=0, index=17): OrderedDict([('stim_time', 0.05), ('inter_stim_time', 3), ('x_pos', 0), ('y_pos', 0), ('stim_event', 0)])
216.7828 	EXP 	inter_stim_text: autoDraw = True
219.7799 	EXP 	UDP Sent: marker_value=8, marker_string=stimuli_start
219.7842 	EXP 	inter_stim_text: autoDraw = False
219.7842 	EXP 	inter_stim_text: autoDraw = False
219.7842 	EXP 	vSAT_square: pos = array([0., 0.])
219.7842 	EXP 	vSAT_square: autoDraw = True
219.8396 	EXP 	vSAT_square: autoDraw = False
219.8396 	EXP 	vSAT_square: autoDraw = False
219.8396 	EXP 	delay_text: autoDraw = True
219.9437 	EXP 	Sound response_cue_sound started
219.9437 	EXP 	delay_text: autoDraw = False
220.3775 	EXP 	Sound response_cue_sound stopped
220.3805 	EXP 	stimuli_background: autoDraw = True
221.8740 	EXP 	Sound feedback_sound started
221.8739 	EXP 	stimuli_background: autoDraw = False
222.3775 	EXP 	Sound feedback_sound stopped
222.3796 	EXP 	New trial (rep=0, index=18): OrderedDict([('stim_time', 0.017), ('inter_stim_time', 1), ('x_pos', 0), ('y_pos', 0), ('stim_event', 1)])
222.3835 	EXP 	inter_stim_text: autoDraw = True
223.3825 	EXP 	UDP Sent: marker_value=8, marker_string=stimuli_start
223.3876 	EXP 	inter_stim_text: autoDraw = False
223.3876 	EXP 	inter_stim_text: autoDraw = False
223.3876 	EXP 	vSAT_square: pos = array([0., 0.])
223.3876 	EXP 	vSAT_square: autoDraw = True
223.4085 	EXP 	vSAT_square: autoDraw = False
223.4085 	EXP 	vSAT_square: autoDraw = False
223.4085 	EXP 	delay_text: autoDraw = True
223.5125 	EXP 	Sound response_cue_sound started
223.5126 	EXP 	delay_text: autoDraw = False
223.9475 	EXP 	Sound response_cue_sound reached end of file
223.9525 	EXP 	stimuli_background: autoDraw = True
225.4427 	EXP 	Sound feedback_sound started
225.4427 	EXP 	stimuli_background: autoDraw = False
225.9477 	EXP 	Sound feedback_sound stopped
225.9496 	EXP 	New trial (rep=0, index=19): OrderedDict([('stim_time', 0.05), ('inter_stim_time', 2), ('x_pos', 0), ('y_pos', 0), ('stim_event', 1)])
225.9533 	EXP 	inter_stim_text: autoDraw = True
227.9519 	EXP 	UDP Sent: marker_value=8, marker_string=stimuli_start
227.9561 	EXP 	inter_stim_text: autoDraw = False
227.9561 	EXP 	inter_stim_text: autoDraw = False
227.9561 	EXP 	vSAT_square: pos = array([0., 0.])
227.9561 	EXP 	vSAT_square: autoDraw = True
228.0116 	EXP 	vSAT_square: autoDraw = False
228.0116 	EXP 	vSAT_square: autoDraw = False
228.0116 	EXP 	delay_text: autoDraw = True
228.1159 	EXP 	Sound response_cue_sound started
228.1158 	EXP 	delay_text: autoDraw = False
228.5580 	EXP 	Sound response_cue_sound reached end of file
228.5619 	EXP 	stimuli_background: autoDraw = True
230.0461 	EXP 	Sound feedback_sound started
230.0460 	EXP 	stimuli_background: autoDraw = False
230.5579 	EXP 	Sound feedback_sound reached end of file
230.5600 	EXP 	New trial (rep=0, index=20): OrderedDict([('stim_time', 0.05), ('inter_stim_time', 3), ('x_pos', 0), ('y_pos', 0), ('stim_event', 1)])
230.5639 	EXP 	inter_stim_text: autoDraw = True
233.5618 	EXP 	UDP Sent: marker_value=8, marker_string=stimuli_start
233.5661 	EXP 	inter_stim_text: autoDraw = False
233.5661 	EXP 	inter_stim_text: autoDraw = False
233.5661 	EXP 	vSAT_square: pos = array([0., 0.])
233.5661 	EXP 	vSAT_square: autoDraw = True
233.6217 	EXP 	vSAT_square: autoDraw = False
233.6217 	EXP 	vSAT_square: autoDraw = False
233.6217 	EXP 	delay_text: autoDraw = True
233.7258 	EXP 	Sound response_cue_sound started
233.7257 	EXP 	delay_text: autoDraw = False
234.1678 	EXP 	Sound response_cue_sound reached end of file
234.1713 	EXP 	stimuli_background: autoDraw = True
235.6560 	EXP 	Sound feedback_sound started
235.6559 	EXP 	stimuli_background: autoDraw = False
236.1679 	EXP 	Sound feedback_sound reached end of file
236.1699 	EXP 	New trial (rep=0, index=21): OrderedDict([('stim_time', 0.05), ('inter_stim_time', 1), ('x_pos', 0), ('y_pos', 0), ('stim_event', 0)])
236.1739 	EXP 	inter_stim_text: autoDraw = True
237.1721 	EXP 	UDP Sent: marker_value=8, marker_string=stimuli_start
237.1766 	EXP 	inter_stim_text: autoDraw = False
237.1766 	EXP 	inter_stim_text: autoDraw = False
237.1766 	EXP 	vSAT_square: pos = array([0., 0.])
237.1766 	EXP 	vSAT_square: autoDraw = True
237.2321 	EXP 	vSAT_square: autoDraw = False
237.2321 	EXP 	vSAT_square: autoDraw = False
237.2321 	EXP 	delay_text: autoDraw = True
237.3362 	EXP 	Sound response_cue_sound started
237.3362 	EXP 	delay_text: autoDraw = False
237.7773 	EXP 	Sound response_cue_sound reached end of file
237.7806 	EXP 	stimuli_background: autoDraw = True
239.2664 	EXP 	Sound feedback_sound started
239.2664 	EXP 	stimuli_background: autoDraw = False
239.7774 	EXP 	Sound feedback_sound reached end of file
239.7789 	EXP 	New trial (rep=0, index=22): OrderedDict([('stim_time', 0.028999999999999998), ('inter_stim_time', 3), ('x_pos', 0), ('y_pos', 0), ('stim_event', 0)])
239.7827 	EXP 	inter_stim_text: autoDraw = True
242.7822 	EXP 	UDP Sent: marker_value=8, marker_string=stimuli_start
242.7866 	EXP 	inter_stim_text: autoDraw = False
242.7866 	EXP 	inter_stim_text: autoDraw = False
242.7866 	EXP 	vSAT_square: pos = array([0., 0.])
242.7866 	EXP 	vSAT_square: autoDraw = True
242.8212 	EXP 	vSAT_square: autoDraw = False
242.8212 	EXP 	vSAT_square: autoDraw = False
242.8212 	EXP 	delay_text: autoDraw = True
242.9254 	EXP 	Sound response_cue_sound started
242.9254 	EXP 	delay_text: autoDraw = False
243.3675 	EXP 	Sound response_cue_sound reached end of file
243.3710 	EXP 	stimuli_background: autoDraw = True
244.8556 	EXP 	Sound feedback_sound started
244.8556 	EXP 	stimuli_background: autoDraw = False
245.3675 	EXP 	Sound feedback_sound reached end of file
245.3697 	EXP 	New trial (rep=0, index=23): OrderedDict([('stim_time', 0.017), ('inter_stim_time', 1), ('x_pos', 0), ('y_pos', 0), ('stim_event', 1)])
245.3738 	EXP 	inter_stim_text: autoDraw = True
246.3713 	EXP 	UDP Sent: marker_value=8, marker_string=stimuli_start
246.3761 	EXP 	inter_stim_text: autoDraw = False
246.3761 	EXP 	inter_stim_text: autoDraw = False
246.3761 	EXP 	vSAT_square: pos = array([0., 0.])
246.3761 	EXP 	vSAT_square: autoDraw = True
246.3969 	EXP 	vSAT_square: autoDraw = False
246.3969 	EXP 	vSAT_square: autoDraw = False
246.3969 	EXP 	delay_text: autoDraw = True
246.5011 	EXP 	Sound response_cue_sound started
246.5010 	EXP 	delay_text: autoDraw = False
246.9377 	EXP 	Sound response_cue_sound reached end of file
246.9427 	EXP 	stimuli_background: autoDraw = True
248.4312 	EXP 	Sound feedback_sound started
248.4312 	EXP 	stimuli_background: autoDraw = False
248.9375 	EXP 	Sound feedback_sound reached end of file
248.9379 	EXP 	New trial (rep=0, index=24): OrderedDict([('stim_time', 0.017), ('inter_stim_time', 1), ('x_pos', 0), ('y_pos', 0), ('stim_event', 1)])
248.9421 	EXP 	inter_stim_text: autoDraw = True
249.9396 	EXP 	UDP Sent: marker_value=8, marker_string=stimuli_start
249.9449 	EXP 	inter_stim_text: autoDraw = False
249.9449 	EXP 	inter_stim_text: autoDraw = False
249.9449 	EXP 	vSAT_square: pos = array([0., 0.])
249.9449 	EXP 	vSAT_square: autoDraw = True
249.9657 	EXP 	vSAT_square: autoDraw = False
249.9657 	EXP 	vSAT_square: autoDraw = False
249.9657 	EXP 	delay_text: autoDraw = True
250.0698 	EXP 	Sound response_cue_sound started
250.0698 	EXP 	delay_text: autoDraw = False
250.5076 	EXP 	Sound response_cue_sound reached end of file
250.5106 	EXP 	stimuli_background: autoDraw = True
251.2018 	DATA 	Keypress: escape
253.8758 	EXP 	window1: mouseVisible = True
