61.0430 	WARNING 	User requested fullscreen with size [1024  768], but screen is actually [1920, 1080]. Using actual size
64.8258 	EXP 	Created window1 = Window(allowGUI=False, allowStencil=False, autoLog=True, backendConf=UNKNOWN, bitsMode=UNKNOWN, blendMode='avg', bpc=(8, 8, 8), color=array([0, 0, 0]), colorSpace='rgb', depthBits=8, fullscr=<method-wrapper '__getattribute__' of attributeSetter object at 0x000002891724B7B8>, gamma=None, gammaErrorPolicy='raise', lms=UNKNOWN, monitor=<psychopy.monitors.calibTools.Monitor object at 0x00000289172C3C50>, multiSample=False, name='window1', numSamples=2, pos=[0.0, 0.0], screen=0, size=array([1920, 1080]), stencilBits=0, stereo=False, units='height', useFBO=True, useRetina=False, viewOri=0.0, viewPos=None, viewScale=None, waitBlanking=True, winType='pyglet')
64.8262 	EXP 	window1: mouseVisible = True
64.8262 	EXP 	window1: recordFrameIntervals = False
64.8946 	EXP 	window1: recordFrameIntervals = True
64.9712 	EXP 	window1: recordFrameIntervals = False
65.3522 	EXP 	Created instructions_text = TextStim(__class__=<class 'psychopy.visual.text.TextStim'>, alignHoriz=method-wrapper(...), alignText='center', alignVert=method-wrapper(...), anchorHoriz='center', anchorVert='center', antialias=True, autoLog=True, bold=False, color=array([1., 1., 1.]), colorSpace='rgb', contrast=1.0, depth=0.0, flipHoriz=False, flipVert=False, font='Open Sans', fontFiles=[], height=0.1, italic=False, languageStyle='LTR', name='instructions_text', opacity=1, ori=0.0, pos=array([0., 0.]), rgb=UNKNOWN, text=str(...), units='height', win=Window(...), wrapWidth=1)
65.3605 	EXP 	Created experiment_SAT_text = TextStim(__class__=<class 'psychopy.visual.text.TextStim'>, alignHoriz=method-wrapper(...), alignText='center', alignVert=method-wrapper(...), anchorHoriz='center', anchorVert='center', antialias=True, autoLog=True, bold=False, color=array([1., 1., 1.]), colorSpace='rgb', contrast=1.0, depth=0.0, flipHoriz=False, flipVert=False, font='Open Sans', fontFiles=[], height=0.1, italic=False, languageStyle='LTR', name='experiment_SAT_text', opacity=1.0, ori=0.0, pos=array([0., 0.]), rgb=UNKNOWN, text=str(...), units='height', win=Window(...), wrapWidth=1)
65.3685 	EXP 	Created experiment_vSAT_text = TextStim(__class__=<class 'psychopy.visual.text.TextStim'>, alignHoriz=method-wrapper(...), alignText='center', alignVert=method-wrapper(...), anchorHoriz='center', anchorVert='center', antialias=True, autoLog=True, bold=False, color=array([1., 1., 1.]), colorSpace='rgb', contrast=1.0, depth=-1.0, flipHoriz=False, flipVert=False, font='Open Sans', fontFiles=[], height=0.1, italic=False, languageStyle='LTR', name='experiment_vSAT_text', opacity=1.0, ori=0.0, pos=array([0., 0.]), rgb=UNKNOWN, text=str(...), units='height', win=Window(...), wrapWidth=1)
65.3697 	EXP 	Created inter_stim_text = TextStim(__class__=<class 'psychopy.visual.text.TextStim'>, alignHoriz=method-wrapper(...), alignText='center', alignVert=method-wrapper(...), anchorHoriz='center', anchorVert='center', antialias=True, autoLog=True, bold=False, color=array([1., 1., 1.]), colorSpace='rgb', contrast=1.0, depth=0.0, flipHoriz=False, flipVert=False, font='Open Sans', fontFiles=[], height=0.1, italic=False, languageStyle='LTR', name='inter_stim_text', opacity=1, ori=0.0, pos=array([0., 0.]), rgb=UNKNOWN, text='', units='height', win=Window(...), wrapWidth=1)
65.3722 	EXP 	Created vSAT_square = Rect(__class__=<class 'psychopy.visual.rect.Rect'>, autoDraw=False, autoLog=True, closeShape=True, color=method-wrapper(...), colorSpace='rgb', contrast=None, depth=0.0, fillColor=array([1, 1, 1]), fillColorSpace='rgb', fillRGB=array([1, 1, 1]), interpolate=True, lineColor=array([1., 1., 1.]), lineColorSpace='rgb', lineRGB=array([1, 1, 1]), lineWidth=1.0, name='vSAT_square', opacity=1.0, ori=0.0, pos=array([0., 0.]), size=array([0.25, 0.25]), units='height', vertices=ndarray(...), win=Window(...))
65.3735 	EXP 	Created delay_text = TextStim(__class__=<class 'psychopy.visual.text.TextStim'>, alignHoriz=method-wrapper(...), alignText='center', alignVert=method-wrapper(...), anchorHoriz='center', anchorVert='center', antialias=True, autoLog=True, bold=False, color=array([1., 1., 1.]), colorSpace='rgb', contrast=1.0, depth=0.0, flipHoriz=False, flipVert=False, font='Open Sans', fontFiles=[], height=0.1, italic=False, languageStyle='LTR', name='delay_text', opacity=1, ori=0.0, pos=array([0., 0.]), rgb=UNKNOWN, text='', units='height', win=Window(...), wrapWidth=1)
65.4515 	EXP 	Sound response_cue_sound set volume 1.000
65.4516 	EXP 	window1: mouseVisible = True
65.4520 	DEPRECATION 	'0.0000, 0.0000, 0.0000' is not a valid rgb color
65.4522 	DEPRECATION 	'0.0000, 0.0000, 0.0000' is not a valid rgb color
65.4536 	EXP 	Created stimuli_background = Rect(__class__=<class 'psychopy.visual.rect.Rect'>, autoDraw=False, autoLog=True, closeShape=True, color=method-wrapper(...), colorSpace='rgb', contrast=None, depth=-1.0, fillColor=array([0, 0, 0]), fillColorSpace='rgb', fillRGB=array([0, 0, 0]), interpolate=True, lineColor=array([0., 0., 0.]), lineColorSpace='rgb', lineRGB=array([0, 0, 0]), lineWidth=1.0, name='stimuli_background', opacity=0, ori=0.0, pos=array([0., 0.]), size=array([2., 2.]), units='height', vertices=ndarray(...), win=Window(...))
65.4542 	EXP 	Sound feedback_sound set volume 1.000
65.4924 	EXP 	instructions_text: autoDraw = True
65.8129 	EXP 	Imported vSAT_task_order-16444492898941681.csv as conditions, 4 conditions, 1 params
65.8132 	EXP 	Created sequence: sequential, trialTypes=4, nReps=1, seed=None
65.8134 	EXP 	New trial (rep=0, index=0): OrderedDict([('task_order', 'vSAT1')])
65.8335 	DATA 	Keypress: space
65.8351 	EXP 	instructions_text: autoDraw = False
65.8351 	EXP 	experiment_SAT_text: autoDraw = True
65.8351 	EXP 	experiment_vSAT_text: autoDraw = True
66.1604 	DATA 	Keypress: space
66.1704 	EXP 	Imported vSAT_conditions\vSAT_stims-16444508695370612.csv as conditions, 30 conditions, 5 params
66.1707 	EXP 	Created sequence: sequential, trialTypes=30, nReps=1, seed=None
66.1710 	EXP 	New trial (rep=0, index=0): OrderedDict([('stim_time', 0.017), ('inter_stim_time', 2), ('x_pos', -0.25), ('y_pos', 0.25), ('stim_event', 0)])
66.1747 	EXP 	experiment_SAT_text: autoDraw = False
66.1747 	EXP 	experiment_vSAT_text: autoDraw = False
66.1747 	EXP 	inter_stim_text: autoDraw = True
68.1784 	EXP 	inter_stim_text: autoDraw = False
68.1784 	EXP 	inter_stim_text: autoDraw = False
68.1784 	EXP 	vSAT_square: pos = array([-0.25,  0.25])
68.1784 	EXP 	vSAT_square: autoDraw = True
68.1991 	EXP 	vSAT_square: autoDraw = False
68.1991 	EXP 	vSAT_square: autoDraw = False
68.1991 	EXP 	delay_text: autoDraw = True
68.3033 	EXP 	Sound response_cue_sound started
68.3033 	EXP 	delay_text: autoDraw = False
68.7423 	EXP 	Sound response_cue_sound reached end of file
68.7468 	EXP 	stimuli_background: autoDraw = True
70.2338 	EXP 	Sound feedback_sound started
70.2354 	EXP 	stimuli_background: autoDraw = False
70.7424 	EXP 	Sound feedback_sound reached end of file
70.7455 	EXP 	New trial (rep=0, index=1): OrderedDict([('stim_time', 0.017), ('inter_stim_time', 3), ('x_pos', -0.25), ('y_pos', 0.25), ('stim_event', 0)])
70.7503 	EXP 	inter_stim_text: autoDraw = True
73.7539 	EXP 	inter_stim_text: autoDraw = False
73.7539 	EXP 	inter_stim_text: autoDraw = False
73.7539 	EXP 	vSAT_square: pos = array([-0.25,  0.25])
73.7539 	EXP 	vSAT_square: autoDraw = True
73.7746 	EXP 	vSAT_square: autoDraw = False
73.7746 	EXP 	vSAT_square: autoDraw = False
73.7746 	EXP 	delay_text: autoDraw = True
73.8788 	EXP 	Sound response_cue_sound started
73.8787 	EXP 	delay_text: autoDraw = False
74.3125 	EXP 	Sound response_cue_sound reached end of file
74.3173 	EXP 	stimuli_background: autoDraw = True
75.8090 	EXP 	Sound feedback_sound started
75.8100 	EXP 	stimuli_background: autoDraw = False
76.3126 	EXP 	Sound feedback_sound stopped
76.3146 	EXP 	New trial (rep=0, index=2): OrderedDict([('stim_time', 0.05), ('inter_stim_time', 2), ('x_pos', 0.25), ('y_pos', 0.25), ('stim_event', 0)])
76.3199 	EXP 	inter_stim_text: autoDraw = True
78.3225 	EXP 	inter_stim_text: autoDraw = False
78.3225 	EXP 	inter_stim_text: autoDraw = False
78.3225 	EXP 	vSAT_square: pos = array([0.25, 0.25])
78.3225 	EXP 	vSAT_square: autoDraw = True
78.3779 	EXP 	vSAT_square: autoDraw = False
78.3779 	EXP 	vSAT_square: autoDraw = False
78.3779 	EXP 	delay_text: autoDraw = True
78.4820 	EXP 	Sound response_cue_sound started
78.4821 	EXP 	delay_text: autoDraw = False
78.9227 	EXP 	Sound response_cue_sound reached end of file
78.9268 	EXP 	stimuli_background: autoDraw = True
80.4123 	EXP 	Sound feedback_sound started
80.4131 	EXP 	stimuli_background: autoDraw = False
80.9227 	EXP 	Sound feedback_sound reached end of file
80.9249 	EXP 	New trial (rep=0, index=3): OrderedDict([('stim_time', 0.028999999999999998), ('inter_stim_time', 3), ('x_pos', -0.25), ('y_pos', -0.25), ('stim_event', 1)])
80.9302 	EXP 	inter_stim_text: autoDraw = True
81.7616 	DATA 	Keypress: quoteleft
82.8585 	DATA 	Keypress: escape
85.0860 	EXP 	window1: mouseVisible = True
