6.9909 	WARNING 	User requested fullscreen with size [1024  768], but screen is actually [1920, 1080]. Using actual size
11.0979 	EXP 	Created window1 = Window(allowGUI=False, allowStencil=False, autoLog=True, backendConf=UNKNOWN, bitsMode=UNKNOWN, blendMode='avg', bpc=(8, 8, 8), color=array([0, 0, 0]), colorSpace='rgb', depthBits=8, fullscr=<method-wrapper '__getattribute__' of attributeSetter object at 0x0000022862A5C668>, gamma=None, gammaErrorPolicy='raise', lms=UNKNOWN, monitor=<psychopy.monitors.calibTools.Monitor object at 0x0000022862AE3B38>, multiSample=False, name='window1', numSamples=2, pos=[0.0, 0.0], screen=0, size=array([1920, 1080]), stencilBits=0, stereo=False, units='height', useFBO=True, useRetina=False, viewOri=0.0, viewPos=None, viewScale=None, waitBlanking=True, winType='pyglet')
11.0983 	EXP 	window1: mouseVisible = True
11.0984 	EXP 	window1: recordFrameIntervals = False
11.1616 	EXP 	window1: recordFrameIntervals = True
11.2382 	EXP 	window1: recordFrameIntervals = False
11.6655 	EXP 	Created instructions_text = TextStim(__class__=<class 'psychopy.visual.text.TextStim'>, alignHoriz=method-wrapper(...), alignText='center', alignVert=method-wrapper(...), anchorHoriz='center', anchorVert='center', antialias=True, autoLog=True, bold=False, color=array([1., 1., 1.]), colorSpace='rgb', contrast=1.0, depth=0.0, flipHoriz=False, flipVert=False, font='Open Sans', fontFiles=[], height=0.1, italic=False, languageStyle='LTR', name='instructions_text', opacity=1, ori=0.0, pos=array([0., 0.]), rgb=UNKNOWN, text=str(...), units='height', win=Window(...), wrapWidth=1)
11.6739 	EXP 	Created experiment_SAT_text = TextStim(__class__=<class 'psychopy.visual.text.TextStim'>, alignHoriz=method-wrapper(...), alignText='center', alignVert=method-wrapper(...), anchorHoriz='center', anchorVert='center', antialias=True, autoLog=True, bold=False, color=array([1., 1., 1.]), colorSpace='rgb', contrast=1.0, depth=0.0, flipHoriz=False, flipVert=False, font='Open Sans', fontFiles=[], height=0.1, italic=False, languageStyle='LTR', name='experiment_SAT_text', opacity=1.0, ori=0.0, pos=array([0., 0.]), rgb=UNKNOWN, text=str(...), units='height', win=Window(...), wrapWidth=1)
11.6820 	EXP 	Created experiment_vSAT_text = TextStim(__class__=<class 'psychopy.visual.text.TextStim'>, alignHoriz=method-wrapper(...), alignText='center', alignVert=method-wrapper(...), anchorHoriz='center', anchorVert='center', antialias=True, autoLog=True, bold=False, color=array([1., 1., 1.]), colorSpace='rgb', contrast=1.0, depth=-1.0, flipHoriz=False, flipVert=False, font='Open Sans', fontFiles=[], height=0.1, italic=False, languageStyle='LTR', name='experiment_vSAT_text', opacity=1.0, ori=0.0, pos=array([0., 0.]), rgb=UNKNOWN, text=str(...), units='height', win=Window(...), wrapWidth=1)
11.6833 	EXP 	Created inter_stim_text = TextStim(__class__=<class 'psychopy.visual.text.TextStim'>, alignHoriz=method-wrapper(...), alignText='center', alignVert=method-wrapper(...), anchorHoriz='center', anchorVert='center', antialias=True, autoLog=True, bold=False, color=array([1., 1., 1.]), colorSpace='rgb', contrast=1.0, depth=0.0, flipHoriz=False, flipVert=False, font='Open Sans', fontFiles=[], height=0.1, italic=False, languageStyle='LTR', name='inter_stim_text', opacity=1, ori=0.0, pos=array([0., 0.]), rgb=UNKNOWN, text='', units='height', win=Window(...), wrapWidth=1)
11.6862 	EXP 	Created vSAT_square = Rect(__class__=<class 'psychopy.visual.rect.Rect'>, autoDraw=False, autoLog=True, closeShape=True, color=method-wrapper(...), colorSpace='rgb', contrast=None, depth=0.0, fillColor=array([1, 1, 1]), fillColorSpace='rgb', fillRGB=array([1, 1, 1]), interpolate=True, lineColor=array([1., 1., 1.]), lineColorSpace='rgb', lineRGB=array([1, 1, 1]), lineWidth=1.0, name='vSAT_square', opacity=1.0, ori=0.0, pos=array([0., 0.]), size=array([0.25, 0.25]), units='height', vertices=ndarray(...), win=Window(...))
11.6875 	EXP 	Created delay_text = TextStim(__class__=<class 'psychopy.visual.text.TextStim'>, alignHoriz=method-wrapper(...), alignText='center', alignVert=method-wrapper(...), anchorHoriz='center', anchorVert='center', antialias=True, autoLog=True, bold=False, color=array([1., 1., 1.]), colorSpace='rgb', contrast=1.0, depth=0.0, flipHoriz=False, flipVert=False, font='Open Sans', fontFiles=[], height=0.1, italic=False, languageStyle='LTR', name='delay_text', opacity=1, ori=0.0, pos=array([0., 0.]), rgb=UNKNOWN, text='', units='height', win=Window(...), wrapWidth=1)
11.7498 	EXP 	Sound response_cue_sound set volume 1.000
11.7501 	EXP 	window1: mouseVisible = True
11.7505 	DEPRECATION 	'0.0000, 0.0000, 0.0000' is not a valid rgb color
11.7508 	DEPRECATION 	'0.0000, 0.0000, 0.0000' is not a valid rgb color
11.7522 	EXP 	Created stimuli_background = Rect(__class__=<class 'psychopy.visual.rect.Rect'>, autoDraw=False, autoLog=True, closeShape=True, color=method-wrapper(...), colorSpace='rgb', contrast=None, depth=-1.0, fillColor=array([0, 0, 0]), fillColorSpace='rgb', fillRGB=array([0, 0, 0]), interpolate=True, lineColor=array([0., 0., 0.]), lineColorSpace='rgb', lineRGB=array([0, 0, 0]), lineWidth=1.0, name='stimuli_background', opacity=0, ori=0.0, pos=array([0., 0.]), size=array([2., 2.]), units='height', vertices=ndarray(...), win=Window(...))
11.7529 	EXP 	Sound feedback_sound set volume 1.000
11.7906 	EXP 	instructions_text: autoDraw = True
20.8675 	EXP 	Imported vSAT_task_order-16444492898941681.csv as conditions, 4 conditions, 1 params
20.8678 	EXP 	Created sequence: sequential, trialTypes=4, nReps=1, seed=None
20.8681 	EXP 	New trial (rep=0, index=0): OrderedDict([('task_order', 'vSAT1')])
20.8867 	DATA 	Keypress: space
20.8885 	EXP 	instructions_text: autoDraw = False
20.8885 	EXP 	experiment_SAT_text: autoDraw = True
20.8885 	EXP 	experiment_vSAT_text: autoDraw = True
23.2414 	DATA 	Keypress: space
23.2580 	EXP 	Imported vSAT_conditions\vSAT_stims-16444508695370612.csv as conditions, 30 conditions, 5 params
23.2583 	EXP 	Created sequence: sequential, trialTypes=30, nReps=1, seed=None
23.2586 	EXP 	New trial (rep=0, index=0): OrderedDict([('stim_time', 0.017), ('inter_stim_time', 2), ('x_pos', -0.25), ('y_pos', 0.25), ('stim_event', 0)])
23.2628 	EXP 	experiment_SAT_text: autoDraw = False
23.2628 	EXP 	experiment_vSAT_text: autoDraw = False
23.2628 	EXP 	inter_stim_text: autoDraw = True
25.2714 	EXP 	inter_stim_text: autoDraw = False
25.2714 	EXP 	inter_stim_text: autoDraw = False
25.2714 	EXP 	vSAT_square: pos = array([-0.25,  0.25])
25.2714 	EXP 	vSAT_square: autoDraw = True
25.2905 	EXP 	vSAT_square: autoDraw = False
25.2905 	EXP 	vSAT_square: autoDraw = False
25.2905 	EXP 	delay_text: autoDraw = True
25.3946 	EXP 	Sound response_cue_sound started
25.3946 	EXP 	delay_text: autoDraw = False
25.8307 	EXP 	Sound response_cue_sound reached end of file
25.8369 	EXP 	stimuli_background: autoDraw = True
27.3249 	EXP 	Sound feedback_sound started
27.3259 	EXP 	stimuli_background: autoDraw = False
27.8303 	EXP 	Sound feedback_sound stopped
27.8333 	EXP 	New trial (rep=0, index=1): OrderedDict([('stim_time', 0.017), ('inter_stim_time', 3), ('x_pos', -0.25), ('y_pos', 0.25), ('stim_event', 0)])
27.8378 	EXP 	inter_stim_text: autoDraw = True
30.8381 	EXP 	inter_stim_text: autoDraw = False
30.8381 	EXP 	inter_stim_text: autoDraw = False
30.8381 	EXP 	vSAT_square: pos = array([-0.25,  0.25])
30.8381 	EXP 	vSAT_square: autoDraw = True
30.8589 	EXP 	vSAT_square: autoDraw = False
30.8589 	EXP 	vSAT_square: autoDraw = False
30.8589 	EXP 	delay_text: autoDraw = True
30.9630 	EXP 	Sound response_cue_sound started
30.9631 	EXP 	delay_text: autoDraw = False
31.4004 	EXP 	Sound response_cue_sound reached end of file
31.4042 	EXP 	stimuli_background: autoDraw = True
32.8933 	EXP 	Sound feedback_sound started
32.8938 	EXP 	stimuli_background: autoDraw = False
33.4005 	EXP 	Sound feedback_sound stopped
33.4031 	EXP 	New trial (rep=0, index=2): OrderedDict([('stim_time', 0.05), ('inter_stim_time', 2), ('x_pos', 0.25), ('y_pos', 0.25), ('stim_event', 0)])
33.4085 	EXP 	inter_stim_text: autoDraw = True
35.4135 	EXP 	inter_stim_text: autoDraw = False
35.4135 	EXP 	inter_stim_text: autoDraw = False
35.4135 	EXP 	vSAT_square: pos = array([0.25, 0.25])
35.4135 	EXP 	vSAT_square: autoDraw = True
35.4690 	EXP 	vSAT_square: autoDraw = False
35.4690 	EXP 	vSAT_square: autoDraw = False
35.4690 	EXP 	delay_text: autoDraw = True
35.5733 	EXP 	Sound response_cue_sound started
35.5733 	EXP 	delay_text: autoDraw = False
36.0102 	EXP 	Sound response_cue_sound reached end of file
36.0142 	EXP 	stimuli_background: autoDraw = True
37.5035 	EXP 	Sound feedback_sound started
37.5046 	EXP 	stimuli_background: autoDraw = False
38.0105 	EXP 	Sound feedback_sound stopped
38.0124 	EXP 	New trial (rep=0, index=3): OrderedDict([('stim_time', 0.028999999999999998), ('inter_stim_time', 3), ('x_pos', -0.25), ('y_pos', -0.25), ('stim_event', 1)])
38.0176 	EXP 	inter_stim_text: autoDraw = True
40.4149 	WARNING 	Got keycode {} but that code isn't yet known
40.4149 	WARNING 	Keypress was given unknown key code (176)
40.9555 	WARNING 	Got keycode {} but that code isn't yet known
40.9555 	WARNING 	Keypress was given unknown key code (176)
41.0167 	EXP 	inter_stim_text: autoDraw = False
41.0167 	EXP 	inter_stim_text: autoDraw = False
41.0167 	EXP 	vSAT_square: pos = array([-0.25, -0.25])
41.0167 	EXP 	vSAT_square: autoDraw = True
41.0513 	EXP 	vSAT_square: autoDraw = False
41.0513 	EXP 	vSAT_square: autoDraw = False
41.0513 	EXP 	delay_text: autoDraw = True
41.1555 	EXP 	Sound response_cue_sound started
41.1553 	EXP 	delay_text: autoDraw = False
41.5900 	EXP 	Sound response_cue_sound reached end of file
41.5951 	EXP 	stimuli_background: autoDraw = True
43.0857 	EXP 	Sound feedback_sound started
43.0866 	EXP 	stimuli_background: autoDraw = False
43.2345 	DATA 	Mouse: Left button down, pos=(1244,623)
43.3872 	DATA 	Mouse:  Left button up, pos=(1244,623)
43.5906 	EXP 	Sound feedback_sound stopped
43.5924 	EXP 	New trial (rep=0, index=4): OrderedDict([('stim_time', 0.017), ('inter_stim_time', 2), ('x_pos', -0.25), ('y_pos', -0.25), ('stim_event', 1)])
43.5968 	EXP 	inter_stim_text: autoDraw = True
45.5990 	EXP 	inter_stim_text: autoDraw = False
45.5990 	EXP 	inter_stim_text: autoDraw = False
45.5990 	EXP 	vSAT_square: pos = array([-0.25, -0.25])
45.5990 	EXP 	vSAT_square: autoDraw = True
45.6199 	EXP 	vSAT_square: autoDraw = False
45.6199 	EXP 	vSAT_square: autoDraw = False
45.6199 	EXP 	delay_text: autoDraw = True
45.7241 	EXP 	Sound response_cue_sound started
45.7240 	EXP 	delay_text: autoDraw = False
46.1604 	EXP 	Sound response_cue_sound reached end of file
46.1658 	EXP 	stimuli_background: autoDraw = True
46.3749 	DATA 	Mouse: Left button down, pos=(1172,616)
46.3834 	EXP 	Sound feedback_sound started
46.3866 	EXP 	stimuli_background: autoDraw = False
46.5804 	DATA 	Mouse:  Left button up, pos=(1172,616)
46.8899 	EXP 	Sound feedback_sound stopped
46.8922 	EXP 	New trial (rep=0, index=5): OrderedDict([('stim_time', 0.017), ('inter_stim_time', 2), ('x_pos', 0.0), ('y_pos', 0.0), ('stim_event', 0)])
46.8974 	EXP 	inter_stim_text: autoDraw = True
48.8971 	EXP 	inter_stim_text: autoDraw = False
48.8971 	EXP 	inter_stim_text: autoDraw = False
48.8971 	EXP 	vSAT_square: pos = array([0., 0.])
48.8971 	EXP 	vSAT_square: autoDraw = True
48.9178 	EXP 	vSAT_square: autoDraw = False
48.9178 	EXP 	vSAT_square: autoDraw = False
48.9178 	EXP 	delay_text: autoDraw = True
49.0220 	EXP 	Sound response_cue_sound started
49.0219 	EXP 	delay_text: autoDraw = False
49.4605 	EXP 	Sound response_cue_sound reached end of file
49.4649 	EXP 	stimuli_background: autoDraw = True
49.8209 	DATA 	Mouse: Left button down, pos=(1172,616)
49.8343 	EXP 	Sound feedback_sound started
49.8313 	EXP 	stimuli_background: autoDraw = False
49.8858 	DATA 	Mouse:  Left button up, pos=(1172,616)
50.3400 	EXP 	Sound feedback_sound reached end of file
50.3427 	EXP 	New trial (rep=0, index=6): OrderedDict([('stim_time', 0.017), ('inter_stim_time', 2), ('x_pos', -0.25), ('y_pos', -0.25), ('stim_event', 0)])
50.3472 	EXP 	inter_stim_text: autoDraw = True
52.3478 	EXP 	inter_stim_text: autoDraw = False
52.3478 	EXP 	inter_stim_text: autoDraw = False
52.3478 	EXP 	vSAT_square: pos = array([-0.25, -0.25])
52.3478 	EXP 	vSAT_square: autoDraw = True
52.3686 	EXP 	vSAT_square: autoDraw = False
52.3686 	EXP 	vSAT_square: autoDraw = False
52.3686 	EXP 	delay_text: autoDraw = True
52.4727 	EXP 	Sound response_cue_sound started
52.4727 	EXP 	delay_text: autoDraw = False
52.9104 	EXP 	Sound response_cue_sound reached end of file
52.9147 	EXP 	stimuli_background: autoDraw = True
53.0792 	DATA 	Mouse: Right button down, pos=(1172,616)
53.0907 	EXP 	Sound feedback_sound started
53.0912 	EXP 	stimuli_background: autoDraw = False
53.3630 	DATA 	Mouse:  Right button up, pos=(1172,615)
53.6008 	EXP 	Sound feedback_sound reached end of file
53.6031 	EXP 	New trial (rep=0, index=7): OrderedDict([('stim_time', 0.028999999999999998), ('inter_stim_time', 2), ('x_pos', 0.25), ('y_pos', -0.25), ('stim_event', 1)])
53.6083 	EXP 	inter_stim_text: autoDraw = True
55.6111 	EXP 	inter_stim_text: autoDraw = False
55.6111 	EXP 	inter_stim_text: autoDraw = False
55.6111 	EXP 	vSAT_square: pos = array([ 0.25, -0.25])
55.6111 	EXP 	vSAT_square: autoDraw = True
55.6456 	EXP 	vSAT_square: autoDraw = False
55.6456 	EXP 	vSAT_square: autoDraw = False
55.6456 	EXP 	delay_text: autoDraw = True
55.7498 	EXP 	Sound response_cue_sound started
55.7498 	EXP 	delay_text: autoDraw = False
56.1909 	EXP 	Sound response_cue_sound reached end of file
56.1953 	EXP 	stimuli_background: autoDraw = True
56.3749 	DATA 	Mouse: Right button down, pos=(1172,617)
56.3816 	EXP 	Sound feedback_sound started
56.3832 	EXP 	stimuli_background: autoDraw = False
56.6065 	DATA 	Mouse:  Right button up, pos=(1172,617)
56.8902 	EXP 	Sound feedback_sound reached end of file
56.8929 	EXP 	New trial (rep=0, index=8): OrderedDict([('stim_time', 0.028999999999999998), ('inter_stim_time', 2), ('x_pos', -0.25), ('y_pos', -0.25), ('stim_event', 0)])
56.8980 	EXP 	inter_stim_text: autoDraw = True
57.0371 	DATA 	Mouse: Left button down, pos=(1172,617)
57.3081 	DATA 	Mouse:  Left button up, pos=(1172,617)
58.9019 	EXP 	inter_stim_text: autoDraw = False
58.9019 	EXP 	inter_stim_text: autoDraw = False
58.9019 	EXP 	vSAT_square: pos = array([-0.25, -0.25])
58.9019 	EXP 	vSAT_square: autoDraw = True
58.9367 	EXP 	vSAT_square: autoDraw = False
58.9367 	EXP 	vSAT_square: autoDraw = False
58.9367 	EXP 	delay_text: autoDraw = True
59.0409 	EXP 	Sound response_cue_sound started
59.0409 	EXP 	delay_text: autoDraw = False
59.4804 	EXP 	Sound response_cue_sound reached end of file
59.4850 	EXP 	stimuli_background: autoDraw = True
59.8604 	DATA 	Mouse: Left button down, pos=(1172,617)
59.8670 	EXP 	Sound feedback_sound started
59.8688 	EXP 	stimuli_background: autoDraw = False
60.1265 	DATA 	Mouse:  Left button up, pos=(1172,617)
60.3800 	EXP 	Sound feedback_sound reached end of file
60.3821 	EXP 	New trial (rep=0, index=9): OrderedDict([('stim_time', 0.028999999999999998), ('inter_stim_time', 1), ('x_pos', -0.25), ('y_pos', -0.25), ('stim_event', 1)])
60.3874 	EXP 	inter_stim_text: autoDraw = True
61.3877 	EXP 	inter_stim_text: autoDraw = False
61.3877 	EXP 	inter_stim_text: autoDraw = False
61.3877 	EXP 	vSAT_square: pos = array([-0.25, -0.25])
61.3877 	EXP 	vSAT_square: autoDraw = True
61.4224 	EXP 	vSAT_square: autoDraw = False
61.4224 	EXP 	vSAT_square: autoDraw = False
61.4224 	EXP 	delay_text: autoDraw = True
61.5264 	EXP 	Sound response_cue_sound started
61.5265 	EXP 	delay_text: autoDraw = False
61.9605 	EXP 	Sound response_cue_sound stopped
61.9644 	EXP 	stimuli_background: autoDraw = True
62.1030 	DATA 	Mouse: Left button down, pos=(1172,617)
62.1097 	EXP 	Sound feedback_sound started
62.1103 	EXP 	stimuli_background: autoDraw = False
62.3062 	DATA 	Mouse:  Left button up, pos=(1172,617)
62.6207 	EXP 	Sound feedback_sound reached end of file
62.6234 	EXP 	New trial (rep=0, index=10): OrderedDict([('stim_time', 0.028999999999999998), ('inter_stim_time', 1), ('x_pos', -0.25), ('y_pos', 0.25), ('stim_event', 0)])
62.6278 	EXP 	inter_stim_text: autoDraw = True
63.6302 	EXP 	inter_stim_text: autoDraw = False
63.6302 	EXP 	inter_stim_text: autoDraw = False
63.6302 	EXP 	vSAT_square: pos = array([-0.25,  0.25])
63.6302 	EXP 	vSAT_square: autoDraw = True
63.6648 	EXP 	vSAT_square: autoDraw = False
63.6648 	EXP 	vSAT_square: autoDraw = False
63.6648 	EXP 	delay_text: autoDraw = True
63.7690 	EXP 	Sound response_cue_sound started
63.7691 	EXP 	delay_text: autoDraw = False
64.2102 	EXP 	Sound response_cue_sound reached end of file
64.2142 	EXP 	stimuli_background: autoDraw = True
64.3669 	DATA 	Mouse: Left button down, pos=(1172,617)
64.3802 	EXP 	Sound feedback_sound started
64.3774 	EXP 	stimuli_background: autoDraw = False
64.5842 	DATA 	Mouse:  Left button up, pos=(1172,617)
64.8901 	EXP 	Sound feedback_sound reached end of file
64.8905 	EXP 	New trial (rep=0, index=11): OrderedDict([('stim_time', 0.028999999999999998), ('inter_stim_time', 3), ('x_pos', 0.25), ('y_pos', 0.25), ('stim_event', 0)])
64.8942 	EXP 	inter_stim_text: autoDraw = True
67.8934 	EXP 	inter_stim_text: autoDraw = False
67.8934 	EXP 	inter_stim_text: autoDraw = False
67.8934 	EXP 	vSAT_square: pos = array([0.25, 0.25])
67.8934 	EXP 	vSAT_square: autoDraw = True
67.9281 	EXP 	vSAT_square: autoDraw = False
67.9281 	EXP 	vSAT_square: autoDraw = False
67.9281 	EXP 	delay_text: autoDraw = True
68.0322 	EXP 	Sound response_cue_sound started
68.0322 	EXP 	delay_text: autoDraw = False
68.4708 	EXP 	Sound response_cue_sound reached end of file
68.4749 	EXP 	stimuli_background: autoDraw = True
68.6226 	DATA 	Mouse: Right button down, pos=(1172,617)
68.6292 	EXP 	Sound feedback_sound started
68.6298 	EXP 	stimuli_background: autoDraw = False
68.8195 	DATA 	Mouse:  Right button up, pos=(1172,617)
69.1403 	EXP 	Sound feedback_sound reached end of file
69.1430 	EXP 	New trial (rep=0, index=12): OrderedDict([('stim_time', 0.017), ('inter_stim_time', 2), ('x_pos', 0.25), ('y_pos', -0.25), ('stim_event', 1)])
69.1474 	EXP 	inter_stim_text: autoDraw = True
71.1496 	EXP 	inter_stim_text: autoDraw = False
71.1496 	EXP 	inter_stim_text: autoDraw = False
71.1496 	EXP 	vSAT_square: pos = array([ 0.25, -0.25])
71.1496 	EXP 	vSAT_square: autoDraw = True
71.1703 	EXP 	vSAT_square: autoDraw = False
71.1703 	EXP 	vSAT_square: autoDraw = False
71.1703 	EXP 	delay_text: autoDraw = True
71.2745 	EXP 	Sound response_cue_sound started
71.2744 	EXP 	delay_text: autoDraw = False
71.7103 	EXP 	Sound response_cue_sound reached end of file
71.7163 	EXP 	stimuli_background: autoDraw = True
71.9367 	DATA 	Mouse: Left button down, pos=(1172,617)
71.9479 	EXP 	Sound feedback_sound started
71.9483 	EXP 	stimuli_background: autoDraw = False
72.1938 	DATA 	Mouse:  Left button up, pos=(1172,617)
72.4604 	EXP 	Sound feedback_sound reached end of file
72.4630 	EXP 	New trial (rep=0, index=13): OrderedDict([('stim_time', 0.017), ('inter_stim_time', 1), ('x_pos', 0.0), ('y_pos', 0.0), ('stim_event', 1)])
72.4685 	EXP 	inter_stim_text: autoDraw = True
73.4687 	EXP 	inter_stim_text: autoDraw = False
73.4687 	EXP 	inter_stim_text: autoDraw = False
73.4687 	EXP 	vSAT_square: pos = array([0., 0.])
73.4687 	EXP 	vSAT_square: autoDraw = True
73.4895 	EXP 	vSAT_square: autoDraw = False
73.4895 	EXP 	vSAT_square: autoDraw = False
73.4895 	EXP 	delay_text: autoDraw = True
73.5936 	EXP 	Sound response_cue_sound started
73.5937 	EXP 	delay_text: autoDraw = False
74.0300 	EXP 	Sound response_cue_sound reached end of file
74.0352 	EXP 	stimuli_background: autoDraw = True
74.5616 	DATA 	Mouse: Left button down, pos=(1172,617)
74.5729 	EXP 	Sound feedback_sound started
74.5758 	EXP 	stimuli_background: autoDraw = False
74.7686 	DATA 	Mouse:  Left button up, pos=(1172,617)
75.0800 	EXP 	Sound feedback_sound stopped
75.0822 	EXP 	New trial (rep=0, index=14): OrderedDict([('stim_time', 0.017), ('inter_stim_time', 2), ('x_pos', -0.25), ('y_pos', -0.25), ('stim_event', 1)])
75.0866 	EXP 	inter_stim_text: autoDraw = True
77.0859 	EXP 	inter_stim_text: autoDraw = False
77.0859 	EXP 	inter_stim_text: autoDraw = False
77.0859 	EXP 	vSAT_square: pos = array([-0.25, -0.25])
77.0859 	EXP 	vSAT_square: autoDraw = True
77.1067 	EXP 	vSAT_square: autoDraw = False
77.1067 	EXP 	vSAT_square: autoDraw = False
77.1067 	EXP 	delay_text: autoDraw = True
77.2110 	EXP 	Sound response_cue_sound started
77.2109 	EXP 	delay_text: autoDraw = False
77.6502 	EXP 	Sound response_cue_sound reached end of file
77.6544 	EXP 	stimuli_background: autoDraw = True
77.9544 	DATA 	Mouse: Left button down, pos=(1172,617)
77.9608 	EXP 	Sound feedback_sound started
77.9637 	EXP 	stimuli_background: autoDraw = False
78.1777 	DATA 	Mouse:  Left button up, pos=(1172,617)
78.4705 	EXP 	Sound feedback_sound reached end of file
78.4727 	EXP 	New trial (rep=0, index=15): OrderedDict([('stim_time', 0.05), ('inter_stim_time', 1), ('x_pos', 0.25), ('y_pos', -0.25), ('stim_event', 0)])
78.4777 	EXP 	inter_stim_text: autoDraw = True
79.4813 	EXP 	inter_stim_text: autoDraw = False
79.4813 	EXP 	inter_stim_text: autoDraw = False
79.4813 	EXP 	vSAT_square: pos = array([ 0.25, -0.25])
79.4813 	EXP 	vSAT_square: autoDraw = True
79.5368 	EXP 	vSAT_square: autoDraw = False
79.5368 	EXP 	vSAT_square: autoDraw = False
79.5368 	EXP 	delay_text: autoDraw = True
79.6410 	EXP 	Sound response_cue_sound started
79.6411 	EXP 	delay_text: autoDraw = False
80.0803 	EXP 	Sound response_cue_sound reached end of file
80.0844 	EXP 	stimuli_background: autoDraw = True
80.7827 	DATA 	Mouse: Left button down, pos=(1172,617)
80.7936 	EXP 	Sound feedback_sound started
80.7966 	EXP 	stimuli_background: autoDraw = False
80.8446 	DATA 	Mouse:  Left button up, pos=(1172,617)
80.9488 	DATA 	Mouse: Right button down, pos=(1172,617)
81.1782 	DATA 	Mouse:  Right button up, pos=(1172,617)
81.2998 	EXP 	Sound feedback_sound stopped
81.3025 	EXP 	New trial (rep=0, index=16): OrderedDict([('stim_time', 0.017), ('inter_stim_time', 1), ('x_pos', 0.0), ('y_pos', 0.0), ('stim_event', 0)])
81.3078 	EXP 	inter_stim_text: autoDraw = True
81.3867 	DATA 	Mouse: Right button down, pos=(1172,617)
81.5880 	DATA 	Mouse:  Right button up, pos=(1172,617)
81.8169 	DATA 	Mouse: Right button down, pos=(1172,617)
81.9839 	DATA 	Mouse:  Right button up, pos=(1172,617)
82.3073 	EXP 	inter_stim_text: autoDraw = False
82.3073 	EXP 	inter_stim_text: autoDraw = False
82.3073 	EXP 	vSAT_square: pos = array([0., 0.])
82.3073 	EXP 	vSAT_square: autoDraw = True
82.3279 	EXP 	vSAT_square: autoDraw = False
82.3279 	EXP 	vSAT_square: autoDraw = False
82.3279 	EXP 	delay_text: autoDraw = True
82.4322 	EXP 	Sound response_cue_sound started
82.4322 	EXP 	delay_text: autoDraw = False
82.8700 	EXP 	Sound response_cue_sound reached end of file
82.8744 	EXP 	stimuli_background: autoDraw = True
83.0946 	DATA 	Mouse: Right button down, pos=(1172,617)
83.1056 	EXP 	Sound feedback_sound started
83.1089 	EXP 	stimuli_background: autoDraw = False
83.4068 	DATA 	Mouse:  Right button up, pos=(1172,617)
83.6102 	EXP 	Sound feedback_sound stopped
83.6130 	EXP 	New trial (rep=0, index=17): OrderedDict([('stim_time', 0.028999999999999998), ('inter_stim_time', 2), ('x_pos', -0.25), ('y_pos', -0.25), ('stim_event', 0)])
83.6182 	EXP 	inter_stim_text: autoDraw = True
85.6190 	EXP 	inter_stim_text: autoDraw = False
85.6190 	EXP 	inter_stim_text: autoDraw = False
85.6190 	EXP 	vSAT_square: pos = array([-0.25, -0.25])
85.6190 	EXP 	vSAT_square: autoDraw = True
85.6537 	EXP 	vSAT_square: autoDraw = False
85.6537 	EXP 	vSAT_square: autoDraw = False
85.6537 	EXP 	delay_text: autoDraw = True
85.7579 	EXP 	Sound response_cue_sound started
85.7579 	EXP 	delay_text: autoDraw = False
86.2004 	EXP 	Sound response_cue_sound reached end of file
86.2049 	EXP 	stimuli_background: autoDraw = True
86.7516 	DATA 	Mouse: Left button down, pos=(1172,617)
86.7577 	EXP 	Sound feedback_sound started
86.7604 	EXP 	stimuli_background: autoDraw = False
87.0242 	DATA 	Mouse:  Left button up, pos=(1172,617)
87.2702 	EXP 	Sound feedback_sound reached end of file
87.2724 	EXP 	New trial (rep=0, index=18): OrderedDict([('stim_time', 0.017), ('inter_stim_time', 2), ('x_pos', -0.25), ('y_pos', 0.25), ('stim_event', 1)])
87.2768 	EXP 	inter_stim_text: autoDraw = True
89.2780 	EXP 	inter_stim_text: autoDraw = False
89.2780 	EXP 	inter_stim_text: autoDraw = False
89.2780 	EXP 	vSAT_square: pos = array([-0.25,  0.25])
89.2780 	EXP 	vSAT_square: autoDraw = True
89.2988 	EXP 	vSAT_square: autoDraw = False
89.2988 	EXP 	vSAT_square: autoDraw = False
89.2988 	EXP 	delay_text: autoDraw = True
89.4030 	EXP 	Sound response_cue_sound started
89.4029 	EXP 	delay_text: autoDraw = False
89.8406 	EXP 	Sound response_cue_sound reached end of file
89.8443 	EXP 	stimuli_background: autoDraw = True
89.9656 	DATA 	Mouse: Right button down, pos=(1172,617)
89.9722 	EXP 	Sound feedback_sound started
89.9730 	EXP 	stimuli_background: autoDraw = False
90.2668 	DATA 	Mouse:  Right button up, pos=(1172,617)
90.4805 	EXP 	Sound feedback_sound stopped
90.4829 	EXP 	New trial (rep=0, index=19): OrderedDict([('stim_time', 0.05), ('inter_stim_time', 2), ('x_pos', 0.0), ('y_pos', 0.0), ('stim_event', 0)])
90.4882 	EXP 	inter_stim_text: autoDraw = True
90.8088 	DATA 	Mouse: Left button down, pos=(1172,617)
91.0311 	DATA 	Mouse:  Left button up, pos=(1172,617)
92.4927 	EXP 	inter_stim_text: autoDraw = False
92.4927 	EXP 	inter_stim_text: autoDraw = False
92.4927 	EXP 	vSAT_square: pos = array([0., 0.])
92.4927 	EXP 	vSAT_square: autoDraw = True
92.5482 	EXP 	vSAT_square: autoDraw = False
92.5482 	EXP 	vSAT_square: autoDraw = False
92.5482 	EXP 	delay_text: autoDraw = True
92.6525 	EXP 	Sound response_cue_sound started
92.6524 	EXP 	delay_text: autoDraw = False
93.0900 	EXP 	Sound response_cue_sound reached end of file
93.0947 	EXP 	stimuli_background: autoDraw = True
93.2105 	DATA 	Mouse: Left button down, pos=(1172,617)
93.2216 	EXP 	Sound feedback_sound started
93.2223 	EXP 	stimuli_background: autoDraw = False
93.5854 	DATA 	Mouse:  Left button up, pos=(1172,617)
93.7299 	EXP 	Sound feedback_sound reached end of file
93.7323 	EXP 	New trial (rep=0, index=20): OrderedDict([('stim_time', 0.017), ('inter_stim_time', 1), ('x_pos', -0.25), ('y_pos', 0.25), ('stim_event', 1)])
93.7374 	EXP 	inter_stim_text: autoDraw = True
94.7423 	EXP 	inter_stim_text: autoDraw = False
94.7423 	EXP 	inter_stim_text: autoDraw = False
94.7423 	EXP 	vSAT_square: pos = array([-0.25,  0.25])
94.7423 	EXP 	vSAT_square: autoDraw = True
94.7631 	EXP 	vSAT_square: autoDraw = False
94.7631 	EXP 	vSAT_square: autoDraw = False
94.7631 	EXP 	delay_text: autoDraw = True
94.8672 	EXP 	Sound response_cue_sound started
94.8669 	EXP 	delay_text: autoDraw = False
95.3102 	EXP 	Sound response_cue_sound reached end of file
95.3143 	EXP 	stimuli_background: autoDraw = True
95.6732 	DATA 	Mouse: Left button down, pos=(1172,617)
95.6796 	EXP 	Sound feedback_sound started
95.6824 	EXP 	stimuli_background: autoDraw = False
95.9181 	DATA 	Mouse:  Left button up, pos=(1172,617)
96.1901 	EXP 	Sound feedback_sound reached end of file
96.1921 	EXP 	New trial (rep=0, index=21): OrderedDict([('stim_time', 0.017), ('inter_stim_time', 2), ('x_pos', 0.25), ('y_pos', -0.25), ('stim_event', 1)])
96.1959 	EXP 	inter_stim_text: autoDraw = True
98.1999 	EXP 	inter_stim_text: autoDraw = False
98.1999 	EXP 	inter_stim_text: autoDraw = False
98.1999 	EXP 	vSAT_square: pos = array([ 0.25, -0.25])
98.1999 	EXP 	vSAT_square: autoDraw = True
98.2207 	EXP 	vSAT_square: autoDraw = False
98.2207 	EXP 	vSAT_square: autoDraw = False
98.2207 	EXP 	delay_text: autoDraw = True
98.3247 	EXP 	Sound response_cue_sound started
98.3248 	EXP 	delay_text: autoDraw = False
98.7602 	EXP 	Sound response_cue_sound reached end of file
98.7655 	EXP 	stimuli_background: autoDraw = True
99.0754 	DATA 	Mouse: Left button down, pos=(1172,617)
99.0819 	EXP 	Sound feedback_sound started
99.0854 	EXP 	stimuli_background: autoDraw = False
99.2997 	DATA 	Mouse:  Left button up, pos=(1172,617)
99.5905 	EXP 	Sound feedback_sound stopped
99.5932 	EXP 	New trial (rep=0, index=22): OrderedDict([('stim_time', 0.05), ('inter_stim_time', 3), ('x_pos', -0.25), ('y_pos', -0.25), ('stim_event', 0)])
99.5986 	EXP 	inter_stim_text: autoDraw = True
102.6019 	EXP 	inter_stim_text: autoDraw = False
102.6019 	EXP 	inter_stim_text: autoDraw = False
102.6019 	EXP 	vSAT_square: pos = array([-0.25, -0.25])
102.6019 	EXP 	vSAT_square: autoDraw = True
102.6572 	EXP 	vSAT_square: autoDraw = False
102.6572 	EXP 	vSAT_square: autoDraw = False
102.6572 	EXP 	delay_text: autoDraw = True
102.7615 	EXP 	Sound response_cue_sound started
102.7615 	EXP 	delay_text: autoDraw = False
103.2001 	EXP 	Sound response_cue_sound reached end of file
103.2039 	EXP 	stimuli_background: autoDraw = True
103.4314 	DATA 	Mouse: Right button down, pos=(1172,617)
103.4422 	EXP 	Sound feedback_sound started
103.4449 	EXP 	stimuli_background: autoDraw = False
103.6666 	DATA 	Mouse:  Right button up, pos=(1172,617)
103.9501 	EXP 	Sound feedback_sound stopped
103.9526 	EXP 	New trial (rep=0, index=23): OrderedDict([('stim_time', 0.028999999999999998), ('inter_stim_time', 2), ('x_pos', -0.25), ('y_pos', -0.25), ('stim_event', 0)])
103.9576 	EXP 	inter_stim_text: autoDraw = True
105.9622 	EXP 	inter_stim_text: autoDraw = False
105.9622 	EXP 	inter_stim_text: autoDraw = False
105.9622 	EXP 	vSAT_square: pos = array([-0.25, -0.25])
105.9622 	EXP 	vSAT_square: autoDraw = True
105.9970 	EXP 	vSAT_square: autoDraw = False
105.9970 	EXP 	vSAT_square: autoDraw = False
105.9970 	EXP 	delay_text: autoDraw = True
106.1011 	EXP 	Sound response_cue_sound started
106.1011 	EXP 	delay_text: autoDraw = False
106.5404 	EXP 	Sound response_cue_sound reached end of file
106.5447 	EXP 	stimuli_background: autoDraw = True
106.8234 	DATA 	Mouse: Right button down, pos=(1172,617)
106.8300 	EXP 	Sound feedback_sound started
106.8307 	EXP 	stimuli_background: autoDraw = False
107.1372 	DATA 	Mouse:  Right button up, pos=(1172,617)
107.3404 	EXP 	Sound feedback_sound reached end of file
107.3433 	EXP 	New trial (rep=0, index=24): OrderedDict([('stim_time', 0.028999999999999998), ('inter_stim_time', 3), ('x_pos', 0.25), ('y_pos', 0.25), ('stim_event', 0)])
107.3488 	EXP 	inter_stim_text: autoDraw = True
110.3502 	EXP 	inter_stim_text: autoDraw = False
110.3502 	EXP 	inter_stim_text: autoDraw = False
110.3502 	EXP 	vSAT_square: pos = array([0.25, 0.25])
110.3502 	EXP 	vSAT_square: autoDraw = True
110.3778 	EXP 	vSAT_square: autoDraw = False
110.3778 	EXP 	vSAT_square: autoDraw = False
110.3778 	EXP 	delay_text: autoDraw = True
110.4821 	EXP 	Sound response_cue_sound started
110.4821 	EXP 	delay_text: autoDraw = False
110.9199 	EXP 	Sound response_cue_sound reached end of file
110.9245 	EXP 	stimuli_background: autoDraw = True
111.5589 	DATA 	Mouse: Right button down, pos=(1172,617)
111.5723 	EXP 	Sound feedback_sound started
111.5691 	EXP 	stimuli_background: autoDraw = False
111.8874 	DATA 	Mouse:  Right button up, pos=(1172,617)
112.0805 	EXP 	Sound feedback_sound reached end of file
112.0811 	EXP 	New trial (rep=0, index=25): OrderedDict([('stim_time', 0.017), ('inter_stim_time', 2), ('x_pos', -0.25), ('y_pos', -0.25), ('stim_event', 0)])
112.0861 	EXP 	inter_stim_text: autoDraw = True
114.0856 	EXP 	inter_stim_text: autoDraw = False
114.0856 	EXP 	inter_stim_text: autoDraw = False
114.0856 	EXP 	vSAT_square: pos = array([-0.25, -0.25])
114.0856 	EXP 	vSAT_square: autoDraw = True
114.1066 	EXP 	vSAT_square: autoDraw = False
114.1066 	EXP 	vSAT_square: autoDraw = False
114.1066 	EXP 	delay_text: autoDraw = True
114.2105 	EXP 	Sound response_cue_sound started
114.2105 	EXP 	delay_text: autoDraw = False
114.6505 	EXP 	Sound response_cue_sound reached end of file
114.6550 	EXP 	stimuli_background: autoDraw = True
116.1407 	EXP 	Sound feedback_sound started
116.1418 	EXP 	stimuli_background: autoDraw = False
116.6507 	EXP 	Sound feedback_sound reached end of file
116.6534 	EXP 	New trial (rep=0, index=26): OrderedDict([('stim_time', 0.017), ('inter_stim_time', 1), ('x_pos', -0.25), ('y_pos', -0.25), ('stim_event', 1)])
116.6587 	EXP 	inter_stim_text: autoDraw = True
117.6614 	EXP 	inter_stim_text: autoDraw = False
117.6614 	EXP 	inter_stim_text: autoDraw = False
117.6614 	EXP 	vSAT_square: pos = array([-0.25, -0.25])
117.6614 	EXP 	vSAT_square: autoDraw = True
117.6821 	EXP 	vSAT_square: autoDraw = False
117.6821 	EXP 	vSAT_square: autoDraw = False
117.6821 	EXP 	delay_text: autoDraw = True
117.7862 	EXP 	Sound response_cue_sound started
117.7862 	EXP 	delay_text: autoDraw = False
118.2202 	EXP 	Sound response_cue_sound reached end of file
118.2257 	EXP 	stimuli_background: autoDraw = True
119.7165 	EXP 	Sound feedback_sound started
119.7175 	EXP 	stimuli_background: autoDraw = False
120.2199 	EXP 	Sound feedback_sound stopped
120.2218 	EXP 	New trial (rep=0, index=27): OrderedDict([('stim_time', 0.017), ('inter_stim_time', 1), ('x_pos', 0.0), ('y_pos', 0.0), ('stim_event', 0)])
120.2270 	EXP 	inter_stim_text: autoDraw = True
121.2302 	EXP 	inter_stim_text: autoDraw = False
121.2302 	EXP 	inter_stim_text: autoDraw = False
121.2302 	EXP 	vSAT_square: pos = array([0., 0.])
121.2302 	EXP 	vSAT_square: autoDraw = True
121.2510 	EXP 	vSAT_square: autoDraw = False
121.2510 	EXP 	vSAT_square: autoDraw = False
121.2510 	EXP 	delay_text: autoDraw = True
121.3551 	EXP 	Sound response_cue_sound started
121.3551 	EXP 	delay_text: autoDraw = False
121.7899 	EXP 	Sound response_cue_sound reached end of file
121.7955 	EXP 	stimuli_background: autoDraw = True
122.1560 	DATA 	Mouse: Right button down, pos=(1172,617)
122.1673 	EXP 	Sound feedback_sound started
122.1678 	EXP 	stimuli_background: autoDraw = False
122.5100 	DATA 	Mouse:  Right button up, pos=(1172,617)
122.6800 	EXP 	Sound feedback_sound reached end of file
122.6824 	EXP 	New trial (rep=0, index=28): OrderedDict([('stim_time', 0.017), ('inter_stim_time', 1), ('x_pos', -0.25), ('y_pos', 0.25), ('stim_event', 1)])
122.6879 	EXP 	inter_stim_text: autoDraw = True
123.6879 	EXP 	inter_stim_text: autoDraw = False
123.6879 	EXP 	inter_stim_text: autoDraw = False
123.6879 	EXP 	vSAT_square: pos = array([-0.25,  0.25])
123.6879 	EXP 	vSAT_square: autoDraw = True
123.7087 	EXP 	vSAT_square: autoDraw = False
123.7087 	EXP 	vSAT_square: autoDraw = False
123.7087 	EXP 	delay_text: autoDraw = True
123.8129 	EXP 	Sound response_cue_sound started
123.8128 	EXP 	delay_text: autoDraw = False
124.2497 	EXP 	Sound response_cue_sound reached end of file
124.2540 	EXP 	stimuli_background: autoDraw = True
124.6604 	DATA 	Mouse: Left button down, pos=(1172,617)
124.6669 	EXP 	Sound feedback_sound started
124.6698 	EXP 	stimuli_background: autoDraw = False
124.9820 	DATA 	Mouse:  Left button up, pos=(1172,617)
125.1802 	EXP 	Sound feedback_sound stopped
125.1825 	EXP 	New trial (rep=0, index=29): OrderedDict([('stim_time', 0.05), ('inter_stim_time', 1), ('x_pos', 0.25), ('y_pos', -0.25), ('stim_event', 0)])
125.1875 	EXP 	inter_stim_text: autoDraw = True
126.1874 	EXP 	inter_stim_text: autoDraw = False
126.1874 	EXP 	inter_stim_text: autoDraw = False
126.1874 	EXP 	vSAT_square: pos = array([ 0.25, -0.25])
126.1874 	EXP 	vSAT_square: autoDraw = True
126.2430 	EXP 	vSAT_square: autoDraw = False
126.2430 	EXP 	vSAT_square: autoDraw = False
126.2430 	EXP 	delay_text: autoDraw = True
126.3472 	EXP 	Sound response_cue_sound started
126.3471 	EXP 	delay_text: autoDraw = False
126.7901 	EXP 	Sound response_cue_sound reached end of file
126.7939 	EXP 	stimuli_background: autoDraw = True
127.2017 	DATA 	Mouse: Left button down, pos=(1172,617)
127.2082 	EXP 	Sound feedback_sound started
127.2114 	EXP 	stimuli_background: autoDraw = False
127.5023 	DATA 	Mouse:  Left button up, pos=(1172,617)
127.7204 	EXP 	Sound feedback_sound reached end of file
127.7233 	EXP 	New trial (rep=0, index=1): OrderedDict([('task_order', 'SAT2')])
127.7501 	EXP 	experiment_SAT_text: autoDraw = True
127.7501 	EXP 	experiment_vSAT_text: autoDraw = True
131.8239 	DATA 	Keypress: space
131.8392 	EXP 	Imported SAT_conditions\SAT_stims-16444508531539993.csv as conditions, 30 conditions, 3 params
131.8395 	EXP 	Created sequence: sequential, trialTypes=30, nReps=1, seed=None
131.8397 	EXP 	New trial (rep=0, index=0): OrderedDict([('stim_time', 0.028999999999999998), ('inter_stim_time', 1), ('stim_event', 1)])
131.8434 	EXP 	experiment_SAT_text: autoDraw = False
131.8434 	EXP 	experiment_vSAT_text: autoDraw = False
131.8434 	EXP 	inter_stim_text: autoDraw = True
132.8459 	EXP 	inter_stim_text: autoDraw = False
132.8459 	EXP 	inter_stim_text: autoDraw = False
132.8459 	EXP 	vSAT_square: pos = array([ 0.25, -0.25])
132.8459 	EXP 	vSAT_square: autoDraw = True
132.8806 	EXP 	vSAT_square: autoDraw = False
132.8806 	EXP 	vSAT_square: autoDraw = False
132.8806 	EXP 	delay_text: autoDraw = True
132.9848 	EXP 	Sound response_cue_sound started
132.9847 	EXP 	delay_text: autoDraw = False
133.4203 	EXP 	Sound response_cue_sound reached end of file
133.4260 	EXP 	stimuli_background: autoDraw = True
133.8115 	DATA 	Mouse: Left button down, pos=(1172,617)
133.8249 	EXP 	Sound feedback_sound started
133.8231 	EXP 	stimuli_background: autoDraw = False
134.0008 	DATA 	Mouse:  Left button up, pos=(1172,617)
134.3303 	EXP 	Sound feedback_sound reached end of file
134.3331 	EXP 	New trial (rep=0, index=1): OrderedDict([('stim_time', 0.028999999999999998), ('inter_stim_time', 3), ('stim_event', 0)])
134.3380 	EXP 	inter_stim_text: autoDraw = True
137.3382 	EXP 	inter_stim_text: autoDraw = False
137.3382 	EXP 	inter_stim_text: autoDraw = False
137.3382 	EXP 	vSAT_square: pos = array([ 0.25, -0.25])
137.3382 	EXP 	vSAT_square: autoDraw = True
137.3726 	EXP 	vSAT_square: autoDraw = False
137.3726 	EXP 	vSAT_square: autoDraw = False
137.3726 	EXP 	delay_text: autoDraw = True
137.4770 	EXP 	Sound response_cue_sound started
137.4768 	EXP 	delay_text: autoDraw = False
137.9202 	EXP 	Sound response_cue_sound reached end of file
137.9236 	EXP 	stimuli_background: autoDraw = True
138.4494 	DATA 	Mouse: Left button down, pos=(1172,617)
138.4559 	EXP 	Sound feedback_sound started
138.4588 	EXP 	stimuli_background: autoDraw = False
138.7017 	DATA 	Mouse:  Left button up, pos=(1172,617)
138.9609 	EXP 	Sound feedback_sound stopped
138.9636 	EXP 	New trial (rep=0, index=2): OrderedDict([('stim_time', 0.05), ('inter_stim_time', 2), ('stim_event', 1)])
138.9690 	EXP 	inter_stim_text: autoDraw = True
140.9693 	EXP 	inter_stim_text: autoDraw = False
140.9693 	EXP 	inter_stim_text: autoDraw = False
140.9693 	EXP 	vSAT_square: pos = array([ 0.25, -0.25])
140.9693 	EXP 	vSAT_square: autoDraw = True
141.0247 	EXP 	vSAT_square: autoDraw = False
141.0247 	EXP 	vSAT_square: autoDraw = False
141.0247 	EXP 	delay_text: autoDraw = True
141.1289 	EXP 	Sound response_cue_sound started
141.1289 	EXP 	delay_text: autoDraw = False
141.5700 	EXP 	Sound response_cue_sound reached end of file
141.5745 	EXP 	stimuli_background: autoDraw = True
142.2639 	DATA 	Keypress: escape
145.0493 	EXP 	window1: mouseVisible = True
