9.3941 	EXP 	Created window1 = Window(allowGUI=False, allowStencil=False, autoLog=True, backendConf=UNKNOWN, bitsMode=UNKNOWN, blendMode='avg', bpc=(8, 8, 8), color=array([0, 0, 0]), colorSpace='rgb', depthBits=8, fullscr=<method-wrapper '__getattribute__' of attributeSetter object at 0x000001995B85A6A0>, gamma=None, gammaErrorPolicy='raise', lms=UNKNOWN, monitor=<psychopy.monitors.calibTools.Monitor object at 0x000001995B8D3B38>, multiSample=False, name='window1', numSamples=2, pos=[0.0, 0.0], screen=0, size=array([1920, 1080]), stencilBits=0, stereo=False, units='height', useFBO=True, useRetina=False, viewOri=0.0, viewPos=None, viewScale=None, waitBlanking=True, winType='pyglet')
9.3944 	EXP 	window1: mouseVisible = True
9.3945 	EXP 	window1: recordFrameIntervals = False
9.4630 	EXP 	window1: recordFrameIntervals = True
9.5396 	EXP 	window1: recordFrameIntervals = False
9.8928 	EXP 	Created go_instructions_text = TextStim(__class__=<class 'psychopy.visual.text.TextStim'>, alignHoriz=method-wrapper(...), alignText='center', alignVert=method-wrapper(...), anchorHoriz='center', anchorVert='center', antialias=True, autoLog=True, bold=False, color=array([1., 1., 1.]), colorSpace='rgb', contrast=1.0, depth=0.0, flipHoriz=False, flipVert=False, font='Open Sans', fontFiles=[], height=0.05, italic=False, languageStyle='LTR', name='go_instructions_text', opacity=1, ori=0.0, pos=array([0., 0.]), rgb=UNKNOWN, text=str(...), units='height', win=Window(...), wrapWidth=1)
9.8949 	EXP 	Created inter_stim_text = TextStim(__class__=<class 'psychopy.visual.text.TextStim'>, alignHoriz=method-wrapper(...), alignText='center', alignVert=method-wrapper(...), anchorHoriz='center', anchorVert='center', antialias=True, autoLog=True, bold=False, color=array([1., 1., 1.]), colorSpace='rgb', contrast=1.0, depth=0.0, flipHoriz=False, flipVert=False, font='Open Sans', fontFiles=[], height=0.1, italic=False, languageStyle='LTR', name='inter_stim_text', opacity=1, ori=0.0, pos=array([0., 0.]), rgb=UNKNOWN, text='', units='height', win=Window(...), wrapWidth=1)
9.8961 	EXP 	Created go_trial_text = TextStim(__class__=<class 'psychopy.visual.text.TextStim'>, alignHoriz=method-wrapper(...), alignText='center', alignVert=method-wrapper(...), anchorHoriz='center', anchorVert='center', antialias=True, autoLog=True, bold=False, color=array([1., 1., 1.]), colorSpace='rgb', contrast=1.0, depth=0.0, flipHoriz=False, flipVert=False, font='Open Sans', fontFiles=[], height=0.1, italic=False, languageStyle='LTR', name='go_trial_text', opacity=1, ori=0.0, pos=array([0., 0.]), rgb=UNKNOWN, text='', units='height', win=Window(...), wrapWidth=1)
9.9063 	EXP 	Created go_image = ImageStim(__class__=<class 'psychopy.visual.image.ImageStim'>, autoLog=True, color=array([1., 1., 1.]), colorSpace='rgb', contrast=1.0, depth=-2.0, flipHoriz=False, flipVert=False, image='sin', interpolate=True, mask=None, maskParams=None, name='go_image', opacity=1, ori=0.0, pos=array([0., 0.]), size=array([0.85, 0.85]), texRes=128.0, units='height', win=Window(...))
9.9240 	EXP 	Created GNG_instructions_text = TextStim(__class__=<class 'psychopy.visual.text.TextStim'>, alignHoriz=method-wrapper(...), alignText='center', alignVert=method-wrapper(...), anchorHoriz='center', anchorVert='center', antialias=True, autoLog=True, bold=False, color=array([1., 1., 1.]), colorSpace='rgb', contrast=1.0, depth=0.0, flipHoriz=False, flipVert=False, font='Open Sans', fontFiles=[], height=0.05, italic=False, languageStyle='LTR', name='GNG_instructions_text', opacity=1, ori=0.0, pos=array([0., 0.]), rgb=UNKNOWN, text=str(...), units='height', win=Window(...), wrapWidth=1)
9.9253 	EXP 	Created inter_stim_text = TextStim(__class__=<class 'psychopy.visual.text.TextStim'>, alignHoriz=method-wrapper(...), alignText='center', alignVert=method-wrapper(...), anchorHoriz='center', anchorVert='center', antialias=True, autoLog=True, bold=False, color=array([1., 1., 1.]), colorSpace='rgb', contrast=1.0, depth=0.0, flipHoriz=False, flipVert=False, font='Open Sans', fontFiles=[], height=0.1, italic=False, languageStyle='LTR', name='inter_stim_text', opacity=1, ori=0.0, pos=array([0., 0.]), rgb=UNKNOWN, text='', units='height', win=Window(...), wrapWidth=1)
9.9493 	EXP 	Created sequence: sequential, trialTypes=1, nReps=2, seed=None
9.9495 	EXP 	New trial (rep=0, index=0): None
9.9597 	EXP 	go_instructions_text: autoDraw = True
14.9102 	DATA 	Keypress: space
14.9217 	EXP 	Imported affective_GNG_conditions\go_stims-16441849392857695.csv as conditions, 14 conditions, 2 params
14.9220 	EXP 	Created sequence: random, trialTypes=14, nReps=1, seed=None
14.9222 	EXP 	New trial (rep=0, index=0): OrderedDict([('go_stim', 'affective_go_stimuli\\puppy_28.jpg'), ('match', ['space'])])
14.9280 	EXP 	go_instructions_text: autoDraw = False
14.9280 	EXP 	inter_stim_text: autoDraw = True
20.9905 	EXP 	inter_stim_text: autoDraw = False
20.9905 	EXP 	inter_stim_text: autoDraw = False
20.9905 	EXP 	go_image: image = 'affective_go_stimuli\\puppy_28.jpg'
20.9905 	EXP 	go_trial_text: autoDraw = True
20.9905 	EXP 	go_image: autoDraw = True
21.4927 	EXP 	go_image: autoDraw = False
24.4328 	EXP 	New trial (rep=0, index=1): OrderedDict([('go_stim', 'affective_go_stimuli\\puppy_21.jpeg'), ('match', ['space'])])
24.4388 	EXP 	go_trial_text: autoDraw = False
24.4388 	EXP 	go_image: autoDraw = False
24.4388 	EXP 	inter_stim_text: autoDraw = True
31.4605 	EXP 	inter_stim_text: autoDraw = False
31.4605 	EXP 	inter_stim_text: autoDraw = False
31.4605 	EXP 	go_image: image = 'affective_go_stimuli\\puppy_21.jpeg'
31.4605 	EXP 	go_trial_text: autoDraw = True
31.4605 	EXP 	go_image: autoDraw = True
31.8926 	DATA 	Keypress: space
31.8989 	EXP 	New trial (rep=0, index=2): OrderedDict([('go_stim', 'affective_go_stimuli\\puppy_27.jpg'), ('match', ['space'])])
31.9052 	EXP 	go_trial_text: autoDraw = False
31.9052 	EXP 	go_image: autoDraw = False
31.9052 	EXP 	inter_stim_text: autoDraw = True
35.9176 	EXP 	inter_stim_text: autoDraw = False
35.9176 	EXP 	inter_stim_text: autoDraw = False
35.9176 	EXP 	go_image: image = 'affective_go_stimuli\\puppy_27.jpg'
35.9176 	EXP 	go_trial_text: autoDraw = True
35.9176 	EXP 	go_image: autoDraw = True
36.2972 	EXP 	New trial (rep=0, index=3): OrderedDict([('go_stim', 'affective_go_stimuli\\puppy_23.jpeg'), ('match', ['space'])])
36.3014 	DATA 	Keypress: space
36.3027 	EXP 	go_trial_text: autoDraw = False
36.3027 	EXP 	go_image: autoDraw = False
36.3027 	EXP 	inter_stim_text: autoDraw = True
40.3258 	EXP 	inter_stim_text: autoDraw = False
40.3258 	EXP 	inter_stim_text: autoDraw = False
40.3258 	EXP 	go_image: image = 'affective_go_stimuli\\puppy_23.jpeg'
40.3258 	EXP 	go_trial_text: autoDraw = True
40.3258 	EXP 	go_image: autoDraw = True
40.7361 	DATA 	Keypress: space
40.7427 	EXP 	New trial (rep=0, index=4): OrderedDict([('go_stim', 'affective_go_stimuli\\puppy_22.jpeg'), ('match', ['space'])])
40.7481 	EXP 	go_trial_text: autoDraw = False
40.7481 	EXP 	go_image: autoDraw = False
40.7481 	EXP 	inter_stim_text: autoDraw = True
47.7683 	EXP 	inter_stim_text: autoDraw = False
47.7683 	EXP 	inter_stim_text: autoDraw = False
47.7683 	EXP 	go_image: image = 'affective_go_stimuli\\puppy_22.jpeg'
47.7683 	EXP 	go_trial_text: autoDraw = True
47.7683 	EXP 	go_image: autoDraw = True
48.2664 	EXP 	go_image: autoDraw = False
48.2947 	EXP 	New trial (rep=0, index=5): OrderedDict([('go_stim', 'affective_go_stimuli\\puppy_12.jpeg'), ('match', ['space'])])
48.2999 	DATA 	Keypress: space
48.3013 	EXP 	go_trial_text: autoDraw = False
48.3013 	EXP 	go_image: autoDraw = False
48.3013 	EXP 	inter_stim_text: autoDraw = True
55.3175 	EXP 	inter_stim_text: autoDraw = False
55.3175 	EXP 	inter_stim_text: autoDraw = False
55.3175 	EXP 	go_image: image = 'affective_go_stimuli\\puppy_12.jpeg'
55.3175 	EXP 	go_trial_text: autoDraw = True
55.3175 	EXP 	go_image: autoDraw = True
55.8160 	EXP 	go_image: autoDraw = False
55.8885 	DATA 	Keypress: space
55.8952 	EXP 	New trial (rep=0, index=6): OrderedDict([('go_stim', 'affective_go_stimuli\\puppy_29.jpg'), ('match', ['space'])])
55.9007 	EXP 	go_trial_text: autoDraw = False
55.9007 	EXP 	go_image: autoDraw = False
55.9007 	EXP 	inter_stim_text: autoDraw = True
60.9290 	EXP 	inter_stim_text: autoDraw = False
60.9290 	EXP 	inter_stim_text: autoDraw = False
60.9290 	EXP 	go_image: image = 'affective_go_stimuli\\puppy_29.jpg'
60.9290 	EXP 	go_trial_text: autoDraw = True
60.9290 	EXP 	go_image: autoDraw = True
61.1807 	EXP 	New trial (rep=0, index=7): OrderedDict([('go_stim', 'affective_go_stimuli\\puppy_5.jpg'), ('match', ['space'])])
61.1849 	DATA 	Keypress: space
61.1862 	EXP 	go_trial_text: autoDraw = False
61.1862 	EXP 	go_image: autoDraw = False
61.1862 	EXP 	inter_stim_text: autoDraw = True
66.2306 	EXP 	inter_stim_text: autoDraw = False
66.2306 	EXP 	inter_stim_text: autoDraw = False
66.2306 	EXP 	go_image: image = 'affective_go_stimuli\\puppy_5.jpg'
66.2306 	EXP 	go_trial_text: autoDraw = True
66.2306 	EXP 	go_image: autoDraw = True
66.5691 	EXP 	New trial (rep=0, index=8): OrderedDict([('go_stim', 'affective_go_stimuli\\puppy_9.jpg'), ('match', ['space'])])
66.5743 	DATA 	Keypress: space
66.5757 	EXP 	go_trial_text: autoDraw = False
66.5757 	EXP 	go_image: autoDraw = False
66.5757 	EXP 	inter_stim_text: autoDraw = True
72.5963 	EXP 	inter_stim_text: autoDraw = False
72.5963 	EXP 	inter_stim_text: autoDraw = False
72.5963 	EXP 	go_image: image = 'affective_go_stimuli\\puppy_9.jpg'
72.5963 	EXP 	go_trial_text: autoDraw = True
72.5963 	EXP 	go_image: autoDraw = True
72.8494 	DATA 	Keypress: space
72.8559 	EXP 	New trial (rep=0, index=9): OrderedDict([('go_stim', 'affective_go_stimuli\\puppy_14.jpeg'), ('match', ['space'])])
72.8612 	EXP 	go_trial_text: autoDraw = False
72.8612 	EXP 	go_image: autoDraw = False
72.8612 	EXP 	inter_stim_text: autoDraw = True
77.8746 	EXP 	inter_stim_text: autoDraw = False
77.8746 	EXP 	inter_stim_text: autoDraw = False
77.8746 	EXP 	go_image: image = 'affective_go_stimuli\\puppy_14.jpeg'
77.8746 	EXP 	go_trial_text: autoDraw = True
77.8746 	EXP 	go_image: autoDraw = True
78.2451 	EXP 	New trial (rep=0, index=10): OrderedDict([('go_stim', 'affective_go_stimuli\\puppy_19.jpeg'), ('match', ['space'])])
78.2494 	DATA 	Keypress: space
78.2508 	EXP 	go_trial_text: autoDraw = False
78.2508 	EXP 	go_image: autoDraw = False
78.2508 	EXP 	inter_stim_text: autoDraw = True
83.2736 	EXP 	inter_stim_text: autoDraw = False
83.2736 	EXP 	inter_stim_text: autoDraw = False
83.2736 	EXP 	go_image: image = 'affective_go_stimuli\\puppy_19.jpeg'
83.2736 	EXP 	go_trial_text: autoDraw = True
83.2736 	EXP 	go_image: autoDraw = True
83.5726 	DATA 	Keypress: space
83.5791 	EXP 	New trial (rep=0, index=11): OrderedDict([('go_stim', 'affective_go_stimuli\\puppy_6.jpg'), ('match', ['space'])])
83.5845 	EXP 	go_trial_text: autoDraw = False
83.5845 	EXP 	go_image: autoDraw = False
83.5845 	EXP 	inter_stim_text: autoDraw = True
90.6005 	EXP 	inter_stim_text: autoDraw = False
90.6005 	EXP 	inter_stim_text: autoDraw = False
90.6005 	EXP 	go_image: image = 'affective_go_stimuli\\puppy_6.jpg'
90.6005 	EXP 	go_trial_text: autoDraw = True
90.6005 	EXP 	go_image: autoDraw = True
90.9118 	EXP 	New trial (rep=0, index=12): OrderedDict([('go_stim', 'affective_go_stimuli\\puppy_7.jpg'), ('match', ['space'])])
90.9161 	DATA 	Keypress: space
90.9174 	EXP 	go_trial_text: autoDraw = False
90.9174 	EXP 	go_image: autoDraw = False
90.9174 	EXP 	inter_stim_text: autoDraw = True
96.9288 	EXP 	inter_stim_text: autoDraw = False
96.9288 	EXP 	inter_stim_text: autoDraw = False
96.9288 	EXP 	go_image: image = 'affective_go_stimuli\\puppy_7.jpg'
96.9288 	EXP 	go_trial_text: autoDraw = True
96.9288 	EXP 	go_image: autoDraw = True
97.2755 	EXP 	New trial (rep=0, index=13): OrderedDict([('go_stim', 'affective_go_stimuli\\puppy_17.jpeg'), ('match', ['space'])])
97.2798 	DATA 	Keypress: space
97.2811 	EXP 	go_trial_text: autoDraw = False
97.2811 	EXP 	go_image: autoDraw = False
97.2811 	EXP 	inter_stim_text: autoDraw = True
103.3080 	EXP 	inter_stim_text: autoDraw = False
103.3080 	EXP 	inter_stim_text: autoDraw = False
103.3080 	EXP 	go_image: image = 'affective_go_stimuli\\puppy_17.jpeg'
103.3080 	EXP 	go_trial_text: autoDraw = True
103.3080 	EXP 	go_image: autoDraw = True
103.6886 	DATA 	Keypress: space
103.6996 	EXP 	go_trial_text: autoDraw = False
103.6996 	EXP 	go_image: autoDraw = False
103.6996 	EXP 	GNG_instructions_text: autoDraw = True
111.9929 	EXP 	Imported affective_GNG_conditions\GNG_stims-16441849393956008.csv as conditions, 14 conditions, 2 params
111.9932 	EXP 	Created sequence: random, trialTypes=14, nReps=1, seed=None
111.9934 	EXP 	New trial (rep=0, index=0): OrderedDict([('GNG_stim', 'affective_no_go_stimuli\\spider_10.jpeg'), ('match', None)])
111.9982 	DATA 	Keypress: space
111.9995 	EXP 	GNG_instructions_text: autoDraw = False
111.9995 	EXP 	inter_stim_text: autoDraw = True
118.9995 	EXP 	New trial (rep=0, index=1): OrderedDict([('GNG_stim', 'affective_no_go_stimuli\\spider_11.jpeg'), ('match', None)])
119.0050 	EXP 	inter_stim_text: autoDraw = False
119.0050 	EXP 	inter_stim_text: autoDraw = False
119.0050 	EXP 	inter_stim_text: autoDraw = True
125.0052 	EXP 	New trial (rep=0, index=2): OrderedDict([('GNG_stim', 'affective_no_go_stimuli\\spider_29.jpg'), ('match', None)])
125.0108 	EXP 	inter_stim_text: autoDraw = False
125.0108 	EXP 	inter_stim_text: autoDraw = False
125.0108 	EXP 	inter_stim_text: autoDraw = True
129.0113 	EXP 	New trial (rep=0, index=3): OrderedDict([('GNG_stim', 'affective_no_go_stimuli\\spider_17.jpeg'), ('match', None)])
129.0172 	EXP 	inter_stim_text: autoDraw = False
129.0172 	EXP 	inter_stim_text: autoDraw = False
129.0172 	EXP 	inter_stim_text: autoDraw = True
136.0170 	EXP 	New trial (rep=0, index=4): OrderedDict([('GNG_stim', 'affective_go_stimuli\\puppy_29.jpg'), ('match', ['space'])])
136.0226 	EXP 	inter_stim_text: autoDraw = False
136.0226 	EXP 	inter_stim_text: autoDraw = False
136.0226 	EXP 	inter_stim_text: autoDraw = True
137.3361 	DATA 	Keypress: space
138.2324 	DATA 	Keypress: space
138.6414 	DATA 	Keypress: space
140.2320 	DATA 	Keypress: escape
142.6168 	EXP 	window1: mouseVisible = True
