8.1963 	EXP 	Created window1 = Window(allowGUI=False, allowStencil=False, autoLog=True, backendConf=UNKNOWN, bitsMode=UNKNOWN, blendMode='avg', bpc=(8, 8, 8), color=array([0, 0, 0]), colorSpace='rgb', depthBits=8, fullscr=<method-wrapper '__getattribute__' of attributeSetter object at 0x0000018AAB477A20>, gamma=None, gammaErrorPolicy='raise', lms=UNKNOWN, monitor=<psychopy.monitors.calibTools.Monitor object at 0x0000018AAB4F4E80>, multiSample=False, name='window1', numSamples=2, pos=[0.0, 0.0], screen=0, size=array([1920, 1080]), stencilBits=0, stereo=False, units='height', useFBO=True, useRetina=False, viewOri=0.0, viewPos=None, viewScale=None, waitBlanking=True, winType='pyglet')
8.1966 	EXP 	window1: mouseVisible = True
8.1967 	EXP 	window1: recordFrameIntervals = False
8.2649 	EXP 	window1: recordFrameIntervals = True
8.3413 	EXP 	window1: recordFrameIntervals = False
8.7010 	EXP 	Created go_instructions_text = TextStim(__class__=<class 'psychopy.visual.text.TextStim'>, alignHoriz=method-wrapper(...), alignText='center', alignVert=method-wrapper(...), anchorHoriz='center', anchorVert='center', antialias=True, autoLog=True, bold=False, color=array([1., 1., 1.]), colorSpace='rgb', contrast=1.0, depth=0.0, flipHoriz=False, flipVert=False, font='Open Sans', fontFiles=[], height=0.1, italic=False, languageStyle='LTR', name='go_instructions_text', opacity=1, ori=0.0, pos=array([0., 0.]), rgb=UNKNOWN, text=str(...), units='height', win=Window(...), wrapWidth=1)
8.7024 	EXP 	Created inter_stim_text = TextStim(__class__=<class 'psychopy.visual.text.TextStim'>, alignHoriz=method-wrapper(...), alignText='center', alignVert=method-wrapper(...), anchorHoriz='center', anchorVert='center', antialias=True, autoLog=True, bold=False, color=array([1., 1., 1.]), colorSpace='rgb', contrast=1.0, depth=0.0, flipHoriz=False, flipVert=False, font='Open Sans', fontFiles=[], height=0.1, italic=False, languageStyle='LTR', name='inter_stim_text', opacity=1, ori=0.0, pos=array([0., 0.]), rgb=UNKNOWN, text='', units='height', win=Window(...), wrapWidth=1)
8.7124 	EXP 	Created go_image = ImageStim(__class__=<class 'psychopy.visual.image.ImageStim'>, autoLog=True, color=array([1., 1., 1.]), colorSpace='rgb', contrast=1.0, depth=0.0, flipHoriz=False, flipVert=False, image='sin', interpolate=True, mask=None, maskParams=None, name='go_image', opacity=1, ori=0.0, pos=array([0., 0.]), size=array([0.5, 0.5]), texRes=128.0, units='height', win=Window(...))
8.7138 	EXP 	Created response_interval_text = TextStim(__class__=<class 'psychopy.visual.text.TextStim'>, alignHoriz=method-wrapper(...), alignText='center', alignVert=method-wrapper(...), anchorHoriz='center', anchorVert='center', antialias=True, autoLog=True, bold=False, color=array([1., 1., 1.]), colorSpace='rgb', contrast=1.0, depth=0.0, flipHoriz=False, flipVert=False, font='Open Sans', fontFiles=[], height=0.1, italic=False, languageStyle='LTR', name='response_interval_text', opacity=1, ori=0.0, pos=array([0., 0.]), rgb=UNKNOWN, text='', units='height', win=Window(...), wrapWidth=1)
8.7374 	EXP 	Created GNG_instructions_text = TextStim(__class__=<class 'psychopy.visual.text.TextStim'>, alignHoriz=method-wrapper(...), alignText='center', alignVert=method-wrapper(...), anchorHoriz='center', anchorVert='center', antialias=True, autoLog=True, bold=False, color=array([1., 1., 1.]), colorSpace='rgb', contrast=1.0, depth=0.0, flipHoriz=False, flipVert=False, font='Open Sans', fontFiles=[], height=0.1, italic=False, languageStyle='LTR', name='GNG_instructions_text', opacity=1, ori=0.0, pos=array([0., 0.]), rgb=UNKNOWN, text=str(...), units='height', win=Window(...), wrapWidth=1)
8.7387 	EXP 	Created inter_stim_text = TextStim(__class__=<class 'psychopy.visual.text.TextStim'>, alignHoriz=method-wrapper(...), alignText='center', alignVert=method-wrapper(...), anchorHoriz='center', anchorVert='center', antialias=True, autoLog=True, bold=False, color=array([1., 1., 1.]), colorSpace='rgb', contrast=1.0, depth=0.0, flipHoriz=False, flipVert=False, font='Open Sans', fontFiles=[], height=0.1, italic=False, languageStyle='LTR', name='inter_stim_text', opacity=1, ori=0.0, pos=array([0., 0.]), rgb=UNKNOWN, text='', units='height', win=Window(...), wrapWidth=1)
8.7416 	EXP 	Created GNG_image = ImageStim(__class__=<class 'psychopy.visual.image.ImageStim'>, autoLog=True, color=array([1., 1., 1.]), colorSpace='rgb', contrast=1.0, depth=0.0, flipHoriz=False, flipVert=False, image='sin', interpolate=True, mask=None, maskParams=None, name='GNG_image', opacity=1, ori=0.0, pos=array([0., 0.]), size=array([0.5, 0.5]), texRes=128.0, units='height', win=Window(...))
8.7429 	EXP 	Created response_interval_text = TextStim(__class__=<class 'psychopy.visual.text.TextStim'>, alignHoriz=method-wrapper(...), alignText='center', alignVert=method-wrapper(...), anchorHoriz='center', anchorVert='center', antialias=True, autoLog=True, bold=False, color=array([1., 1., 1.]), colorSpace='rgb', contrast=1.0, depth=0.0, flipHoriz=False, flipVert=False, font='Open Sans', fontFiles=[], height=0.1, italic=False, languageStyle='LTR', name='response_interval_text', opacity=1, ori=0.0, pos=array([0., 0.]), rgb=UNKNOWN, text='', units='height', win=Window(...), wrapWidth=1)
8.7680 	EXP 	Created sequence: sequential, trialTypes=1, nReps=2, seed=None
8.7682 	EXP 	New trial (rep=0, index=0): None
8.7793 	EXP 	go_instructions_text: autoDraw = True
9.6015 	EXP 	Imported affective_GNG_conditions\go_stims-16441849392857695.csv as conditions, 14 conditions, 2 params
9.6018 	EXP 	Created sequence: random, trialTypes=14, nReps=1, seed=None
9.6020 	EXP 	New trial (rep=0, index=0): OrderedDict([('go_stim', 'affective_go_stimuli\\puppy_12.jpeg'), ('match', ['space'])])
9.6066 	DATA 	Keypress: space
9.6079 	EXP 	go_instructions_text: autoDraw = False
9.6079 	EXP 	inter_stim_text: autoDraw = True
15.6635 	EXP 	inter_stim_text: autoDraw = False
15.6635 	EXP 	inter_stim_text: autoDraw = False
15.6635 	EXP 	go_image: image = 'affective_go_stimuli\\puppy_12.jpeg'
15.6635 	EXP 	go_image: autoDraw = True
16.1175 	EXP 	go_image: autoDraw = False
16.1175 	EXP 	response_interval_text: autoDraw = True
19.1110 	EXP 	New trial (rep=0, index=1): OrderedDict([('go_stim', 'affective_go_stimuli\\puppy_14.jpeg'), ('match', ['space'])])
19.1170 	EXP 	response_interval_text: autoDraw = False
19.1170 	EXP 	inter_stim_text: autoDraw = True
26.1408 	EXP 	inter_stim_text: autoDraw = False
26.1408 	EXP 	inter_stim_text: autoDraw = False
26.1408 	EXP 	go_image: image = 'affective_go_stimuli\\puppy_14.jpeg'
26.1408 	EXP 	go_image: autoDraw = True
26.6294 	EXP 	go_image: autoDraw = False
26.6294 	EXP 	response_interval_text: autoDraw = True
28.0647 	DATA 	Keypress: escape
30.3125 	EXP 	window1: mouseVisible = True
