18.5476 	WARNING 	User requested fullscreen with size [1024  768], but screen is actually [1920, 1080]. Using actual size
22.3626 	EXP 	Created window1 = Window(allowGUI=False, allowStencil=False, autoLog=True, backendConf=UNKNOWN, bitsMode=UNKNOWN, blendMode='avg', bpc=(8, 8, 8), color=array([0, 0, 0]), colorSpace='rgb', depthBits=8, fullscr=<method-wrapper '__getattribute__' of attributeSetter object at 0x0000019A1059DE80>, gamma=None, gammaErrorPolicy='raise', lms=UNKNOWN, monitor=<psychopy.monitors.calibTools.Monitor object at 0x0000019A10650320>, multiSample=False, name='window1', numSamples=2, pos=[0.0, 0.0], screen=0, size=array([1920, 1080]), stencilBits=0, stereo=False, units='height', useFBO=True, useRetina=False, viewOri=0.0, viewPos=None, viewScale=None, waitBlanking=True, winType='pyglet')
22.3629 	EXP 	window1: mouseVisible = True
22.3629 	EXP 	window1: recordFrameIntervals = False
22.4314 	EXP 	window1: recordFrameIntervals = True
22.5081 	EXP 	window1: recordFrameIntervals = False
22.8863 	EXP 	Created instructions1_text = TextStim(__class__=<class 'psychopy.visual.text.TextStim'>, alignHoriz=method-wrapper(...), alignText='center', alignVert=method-wrapper(...), anchorHoriz='center', anchorVert='center', antialias=True, autoLog=True, bold=False, color=array([1., 1., 1.]), colorSpace='rgb', contrast=1.0, depth=0.0, flipHoriz=False, flipVert=False, font='Open Sans', fontFiles=[], height=0.1, italic=False, languageStyle='LTR', name='instructions1_text', opacity=1, ori=0.0, pos=array([0., 0.]), rgb=UNKNOWN, text=str(...), units='height', win=Window(...), wrapWidth=1)
23.0018 	EXP 	Created catchme_clip = MovieStim3(__class__=<class 'psychopy.visual.movie3.MovieStim3'>, autoLog=True, color=UNKNOWN, colorSpace=UNKNOWN, depth=0.0, filename='video_clips/video_1.mp4', flipHoriz=False, flipVert=False, fps=UNKNOWN, interpolate=True, loop=False, name='catchme_clip', noAudio=False, opacity=1, ori=method-wrapper(...), pos=array([0., 0.]), size=method-wrapper(...), units='pix', vframe_callback=UNKNOWN, volume=UNKNOWN, win=Window(...))
23.1718 	EXP 	Created details1_text = TextStim(__class__=<class 'psychopy.visual.text.TextStim'>, alignHoriz=method-wrapper(...), alignText='center', alignVert=method-wrapper(...), anchorHoriz='center', anchorVert='center', antialias=True, autoLog=True, bold=False, color=array([1., 1., 1.]), colorSpace='rgb', contrast=1.0, depth=0.0, flipHoriz=False, flipVert=False, font='Open Sans', fontFiles=[], height=0.1, italic=False, languageStyle='LTR', name='details1_text', opacity=1, ori=0.0, pos=array([0., 0.]), rgb=UNKNOWN, text=str(...), units='height', win=Window(...), wrapWidth=1)
23.1851 	EXP 	Created instructions2_text = TextStim(__class__=<class 'psychopy.visual.text.TextStim'>, alignHoriz=method-wrapper(...), alignText='center', alignVert=method-wrapper(...), anchorHoriz='center', anchorVert='center', antialias=True, autoLog=True, bold=False, color=array([1., 1., 1.]), colorSpace='rgb', contrast=1.0, depth=0.0, flipHoriz=False, flipVert=False, font='Open Sans', fontFiles=[], height=0.1, italic=False, languageStyle='LTR', name='instructions2_text', opacity=1, ori=0.0, pos=array([0., 0.]), rgb=UNKNOWN, text=str(...), units='height', win=Window(...), wrapWidth=1)
23.1853 	EXP 	Created sherlock_clip = MovieStim3(__class__=<class 'psychopy.visual.movie3.MovieStim3'>, autoLog=True, color=UNKNOWN, colorSpace=UNKNOWN, depth=0.0, filename='video_clips/video_2.mp4', flipHoriz=False, flipVert=False, fps=UNKNOWN, interpolate=True, loop=False, name='sherlock_clip', noAudio=False, opacity=1, ori=method-wrapper(...), pos=array([0., 0.]), size=method-wrapper(...), units='pix', vframe_callback=UNKNOWN, volume=UNKNOWN, win=Window(...))
23.3212 	EXP 	Created details2_text = TextStim(__class__=<class 'psychopy.visual.text.TextStim'>, alignHoriz=method-wrapper(...), alignText='center', alignVert=method-wrapper(...), anchorHoriz='center', anchorVert='center', antialias=True, autoLog=True, bold=False, color=array([1., 1., 1.]), colorSpace='rgb', contrast=1.0, depth=0.0, flipHoriz=False, flipVert=False, font='Open Sans', fontFiles=[], height=0.1, italic=False, languageStyle='LTR', name='details2_text', opacity=1, ori=0.0, pos=array([0., 0.]), rgb=UNKNOWN, text=str(...), units='height', win=Window(...), wrapWidth=1)
23.3518 	EXP 	catchme_clip: autoLog = True
23.3518 	EXP 	catchme_clip: movie = 'video_clips/video_1.mp4'
23.3518 	EXP 	catchme_clip: size = array([1920., 1080.])
23.3518 	EXP 	catchme_clip: ori = 0.0
23.3518 	EXP 	sherlock_clip: autoLog = True
23.3518 	EXP 	sherlock_clip: movie = 'video_clips/video_2.mp4'
23.3518 	EXP 	sherlock_clip: size = array([1920., 1080.])
23.3518 	EXP 	sherlock_clip: ori = 0.0
23.3518 	EXP 	instructions1_text: autoDraw = True
25.2104 	DATA 	Keypress: space
25.2143 	EXP 	instructions1_text: autoDraw = False
25.2143 	EXP 	catchme_clip: autoDraw = True
39.8802 	EXP 	Set catchme_clip finished
39.8885 	EXP 	catchme_clip: autoDraw = False
39.8885 	EXP 	details1_text: autoDraw = True
41.3462 	DATA 	Keypress: space
41.3481 	EXP 	details1_text: autoDraw = False
41.3481 	EXP 	instructions2_text: autoDraw = True
41.9317 	DATA 	Keypress: space
41.9437 	EXP 	instructions2_text: autoDraw = False
41.9437 	EXP 	sherlock_clip: autoDraw = True
43.4560 	DATA 	Keypress: space
56.3454 	EXP 	Set sherlock_clip finished
56.3543 	EXP 	sherlock_clip: autoDraw = False
56.3543 	EXP 	details2_text: autoDraw = True
63.8038 	DATA 	Keypress: space
63.8119 	EXP 	details2_text: autoDraw = False
65.9983 	EXP 	window1: mouseVisible = True
