4.8567 	WARNING 	User requested fullscreen with size [1024  768], but screen is actually [1920, 1080]. Using actual size
8.7208 	EXP 	Created window1 = Window(allowGUI=False, allowStencil=False, autoLog=True, backendConf=UNKNOWN, bitsMode=UNKNOWN, blendMode='avg', bpc=(8, 8, 8), color=array([0, 0, 0]), colorSpace='rgb', depthBits=8, fullscr=<method-wrapper '__getattribute__' of attributeSetter object at 0x0000024E3153CEF0>, gamma=None, gammaErrorPolicy='raise', lms=UNKNOWN, monitor=<psychopy.monitors.calibTools.Monitor object at 0x0000024E315F03C8>, multiSample=False, name='window1', numSamples=2, pos=[0.0, 0.0], screen=0, size=array([1920, 1080]), stencilBits=0, stereo=False, units='height', useFBO=True, useRetina=False, viewOri=0.0, viewPos=None, viewScale=None, waitBlanking=True, winType='pyglet')
8.7211 	EXP 	window1: mouseVisible = True
8.7211 	EXP 	window1: recordFrameIntervals = False
8.7896 	EXP 	window1: recordFrameIntervals = True
8.8663 	EXP 	window1: recordFrameIntervals = False
9.2528 	EXP 	Created instructions1_text = TextStim(__class__=<class 'psychopy.visual.text.TextStim'>, alignHoriz=method-wrapper(...), alignText='center', alignVert=method-wrapper(...), anchorHoriz='center', anchorVert='center', antialias=True, autoLog=True, bold=False, color=array([1., 1., 1.]), colorSpace='rgb', contrast=1.0, depth=0.0, flipHoriz=False, flipVert=False, font='Open Sans', fontFiles=[], height=0.1, italic=False, languageStyle='LTR', name='instructions1_text', opacity=1, ori=0.0, pos=array([0., 0.]), rgb=UNKNOWN, text=str(...), units='height', win=Window(...), wrapWidth=1)
9.3656 	EXP 	Created catchme_clip = MovieStim3(__class__=<class 'psychopy.visual.movie3.MovieStim3'>, autoLog=True, color=UNKNOWN, colorSpace=UNKNOWN, depth=0.0, filename='video_clips/video_1.mp4', flipHoriz=False, flipVert=False, fps=UNKNOWN, interpolate=True, loop=False, name='catchme_clip', noAudio=False, opacity=1, ori=method-wrapper(...), pos=array([0., 0.]), size=method-wrapper(...), units='pix', vframe_callback=UNKNOWN, volume=UNKNOWN, win=Window(...))
9.5331 	EXP 	Created details1_text = TextStim(__class__=<class 'psychopy.visual.text.TextStim'>, alignHoriz=method-wrapper(...), alignText='center', alignVert=method-wrapper(...), anchorHoriz='center', anchorVert='center', antialias=True, autoLog=True, bold=False, color=array([1., 1., 1.]), colorSpace='rgb', contrast=1.0, depth=0.0, flipHoriz=False, flipVert=False, font='Open Sans', fontFiles=[], height=0.1, italic=False, languageStyle='LTR', name='details1_text', opacity=1, ori=0.0, pos=array([0., 0.]), rgb=UNKNOWN, text=str(...), units='height', win=Window(...), wrapWidth=1)
9.5463 	EXP 	Created instructions2_text = TextStim(__class__=<class 'psychopy.visual.text.TextStim'>, alignHoriz=method-wrapper(...), alignText='center', alignVert=method-wrapper(...), anchorHoriz='center', anchorVert='center', antialias=True, autoLog=True, bold=False, color=array([1., 1., 1.]), colorSpace='rgb', contrast=1.0, depth=0.0, flipHoriz=False, flipVert=False, font='Open Sans', fontFiles=[], height=0.1, italic=False, languageStyle='LTR', name='instructions2_text', opacity=1, ori=0.0, pos=array([0., 0.]), rgb=UNKNOWN, text=str(...), units='height', win=Window(...), wrapWidth=1)
9.5465 	EXP 	Created sherlock_clip = MovieStim3(__class__=<class 'psychopy.visual.movie3.MovieStim3'>, autoLog=True, color=UNKNOWN, colorSpace=UNKNOWN, depth=0.0, filename='video_clips/video_2.mp4', flipHoriz=False, flipVert=False, fps=UNKNOWN, interpolate=True, loop=False, name='sherlock_clip', noAudio=False, opacity=1, ori=method-wrapper(...), pos=array([0., 0.]), size=method-wrapper(...), units='pix', vframe_callback=UNKNOWN, volume=UNKNOWN, win=Window(...))
10.2895 	EXP 	Created details2_text = TextStim(__class__=<class 'psychopy.visual.text.TextStim'>, alignHoriz=method-wrapper(...), alignText='center', alignVert=method-wrapper(...), anchorHoriz='center', anchorVert='center', antialias=True, autoLog=True, bold=False, color=array([1., 1., 1.]), colorSpace='rgb', contrast=1.0, depth=0.0, flipHoriz=False, flipVert=False, font='Open Sans', fontFiles=[], height=0.1, italic=False, languageStyle='LTR', name='details2_text', opacity=1, ori=0.0, pos=array([0., 0.]), rgb=UNKNOWN, text=str(...), units='height', win=Window(...), wrapWidth=1)
10.3265 	EXP 	catchme_clip: autoLog = True
10.3265 	EXP 	catchme_clip: movie = 'video_clips/video_1.mp4'
10.3265 	EXP 	catchme_clip: size = array([1920., 1080.])
10.3265 	EXP 	catchme_clip: ori = 0.0
10.3265 	EXP 	sherlock_clip: autoLog = True
10.3265 	EXP 	sherlock_clip: movie = 'video_clips/video_2.mp4'
10.3265 	EXP 	sherlock_clip: size = array([3840., 2160.])
10.3265 	EXP 	sherlock_clip: ori = 0.0
10.3265 	EXP 	instructions1_text: autoDraw = True
11.0357 	DATA 	Keypress: space
11.0402 	EXP 	instructions1_text: autoDraw = False
11.0402 	EXP 	catchme_clip: autoDraw = True
25.6967 	EXP 	Set catchme_clip finished
25.7044 	EXP 	catchme_clip: autoDraw = False
25.7044 	EXP 	details1_text: autoDraw = True
26.8260 	DATA 	Keypress: space
26.8378 	EXP 	details1_text: autoDraw = False
26.8378 	EXP 	instructions2_text: autoDraw = True
27.8662 	EXP 	Sound  started
27.8684 	DATA 	Keypress: space
27.8730 	EXP 	instructions2_text: autoDraw = False
27.8730 	EXP 	sherlock_clip: autoDraw = True
28.1040 	WARNING 	0.20443833334138617: Video catchup needed, advancing self._nextFrameT from 0.06673333333333334 to 0.10010000000000001
28.1040 	WARNING 	0.204470933356788: Video catchup needed, advancing self._nextFrameT from 0.10010000000000001 to 0.13346666666666668
28.1040 	WARNING 	0.20448763336753473: Video catchup needed, advancing self._nextFrameT from 0.13346666666666668 to 0.16683333333333333
28.3000 	WARNING 	0.40040863334434107: Video catchup needed, advancing self._nextFrameT from 0.2002 to 0.23356666666666664
28.3000 	WARNING 	0.4004451333312318: Video catchup needed, advancing self._nextFrameT from 0.23356666666666664 to 0.2669333333333333
28.3000 	WARNING 	0.40046273334883153: Video catchup needed, advancing self._nextFrameT from 0.2669333333333333 to 0.30029999999999996
28.3000 	WARNING 	0.4004795333603397: Video catchup needed, advancing self._nextFrameT from 0.30029999999999996 to 0.3336666666666666
28.3000 	WARNING 	0.40049573336727917: Video catchup needed, advancing self._nextFrameT from 0.3336666666666666 to 0.36703333333333327
28.5940 	WARNING 	0.6944707333459519: Video catchup needed, advancing self._nextFrameT from 0.4003999999999999 to 0.4337666666666666
28.5941 	WARNING 	0.6945075333351269: Video catchup needed, advancing self._nextFrameT from 0.4337666666666666 to 0.46713333333333323
28.5941 	WARNING 	Max reportNDroppedFrames reached, will not log any more dropped frames
36.2963 	DATA 	Keypress: escape
38.4923 	EXP 	window1: mouseVisible = True
