8.1153 	EXP 	Created window1 = Window(allowGUI=False, allowStencil=False, autoLog=True, backendConf=UNKNOWN, bitsMode=UNKNOWN, blendMode='avg', bpc=(8, 8, 8), color=array([0, 0, 0]), colorSpace='rgb', depthBits=8, fullscr=<method-wrapper '__getattribute__' of attributeSetter object at 0x000002048A556C50>, gamma=None, gammaErrorPolicy='raise', lms=UNKNOWN, monitor=<psychopy.monitors.calibTools.Monitor object at 0x000002048A5DB0F0>, multiSample=False, name='window1', numSamples=2, pos=[0.0, 0.0], screen=0, size=array([1920, 1080]), stencilBits=0, stereo=False, units='height', useFBO=True, useRetina=False, viewOri=0.0, viewPos=None, viewScale=None, waitBlanking=True, winType='pyglet')
8.1160 	EXP 	window1: mouseVisible = True
8.1160 	EXP 	window1: recordFrameIntervals = False
8.1840 	EXP 	window1: recordFrameIntervals = True
8.2606 	EXP 	window1: recordFrameIntervals = False
8.5116 	EXP 	UDP Sent: marker_value=0, marker_string=experiment_start
8.6615 	EXP 	Created initial_instructions_text = TextStim(__class__=<class 'psychopy.visual.text.TextStim'>, alignHoriz=method-wrapper(...), alignText='center', alignVert=method-wrapper(...), anchorHoriz='center', anchorVert='center', antialias=True, autoLog=True, bold=False, color=array([1., 1., 1.]), colorSpace='rgb', contrast=1.0, depth=0.0, flipHoriz=False, flipVert=False, font='Open Sans', fontFiles=[], height=0.05, italic=False, languageStyle='LTR', name='initial_instructions_text', opacity=1, ori=0.0, pos=array([0., 0.]), rgb=UNKNOWN, text=str(...), units='height', win=Window(...), wrapWidth=1)
8.6924 	EXP 	Created practice_instructions_text = TextStim(__class__=<class 'psychopy.visual.text.TextStim'>, alignHoriz=method-wrapper(...), alignText='center', alignVert=method-wrapper(...), anchorHoriz='center', anchorVert='center', antialias=True, autoLog=True, bold=False, color=array([1., 1., 1.]), colorSpace='rgb', contrast=1.0, depth=0.0, flipHoriz=False, flipVert=False, font='Open Sans', fontFiles=[], height=0.07, italic=False, languageStyle='LTR', name='practice_instructions_text', opacity=1, ori=0.0, pos=array([0., 0.]), rgb=UNKNOWN, text=str(...), units='height', win=Window(...), wrapWidth=1)
8.6954 	EXP 	Created practice_interval_plus = ShapeStim(__class__=<class 'psychopy.visual.shape.ShapeStim'>, autoDraw=False, autoLog=True, closeShape=True, color=method-wrapper(...), colorSpace='rgb', contrast=None, depth=0.0, fillColor=array([1, 1, 1]), fillColorSpace='rgb', fillRGB=array([1, 1, 1]), interpolate=True, lineColor=array([1., 1., 1.]), lineColorSpace='rgb', lineRGB=array([1, 1, 1]), lineWidth=1.0, name='practice_interval_plus', opacity=1, ori=0.0, pos=array([0., 0.]), size=array([0.25, 0.25]), units='height', vertices=ndarray(...), win=Window(...), windingRule=None)
8.7093 	EXP 	Created practice_text = TextStim(__class__=<class 'psychopy.visual.text.TextStim'>, alignHoriz=method-wrapper(...), alignText='center', alignVert=method-wrapper(...), anchorHoriz='center', anchorVert='center', antialias=True, autoLog=True, bold=False, color=array([1., 1., 1.]), colorSpace='rgb', contrast=1.0, depth=0.0, flipHoriz=False, flipVert=False, font='Open Sans', fontFiles=[], height=0.1, italic=False, languageStyle='LTR', name='practice_text', opacity=1, ori=0.0, pos=array([0.  , 0.35]), rgb=UNKNOWN, text='Press key now!', units='height', win=Window(...), wrapWidth=1)
8.7113 	EXP 	Created practice_plus = ShapeStim(__class__=<class 'psychopy.visual.shape.ShapeStim'>, autoDraw=False, autoLog=True, closeShape=True, color=method-wrapper(...), colorSpace='rgb', contrast=None, depth=-1.0, fillColor=array([1, 1, 1]), fillColorSpace='rgb', fillRGB=array([1, 1, 1]), interpolate=True, lineColor=array([1., 1., 1.]), lineColorSpace='rgb', lineRGB=array([1, 1, 1]), lineWidth=1.0, name='practice_plus', opacity=1, ori=0.0, pos=array([0., 0.]), size=array([0.25, 0.25]), units='height', vertices=ndarray(...), win=Window(...), windingRule=None)
8.7118 	DEPRECATION 	'[0, 0, 0]' is not a valid rgb color
8.7158 	EXP 	Created practice_circle = ShapeStim(__class__=<class 'psychopy.visual.shape.ShapeStim'>, autoDraw=False, autoLog=True, closeShape=True, color=method-wrapper(...), colorSpace='rgb', contrast=None, depth=-2.0, fillColor=array([1, 1, 1]), fillColorSpace='rgb', fillRGB=array([1, 1, 1]), interpolate=True, lineColor=array([0., 0., 0.]), lineColorSpace='rgb', lineRGB=array([0, 0, 0]), lineWidth=1.0, name='practice_circle', opacity=0.5, ori=0.0, pos=array([0., 0.]), size=array([0.5, 0.5]), units='height', vertices=ndarray(...), win=Window(...), windingRule=None)
8.7400 	EXP 	Created finish_practice_text = TextStim(__class__=<class 'psychopy.visual.text.TextStim'>, alignHoriz=method-wrapper(...), alignText='center', alignVert=method-wrapper(...), anchorHoriz='center', anchorVert='center', antialias=True, autoLog=True, bold=False, color=array([1., 1., 1.]), colorSpace='rgb', contrast=1.0, depth=0.0, flipHoriz=False, flipVert=False, font='Open Sans', fontFiles=[], height=0.1, italic=False, languageStyle='LTR', name='finish_practice_text', opacity=1, ori=0.0, pos=array([0., 0.]), rgb=UNKNOWN, text=str(...), units='height', win=Window(...), wrapWidth=1)
8.7591 	EXP 	Created go_instructions_text = TextStim(__class__=<class 'psychopy.visual.text.TextStim'>, alignHoriz=method-wrapper(...), alignText='center', alignVert=method-wrapper(...), anchorHoriz='center', anchorVert='center', antialias=True, autoLog=True, bold=False, color=array([1., 1., 1.]), colorSpace='rgb', contrast=1.0, depth=0.0, flipHoriz=False, flipVert=False, font='Open Sans', fontFiles=[], height=0.05, italic=False, languageStyle='LTR', name='go_instructions_text', opacity=1, ori=0.0, pos=array([0., 0.]), rgb=UNKNOWN, text=str(...), units='height', win=Window(...), wrapWidth=1)
8.7592 	EXP 	UDP Sent: marker_value=4, marker_string=block_start
8.7613 	EXP 	Created inter_stim_plus = ShapeStim(__class__=<class 'psychopy.visual.shape.ShapeStim'>, autoDraw=False, autoLog=True, closeShape=True, color=method-wrapper(...), colorSpace='rgb', contrast=None, depth=-1.0, fillColor=array([1, 1, 1]), fillColorSpace='rgb', fillRGB=array([1, 1, 1]), interpolate=True, lineColor=array([1., 1., 1.]), lineColorSpace='rgb', lineRGB=array([1, 1, 1]), lineWidth=1.0, name='inter_stim_plus', opacity=1, ori=0.0, pos=array([0., 0.]), size=array([0.25, 0.25]), units='height', vertices=ndarray(...), win=Window(...), windingRule=None)
8.7632 	EXP 	Created go_plus = ShapeStim(__class__=<class 'psychopy.visual.shape.ShapeStim'>, autoDraw=False, autoLog=True, closeShape=True, color=method-wrapper(...), colorSpace='rgb', contrast=None, depth=-2.0, fillColor=array([1, 1, 1]), fillColorSpace='rgb', fillRGB=array([1, 1, 1]), interpolate=True, lineColor=array([1., 1., 1.]), lineColorSpace='rgb', lineRGB=array([1, 1, 1]), lineWidth=1.0, name='go_plus', opacity=1, ori=0.0, pos=array([0., 0.]), size=array([0.25, 0.25]), units='height', vertices=ndarray(...), win=Window(...), windingRule=None)
8.7637 	DEPRECATION 	'[0, 0, 0]' is not a valid rgb color
8.7675 	EXP 	Created go_circle = ShapeStim(__class__=<class 'psychopy.visual.shape.ShapeStim'>, autoDraw=False, autoLog=True, closeShape=True, color=method-wrapper(...), colorSpace='rgb', contrast=None, depth=-3.0, fillColor=array([1, 1, 1]), fillColorSpace='rgb', fillRGB=array([1, 1, 1]), interpolate=True, lineColor=array([0., 0., 0.]), lineColorSpace='rgb', lineRGB=array([0, 0, 0]), lineWidth=1.0, name='go_circle', opacity=0.5, ori=0.0, pos=array([0., 0.]), size=array([0.5, 0.5]), units='height', vertices=ndarray(...), win=Window(...), windingRule=None)
8.7961 	EXP 	Created GNG_instructions_text = TextStim(__class__=<class 'psychopy.visual.text.TextStim'>, alignHoriz=method-wrapper(...), alignText='center', alignVert=method-wrapper(...), anchorHoriz='center', anchorVert='center', antialias=True, autoLog=True, bold=False, color=array([1., 1., 1.]), colorSpace='rgb', contrast=1.0, depth=0.0, flipHoriz=False, flipVert=False, font='Open Sans', fontFiles=[], height=0.1, italic=False, languageStyle='LTR', name='GNG_instructions_text', opacity=1, ori=0.0, pos=array([0., 0.]), rgb=UNKNOWN, text=str(...), units='height', win=Window(...), wrapWidth=1)
8.7963 	EXP 	UDP Sent: marker_value=4, marker_string=block_start
8.7984 	EXP 	Created inter_stim_plus = ShapeStim(__class__=<class 'psychopy.visual.shape.ShapeStim'>, autoDraw=False, autoLog=True, closeShape=True, color=method-wrapper(...), colorSpace='rgb', contrast=None, depth=-1.0, fillColor=array([1, 1, 1]), fillColorSpace='rgb', fillRGB=array([1, 1, 1]), interpolate=True, lineColor=array([1., 1., 1.]), lineColorSpace='rgb', lineRGB=array([1, 1, 1]), lineWidth=1.0, name='inter_stim_plus', opacity=1, ori=0.0, pos=array([0., 0.]), size=array([0.25, 0.25]), units='height', vertices=ndarray(...), win=Window(...), windingRule=None)
8.8005 	EXP 	Created GNG_plus = ShapeStim(__class__=<class 'psychopy.visual.shape.ShapeStim'>, autoDraw=False, autoLog=True, closeShape=True, color=method-wrapper(...), colorSpace='rgb', contrast=None, depth=-2.0, fillColor=array([1, 1, 1]), fillColorSpace='rgb', fillRGB=array([1, 1, 1]), interpolate=True, lineColor=array([1., 1., 1.]), lineColorSpace='rgb', lineRGB=array([1, 1, 1]), lineWidth=1.0, name='GNG_plus', opacity=1, ori=0.0, pos=array([0., 0.]), size=array([0.25, 0.25]), units='height', vertices=ndarray(...), win=Window(...), windingRule=None)
8.8009 	DEPRECATION 	'[0, 0, 0]' is not a valid rgb color
8.8048 	EXP 	Created GNG_circle = ShapeStim(__class__=<class 'psychopy.visual.shape.ShapeStim'>, autoDraw=False, autoLog=True, closeShape=True, color=method-wrapper(...), colorSpace='rgb', contrast=None, depth=-3.0, fillColor=array([1, 1, 1]), fillColorSpace='rgb', fillRGB=array([1, 1, 1]), interpolate=True, lineColor=array([0., 0., 0.]), lineColorSpace='rgb', lineRGB=array([0, 0, 0]), lineWidth=1.0, name='GNG_circle', opacity=0.5, ori=0.0, pos=array([0., 0.]), size=array([0.5, 0.5]), units='height', vertices=ndarray(...), win=Window(...), windingRule=None)
8.8389 	EXP 	initial_instructions_text: autoDraw = True
9.4932 	DATA 	Keypress: space
9.4947 	EXP 	initial_instructions_text: autoDraw = False
9.4947 	EXP 	practice_instructions_text: autoDraw = True
10.4135 	EXP 	Imported C:\Users\zackg\OneDrive\Ayaz Lab\KernelFlow_PsychoPy\go_no_go\traditional_GNG\practice\practice_loop_count.csv as conditions, 3 conditions, 1 params
10.4138 	EXP 	Created sequence: sequential, trialTypes=3, nReps=1, seed=None
10.4140 	EXP 	New trial (rep=0, index=0): OrderedDict([('loop_count', 1)])
10.4167 	EXP 	Imported C:\Users\zackg\OneDrive\Ayaz Lab\KernelFlow_PsychoPy\go_no_go\traditional_GNG\practice\GNG_stims-16460847519378843.csv as conditions, 4 conditions, 3 params
10.4169 	EXP 	Created sequence: sequential, trialTypes=4, nReps=1, seed=None
10.4171 	EXP 	New trial (rep=0, index=0): OrderedDict([('inter_stim_interval', 6.0), ('GNG_stim', 'no_go'), ('match', 0)])
10.4220 	DATA 	Keypress: space
10.4232 	EXP 	practice_instructions_text: autoDraw = False
10.4232 	EXP 	practice_interval_plus: autoDraw = True
15.4263 	EXP 	practice_interval_plus: autoDraw = False
15.4263 	EXP 	practice_interval_plus: autoDraw = False
15.4263 	EXP 	practice_text: autoDraw = True
15.4263 	EXP 	practice_plus: autoDraw = True
15.4263 	EXP 	practice_circle: autoDraw = True
15.9319 	EXP 	practice_text: autoDraw = False
15.9319 	EXP 	practice_circle: autoDraw = False
18.4248 	EXP 	New trial (rep=0, index=1): OrderedDict([('inter_stim_interval', 5.5), ('GNG_stim', 'go'), ('match', 1)])
18.4314 	EXP 	practice_text: autoDraw = False
18.4314 	EXP 	practice_plus: autoDraw = False
18.4314 	EXP 	practice_circle: autoDraw = False
18.4314 	EXP 	practice_interval_plus: autoDraw = True
23.4307 	EXP 	practice_interval_plus: autoDraw = False
23.4307 	EXP 	practice_interval_plus: autoDraw = False
23.4307 	EXP 	practice_text: autoDraw = True
23.4307 	EXP 	practice_plus: autoDraw = True
23.4307 	EXP 	practice_circle: autoDraw = True
23.9303 	EXP 	practice_text: autoDraw = False
23.9303 	EXP 	practice_circle: autoDraw = False
26.4252 	EXP 	New trial (rep=0, index=2): OrderedDict([('inter_stim_interval', 4.0), ('GNG_stim', 'go'), ('match', 1)])
26.4307 	EXP 	practice_plus: autoDraw = False
26.4307 	EXP 	practice_text: autoDraw = False
26.4307 	EXP 	practice_plus: autoDraw = False
26.4307 	EXP 	practice_circle: autoDraw = False
26.4307 	EXP 	practice_interval_plus: autoDraw = True
31.4360 	EXP 	practice_interval_plus: autoDraw = False
31.4360 	EXP 	practice_text: autoDraw = True
31.4360 	EXP 	practice_plus: autoDraw = True
31.4360 	EXP 	practice_circle: autoDraw = True
31.9357 	EXP 	practice_text: autoDraw = False
31.9357 	EXP 	practice_circle: autoDraw = False
34.4286 	EXP 	New trial (rep=0, index=3): OrderedDict([('inter_stim_interval', 4.5), ('GNG_stim', 'no_go'), ('match', 0)])
34.4352 	EXP 	practice_text: autoDraw = False
34.4352 	EXP 	practice_plus: autoDraw = False
34.4352 	EXP 	practice_circle: autoDraw = False
34.4352 	EXP 	practice_interval_plus: autoDraw = True
39.4344 	EXP 	practice_interval_plus: autoDraw = False
39.4344 	EXP 	practice_interval_plus: autoDraw = False
39.4344 	EXP 	practice_text: autoDraw = True
39.4344 	EXP 	practice_plus: autoDraw = True
39.4344 	EXP 	practice_circle: autoDraw = True
39.9342 	EXP 	practice_text: autoDraw = False
39.9342 	EXP 	practice_circle: autoDraw = False
42.4367 	EXP 	practice_plus: autoDraw = False
42.4367 	EXP 	practice_text: autoDraw = False
42.4367 	EXP 	practice_plus: autoDraw = False
42.4367 	EXP 	practice_circle: autoDraw = False
42.4367 	EXP 	finish_practice_text: autoDraw = True
43.2231 	DATA 	Keypress: space
43.2297 	EXP 	UDP Sent: marker_value=3, marker_string=practice_end
43.2301 	EXP 	Created sequence: sequential, trialTypes=1, nReps=2, seed=None
43.2302 	EXP 	New trial (rep=0, index=0): None
43.2382 	EXP 	finish_practice_text: autoDraw = False
43.2382 	EXP 	go_instructions_text: autoDraw = True
43.9456 	DATA 	Keypress: space
43.9569 	EXP 	Imported traditional_GNG_conditions\go_stims-16460847517188866.csv as conditions, 20 conditions, 3 params
43.9572 	EXP 	Created sequence: sequential, trialTypes=20, nReps=1, seed=None
43.9574 	EXP 	New trial (rep=0, index=0): OrderedDict([('inter_stim_interval', 5.5), ('go_stim', 'go'), ('match', 1)])
43.9587 	EXP 	UDP Sent: marker_value=6, marker_string=trial_start
43.9625 	EXP 	go_instructions_text: autoDraw = False
43.9625 	EXP 	inter_stim_plus: autoDraw = True
49.4626 	EXP 	UDP Sent: marker_value=8, marker_string=stimuli_start
49.4673 	EXP 	inter_stim_plus: autoDraw = False
49.4673 	EXP 	inter_stim_plus: autoDraw = False
49.4673 	EXP 	go_plus: autoDraw = True
49.4673 	EXP 	go_circle: autoDraw = True
49.8116 	DATA 	Keypress: space
49.8177 	EXP 	UDP Sent: marker_value=9, marker_string=stimuli_end
52.5325 	EXP 	window1: mouseVisible = True
