7.2718 	EXP 	Created window1 = Window(allowGUI=False, allowStencil=False, autoLog=True, backendConf=UNKNOWN, bitsMode=UNKNOWN, blendMode='avg', bpc=(8, 8, 8), color=array([0, 0, 0]), colorSpace='rgb', depthBits=8, fullscr=<method-wrapper '__getattribute__' of attributeSetter object at 0x000002A7DA86A9B0>, gamma=None, gammaErrorPolicy='raise', lms=UNKNOWN, monitor=<psychopy.monitors.calibTools.Monitor object at 0x000002A7DA8EC6D8>, multiSample=False, name='window1', numSamples=2, pos=[0.0, 0.0], screen=0, size=array([1920, 1080]), stencilBits=0, stereo=False, units='height', useFBO=True, useRetina=False, viewOri=0.0, viewPos=None, viewScale=None, waitBlanking=True, winType='pyglet')
7.2723 	EXP 	window1: mouseVisible = True
7.2724 	EXP 	window1: recordFrameIntervals = False
7.3409 	EXP 	window1: recordFrameIntervals = True
7.4174 	EXP 	window1: recordFrameIntervals = False
7.7347 	EXP 	UDP Sent: marker_value=51, marker_string=n_back_start
7.8683 	EXP 	Created instructions_text = TextStim(__class__=<class 'psychopy.visual.text.TextStim'>, alignHoriz=method-wrapper(...), alignText='center', alignVert=method-wrapper(...), anchorHoriz='center', anchorVert='center', antialias=True, autoLog=True, bold=False, color=array([1., 1., 1.]), colorSpace='rgb', contrast=1.0, depth=0.0, flipHoriz=False, flipVert=False, font='Open Sans', fontFiles=[], height=0.1, italic=False, languageStyle='LTR', name='instructions_text', opacity=1, ori=0.0, pos=array([0., 0.]), rgb=UNKNOWN, text=str(...), units='height', win=Window(...), wrapWidth=1)
7.8701 	EXP 	Created exp_zero_back_text = TextStim(__class__=<class 'psychopy.visual.text.TextStim'>, alignHoriz=method-wrapper(...), alignText='center', alignVert=method-wrapper(...), anchorHoriz='center', anchorVert='center', antialias=True, autoLog=True, bold=False, color=array([1., 1., 1.]), colorSpace='rgb', contrast=1.0, depth=0.0, flipHoriz=False, flipVert=False, font='Open Sans', fontFiles=[], height=0.05, italic=False, languageStyle='LTR', name='exp_zero_back_text', opacity=1.0, ori=0.0, pos=array([0., 0.]), rgb=UNKNOWN, text='', units='height', win=Window(...), wrapWidth=1)
7.9003 	EXP 	Created exp_one_back_text = TextStim(__class__=<class 'psychopy.visual.text.TextStim'>, alignHoriz=method-wrapper(...), alignText='center', alignVert=method-wrapper(...), anchorHoriz='center', anchorVert='center', antialias=True, autoLog=True, bold=False, color=array([1., 1., 1.]), colorSpace='rgb', contrast=1.0, depth=-1.0, flipHoriz=False, flipVert=False, font='Open Sans', fontFiles=[], height=0.05, italic=False, languageStyle='LTR', name='exp_one_back_text', opacity=1.0, ori=0.0, pos=array([0., 0.]), rgb=UNKNOWN, text=str(...), units='height', win=Window(...), wrapWidth=1)
7.9120 	EXP 	Created exp_two_back_text = TextStim(__class__=<class 'psychopy.visual.text.TextStim'>, alignHoriz=method-wrapper(...), alignText='center', alignVert=method-wrapper(...), anchorHoriz='center', anchorVert='center', antialias=True, autoLog=True, bold=False, color=array([1., 1., 1.]), colorSpace='rgb', contrast=1.0, depth=-2.0, flipHoriz=False, flipVert=False, font='Open Sans', fontFiles=[], height=0.05, italic=False, languageStyle='LTR', name='exp_two_back_text', opacity=1.0, ori=0.0, pos=array([0., 0.]), rgb=UNKNOWN, text=str(...), units='height', win=Window(...), wrapWidth=1)
7.9150 	EXP 	Created pause_cross = ShapeStim(__class__=<class 'psychopy.visual.shape.ShapeStim'>, autoDraw=False, autoLog=True, closeShape=True, color=method-wrapper(...), colorSpace='rgb', contrast=None, depth=0.0, fillColor=array([1, 1, 1]), fillColorSpace='rgb', fillRGB=array([1, 1, 1]), interpolate=True, lineColor=array([1., 1., 1.]), lineColorSpace='rgb', lineRGB=array([1, 1, 1]), lineWidth=1.0, name='pause_cross', opacity=1, ori=0.0, pos=array([0., 0.]), size=array([0.25, 0.25]), units='height', vertices=ndarray(...), win=Window(...), windingRule=None)
7.9168 	EXP 	Created stim_text = TextStim(__class__=<class 'psychopy.visual.text.TextStim'>, alignHoriz=method-wrapper(...), alignText='center', alignVert=method-wrapper(...), anchorHoriz='center', anchorVert='center', antialias=True, autoLog=True, bold=False, color=array([1., 1., 1.]), colorSpace='rgb', contrast=1.0, depth=0.0, flipHoriz=False, flipVert=False, font='Open Sans', fontFiles=[], height=0.3, italic=False, languageStyle='LTR', name='stim_text', opacity=1, ori=0.0, pos=array([0., 0.]), rgb=UNKNOWN, text='', units='height', win=Window(...), wrapWidth=1)
7.9188 	EXP 	Created stim_cross = ShapeStim(__class__=<class 'psychopy.visual.shape.ShapeStim'>, autoDraw=False, autoLog=True, closeShape=True, color=method-wrapper(...), colorSpace='rgb', contrast=None, depth=-2.0, fillColor=array([1, 1, 1]), fillColorSpace='rgb', fillRGB=array([1, 1, 1]), interpolate=True, lineColor=array([1., 1., 1.]), lineColorSpace='rgb', lineRGB=array([1, 1, 1]), lineWidth=1.0, name='stim_cross', opacity=1, ori=0.0, pos=array([0., 0.]), size=array([0.25, 0.25]), units='height', vertices=ndarray(...), win=Window(...), windingRule=None)
7.9529 	EXP 	instructions_text: autoDraw = True
8.4285 	DATA 	Keypress: space
8.4380 	EXP 	Imported C:\Users\zackg\OneDrive\Ayaz Lab\KernelFlow_PsychoPy\participants\participant_01\n_back\NB_TO-16498730087739527.csv as conditions, 9 conditions, 1 params
8.4384 	EXP 	Created sequence: sequential, trialTypes=9, nReps=1, seed=None
8.4386 	EXP 	New trial (rep=0, index=0): OrderedDict([('task_order', 'TB-16498730078193333.csv')])
8.4851 	EXP 	instructions_text: autoDraw = False
8.4851 	EXP 	exp_zero_back_text: text = 'This is a 0-back trial. \n\nPress RIGHT if the number is: .\nOtherwise, press LEFT. \n\nPress SPACE when you are ready to begin.'
8.4851 	EXP 	exp_zero_back_text: autoDraw = True
8.4851 	EXP 	exp_one_back_text: autoDraw = True
8.4851 	EXP 	exp_two_back_text: autoDraw = True
10.9795 	DATA 	Keypress: space
10.9896 	EXP 	exp_zero_back_text: autoDraw = False
10.9896 	EXP 	exp_one_back_text: autoDraw = False
10.9896 	EXP 	exp_two_back_text: autoDraw = False
10.9896 	EXP 	pause_cross: autoDraw = True
12.9907 	EXP 	Imported C:\Users\zackg\OneDrive\Ayaz Lab\KernelFlow_PsychoPy\participants\participant_01\n_back\n_back_conditions\TB-16498730078193333.csv as conditions, 20 conditions, 3 params
12.9910 	EXP 	Created sequence: sequential, trialTypes=20, nReps=1, seed=None
12.9912 	EXP 	New trial (rep=0, index=0): OrderedDict([('num_stim', 3), ('match', 0), ('corr_key', 'left')])
13.0496 	EXP 	pause_cross: autoDraw = False
13.0496 	EXP 	pause_cross: autoDraw = False
13.0496 	EXP 	stim_text: text = 3
13.0496 	EXP 	stim_text: autoDraw = True
13.5478 	EXP 	stim_cross: autoDraw = True
13.5546 	EXP 	stim_text: autoDraw = False
16.4924 	EXP 	New trial (rep=0, index=1): OrderedDict([('num_stim', 7), ('match', 0), ('corr_key', 'left')])
16.5017 	EXP 	stim_text: autoDraw = False
16.5017 	EXP 	stim_cross: autoDraw = False
16.5017 	EXP 	stim_text: text = 7
16.5017 	EXP 	stim_text: autoDraw = True
16.7674 	DATA 	Keypress: escape
18.0635 	EXP 	window1: mouseVisible = True
