16.5922 	EXP 	Created window1 = Window(allowGUI=False, allowStencil=False, autoLog=True, backendConf=UNKNOWN, bitsMode=UNKNOWN, blendMode='avg', bpc=(8, 8, 8), color=array([0, 0, 0]), colorSpace='rgb', depthBits=8, fullscr=<method-wrapper '__getattribute__' of attributeSetter object at 0x000001D853534E80>, gamma=None, gammaErrorPolicy='raise', lms=UNKNOWN, monitor=<psychopy.monitors.calibTools.Monitor object at 0x000001D8535C3BE0>, multiSample=False, name='window1', numSamples=2, pos=[0.0, 0.0], screen=0, size=array([1920, 1080]), stencilBits=0, stereo=False, units='height', useFBO=True, useRetina=False, viewOri=0.0, viewPos=None, viewScale=None, waitBlanking=True, winType='pyglet')
16.5924 	EXP 	window1: mouseVisible = True
16.5925 	EXP 	window1: recordFrameIntervals = False
16.6614 	EXP 	window1: recordFrameIntervals = True
16.7377 	EXP 	window1: recordFrameIntervals = False
17.0717 	EXP 	UDP Sent: marker_value=51, marker_string=n_back_start, timestamp=1650477533492978944
17.2053 	EXP 	Created instructions_text = TextStim(__class__=<class 'psychopy.visual.text.TextStim'>, alignHoriz=method-wrapper(...), alignText='center', alignVert=method-wrapper(...), anchorHoriz='center', anchorVert='center', antialias=True, autoLog=True, bold=False, color=array([1., 1., 1.]), colorSpace='rgb', contrast=1.0, depth=0.0, flipHoriz=False, flipVert=False, font='Open Sans', fontFiles=[], height=0.1, italic=False, languageStyle='LTR', name='instructions_text', opacity=1, ori=0.0, pos=array([0., 0.]), rgb=UNKNOWN, text=str(...), units='height', win=Window(...), wrapWidth=1)
17.2071 	EXP 	Created exp_zero_back_text = TextStim(__class__=<class 'psychopy.visual.text.TextStim'>, alignHoriz=method-wrapper(...), alignText='center', alignVert=method-wrapper(...), anchorHoriz='center', anchorVert='center', antialias=True, autoLog=True, bold=False, color=array([1., 1., 1.]), colorSpace='rgb', contrast=1.0, depth=0.0, flipHoriz=False, flipVert=False, font='Open Sans', fontFiles=[], height=0.05, italic=False, languageStyle='LTR', name='exp_zero_back_text', opacity=1.0, ori=0.0, pos=array([0., 0.]), rgb=UNKNOWN, text='', units='height', win=Window(...), wrapWidth=1)
17.2362 	EXP 	Created exp_one_back_text = TextStim(__class__=<class 'psychopy.visual.text.TextStim'>, alignHoriz=method-wrapper(...), alignText='center', alignVert=method-wrapper(...), anchorHoriz='center', anchorVert='center', antialias=True, autoLog=True, bold=False, color=array([1., 1., 1.]), colorSpace='rgb', contrast=1.0, depth=-1.0, flipHoriz=False, flipVert=False, font='Open Sans', fontFiles=[], height=0.05, italic=False, languageStyle='LTR', name='exp_one_back_text', opacity=1.0, ori=0.0, pos=array([0., 0.]), rgb=UNKNOWN, text=str(...), units='height', win=Window(...), wrapWidth=1)
17.2473 	EXP 	Created exp_two_back_text = TextStim(__class__=<class 'psychopy.visual.text.TextStim'>, alignHoriz=method-wrapper(...), alignText='center', alignVert=method-wrapper(...), anchorHoriz='center', anchorVert='center', antialias=True, autoLog=True, bold=False, color=array([1., 1., 1.]), colorSpace='rgb', contrast=1.0, depth=-2.0, flipHoriz=False, flipVert=False, font='Open Sans', fontFiles=[], height=0.05, italic=False, languageStyle='LTR', name='exp_two_back_text', opacity=1.0, ori=0.0, pos=array([0., 0.]), rgb=UNKNOWN, text=str(...), units='height', win=Window(...), wrapWidth=1)
17.2503 	EXP 	Created pause_cross = ShapeStim(__class__=<class 'psychopy.visual.shape.ShapeStim'>, autoDraw=False, autoLog=True, closeShape=True, color=method-wrapper(...), colorSpace='rgb', contrast=None, depth=0.0, fillColor=array([1, 1, 1]), fillColorSpace='rgb', fillRGB=array([1, 1, 1]), interpolate=True, lineColor=array([1., 1., 1.]), lineColorSpace='rgb', lineRGB=array([1, 1, 1]), lineWidth=1.0, name='pause_cross', opacity=1, ori=0.0, pos=array([0., 0.]), size=array([0.25, 0.25]), units='height', vertices=ndarray(...), win=Window(...), windingRule=None)
17.2520 	EXP 	Created stim_text = TextStim(__class__=<class 'psychopy.visual.text.TextStim'>, alignHoriz=method-wrapper(...), alignText='center', alignVert=method-wrapper(...), anchorHoriz='center', anchorVert='center', antialias=True, autoLog=True, bold=False, color=array([1., 1., 1.]), colorSpace='rgb', contrast=1.0, depth=0.0, flipHoriz=False, flipVert=False, font='Open Sans', fontFiles=[], height=0.3, italic=False, languageStyle='LTR', name='stim_text', opacity=1, ori=0.0, pos=array([0., 0.]), rgb=UNKNOWN, text='', units='height', win=Window(...), wrapWidth=1)
17.2540 	EXP 	Created stim_cross = ShapeStim(__class__=<class 'psychopy.visual.shape.ShapeStim'>, autoDraw=False, autoLog=True, closeShape=True, color=method-wrapper(...), colorSpace='rgb', contrast=None, depth=-2.0, fillColor=array([1, 1, 1]), fillColorSpace='rgb', fillRGB=array([1, 1, 1]), interpolate=True, lineColor=array([1., 1., 1.]), lineColorSpace='rgb', lineRGB=array([1, 1, 1]), lineWidth=1.0, name='stim_cross', opacity=1, ori=0.0, pos=array([0., 0.]), size=array([0.25, 0.25]), units='height', vertices=ndarray(...), win=Window(...), windingRule=None)
17.2913 	EXP 	instructions_text: autoDraw = True
17.8957 	DATA 	Keypress: space
17.9053 	EXP 	Imported C:\Users\zackg\OneDrive\Ayaz Lab\KernelFlow_PsychoPy\participants\participant_01\n_back\NB_TO-16502911150057838.csv as conditions, 9 conditions, 1 params
17.9056 	EXP 	Created sequence: sequential, trialTypes=9, nReps=1, seed=None
17.9058 	EXP 	New trial (rep=0, index=0): OrderedDict([('task_order', 'TB-16502911126407866.csv')])
17.9535 	EXP 	instructions_text: autoDraw = False
17.9535 	EXP 	exp_zero_back_text: text = 'This is a 0-back trial. \n\nPress RIGHT if the number is: .\nOtherwise, press LEFT. \n\nPress SPACE when you are ready to begin.'
17.9535 	EXP 	exp_zero_back_text: autoDraw = True
17.9535 	EXP 	exp_one_back_text: autoDraw = True
17.9535 	EXP 	exp_two_back_text: autoDraw = True
19.4711 	DATA 	Keypress: space
19.9540 	EXP 	exp_zero_back_text: autoDraw = False
19.9540 	EXP 	exp_one_back_text: autoDraw = False
19.9540 	EXP 	exp_two_back_text: autoDraw = False
19.9540 	EXP 	pause_cross: autoDraw = True
21.9560 	EXP 	Imported C:\Users\zackg\OneDrive\Ayaz Lab\KernelFlow_PsychoPy\participants\participant_01\n_back\n_back_conditions\TB-16502911126407866.csv as conditions, 20 conditions, 3 params
21.9563 	EXP 	Created sequence: sequential, trialTypes=20, nReps=1, seed=None
21.9565 	EXP 	New trial (rep=0, index=0): OrderedDict([('num_stim', 9), ('match', 0), ('corr_key', 'left')])
22.0078 	EXP 	pause_cross: autoDraw = False
22.0078 	EXP 	stim_text: text = 9
22.0078 	EXP 	stim_text: autoDraw = True
22.5002 	EXP 	stim_cross: autoDraw = True
22.5071 	EXP 	stim_text: autoDraw = False
25.4518 	EXP 	New trial (rep=0, index=1): OrderedDict([('num_stim', 9), ('match', 0), ('corr_key', 'left')])
25.4580 	EXP 	stim_text: autoDraw = False
25.4580 	EXP 	stim_cross: autoDraw = False
25.4580 	EXP 	stim_text: text = 9
25.4580 	EXP 	stim_text: autoDraw = True
25.9509 	EXP 	stim_cross: autoDraw = True
25.9578 	EXP 	stim_text: autoDraw = False
28.9503 	EXP 	stim_cross: autoDraw = False
28.9509 	EXP 	New trial (rep=0, index=2): OrderedDict([('num_stim', 9), ('match', 1), ('corr_key', 'right')])
28.9573 	EXP 	stim_text: autoDraw = False
28.9573 	EXP 	stim_cross: autoDraw = False
28.9573 	EXP 	stim_text: text = 9
28.9573 	EXP 	stim_text: autoDraw = True
29.4503 	EXP 	stim_cross: autoDraw = True
29.4571 	EXP 	stim_text: autoDraw = False
32.4497 	EXP 	stim_cross: autoDraw = False
32.4524 	EXP 	New trial (rep=0, index=3): OrderedDict([('num_stim', 5), ('match', 0), ('corr_key', 'left')])
32.4633 	EXP 	stim_text: autoDraw = False
32.4633 	EXP 	stim_cross: autoDraw = False
32.4633 	EXP 	stim_text: text = 5
32.4633 	EXP 	stim_text: autoDraw = True
32.8227 	DATA 	Keypress: escape
35.5620 	EXP 	window1: mouseVisible = True
