7.5653 	EXP 	Created window1 = Window(allowGUI=False, allowStencil=False, autoLog=True, backendConf=UNKNOWN, bitsMode=UNKNOWN, blendMode='avg', bpc=(8, 8, 8), color=array([0, 0, 0]), colorSpace='rgb', depthBits=8, fullscr=<method-wrapper '__getattribute__' of attributeSetter object at 0x0000013720A3A9B0>, gamma=None, gammaErrorPolicy='raise', lms=UNKNOWN, monitor=<psychopy.monitors.calibTools.Monitor object at 0x0000013720ABC6D8>, multiSample=False, name='window1', numSamples=2, pos=[0.0, 0.0], screen=0, size=array([1920, 1080]), stencilBits=0, stereo=False, units='height', useFBO=True, useRetina=False, viewOri=0.0, viewPos=None, viewScale=None, waitBlanking=True, winType='pyglet')
7.5657 	EXP 	window1: mouseVisible = True
7.5657 	EXP 	window1: recordFrameIntervals = False
7.6344 	EXP 	window1: recordFrameIntervals = True
7.7109 	EXP 	window1: recordFrameIntervals = False
8.0341 	EXP 	UDP Sent: marker_value=51, marker_string=n_back_start
8.1691 	EXP 	Created instructions_text = TextStim(__class__=<class 'psychopy.visual.text.TextStim'>, alignHoriz=method-wrapper(...), alignText='center', alignVert=method-wrapper(...), anchorHoriz='center', anchorVert='center', antialias=True, autoLog=True, bold=False, color=array([1., 1., 1.]), colorSpace='rgb', contrast=1.0, depth=0.0, flipHoriz=False, flipVert=False, font='Open Sans', fontFiles=[], height=0.1, italic=False, languageStyle='LTR', name='instructions_text', opacity=1, ori=0.0, pos=array([0., 0.]), rgb=UNKNOWN, text=str(...), units='height', win=Window(...), wrapWidth=1)
8.1709 	EXP 	Created exp_zero_back_text = TextStim(__class__=<class 'psychopy.visual.text.TextStim'>, alignHoriz=method-wrapper(...), alignText='center', alignVert=method-wrapper(...), anchorHoriz='center', anchorVert='center', antialias=True, autoLog=True, bold=False, color=array([1., 1., 1.]), colorSpace='rgb', contrast=1.0, depth=0.0, flipHoriz=False, flipVert=False, font='Open Sans', fontFiles=[], height=0.05, italic=False, languageStyle='LTR', name='exp_zero_back_text', opacity=1.0, ori=0.0, pos=array([0., 0.]), rgb=UNKNOWN, text='', units='height', win=Window(...), wrapWidth=1)
8.2009 	EXP 	Created exp_one_back_text = TextStim(__class__=<class 'psychopy.visual.text.TextStim'>, alignHoriz=method-wrapper(...), alignText='center', alignVert=method-wrapper(...), anchorHoriz='center', anchorVert='center', antialias=True, autoLog=True, bold=False, color=array([1., 1., 1.]), colorSpace='rgb', contrast=1.0, depth=-1.0, flipHoriz=False, flipVert=False, font='Open Sans', fontFiles=[], height=0.05, italic=False, languageStyle='LTR', name='exp_one_back_text', opacity=1.0, ori=0.0, pos=array([0., 0.]), rgb=UNKNOWN, text=str(...), units='height', win=Window(...), wrapWidth=1)
8.2128 	EXP 	Created exp_two_back_text = TextStim(__class__=<class 'psychopy.visual.text.TextStim'>, alignHoriz=method-wrapper(...), alignText='center', alignVert=method-wrapper(...), anchorHoriz='center', anchorVert='center', antialias=True, autoLog=True, bold=False, color=array([1., 1., 1.]), colorSpace='rgb', contrast=1.0, depth=-2.0, flipHoriz=False, flipVert=False, font='Open Sans', fontFiles=[], height=0.05, italic=False, languageStyle='LTR', name='exp_two_back_text', opacity=1.0, ori=0.0, pos=array([0., 0.]), rgb=UNKNOWN, text=str(...), units='height', win=Window(...), wrapWidth=1)
8.2159 	EXP 	Created pause_cross = ShapeStim(__class__=<class 'psychopy.visual.shape.ShapeStim'>, autoDraw=False, autoLog=True, closeShape=True, color=method-wrapper(...), colorSpace='rgb', contrast=None, depth=0.0, fillColor=array([1, 1, 1]), fillColorSpace='rgb', fillRGB=array([1, 1, 1]), interpolate=True, lineColor=array([1., 1., 1.]), lineColorSpace='rgb', lineRGB=array([1, 1, 1]), lineWidth=1.0, name='pause_cross', opacity=1, ori=0.0, pos=array([0., 0.]), size=array([0.25, 0.25]), units='height', vertices=ndarray(...), win=Window(...), windingRule=None)
8.2178 	EXP 	Created stim_text = TextStim(__class__=<class 'psychopy.visual.text.TextStim'>, alignHoriz=method-wrapper(...), alignText='center', alignVert=method-wrapper(...), anchorHoriz='center', anchorVert='center', antialias=True, autoLog=True, bold=False, color=array([1., 1., 1.]), colorSpace='rgb', contrast=1.0, depth=0.0, flipHoriz=False, flipVert=False, font='Open Sans', fontFiles=[], height=0.3, italic=False, languageStyle='LTR', name='stim_text', opacity=1, ori=0.0, pos=array([0., 0.]), rgb=UNKNOWN, text='', units='height', win=Window(...), wrapWidth=1)
8.2198 	EXP 	Created stim_cross = ShapeStim(__class__=<class 'psychopy.visual.shape.ShapeStim'>, autoDraw=False, autoLog=True, closeShape=True, color=method-wrapper(...), colorSpace='rgb', contrast=None, depth=-2.0, fillColor=array([1, 1, 1]), fillColorSpace='rgb', fillRGB=array([1, 1, 1]), interpolate=True, lineColor=array([1., 1., 1.]), lineColorSpace='rgb', lineRGB=array([1, 1, 1]), lineWidth=1.0, name='stim_cross', opacity=1, ori=0.0, pos=array([0., 0.]), size=array([0.25, 0.25]), units='height', vertices=ndarray(...), win=Window(...), windingRule=None)
8.2548 	EXP 	instructions_text: autoDraw = True
8.9447 	DATA 	Keypress: space
8.9542 	EXP 	Imported C:\Users\zackg\OneDrive\Ayaz Lab\KernelFlow_PsychoPy\participants\participant_01\n_back\NB_TO-16498730087739527.csv as conditions, 9 conditions, 1 params
8.9545 	EXP 	Created sequence: sequential, trialTypes=9, nReps=1, seed=None
8.9547 	EXP 	New trial (rep=0, index=0): OrderedDict([('task_order', 'TB-16498730078193333.csv')])
9.0010 	EXP 	instructions_text: autoDraw = False
9.0010 	EXP 	exp_zero_back_text: text = 'This is a 0-back trial. \n\nPress RIGHT if the number is: .\nOtherwise, press LEFT. \n\nPress SPACE when you are ready to begin.'
9.0010 	EXP 	exp_zero_back_text: autoDraw = True
9.0010 	EXP 	exp_one_back_text: autoDraw = True
9.0010 	EXP 	exp_two_back_text: autoDraw = True
9.8674 	DATA 	Keypress: space
11.0032 	EXP 	exp_zero_back_text: autoDraw = False
11.0032 	EXP 	exp_one_back_text: autoDraw = False
11.0032 	EXP 	exp_two_back_text: autoDraw = False
11.0032 	EXP 	pause_cross: autoDraw = True
13.0048 	EXP 	Imported C:\Users\zackg\OneDrive\Ayaz Lab\KernelFlow_PsychoPy\participants\participant_01\n_back\n_back_conditions\TB-16498730078193333.csv as conditions, 20 conditions, 3 params
13.0051 	EXP 	Created sequence: sequential, trialTypes=20, nReps=1, seed=None
13.0053 	EXP 	New trial (rep=0, index=0): OrderedDict([('num_stim', 3), ('match', 0), ('corr_key', 'left')])
13.0645 	EXP 	pause_cross: autoDraw = False
13.0645 	EXP 	stim_text: text = 3
13.0645 	EXP 	stim_text: autoDraw = True
13.5569 	EXP 	stim_cross: autoDraw = True
13.5637 	EXP 	stim_text: autoDraw = False
14.3397 	DATA 	Keypress: left
16.5016 	EXP 	New trial (rep=0, index=1): OrderedDict([('num_stim', 7), ('match', 0), ('corr_key', 'left')])
16.5115 	EXP 	stim_text: autoDraw = False
16.5115 	EXP 	stim_cross: autoDraw = False
16.5115 	EXP 	stim_text: text = 7
16.5115 	EXP 	stim_text: autoDraw = True
17.0076 	EXP 	stim_cross: autoDraw = True
17.0144 	EXP 	stim_text: autoDraw = False
17.6512 	DATA 	Keypress: left
20.0007 	EXP 	New trial (rep=0, index=2): OrderedDict([('num_stim', 2), ('match', 0), ('corr_key', 'left')])
20.0096 	EXP 	stim_text: autoDraw = False
20.0096 	EXP 	stim_cross: autoDraw = False
20.0096 	EXP 	stim_text: text = 2
20.0096 	EXP 	stim_text: autoDraw = True
20.5069 	EXP 	stim_cross: autoDraw = True
20.5137 	EXP 	stim_text: autoDraw = False
21.0459 	DATA 	Keypress: left
23.5000 	EXP 	New trial (rep=0, index=3): OrderedDict([('num_stim', 7), ('match', 1), ('corr_key', 'right')])
23.5063 	EXP 	stim_text: autoDraw = False
23.5063 	EXP 	stim_cross: autoDraw = False
23.5063 	EXP 	stim_text: text = 7
23.5063 	EXP 	stim_text: autoDraw = True
23.9993 	EXP 	stim_cross: autoDraw = True
24.0061 	EXP 	stim_text: autoDraw = False
24.5513 	DATA 	Keypress: right
26.9986 	EXP 	stim_cross: autoDraw = False
26.9993 	EXP 	New trial (rep=0, index=4): OrderedDict([('num_stim', 2), ('match', 1), ('corr_key', 'right')])
27.0056 	EXP 	stim_text: autoDraw = False
27.0056 	EXP 	stim_cross: autoDraw = False
27.0056 	EXP 	stim_text: text = 2
27.0056 	EXP 	stim_text: autoDraw = True
27.4986 	EXP 	stim_cross: autoDraw = True
27.5053 	EXP 	stim_text: autoDraw = False
27.9195 	DATA 	Keypress: escape
29.1558 	EXP 	window1: mouseVisible = True
