8.6151 	EXP 	Created window1 = Window(allowGUI=False, allowStencil=False, autoLog=True, backendConf=UNKNOWN, bitsMode=UNKNOWN, blendMode='avg', bpc=(8, 8, 8), color=array([0, 0, 0]), colorSpace='rgb', depthBits=8, fullscr=<method-wrapper '__getattribute__' of attributeSetter object at 0x0000017FA7435BA8>, gamma=None, gammaErrorPolicy='raise', lms=UNKNOWN, monitor=<psychopy.monitors.calibTools.Monitor object at 0x0000017FA74C09E8>, multiSample=False, name='window1', numSamples=2, pos=[0.0, 0.0], screen=0, size=array([1920, 1080]), stencilBits=0, stereo=False, units='height', useFBO=True, useRetina=False, viewOri=0.0, viewPos=None, viewScale=None, waitBlanking=True, winType='pyglet')
8.6157 	EXP 	window1: mouseVisible = True
8.6157 	EXP 	window1: recordFrameIntervals = False
8.6842 	EXP 	window1: recordFrameIntervals = True
8.7606 	EXP 	window1: recordFrameIntervals = False
10.2861 	EXP 	window1: mouseVisible = True
8.3180 	EXP 	Created window1 = Window(allowGUI=False, allowStencil=False, autoLog=True, backendConf=UNKNOWN, bitsMode=UNKNOWN, blendMode='avg', bpc=(8, 8, 8), color=array([0, 0, 0]), colorSpace='rgb', depthBits=8, fullscr=<method-wrapper '__getattribute__' of attributeSetter object at 0x000002265E1B6BA8>, gamma=None, gammaErrorPolicy='raise', lms=UNKNOWN, monitor=<psychopy.monitors.calibTools.Monitor object at 0x000002265E2419B0>, multiSample=False, name='window1', numSamples=2, pos=[0.0, 0.0], screen=0, size=array([1920, 1080]), stencilBits=0, stereo=False, units='height', useFBO=True, useRetina=False, viewOri=0.0, viewPos=None, viewScale=None, waitBlanking=True, winType='pyglet')
8.3185 	EXP 	window1: mouseVisible = True
8.3186 	EXP 	window1: recordFrameIntervals = False
8.3871 	EXP 	window1: recordFrameIntervals = True
8.4636 	EXP 	window1: recordFrameIntervals = False
8.8040 	EXP 	UDP Sent: marker_value=51, marker_string=n_back_start
8.9523 	EXP 	Created instructions_text = TextStim(__class__=<class 'psychopy.visual.text.TextStim'>, alignHoriz=method-wrapper(...), alignText='center', alignVert=method-wrapper(...), anchorHoriz='center', anchorVert='center', antialias=True, autoLog=True, bold=False, color=array([1., 1., 1.]), colorSpace='rgb', contrast=1.0, depth=0.0, flipHoriz=False, flipVert=False, font='Open Sans', fontFiles=[], height=0.1, italic=False, languageStyle='LTR', name='instructions_text', opacity=1, ori=0.0, pos=array([0., 0.]), rgb=UNKNOWN, text=str(...), units='height', win=Window(...), wrapWidth=1)
8.9543 	EXP 	Created exp_zero_back_text = TextStim(__class__=<class 'psychopy.visual.text.TextStim'>, alignHoriz=method-wrapper(...), alignText='center', alignVert=method-wrapper(...), anchorHoriz='center', anchorVert='center', antialias=True, autoLog=True, bold=False, color=array([1., 1., 1.]), colorSpace='rgb', contrast=1.0, depth=0.0, flipHoriz=False, flipVert=False, font='Open Sans', fontFiles=[], height=0.05, italic=False, languageStyle='LTR', name='exp_zero_back_text', opacity=1.0, ori=0.0, pos=array([0., 0.]), rgb=UNKNOWN, text='', units='height', win=Window(...), wrapWidth=1)
8.9885 	EXP 	Created exp_one_back_text = TextStim(__class__=<class 'psychopy.visual.text.TextStim'>, alignHoriz=method-wrapper(...), alignText='center', alignVert=method-wrapper(...), anchorHoriz='center', anchorVert='center', antialias=True, autoLog=True, bold=False, color=array([1., 1., 1.]), colorSpace='rgb', contrast=1.0, depth=-1.0, flipHoriz=False, flipVert=False, font='Open Sans', fontFiles=[], height=0.05, italic=False, languageStyle='LTR', name='exp_one_back_text', opacity=1.0, ori=0.0, pos=array([0., 0.]), rgb=UNKNOWN, text=str(...), units='height', win=Window(...), wrapWidth=1)
9.0017 	EXP 	Created exp_two_back_text = TextStim(__class__=<class 'psychopy.visual.text.TextStim'>, alignHoriz=method-wrapper(...), alignText='center', alignVert=method-wrapper(...), anchorHoriz='center', anchorVert='center', antialias=True, autoLog=True, bold=False, color=array([1., 1., 1.]), colorSpace='rgb', contrast=1.0, depth=-2.0, flipHoriz=False, flipVert=False, font='Open Sans', fontFiles=[], height=0.05, italic=False, languageStyle='LTR', name='exp_two_back_text', opacity=1.0, ori=0.0, pos=array([0., 0.]), rgb=UNKNOWN, text=str(...), units='height', win=Window(...), wrapWidth=1)
9.0048 	EXP 	Created pause_cross = ShapeStim(__class__=<class 'psychopy.visual.shape.ShapeStim'>, autoDraw=False, autoLog=True, closeShape=True, color=method-wrapper(...), colorSpace='rgb', contrast=None, depth=0.0, fillColor=array([1, 1, 1]), fillColorSpace='rgb', fillRGB=array([1, 1, 1]), interpolate=True, lineColor=array([1., 1., 1.]), lineColorSpace='rgb', lineRGB=array([1, 1, 1]), lineWidth=1.0, name='pause_cross', opacity=1, ori=0.0, pos=array([0., 0.]), size=array([0.25, 0.25]), units='height', vertices=ndarray(...), win=Window(...), windingRule=None)
9.0065 	EXP 	Created stim_text = TextStim(__class__=<class 'psychopy.visual.text.TextStim'>, alignHoriz=method-wrapper(...), alignText='center', alignVert=method-wrapper(...), anchorHoriz='center', anchorVert='center', antialias=True, autoLog=True, bold=False, color=array([1., 1., 1.]), colorSpace='rgb', contrast=1.0, depth=-1.0, flipHoriz=False, flipVert=False, font='Open Sans', fontFiles=[], height=0.3, italic=False, languageStyle='LTR', name='stim_text', opacity=1, ori=0.0, pos=array([0., 0.]), rgb=UNKNOWN, text='', units='height', win=Window(...), wrapWidth=1)
9.0085 	EXP 	Created stim_cross = ShapeStim(__class__=<class 'psychopy.visual.shape.ShapeStim'>, autoDraw=False, autoLog=True, closeShape=True, color=method-wrapper(...), colorSpace='rgb', contrast=None, depth=-3.0, fillColor=array([1, 1, 1]), fillColorSpace='rgb', fillRGB=array([1, 1, 1]), interpolate=True, lineColor=array([1., 1., 1.]), lineColorSpace='rgb', lineRGB=array([1, 1, 1]), lineWidth=1.0, name='stim_cross', opacity=1, ori=0.0, pos=array([0., 0.]), size=array([0.25, 0.25]), units='height', vertices=ndarray(...), win=Window(...), windingRule=None)
9.0451 	EXP 	instructions_text: autoDraw = True
9.3599 	EXP 	Imported n_back_task_order-16444554805446186.csv as conditions, 9 conditions, 1 params
9.3602 	EXP 	Created sequence: sequential, trialTypes=9, nReps=1, seed=None
9.3605 	EXP 	New trial (rep=0, index=0): OrderedDict([('task_order', 'zero_back1')])
9.4076 	DATA 	Keypress: space
9.4094 	EXP 	instructions_text: autoDraw = False
9.4094 	EXP 	exp_zero_back_text: text = 'This is a 0-back trial. \n\nPress RIGHT if the number is: 2.\nOtherwise, press LEFT. \n\nPress SPACE when you are ready to begin.'
9.4094 	EXP 	exp_zero_back_text: autoDraw = True
9.4094 	EXP 	exp_one_back_text: autoDraw = True
9.4094 	EXP 	exp_two_back_text: autoDraw = True
9.6278 	DATA 	Keypress: space
9.7459 	DATA 	Keypress: space
11.4096 	EXP 	exp_zero_back_text: autoDraw = False
11.4096 	EXP 	exp_one_back_text: autoDraw = False
11.4096 	EXP 	exp_two_back_text: autoDraw = False
11.4096 	EXP 	pause_cross: autoDraw = True
13.4129 	EXP 	Imported n_back_conditions\zero_back-match_2-16489104573756647.csv as conditions, 20 conditions, 4 params
13.4133 	EXP 	Created sequence: sequential, trialTypes=20, nReps=1, seed=None
13.4135 	EXP 	New trial (rep=0, index=0): OrderedDict([('num_stim', 2), ('match_num', 2), ('match', 1), ('corr_key', 'right')])
13.4584 	EXP 	pause_cross: autoDraw = False
13.4584 	EXP 	stim_text: text = 2
13.4584 	EXP 	stim_text: autoDraw = True
13.8141 	DATA 	Keypress: escape
15.0174 	EXP 	window1: mouseVisible = True
