8.6913 	EXP 	Created window1 = Window(allowGUI=False, allowStencil=False, autoLog=True, backendConf=UNKNOWN, bitsMode=UNKNOWN, blendMode='avg', bpc=(8, 8, 8), color=array([0, 0, 0]), colorSpace='rgb', depthBits=8, fullscr=<method-wrapper '__getattribute__' of attributeSetter object at 0x0000021A3DF74860>, gamma=None, gammaErrorPolicy='raise', lms=UNKNOWN, monitor=<psychopy.monitors.calibTools.Monitor object at 0x0000021A3DFFC128>, multiSample=False, name='window1', numSamples=2, pos=[0.0, 0.0], screen=0, size=array([1920, 1080]), stencilBits=0, stereo=False, units='height', useFBO=True, useRetina=False, viewOri=0.0, viewPos=None, viewScale=None, waitBlanking=True, winType='pyglet')
8.6915 	EXP 	window1: mouseVisible = True
8.6916 	EXP 	window1: recordFrameIntervals = False
8.7550 	EXP 	window1: recordFrameIntervals = True
8.8316 	EXP 	window1: recordFrameIntervals = False
9.2458 	EXP 	Created instructions_text = TextStim(__class__=<class 'psychopy.visual.text.TextStim'>, alignHoriz=method-wrapper(...), alignText='center', alignVert=method-wrapper(...), anchorHoriz='center', anchorVert='center', antialias=True, autoLog=True, bold=False, color=array([1., 1., 1.]), colorSpace='rgb', contrast=1.0, depth=0.0, flipHoriz=False, flipVert=False, font='Open Sans', fontFiles=[], height=0.1, italic=False, languageStyle='LTR', name='instructions_text', opacity=1, ori=0.0, pos=array([0., 0.]), rgb=UNKNOWN, text=str(...), units='height', win=Window(...), wrapWidth=1)
9.2530 	EXP 	Created practice_instructions_text = TextStim(__class__=<class 'psychopy.visual.text.TextStim'>, alignHoriz=method-wrapper(...), alignText='center', alignVert=method-wrapper(...), anchorHoriz='center', anchorVert='center', antialias=True, autoLog=True, bold=False, color=array([1., 1., 1.]), colorSpace='rgb', contrast=1.0, depth=-1.0, flipHoriz=False, flipVert=False, font='Open Sans', fontFiles=[], height=0.1, italic=False, languageStyle='LTR', name='practice_instructions_text', opacity=1, ori=0.0, pos=array([0., 0.]), rgb=UNKNOWN, text='Practice instructions go here.', units='height', win=Window(...), wrapWidth=1)
9.2542 	EXP 	Created exp_zero_back_text = TextStim(__class__=<class 'psychopy.visual.text.TextStim'>, alignHoriz=method-wrapper(...), alignText='center', alignVert=method-wrapper(...), anchorHoriz='center', anchorVert='center', antialias=True, autoLog=True, bold=False, color=array([1., 1., 1.]), colorSpace='rgb', contrast=1.0, depth=0.0, flipHoriz=False, flipVert=False, font='Open Sans', fontFiles=[], height=0.1, italic=False, languageStyle='LTR', name='exp_zero_back_text', opacity=1.0, ori=0.0, pos=array([0., 0.]), rgb=UNKNOWN, text='', units='height', win=Window(...), wrapWidth=1)
9.2673 	EXP 	Created exp_one_back_text = TextStim(__class__=<class 'psychopy.visual.text.TextStim'>, alignHoriz=method-wrapper(...), alignText='center', alignVert=method-wrapper(...), anchorHoriz='center', anchorVert='center', antialias=True, autoLog=True, bold=False, color=array([1., 1., 1.]), colorSpace='rgb', contrast=1.0, depth=-1.0, flipHoriz=False, flipVert=False, font='Open Sans', fontFiles=[], height=0.1, italic=False, languageStyle='LTR', name='exp_one_back_text', opacity=1.0, ori=0.0, pos=array([0., 0.]), rgb=UNKNOWN, text=str(...), units='height', win=Window(...), wrapWidth=1)
9.2797 	EXP 	Created exp_two_back_text = TextStim(__class__=<class 'psychopy.visual.text.TextStim'>, alignHoriz=method-wrapper(...), alignText='center', alignVert=method-wrapper(...), anchorHoriz='center', anchorVert='center', antialias=True, autoLog=True, bold=False, color=array([1., 1., 1.]), colorSpace='rgb', contrast=1.0, depth=-2.0, flipHoriz=False, flipVert=False, font='Open Sans', fontFiles=[], height=0.1, italic=False, languageStyle='LTR', name='exp_two_back_text', opacity=1.0, ori=0.0, pos=array([0., 0.]), rgb=UNKNOWN, text=str(...), units='height', win=Window(...), wrapWidth=1)
9.2815 	EXP 	Created stim_text = TextStim(__class__=<class 'psychopy.visual.text.TextStim'>, alignHoriz=method-wrapper(...), alignText='center', alignVert=method-wrapper(...), anchorHoriz='center', anchorVert='center', antialias=True, autoLog=True, bold=False, color=array([1., 1., 1.]), colorSpace='rgb', contrast=1.0, depth=-1.0, flipHoriz=False, flipVert=False, font='Open Sans', fontFiles=[], height=0.3, italic=False, languageStyle='LTR', name='stim_text', opacity=1, ori=0.0, pos=array([0., 0.]), rgb=UNKNOWN, text='', units='height', win=Window(...), wrapWidth=1)
9.3173 	EXP 	instructions_text: autoDraw = True
9.9691 	DATA 	Keypress: space
9.9799 	EXP 	instructions_text: autoDraw = False
9.9799 	EXP 	practice_instructions_text: autoDraw = True
13.5151 	EXP 	UDP Sent: marker_value=2, marker_string=practice_start
13.5152 	EXP 	UDP Sent: marker_value=3, marker_string=practice_end
13.5289 	EXP 	Imported n_back_task_order-16444554805446186.csv as conditions, 9 conditions, 1 params
13.5293 	EXP 	Created sequence: sequential, trialTypes=9, nReps=1, seed=None
13.5295 	EXP 	New trial (rep=0, index=0): OrderedDict([('task_order', 'two_back2')])
13.5640 	DATA 	Keypress: space
13.5664 	EXP 	practice_instructions_text: autoDraw = False
13.5664 	EXP 	exp_zero_back_text: text = '0-back trial. \n\n Press SPACE if the number is: 6'
13.5664 	EXP 	exp_zero_back_text: autoDraw = True
13.5664 	EXP 	exp_one_back_text: autoDraw = True
13.5664 	EXP 	exp_two_back_text: autoDraw = True
14.6341 	DATA 	Keypress: space
18.5327 	EXP 	UDP Sent: marker_value=4, marker_string=block_start
18.5370 	EXP 	Imported n_back_conditions\two_back-16461860340501149.csv as conditions, 20 conditions, 2 params
18.5373 	EXP 	Created sequence: sequential, trialTypes=20, nReps=1, seed=None
18.5375 	EXP 	New trial (rep=0, index=0): OrderedDict([('num_stim', 5), ('match', 0)])
18.5390 	EXP 	UDP Sent: marker_value=6, marker_string=trial_start
18.5391 	EXP 	UDP Sent: marker_value=8, marker_string=stimuli_start
18.5980 	EXP 	exp_zero_back_text: autoDraw = False
18.5980 	EXP 	exp_one_back_text: autoDraw = False
18.5980 	EXP 	exp_two_back_text: autoDraw = False
18.5980 	EXP 	stim_text: text = 5
18.5980 	EXP 	stim_text: autoDraw = True
19.1003 	EXP 	stim_text: autoDraw = False
22.0442 	EXP 	UDP Sent: marker_value=9, marker_string=stimuli_end
22.0442 	EXP 	UDP Sent: marker_value=11, marker_string=incorrect_ans
22.0442 	EXP 	UDP Sent: marker_value=7, marker_string=trial_end
22.0450 	EXP 	New trial (rep=0, index=1): OrderedDict([('num_stim', 4), ('match', 0)])
22.0473 	EXP 	UDP Sent: marker_value=6, marker_string=trial_start
22.0473 	EXP 	UDP Sent: marker_value=8, marker_string=stimuli_start
22.0578 	EXP 	stim_text: autoDraw = False
22.0578 	EXP 	stim_text: text = 4
22.0578 	EXP 	stim_text: autoDraw = True
22.5581 	EXP 	stim_text: autoDraw = False
25.5507 	EXP 	UDP Sent: marker_value=9, marker_string=stimuli_end
25.5508 	EXP 	UDP Sent: marker_value=11, marker_string=incorrect_ans
25.5508 	EXP 	UDP Sent: marker_value=7, marker_string=trial_end
25.5513 	EXP 	New trial (rep=0, index=2): OrderedDict([('num_stim', 5), ('match', 1)])
25.5529 	EXP 	UDP Sent: marker_value=6, marker_string=trial_start
25.5530 	EXP 	UDP Sent: marker_value=8, marker_string=stimuli_start
25.5584 	EXP 	stim_text: autoDraw = False
25.5584 	EXP 	stim_text: text = 5
25.5584 	EXP 	stim_text: autoDraw = True
26.0641 	EXP 	stim_text: autoDraw = False
29.0567 	EXP 	UDP Sent: marker_value=9, marker_string=stimuli_end
29.0567 	EXP 	UDP Sent: marker_value=11, marker_string=incorrect_ans
29.0568 	EXP 	UDP Sent: marker_value=7, marker_string=trial_end
29.0573 	EXP 	New trial (rep=0, index=3): OrderedDict([('num_stim', 2), ('match', 0)])
29.0593 	EXP 	UDP Sent: marker_value=6, marker_string=trial_start
29.0594 	EXP 	UDP Sent: marker_value=8, marker_string=stimuli_start
29.0706 	EXP 	stim_text: autoDraw = False
29.0706 	EXP 	stim_text: text = 2
29.0706 	EXP 	stim_text: autoDraw = True
29.5706 	EXP 	stim_text: autoDraw = False
32.5633 	EXP 	UDP Sent: marker_value=9, marker_string=stimuli_end
32.5633 	EXP 	UDP Sent: marker_value=11, marker_string=incorrect_ans
32.5634 	EXP 	UDP Sent: marker_value=7, marker_string=trial_end
32.5639 	EXP 	New trial (rep=0, index=4): OrderedDict([('num_stim', 9), ('match', 0)])
32.5663 	EXP 	UDP Sent: marker_value=6, marker_string=trial_start
32.5663 	EXP 	UDP Sent: marker_value=8, marker_string=stimuli_start
32.5772 	EXP 	stim_text: autoDraw = False
32.5772 	EXP 	stim_text: text = 9
32.5772 	EXP 	stim_text: autoDraw = True
33.0766 	EXP 	stim_text: autoDraw = False
36.0692 	EXP 	UDP Sent: marker_value=9, marker_string=stimuli_end
36.0692 	EXP 	UDP Sent: marker_value=11, marker_string=incorrect_ans
36.0693 	EXP 	UDP Sent: marker_value=7, marker_string=trial_end
36.0698 	EXP 	New trial (rep=0, index=5): OrderedDict([('num_stim', 3), ('match', 0)])
36.0719 	EXP 	UDP Sent: marker_value=6, marker_string=trial_start
36.0719 	EXP 	UDP Sent: marker_value=8, marker_string=stimuli_start
36.0814 	EXP 	stim_text: autoDraw = False
36.0814 	EXP 	stim_text: text = 3
36.0814 	EXP 	stim_text: autoDraw = True
36.5830 	EXP 	stim_text: autoDraw = False
36.6288 	DATA 	Keypress: escape
38.8658 	EXP 	window1: mouseVisible = True
