7.5196 	EXP 	Created window1 = Window(allowGUI=False, allowStencil=False, autoLog=True, backendConf=UNKNOWN, bitsMode=UNKNOWN, blendMode='avg', bpc=(8, 8, 8), color=array([0, 0, 0]), colorSpace='rgb', depthBits=8, fullscr=<method-wrapper '__getattribute__' of attributeSetter object at 0x0000025777FC5BA8>, gamma=None, gammaErrorPolicy='raise', lms=UNKNOWN, monitor=<psychopy.monitors.calibTools.Monitor object at 0x000002577805E518>, multiSample=False, name='window1', numSamples=2, pos=[0.0, 0.0], screen=0, size=array([1920, 1080]), stencilBits=0, stereo=False, units='height', useFBO=True, useRetina=False, viewOri=0.0, viewPos=None, viewScale=None, waitBlanking=True, winType='pyglet')
7.5198 	EXP 	window1: mouseVisible = True
7.5198 	EXP 	window1: recordFrameIntervals = False
7.5886 	EXP 	window1: recordFrameIntervals = True
7.6652 	EXP 	window1: recordFrameIntervals = False
8.1068 	EXP 	Created instructions_text = TextStim(__class__=<class 'psychopy.visual.text.TextStim'>, alignHoriz=method-wrapper(...), alignText='center', alignVert=method-wrapper(...), anchorHoriz='center', anchorVert='center', antialias=True, autoLog=True, bold=False, color=array([1., 1., 1.]), colorSpace='rgb', contrast=1.0, depth=0.0, flipHoriz=False, flipVert=False, font='Open Sans', fontFiles=[], height=0.1, italic=False, languageStyle='LTR', name='instructions_text', opacity=1, ori=0.0, pos=array([0., 0.]), rgb=UNKNOWN, text=str(...), units='height', win=Window(...), wrapWidth=1)
8.1088 	EXP 	Created exp_zero_back_text = TextStim(__class__=<class 'psychopy.visual.text.TextStim'>, alignHoriz=method-wrapper(...), alignText='center', alignVert=method-wrapper(...), anchorHoriz='center', anchorVert='center', antialias=True, autoLog=True, bold=False, color=array([1., 1., 1.]), colorSpace='rgb', contrast=1.0, depth=0.0, flipHoriz=False, flipVert=False, font='Open Sans', fontFiles=[], height=0.05, italic=False, languageStyle='LTR', name='exp_zero_back_text', opacity=1.0, ori=0.0, pos=array([0., 0.]), rgb=UNKNOWN, text='', units='height', win=Window(...), wrapWidth=1)
8.1399 	EXP 	Created exp_one_back_text = TextStim(__class__=<class 'psychopy.visual.text.TextStim'>, alignHoriz=method-wrapper(...), alignText='center', alignVert=method-wrapper(...), anchorHoriz='center', anchorVert='center', antialias=True, autoLog=True, bold=False, color=array([1., 1., 1.]), colorSpace='rgb', contrast=1.0, depth=-1.0, flipHoriz=False, flipVert=False, font='Open Sans', fontFiles=[], height=0.05, italic=False, languageStyle='LTR', name='exp_one_back_text', opacity=1.0, ori=0.0, pos=array([0., 0.]), rgb=UNKNOWN, text=str(...), units='height', win=Window(...), wrapWidth=1)
8.1504 	EXP 	Created exp_two_back_text = TextStim(__class__=<class 'psychopy.visual.text.TextStim'>, alignHoriz=method-wrapper(...), alignText='center', alignVert=method-wrapper(...), anchorHoriz='center', anchorVert='center', antialias=True, autoLog=True, bold=False, color=array([1., 1., 1.]), colorSpace='rgb', contrast=1.0, depth=-2.0, flipHoriz=False, flipVert=False, font='Open Sans', fontFiles=[], height=0.05, italic=False, languageStyle='LTR', name='exp_two_back_text', opacity=1.0, ori=0.0, pos=array([0., 0.]), rgb=UNKNOWN, text=str(...), units='height', win=Window(...), wrapWidth=1)
8.1518 	EXP 	Created pause_text = TextStim(__class__=<class 'psychopy.visual.text.TextStim'>, alignHoriz=method-wrapper(...), alignText='center', alignVert=method-wrapper(...), anchorHoriz='center', anchorVert='center', antialias=True, autoLog=True, bold=False, color=array([1., 1., 1.]), colorSpace='rgb', contrast=1.0, depth=0.0, flipHoriz=False, flipVert=False, font='Open Sans', fontFiles=[], height=0.1, italic=False, languageStyle='LTR', name='pause_text', opacity=1, ori=0.0, pos=array([0., 0.]), rgb=UNKNOWN, text='', units='height', win=Window(...), wrapWidth=1)
8.1536 	EXP 	Created stim_text = TextStim(__class__=<class 'psychopy.visual.text.TextStim'>, alignHoriz=method-wrapper(...), alignText='center', alignVert=method-wrapper(...), anchorHoriz='center', anchorVert='center', antialias=True, autoLog=True, bold=False, color=array([1., 1., 1.]), colorSpace='rgb', contrast=1.0, depth=-1.0, flipHoriz=False, flipVert=False, font='Open Sans', fontFiles=[], height=0.3, italic=False, languageStyle='LTR', name='stim_text', opacity=1, ori=0.0, pos=array([0., 0.]), rgb=UNKNOWN, text='', units='height', win=Window(...), wrapWidth=1)
8.1566 	EXP 	Created stim_cross = ShapeStim(__class__=<class 'psychopy.visual.shape.ShapeStim'>, autoDraw=False, autoLog=True, closeShape=True, color=method-wrapper(...), colorSpace='rgb', contrast=None, depth=-3.0, fillColor=array([1, 1, 1]), fillColorSpace='rgb', fillRGB=array([1, 1, 1]), interpolate=True, lineColor=array([1., 1., 1.]), lineColorSpace='rgb', lineRGB=array([1, 1, 1]), lineWidth=1.0, name='stim_cross', opacity=1, ori=0.0, pos=array([0., 0.]), size=array([0.25, 0.25]), units='height', vertices=ndarray(...), win=Window(...), windingRule=None)
8.1917 	EXP 	instructions_text: autoDraw = True
9.1099 	EXP 	Imported n_back_task_order-16444554805446186.csv as conditions, 9 conditions, 1 params
9.1103 	EXP 	Created sequence: sequential, trialTypes=9, nReps=1, seed=None
9.1105 	EXP 	New trial (rep=0, index=0): OrderedDict([('task_order', 'zero_back1')])
9.1534 	DATA 	Keypress: space
9.1551 	EXP 	instructions_text: autoDraw = False
9.1551 	EXP 	exp_zero_back_text: text = 'This is a 0-back trial. \n\nPress RIGHT if the number is: 2.\nOtherwise, press LEFT. \n\nPress SPACE when you are ready to begin.'
9.1551 	EXP 	exp_zero_back_text: autoDraw = True
9.1551 	EXP 	exp_one_back_text: autoDraw = True
9.1551 	EXP 	exp_two_back_text: autoDraw = True
10.4540 	DATA 	Keypress: space
11.1515 	EXP 	exp_zero_back_text: autoDraw = False
11.1515 	EXP 	exp_one_back_text: autoDraw = False
11.1515 	EXP 	exp_two_back_text: autoDraw = False
11.1515 	EXP 	pause_text: autoDraw = True
12.1501 	EXP 	UDP Sent: marker_value=4, marker_string=block_start
12.1551 	EXP 	Imported n_back_conditions\zero_back-match_2-16489104573756647.csv as conditions, 20 conditions, 4 params
12.1553 	EXP 	Created sequence: sequential, trialTypes=20, nReps=1, seed=None
12.1556 	EXP 	New trial (rep=0, index=0): OrderedDict([('num_stim', 2), ('match_num', 2), ('match', 1), ('corr_key', 'right')])
12.1576 	EXP 	UDP Sent: marker_value=6, marker_string=trial_start
12.1577 	EXP 	UDP Sent: marker_value=8, marker_string=stimuli_start
12.2024 	EXP 	pause_text: autoDraw = False
12.2024 	EXP 	stim_text: text = 2
12.2024 	EXP 	stim_text: autoDraw = True
12.6985 	EXP 	stim_cross: autoDraw = True
12.7054 	EXP 	stim_text: autoDraw = False
12.9385 	DATA 	Keypress: right
15.6633 	EXP 	UDP Sent: marker_value=9, marker_string=stimuli_end
15.6634 	EXP 	UDP Sent: marker_value=11, marker_string=incorrect_ans
15.6634 	EXP 	UDP Sent: marker_value=7, marker_string=trial_end
15.6642 	EXP 	New trial (rep=0, index=1): OrderedDict([('num_stim', 2), ('match_num', 2), ('match', 1), ('corr_key', 'right')])
15.6663 	EXP 	UDP Sent: marker_value=6, marker_string=trial_start
15.6664 	EXP 	UDP Sent: marker_value=8, marker_string=stimuli_start
15.6713 	EXP 	stim_text: autoDraw = False
15.6713 	EXP 	stim_cross: autoDraw = False
15.6713 	EXP 	stim_text: text = 2
15.6713 	EXP 	stim_text: autoDraw = True
16.1701 	EXP 	stim_cross: autoDraw = True
16.1769 	EXP 	stim_text: autoDraw = False
16.8476 	DATA 	Keypress: escape
19.0558 	EXP 	window1: mouseVisible = True
