9.4346 	EXP 	Created window1 = Window(allowGUI=False, allowStencil=False, autoLog=True, backendConf=UNKNOWN, bitsMode=UNKNOWN, blendMode='avg', bpc=(8, 8, 8), color=array([0, 0, 0]), colorSpace='rgb', depthBits=8, fullscr=<method-wrapper '__getattribute__' of attributeSetter object at 0x00000219A0687D68>, gamma=None, gammaErrorPolicy='raise', lms=UNKNOWN, monitor=<psychopy.monitors.calibTools.Monitor object at 0x00000219A070A1D0>, multiSample=False, name='window1', numSamples=2, pos=[0.0, 0.0], screen=0, size=array([1920, 1080]), stencilBits=0, stereo=False, units='height', useFBO=True, useRetina=False, viewOri=0.0, viewPos=None, viewScale=None, waitBlanking=True, winType='pyglet')
9.4352 	EXP 	window1: mouseVisible = True
9.4353 	EXP 	window1: recordFrameIntervals = False
9.5034 	EXP 	window1: recordFrameIntervals = True
9.5802 	EXP 	window1: recordFrameIntervals = False
9.8321 	EXP 	UDP Sent: marker_value=0, marker_string=experiment_start
9.9761 	EXP 	Created initial_instructions_text = TextStim(__class__=<class 'psychopy.visual.text.TextStim'>, alignHoriz=method-wrapper(...), alignText='center', alignVert=method-wrapper(...), anchorHoriz='center', anchorVert='center', antialias=True, autoLog=True, bold=False, color=array([1., 1., 1.]), colorSpace='rgb', contrast=1.0, depth=0.0, flipHoriz=False, flipVert=False, font='Open Sans', fontFiles=[], height=0.05, italic=False, languageStyle='LTR', name='initial_instructions_text', opacity=1, ori=0.0, pos=array([0., 0.]), rgb=UNKNOWN, text=str(...), units='height', win=Window(...), wrapWidth=1)
10.0098 	EXP 	Created practice_instructions_text = TextStim(__class__=<class 'psychopy.visual.text.TextStim'>, alignHoriz=method-wrapper(...), alignText='center', alignVert=method-wrapper(...), anchorHoriz='center', anchorVert='center', antialias=True, autoLog=True, bold=False, color=array([1., 1., 1.]), colorSpace='rgb', contrast=1.0, depth=0.0, flipHoriz=False, flipVert=False, font='Open Sans', fontFiles=[], height=0.07, italic=False, languageStyle='LTR', name='practice_instructions_text', opacity=1, ori=0.0, pos=array([0., 0.]), rgb=UNKNOWN, text=str(...), units='height', win=Window(...), wrapWidth=1)
10.0127 	EXP 	Created practice_interval_plus = ShapeStim(__class__=<class 'psychopy.visual.shape.ShapeStim'>, autoDraw=False, autoLog=True, closeShape=True, color=method-wrapper(...), colorSpace='rgb', contrast=None, depth=0.0, fillColor=array([1, 1, 1]), fillColorSpace='rgb', fillRGB=array([1, 1, 1]), interpolate=True, lineColor=array([1., 1., 1.]), lineColorSpace='rgb', lineRGB=array([1, 1, 1]), lineWidth=1.0, name='practice_interval_plus', opacity=1, ori=0.0, pos=array([0., 0.]), size=array([0.25, 0.25]), units='height', vertices=ndarray(...), win=Window(...), windingRule=None)
10.0264 	EXP 	Created practice_text = TextStim(__class__=<class 'psychopy.visual.text.TextStim'>, alignHoriz=method-wrapper(...), alignText='center', alignVert=method-wrapper(...), anchorHoriz='center', anchorVert='center', antialias=True, autoLog=True, bold=False, color=array([1., 1., 1.]), colorSpace='rgb', contrast=1.0, depth=0.0, flipHoriz=False, flipVert=False, font='Open Sans', fontFiles=[], height=0.1, italic=False, languageStyle='LTR', name='practice_text', opacity=1, ori=0.0, pos=array([0.  , 0.35]), rgb=UNKNOWN, text='Press key now!', units='height', win=Window(...), wrapWidth=1)
10.0284 	EXP 	Created practice_plus = ShapeStim(__class__=<class 'psychopy.visual.shape.ShapeStim'>, autoDraw=False, autoLog=True, closeShape=True, color=method-wrapper(...), colorSpace='rgb', contrast=None, depth=-1.0, fillColor=array([1, 1, 1]), fillColorSpace='rgb', fillRGB=array([1, 1, 1]), interpolate=True, lineColor=array([1., 1., 1.]), lineColorSpace='rgb', lineRGB=array([1, 1, 1]), lineWidth=1.0, name='practice_plus', opacity=1, ori=0.0, pos=array([0., 0.]), size=array([0.25, 0.25]), units='height', vertices=ndarray(...), win=Window(...), windingRule=None)
10.0387 	EXP 	Created practice_image = ImageStim(__class__=<class 'psychopy.visual.image.ImageStim'>, autoLog=True, color=array([1., 1., 1.]), colorSpace='rgb', contrast=1.0, depth=-2.0, flipHoriz=False, flipVert=False, image='sin', interpolate=True, mask=None, maskParams=None, name='practice_image', opacity=1, ori=0.0, pos=array([0., 0.]), size=array([0.5, 0.5]), texRes=128.0, units='height', win=Window(...))
10.0620 	EXP 	Created finish_practice_text = TextStim(__class__=<class 'psychopy.visual.text.TextStim'>, alignHoriz=method-wrapper(...), alignText='center', alignVert=method-wrapper(...), anchorHoriz='center', anchorVert='center', antialias=True, autoLog=True, bold=False, color=array([1., 1., 1.]), colorSpace='rgb', contrast=1.0, depth=0.0, flipHoriz=False, flipVert=False, font='Open Sans', fontFiles=[], height=0.1, italic=False, languageStyle='LTR', name='finish_practice_text', opacity=1, ori=0.0, pos=array([0., 0.]), rgb=UNKNOWN, text=str(...), units='height', win=Window(...), wrapWidth=1)
10.0799 	EXP 	Created go_instructions_text = TextStim(__class__=<class 'psychopy.visual.text.TextStim'>, alignHoriz=method-wrapper(...), alignText='center', alignVert=method-wrapper(...), anchorHoriz='center', anchorVert='center', antialias=True, autoLog=True, bold=False, color=array([1., 1., 1.]), colorSpace='rgb', contrast=1.0, depth=0.0, flipHoriz=False, flipVert=False, font='Open Sans', fontFiles=[], height=0.05, italic=False, languageStyle='LTR', name='go_instructions_text', opacity=1, ori=0.0, pos=array([0., 0.]), rgb=UNKNOWN, text=str(...), units='height', win=Window(...), wrapWidth=1)
10.0800 	EXP 	UDP Sent: marker_value=6, marker_string=trial_start
10.0820 	EXP 	Created inter_stim_plus = ShapeStim(__class__=<class 'psychopy.visual.shape.ShapeStim'>, autoDraw=False, autoLog=True, closeShape=True, color=method-wrapper(...), colorSpace='rgb', contrast=None, depth=-1.0, fillColor=array([1, 1, 1]), fillColorSpace='rgb', fillRGB=array([1, 1, 1]), interpolate=True, lineColor=array([1., 1., 1.]), lineColorSpace='rgb', lineRGB=array([1, 1, 1]), lineWidth=1.0, name='inter_stim_plus', opacity=1, ori=0.0, pos=array([0., 0.]), size=array([0.25, 0.25]), units='height', vertices=ndarray(...), win=Window(...), windingRule=None)
10.0839 	EXP 	Created go_plus = ShapeStim(__class__=<class 'psychopy.visual.shape.ShapeStim'>, autoDraw=False, autoLog=True, closeShape=True, color=method-wrapper(...), colorSpace='rgb', contrast=None, depth=-2.0, fillColor=array([1, 1, 1]), fillColorSpace='rgb', fillRGB=array([1, 1, 1]), interpolate=True, lineColor=array([1., 1., 1.]), lineColorSpace='rgb', lineRGB=array([1, 1, 1]), lineWidth=1.0, name='go_plus', opacity=1, ori=0.0, pos=array([0., 0.]), size=array([0.25, 0.25]), units='height', vertices=ndarray(...), win=Window(...), windingRule=None)
10.0867 	EXP 	Created go_image = ImageStim(__class__=<class 'psychopy.visual.image.ImageStim'>, autoLog=True, color=array([1., 1., 1.]), colorSpace='rgb', contrast=1.0, depth=-3.0, flipHoriz=False, flipVert=False, image='sin', interpolate=True, mask=None, maskParams=None, name='go_image', opacity=1, ori=0.0, pos=array([0., 0.]), size=array([0.85, 0.85]), texRes=128.0, units='height', win=Window(...))
10.1048 	EXP 	Created GNG_instructions_text = TextStim(__class__=<class 'psychopy.visual.text.TextStim'>, alignHoriz=method-wrapper(...), alignText='center', alignVert=method-wrapper(...), anchorHoriz='center', anchorVert='center', antialias=True, autoLog=True, bold=False, color=array([1., 1., 1.]), colorSpace='rgb', contrast=1.0, depth=0.0, flipHoriz=False, flipVert=False, font='Open Sans', fontFiles=[], height=0.05, italic=False, languageStyle='LTR', name='GNG_instructions_text', opacity=1, ori=0.0, pos=array([0., 0.]), rgb=UNKNOWN, text=str(...), units='height', win=Window(...), wrapWidth=1)
10.1049 	EXP 	UDP Sent: marker_value=6, marker_string=trial_start
10.1069 	EXP 	Created inter_stim_plus = ShapeStim(__class__=<class 'psychopy.visual.shape.ShapeStim'>, autoDraw=False, autoLog=True, closeShape=True, color=method-wrapper(...), colorSpace='rgb', contrast=None, depth=-1.0, fillColor=array([1, 1, 1]), fillColorSpace='rgb', fillRGB=array([1, 1, 1]), interpolate=True, lineColor=array([1., 1., 1.]), lineColorSpace='rgb', lineRGB=array([1, 1, 1]), lineWidth=1.0, name='inter_stim_plus', opacity=1, ori=0.0, pos=array([0., 0.]), size=array([0.25, 0.25]), units='height', vertices=ndarray(...), win=Window(...), windingRule=None)
10.1088 	EXP 	Created GNG_plus = ShapeStim(__class__=<class 'psychopy.visual.shape.ShapeStim'>, autoDraw=False, autoLog=True, closeShape=True, color=method-wrapper(...), colorSpace='rgb', contrast=None, depth=-2.0, fillColor=array([1, 1, 1]), fillColorSpace='rgb', fillRGB=array([1, 1, 1]), interpolate=True, lineColor=array([1., 1., 1.]), lineColorSpace='rgb', lineRGB=array([1, 1, 1]), lineWidth=1.0, name='GNG_plus', opacity=1, ori=0.0, pos=array([0., 0.]), size=array([0.25, 0.25]), units='height', vertices=ndarray(...), win=Window(...), windingRule=None)
10.1115 	EXP 	Created GNG_image = ImageStim(__class__=<class 'psychopy.visual.image.ImageStim'>, autoLog=True, color=array([1., 1., 1.]), colorSpace='rgb', contrast=1.0, depth=-3.0, flipHoriz=False, flipVert=False, image='sin', interpolate=True, mask=None, maskParams=None, name='GNG_image', opacity=1, ori=0.0, pos=array([0., 0.]), size=array([0.85, 0.85]), texRes=128.0, units='height', win=Window(...))
10.1488 	EXP 	initial_instructions_text: autoDraw = True
10.9186 	DATA 	Keypress: space
10.9311 	EXP 	initial_instructions_text: autoDraw = False
10.9311 	EXP 	practice_instructions_text: autoDraw = True
11.2575 	EXP 	UDP Sent: marker_value=2, marker_string=practice_start
11.2628 	EXP 	Imported C:\Users\zackg\OneDrive\Ayaz Lab\KernelFlow_PsychoPy\go_no_go\affective_GNG\practice\practice_loop_count.csv as conditions, 3 conditions, 1 params
11.2631 	EXP 	Created sequence: sequential, trialTypes=3, nReps=1, seed=None
11.2633 	EXP 	New trial (rep=0, index=0): OrderedDict([('loop_count', 1)])
11.2659 	EXP 	Imported C:\Users\zackg\OneDrive\Ayaz Lab\KernelFlow_PsychoPy\go_no_go\affective_GNG\practice\GNG_stims-16458273315520523.csv as conditions, 4 conditions, 3 params
11.2661 	EXP 	Created sequence: sequential, trialTypes=4, nReps=1, seed=None
11.2663 	EXP 	New trial (rep=0, index=0): OrderedDict([('inter_stim_inverval', 6.5), ('GNG_stim', 'affective_go_stimuli\\puppy_14.jpeg'), ('match', 1)])
11.3090 	DATA 	Keypress: space
11.3107 	EXP 	practice_instructions_text: autoDraw = False
11.3107 	EXP 	practice_interval_plus: autoDraw = True
11.3107 	EXP 	practice_interval_plus: autoDraw = False
11.3107 	EXP 	practice_interval_plus: autoDraw = False
11.3107 	EXP 	practice_image: image = 'affective_go_stimuli\\puppy_14.jpeg'
11.3107 	EXP 	practice_text: autoDraw = True
11.3107 	EXP 	practice_plus: autoDraw = True
11.3107 	EXP 	practice_image: autoDraw = True
11.8150 	EXP 	practice_text: autoDraw = False
11.8150 	EXP 	practice_image: autoDraw = False
14.2731 	EXP 	New trial (rep=0, index=1): OrderedDict([('inter_stim_inverval', 6.5), ('GNG_stim', 'affective_go_stimuli\\puppy_1.jpg'), ('match', 1)])
14.2912 	EXP 	practice_text: autoDraw = False
14.2912 	EXP 	practice_plus: autoDraw = False
14.2912 	EXP 	practice_image: autoDraw = False
14.2912 	EXP 	practice_interval_plus: autoDraw = True
14.2912 	EXP 	practice_interval_plus: autoDraw = False
14.2912 	EXP 	practice_interval_plus: autoDraw = False
14.2912 	EXP 	practice_image: image = 'affective_go_stimuli\\puppy_1.jpg'
14.2912 	EXP 	practice_text: autoDraw = True
14.2912 	EXP 	practice_plus: autoDraw = True
14.2912 	EXP 	practice_image: autoDraw = True
14.7936 	EXP 	practice_text: autoDraw = False
14.7936 	EXP 	practice_image: autoDraw = False
17.2796 	EXP 	New trial (rep=0, index=2): OrderedDict([('inter_stim_inverval', 5.0), ('GNG_stim', 'affective_no_go_stimuli\\spider_4.jpeg'), ('match', 0)])
17.3801 	EXP 	practice_text: autoDraw = False
17.3801 	EXP 	practice_plus: autoDraw = False
17.3801 	EXP 	practice_image: autoDraw = False
17.3801 	EXP 	practice_interval_plus: autoDraw = True
17.3801 	EXP 	practice_interval_plus: autoDraw = False
17.3801 	EXP 	practice_interval_plus: autoDraw = False
17.3801 	EXP 	practice_image: image = 'affective_no_go_stimuli\\spider_4.jpeg'
17.3801 	EXP 	practice_text: autoDraw = True
17.3801 	EXP 	practice_plus: autoDraw = True
17.3801 	EXP 	practice_image: autoDraw = True
17.8833 	EXP 	practice_text: autoDraw = False
17.8833 	EXP 	practice_image: autoDraw = False
20.2859 	EXP 	New trial (rep=0, index=3): OrderedDict([('inter_stim_inverval', 5.5), ('GNG_stim', 'affective_no_go_stimuli\\spider_5.jpeg'), ('match', 0)])
20.3944 	EXP 	practice_text: autoDraw = False
20.3944 	EXP 	practice_plus: autoDraw = False
20.3944 	EXP 	practice_image: autoDraw = False
20.3944 	EXP 	practice_interval_plus: autoDraw = True
20.3944 	EXP 	practice_interval_plus: autoDraw = False
20.3944 	EXP 	practice_interval_plus: autoDraw = False
20.3944 	EXP 	practice_image: image = 'affective_no_go_stimuli\\spider_5.jpeg'
20.3944 	EXP 	practice_text: autoDraw = True
20.3944 	EXP 	practice_plus: autoDraw = True
20.3944 	EXP 	practice_image: autoDraw = True
20.8965 	EXP 	practice_text: autoDraw = False
20.8965 	EXP 	practice_image: autoDraw = False
23.3001 	EXP 	practice_text: autoDraw = False
23.3001 	EXP 	practice_plus: autoDraw = False
23.3001 	EXP 	practice_image: autoDraw = False
23.3001 	EXP 	finish_practice_text: autoDraw = True
25.6846 	EXP 	UDP Sent: marker_value=3, marker_string=practice_end
25.6849 	EXP 	Created sequence: sequential, trialTypes=1, nReps=2, seed=None
25.6851 	EXP 	New trial (rep=0, index=0): None
25.6913 	DATA 	Keypress: space
25.6926 	EXP 	finish_practice_text: autoDraw = False
25.6926 	EXP 	go_instructions_text: autoDraw = True
26.2333 	DATA 	Keypress: space
26.2393 	EXP 	UDP Sent: marker_value=4, marker_string=block_start
26.2448 	EXP 	Imported affective_GNG_conditions\go_stims-16458273313190513.csv as conditions, 20 conditions, 3 params
26.2450 	EXP 	Created sequence: sequential, trialTypes=20, nReps=1, seed=None
26.2453 	EXP 	New trial (rep=0, index=0): OrderedDict([('inter_stim_interval', 5.5), ('go_stim', 'affective_go_stimuli\\puppy_10.jpg'), ('match', 1)])
26.2512 	EXP 	go_instructions_text: autoDraw = False
26.2512 	EXP 	inter_stim_plus: autoDraw = True
31.7511 	EXP 	UDP Sent: marker_value=8, marker_string=stimuli_start
31.7708 	EXP 	inter_stim_plus: autoDraw = False
31.7708 	EXP 	inter_stim_plus: autoDraw = False
31.7708 	EXP 	go_image: image = 'affective_go_stimuli\\puppy_10.jpg'
31.7708 	EXP 	go_plus: autoDraw = True
31.7708 	EXP 	go_image: autoDraw = True
32.0711 	EXP 	UDP Sent: marker_value=9, marker_string=stimuli_end
32.0711 	EXP 	UDP Sent: marker_value=11, marker_string=incorrect_ans
32.0712 	EXP 	UDP Sent: marker_value=7, marker_string=trial_end
32.0741 	EXP 	New trial (rep=0, index=1): OrderedDict([('inter_stim_interval', 6.5), ('go_stim', 'affective_go_stimuli\\puppy_9.jpg'), ('match', 1)])
32.0790 	DATA 	Keypress: space
32.0802 	EXP 	go_plus: autoDraw = False
32.0802 	EXP 	go_image: autoDraw = False
32.0802 	EXP 	inter_stim_plus: autoDraw = True
38.5764 	EXP 	UDP Sent: marker_value=8, marker_string=stimuli_start
38.5900 	EXP 	inter_stim_plus: autoDraw = False
38.5900 	EXP 	inter_stim_plus: autoDraw = False
38.5900 	EXP 	go_image: image = 'affective_go_stimuli\\puppy_9.jpg'
38.5900 	EXP 	go_plus: autoDraw = True
38.5900 	EXP 	go_image: autoDraw = True
38.8846 	DATA 	Keypress: space
38.8908 	EXP 	UDP Sent: marker_value=9, marker_string=stimuli_end
38.8909 	EXP 	UDP Sent: marker_value=11, marker_string=incorrect_ans
38.8909 	EXP 	UDP Sent: marker_value=7, marker_string=trial_end
38.8928 	EXP 	New trial (rep=0, index=2): OrderedDict([('inter_stim_interval', 4.0), ('go_stim', 'affective_go_stimuli\\puppy_20.jpeg'), ('match', 1)])
38.8989 	EXP 	go_plus: autoDraw = False
38.8989 	EXP 	go_image: autoDraw = False
38.8989 	EXP 	inter_stim_plus: autoDraw = True
42.8952 	EXP 	UDP Sent: marker_value=8, marker_string=stimuli_start
42.9140 	EXP 	inter_stim_plus: autoDraw = False
42.9140 	EXP 	inter_stim_plus: autoDraw = False
42.9140 	EXP 	go_image: image = 'affective_go_stimuli\\puppy_20.jpeg'
42.9140 	EXP 	go_plus: autoDraw = True
42.9140 	EXP 	go_image: autoDraw = True
43.4178 	EXP 	go_image: autoDraw = False
45.8990 	EXP 	UDP Sent: marker_value=9, marker_string=stimuli_end
45.8991 	EXP 	UDP Sent: marker_value=11, marker_string=incorrect_ans
45.8991 	EXP 	UDP Sent: marker_value=7, marker_string=trial_end
45.9013 	EXP 	New trial (rep=0, index=3): OrderedDict([('inter_stim_interval', 5.0), ('go_stim', 'affective_go_stimuli\\puppy_22.jpeg'), ('match', 1)])
45.9070 	EXP 	go_plus: autoDraw = False
45.9070 	EXP 	go_image: autoDraw = False
45.9070 	EXP 	inter_stim_plus: autoDraw = True
50.9064 	EXP 	UDP Sent: marker_value=8, marker_string=stimuli_start
50.9191 	EXP 	inter_stim_plus: autoDraw = False
50.9191 	EXP 	inter_stim_plus: autoDraw = False
50.9191 	EXP 	go_image: image = 'affective_go_stimuli\\puppy_22.jpeg'
50.9191 	EXP 	go_plus: autoDraw = True
50.9191 	EXP 	go_image: autoDraw = True
51.4218 	EXP 	go_image: autoDraw = False
52.3677 	DATA 	Keypress: escape
55.1133 	EXP 	window1: mouseVisible = True
