8.6674 	EXP 	Created window1 = Window(allowGUI=False, allowStencil=False, autoLog=True, backendConf=UNKNOWN, bitsMode=UNKNOWN, blendMode='avg', bpc=(8, 8, 8), color=array([0, 0, 0]), colorSpace='rgb', depthBits=8, fullscr=<method-wrapper '__getattribute__' of attributeSetter object at 0x0000025765C17DD8>, gamma=None, gammaErrorPolicy='raise', lms=UNKNOWN, monitor=<psychopy.monitors.calibTools.Monitor object at 0x0000025765C9A240>, multiSample=False, name='window1', numSamples=2, pos=[0.0, 0.0], screen=0, size=array([1920, 1080]), stencilBits=0, stereo=False, units='height', useFBO=True, useRetina=False, viewOri=0.0, viewPos=None, viewScale=None, waitBlanking=True, winType='pyglet')
8.6676 	EXP 	window1: mouseVisible = True
8.6676 	EXP 	window1: recordFrameIntervals = False
8.7364 	EXP 	window1: recordFrameIntervals = True
8.8129 	EXP 	window1: recordFrameIntervals = False
9.0938 	EXP 	UDP Sent: marker_value=0, marker_string=experiment_start
9.2653 	EXP 	Created initial_instructions_text = TextStim(__class__=<class 'psychopy.visual.text.TextStim'>, alignHoriz=method-wrapper(...), alignText='center', alignVert=method-wrapper(...), anchorHoriz='center', anchorVert='center', antialias=True, autoLog=True, bold=False, color=array([1., 1., 1.]), colorSpace='rgb', contrast=1.0, depth=0.0, flipHoriz=False, flipVert=False, font='Open Sans', fontFiles=[], height=0.05, italic=False, languageStyle='LTR', name='initial_instructions_text', opacity=1, ori=0.0, pos=array([0., 0.]), rgb=UNKNOWN, text=str(...), units='height', win=Window(...), wrapWidth=1)
9.3006 	EXP 	Created practice_instructions_text = TextStim(__class__=<class 'psychopy.visual.text.TextStim'>, alignHoriz=method-wrapper(...), alignText='center', alignVert=method-wrapper(...), anchorHoriz='center', anchorVert='center', antialias=True, autoLog=True, bold=False, color=array([1., 1., 1.]), colorSpace='rgb', contrast=1.0, depth=0.0, flipHoriz=False, flipVert=False, font='Open Sans', fontFiles=[], height=0.07, italic=False, languageStyle='LTR', name='practice_instructions_text', opacity=1, ori=0.0, pos=array([0., 0.]), rgb=UNKNOWN, text=str(...), units='height', win=Window(...), wrapWidth=1)
9.3041 	EXP 	Created practice_interval_plus = ShapeStim(__class__=<class 'psychopy.visual.shape.ShapeStim'>, autoDraw=False, autoLog=True, closeShape=True, color=method-wrapper(...), colorSpace='rgb', contrast=None, depth=0.0, fillColor=array([1, 1, 1]), fillColorSpace='rgb', fillRGB=array([1, 1, 1]), interpolate=True, lineColor=array([1., 1., 1.]), lineColorSpace='rgb', lineRGB=array([1, 1, 1]), lineWidth=1.0, name='practice_interval_plus', opacity=1, ori=0.0, pos=array([0., 0.]), size=array([0.25, 0.25]), units='height', vertices=ndarray(...), win=Window(...), windingRule=None)
9.3205 	EXP 	Created practice_text = TextStim(__class__=<class 'psychopy.visual.text.TextStim'>, alignHoriz=method-wrapper(...), alignText='center', alignVert=method-wrapper(...), anchorHoriz='center', anchorVert='center', antialias=True, autoLog=True, bold=False, color=array([1., 1., 1.]), colorSpace='rgb', contrast=1.0, depth=0.0, flipHoriz=False, flipVert=False, font='Open Sans', fontFiles=[], height=0.1, italic=False, languageStyle='LTR', name='practice_text', opacity=1, ori=0.0, pos=array([0.  , 0.35]), rgb=UNKNOWN, text='Press key now!', units='height', win=Window(...), wrapWidth=1)
9.3229 	EXP 	Created practice_plus = ShapeStim(__class__=<class 'psychopy.visual.shape.ShapeStim'>, autoDraw=False, autoLog=True, closeShape=True, color=method-wrapper(...), colorSpace='rgb', contrast=None, depth=-1.0, fillColor=array([1, 1, 1]), fillColorSpace='rgb', fillRGB=array([1, 1, 1]), interpolate=True, lineColor=array([1., 1., 1.]), lineColorSpace='rgb', lineRGB=array([1, 1, 1]), lineWidth=1.0, name='practice_plus', opacity=1, ori=0.0, pos=array([0., 0.]), size=array([0.25, 0.25]), units='height', vertices=ndarray(...), win=Window(...), windingRule=None)
9.3344 	EXP 	Created practice_image = ImageStim(__class__=<class 'psychopy.visual.image.ImageStim'>, autoLog=True, color=array([1., 1., 1.]), colorSpace='rgb', contrast=1.0, depth=-2.0, flipHoriz=False, flipVert=False, image='sin', interpolate=True, mask=None, maskParams=None, name='practice_image', opacity=1, ori=0.0, pos=array([0., 0.]), size=array([0.5, 0.5]), texRes=128.0, units='height', win=Window(...))
9.3634 	EXP 	Created finish_practice_text = TextStim(__class__=<class 'psychopy.visual.text.TextStim'>, alignHoriz=method-wrapper(...), alignText='center', alignVert=method-wrapper(...), anchorHoriz='center', anchorVert='center', antialias=True, autoLog=True, bold=False, color=array([1., 1., 1.]), colorSpace='rgb', contrast=1.0, depth=0.0, flipHoriz=False, flipVert=False, font='Open Sans', fontFiles=[], height=0.1, italic=False, languageStyle='LTR', name='finish_practice_text', opacity=1, ori=0.0, pos=array([0., 0.]), rgb=UNKNOWN, text=str(...), units='height', win=Window(...), wrapWidth=1)
9.3858 	EXP 	Created go_instructions_text = TextStim(__class__=<class 'psychopy.visual.text.TextStim'>, alignHoriz=method-wrapper(...), alignText='center', alignVert=method-wrapper(...), anchorHoriz='center', anchorVert='center', antialias=True, autoLog=True, bold=False, color=array([1., 1., 1.]), colorSpace='rgb', contrast=1.0, depth=0.0, flipHoriz=False, flipVert=False, font='Open Sans', fontFiles=[], height=0.05, italic=False, languageStyle='LTR', name='go_instructions_text', opacity=1, ori=0.0, pos=array([0., 0.]), rgb=UNKNOWN, text=str(...), units='height', win=Window(...), wrapWidth=1)
9.3860 	EXP 	UDP Sent: marker_value=6, marker_string=trial_start
9.3884 	EXP 	Created inter_stim_plus = ShapeStim(__class__=<class 'psychopy.visual.shape.ShapeStim'>, autoDraw=False, autoLog=True, closeShape=True, color=method-wrapper(...), colorSpace='rgb', contrast=None, depth=-1.0, fillColor=array([1, 1, 1]), fillColorSpace='rgb', fillRGB=array([1, 1, 1]), interpolate=True, lineColor=array([1., 1., 1.]), lineColorSpace='rgb', lineRGB=array([1, 1, 1]), lineWidth=1.0, name='inter_stim_plus', opacity=1, ori=0.0, pos=array([0., 0.]), size=array([0.25, 0.25]), units='height', vertices=ndarray(...), win=Window(...), windingRule=None)
9.3908 	EXP 	Created go_plus = ShapeStim(__class__=<class 'psychopy.visual.shape.ShapeStim'>, autoDraw=False, autoLog=True, closeShape=True, color=method-wrapper(...), colorSpace='rgb', contrast=None, depth=-2.0, fillColor=array([1, 1, 1]), fillColorSpace='rgb', fillRGB=array([1, 1, 1]), interpolate=True, lineColor=array([1., 1., 1.]), lineColorSpace='rgb', lineRGB=array([1, 1, 1]), lineWidth=1.0, name='go_plus', opacity=1, ori=0.0, pos=array([0., 0.]), size=array([0.25, 0.25]), units='height', vertices=ndarray(...), win=Window(...), windingRule=None)
9.3942 	EXP 	Created go_image = ImageStim(__class__=<class 'psychopy.visual.image.ImageStim'>, autoLog=True, color=array([1., 1., 1.]), colorSpace='rgb', contrast=1.0, depth=-3.0, flipHoriz=False, flipVert=False, image='sin', interpolate=True, mask=None, maskParams=None, name='go_image', opacity=1, ori=0.0, pos=array([0., 0.]), size=array([0.85, 0.85]), texRes=128.0, units='height', win=Window(...))
9.4155 	EXP 	Created GNG_instructions_text = TextStim(__class__=<class 'psychopy.visual.text.TextStim'>, alignHoriz=method-wrapper(...), alignText='center', alignVert=method-wrapper(...), anchorHoriz='center', anchorVert='center', antialias=True, autoLog=True, bold=False, color=array([1., 1., 1.]), colorSpace='rgb', contrast=1.0, depth=0.0, flipHoriz=False, flipVert=False, font='Open Sans', fontFiles=[], height=0.05, italic=False, languageStyle='LTR', name='GNG_instructions_text', opacity=1, ori=0.0, pos=array([0., 0.]), rgb=UNKNOWN, text=str(...), units='height', win=Window(...), wrapWidth=1)
9.4156 	EXP 	UDP Sent: marker_value=6, marker_string=trial_start
9.4180 	EXP 	Created inter_stim_plus = ShapeStim(__class__=<class 'psychopy.visual.shape.ShapeStim'>, autoDraw=False, autoLog=True, closeShape=True, color=method-wrapper(...), colorSpace='rgb', contrast=None, depth=-1.0, fillColor=array([1, 1, 1]), fillColorSpace='rgb', fillRGB=array([1, 1, 1]), interpolate=True, lineColor=array([1., 1., 1.]), lineColorSpace='rgb', lineRGB=array([1, 1, 1]), lineWidth=1.0, name='inter_stim_plus', opacity=1, ori=0.0, pos=array([0., 0.]), size=array([0.25, 0.25]), units='height', vertices=ndarray(...), win=Window(...), windingRule=None)
9.4203 	EXP 	Created GNG_plus = ShapeStim(__class__=<class 'psychopy.visual.shape.ShapeStim'>, autoDraw=False, autoLog=True, closeShape=True, color=method-wrapper(...), colorSpace='rgb', contrast=None, depth=-2.0, fillColor=array([1, 1, 1]), fillColorSpace='rgb', fillRGB=array([1, 1, 1]), interpolate=True, lineColor=array([1., 1., 1.]), lineColorSpace='rgb', lineRGB=array([1, 1, 1]), lineWidth=1.0, name='GNG_plus', opacity=1, ori=0.0, pos=array([0., 0.]), size=array([0.25, 0.25]), units='height', vertices=ndarray(...), win=Window(...), windingRule=None)
9.4237 	EXP 	Created GNG_image = ImageStim(__class__=<class 'psychopy.visual.image.ImageStim'>, autoLog=True, color=array([1., 1., 1.]), colorSpace='rgb', contrast=1.0, depth=-3.0, flipHoriz=False, flipVert=False, image='sin', interpolate=True, mask=None, maskParams=None, name='GNG_image', opacity=1, ori=0.0, pos=array([0., 0.]), size=array([0.85, 0.85]), texRes=128.0, units='height', win=Window(...))
9.4596 	EXP 	initial_instructions_text: autoDraw = True
18.9135 	DATA 	Keypress: space
18.9263 	EXP 	initial_instructions_text: autoDraw = False
18.9263 	EXP 	practice_instructions_text: autoDraw = True
19.8074 	EXP 	UDP Sent: marker_value=2, marker_string=practice_start
19.8130 	EXP 	Imported C:\Users\zackg\OneDrive\Ayaz Lab\KernelFlow_PsychoPy\go_no_go\affective_GNG\practice\practice_loop_count.csv as conditions, 3 conditions, 1 params
19.8133 	EXP 	Created sequence: sequential, trialTypes=3, nReps=1, seed=None
19.8136 	EXP 	New trial (rep=0, index=0): OrderedDict([('loop_count', 1)])
19.8165 	EXP 	Imported C:\Users\zackg\OneDrive\Ayaz Lab\KernelFlow_PsychoPy\go_no_go\affective_GNG\practice\GNG_stims-16458273315520523.csv as conditions, 4 conditions, 3 params
19.8168 	EXP 	Created sequence: sequential, trialTypes=4, nReps=1, seed=None
19.8170 	EXP 	New trial (rep=0, index=0): OrderedDict([('inter_stim_inverval', 6.5), ('GNG_stim', 'affective_go_stimuli\\puppy_14.jpeg'), ('match', 1)])
19.8195 	DATA 	Keypress: space
19.8207 	EXP 	practice_instructions_text: autoDraw = False
19.8207 	EXP 	practice_interval_plus: autoDraw = True
24.8613 	EXP 	practice_interval_plus: autoDraw = False
24.8613 	EXP 	practice_image: image = 'affective_go_stimuli\\puppy_14.jpeg'
24.8613 	EXP 	practice_text: autoDraw = True
24.8613 	EXP 	practice_plus: autoDraw = True
24.8613 	EXP 	practice_image: autoDraw = True
25.3651 	EXP 	practice_text: autoDraw = False
25.3651 	EXP 	practice_image: autoDraw = False
27.8163 	EXP 	New trial (rep=0, index=1): OrderedDict([('inter_stim_inverval', 6.5), ('GNG_stim', 'affective_go_stimuli\\puppy_1.jpg'), ('match', 1)])
27.8230 	EXP 	practice_text: autoDraw = False
27.8230 	EXP 	practice_plus: autoDraw = False
27.8230 	EXP 	practice_image: autoDraw = False
27.8230 	EXP 	practice_interval_plus: autoDraw = True
32.8352 	EXP 	practice_interval_plus: autoDraw = False
32.8352 	EXP 	practice_image: image = 'affective_go_stimuli\\puppy_1.jpg'
32.8352 	EXP 	practice_text: autoDraw = True
32.8352 	EXP 	practice_plus: autoDraw = True
32.8352 	EXP 	practice_image: autoDraw = True
33.3357 	EXP 	practice_text: autoDraw = False
33.3357 	EXP 	practice_image: autoDraw = False
35.8147 	EXP 	New trial (rep=0, index=2): OrderedDict([('inter_stim_inverval', 5.0), ('GNG_stim', 'affective_no_go_stimuli\\spider_4.jpeg'), ('match', 0)])
35.8213 	EXP 	practice_text: autoDraw = False
35.8213 	EXP 	practice_plus: autoDraw = False
35.8213 	EXP 	practice_image: autoDraw = False
35.8213 	EXP 	practice_interval_plus: autoDraw = True
40.9050 	EXP 	practice_interval_plus: autoDraw = False
40.9050 	EXP 	practice_image: image = 'affective_no_go_stimuli\\spider_4.jpeg'
40.9050 	EXP 	practice_text: autoDraw = True
40.9050 	EXP 	practice_plus: autoDraw = True
40.9050 	EXP 	practice_image: autoDraw = True
41.4036 	EXP 	practice_text: autoDraw = False
41.4036 	EXP 	practice_image: autoDraw = False
43.8132 	EXP 	New trial (rep=0, index=3): OrderedDict([('inter_stim_inverval', 5.5), ('GNG_stim', 'affective_no_go_stimuli\\spider_5.jpeg'), ('match', 0)])
43.8198 	EXP 	practice_text: autoDraw = False
43.8198 	EXP 	practice_plus: autoDraw = False
43.8198 	EXP 	practice_image: autoDraw = False
43.8198 	EXP 	practice_interval_plus: autoDraw = True
48.9105 	EXP 	practice_interval_plus: autoDraw = False
48.9105 	EXP 	practice_image: image = 'affective_no_go_stimuli\\spider_5.jpeg'
48.9105 	EXP 	practice_text: autoDraw = True
48.9105 	EXP 	practice_plus: autoDraw = True
48.9105 	EXP 	practice_image: autoDraw = True
49.4090 	EXP 	practice_text: autoDraw = False
49.4090 	EXP 	practice_image: autoDraw = False
51.8194 	EXP 	practice_text: autoDraw = False
51.8194 	EXP 	practice_plus: autoDraw = False
51.8194 	EXP 	practice_image: autoDraw = False
51.8194 	EXP 	finish_practice_text: autoDraw = True
53.1764 	EXP 	UDP Sent: marker_value=3, marker_string=practice_end
53.1768 	EXP 	Created sequence: sequential, trialTypes=1, nReps=2, seed=None
53.1769 	EXP 	New trial (rep=0, index=0): None
53.1841 	DATA 	Keypress: space
53.1856 	EXP 	finish_practice_text: autoDraw = False
53.1856 	EXP 	go_instructions_text: autoDraw = True
54.4324 	EXP 	UDP Sent: marker_value=4, marker_string=block_start
54.4381 	EXP 	Imported affective_GNG_conditions\go_stims-16458273313190513.csv as conditions, 20 conditions, 3 params
54.4384 	EXP 	Created sequence: sequential, trialTypes=20, nReps=1, seed=None
54.4387 	EXP 	New trial (rep=0, index=0): OrderedDict([('inter_stim_interval', 5.5), ('go_stim', 'affective_go_stimuli\\puppy_10.jpg'), ('match', 1)])
54.4434 	DATA 	Keypress: space
54.4446 	EXP 	go_instructions_text: autoDraw = False
54.4446 	EXP 	inter_stim_plus: autoDraw = True
59.9437 	EXP 	UDP Sent: marker_value=8, marker_string=stimuli_start
59.9576 	EXP 	inter_stim_plus: autoDraw = False
59.9576 	EXP 	inter_stim_plus: autoDraw = False
59.9576 	EXP 	go_image: image = 'affective_go_stimuli\\puppy_10.jpg'
59.9576 	EXP 	go_plus: autoDraw = True
59.9576 	EXP 	go_image: autoDraw = True
60.4594 	EXP 	go_image: autoDraw = False
60.7107 	DATA 	Keypress: space
60.7164 	EXP 	UDP Sent: marker_value=9, marker_string=stimuli_end
63.3472 	EXP 	window1: mouseVisible = True
