11.9538 	EXP 	Created window1 = Window(allowGUI=False, allowStencil=False, autoLog=True, backendConf=UNKNOWN, bitsMode=UNKNOWN, blendMode='avg', bpc=(8, 8, 8), color=array([0, 0, 0]), colorSpace='rgb', depthBits=8, fullscr=<method-wrapper '__getattribute__' of attributeSetter object at 0x000001D384FA7DD8>, gamma=None, gammaErrorPolicy='raise', lms=UNKNOWN, monitor=<psychopy.monitors.calibTools.Monitor object at 0x000001D38503A278>, multiSample=False, name='window1', numSamples=2, pos=[0.0, 0.0], screen=0, size=array([1920, 1080]), stencilBits=0, stereo=False, units='height', useFBO=True, useRetina=False, viewOri=0.0, viewPos=None, viewScale=None, waitBlanking=True, winType='pyglet')
11.9544 	EXP 	window1: mouseVisible = True
11.9544 	EXP 	window1: recordFrameIntervals = False
12.0229 	EXP 	window1: recordFrameIntervals = True
12.0994 	EXP 	window1: recordFrameIntervals = False
12.3466 	EXP 	UDP Sent: marker_value=0, marker_string=experiment_start
12.5019 	EXP 	Created initial_instructions_text = TextStim(__class__=<class 'psychopy.visual.text.TextStim'>, alignHoriz=method-wrapper(...), alignText='center', alignVert=method-wrapper(...), anchorHoriz='center', anchorVert='center', antialias=True, autoLog=True, bold=False, color=array([1., 1., 1.]), colorSpace='rgb', contrast=1.0, depth=0.0, flipHoriz=False, flipVert=False, font='Open Sans', fontFiles=[], height=0.05, italic=False, languageStyle='LTR', name='initial_instructions_text', opacity=1, ori=0.0, pos=array([0., 0.]), rgb=UNKNOWN, text=str(...), units='height', win=Window(...), wrapWidth=1)
12.5338 	EXP 	Created practice_instructions_text = TextStim(__class__=<class 'psychopy.visual.text.TextStim'>, alignHoriz=method-wrapper(...), alignText='center', alignVert=method-wrapper(...), anchorHoriz='center', anchorVert='center', antialias=True, autoLog=True, bold=False, color=array([1., 1., 1.]), colorSpace='rgb', contrast=1.0, depth=0.0, flipHoriz=False, flipVert=False, font='Open Sans', fontFiles=[], height=0.07, italic=False, languageStyle='LTR', name='practice_instructions_text', opacity=1, ori=0.0, pos=array([0., 0.]), rgb=UNKNOWN, text=str(...), units='height', win=Window(...), wrapWidth=1)
12.5372 	EXP 	Created practice_interval_plus = ShapeStim(__class__=<class 'psychopy.visual.shape.ShapeStim'>, autoDraw=False, autoLog=True, closeShape=True, color=method-wrapper(...), colorSpace='rgb', contrast=None, depth=0.0, fillColor=array([1, 1, 1]), fillColorSpace='rgb', fillRGB=array([1, 1, 1]), interpolate=True, lineColor=array([1., 1., 1.]), lineColorSpace='rgb', lineRGB=array([1, 1, 1]), lineWidth=1.0, name='practice_interval_plus', opacity=1, ori=0.0, pos=array([0., 0.]), size=array([0.25, 0.25]), units='height', vertices=ndarray(...), win=Window(...), windingRule=None)
12.5526 	EXP 	Created practice_text = TextStim(__class__=<class 'psychopy.visual.text.TextStim'>, alignHoriz=method-wrapper(...), alignText='center', alignVert=method-wrapper(...), anchorHoriz='center', anchorVert='center', antialias=True, autoLog=True, bold=False, color=array([1., 1., 1.]), colorSpace='rgb', contrast=1.0, depth=0.0, flipHoriz=False, flipVert=False, font='Open Sans', fontFiles=[], height=0.1, italic=False, languageStyle='LTR', name='practice_text', opacity=1, ori=0.0, pos=array([0.  , 0.35]), rgb=UNKNOWN, text='Press key now!', units='height', win=Window(...), wrapWidth=1)
12.5549 	EXP 	Created practice_plus = ShapeStim(__class__=<class 'psychopy.visual.shape.ShapeStim'>, autoDraw=False, autoLog=True, closeShape=True, color=method-wrapper(...), colorSpace='rgb', contrast=None, depth=-1.0, fillColor=array([1, 1, 1]), fillColorSpace='rgb', fillRGB=array([1, 1, 1]), interpolate=True, lineColor=array([1., 1., 1.]), lineColorSpace='rgb', lineRGB=array([1, 1, 1]), lineWidth=1.0, name='practice_plus', opacity=1, ori=0.0, pos=array([0., 0.]), size=array([0.25, 0.25]), units='height', vertices=ndarray(...), win=Window(...), windingRule=None)
12.5660 	EXP 	Created practice_image = ImageStim(__class__=<class 'psychopy.visual.image.ImageStim'>, autoLog=True, color=array([1., 1., 1.]), colorSpace='rgb', contrast=1.0, depth=-2.0, flipHoriz=False, flipVert=False, image='sin', interpolate=True, mask=None, maskParams=None, name='practice_image', opacity=1, ori=0.0, pos=array([0., 0.]), size=array([0.5, 0.5]), texRes=128.0, units='height', win=Window(...))
12.5936 	EXP 	Created finish_practice_text = TextStim(__class__=<class 'psychopy.visual.text.TextStim'>, alignHoriz=method-wrapper(...), alignText='center', alignVert=method-wrapper(...), anchorHoriz='center', anchorVert='center', antialias=True, autoLog=True, bold=False, color=array([1., 1., 1.]), colorSpace='rgb', contrast=1.0, depth=0.0, flipHoriz=False, flipVert=False, font='Open Sans', fontFiles=[], height=0.1, italic=False, languageStyle='LTR', name='finish_practice_text', opacity=1, ori=0.0, pos=array([0., 0.]), rgb=UNKNOWN, text=str(...), units='height', win=Window(...), wrapWidth=1)
12.6152 	EXP 	Created go_instructions_text = TextStim(__class__=<class 'psychopy.visual.text.TextStim'>, alignHoriz=method-wrapper(...), alignText='center', alignVert=method-wrapper(...), anchorHoriz='center', anchorVert='center', antialias=True, autoLog=True, bold=False, color=array([1., 1., 1.]), colorSpace='rgb', contrast=1.0, depth=0.0, flipHoriz=False, flipVert=False, font='Open Sans', fontFiles=[], height=0.05, italic=False, languageStyle='LTR', name='go_instructions_text', opacity=1, ori=0.0, pos=array([0., 0.]), rgb=UNKNOWN, text=str(...), units='height', win=Window(...), wrapWidth=1)
12.6153 	EXP 	UDP Sent: marker_value=6, marker_string=trial_start
12.6177 	EXP 	Created inter_stim_plus = ShapeStim(__class__=<class 'psychopy.visual.shape.ShapeStim'>, autoDraw=False, autoLog=True, closeShape=True, color=method-wrapper(...), colorSpace='rgb', contrast=None, depth=-1.0, fillColor=array([1, 1, 1]), fillColorSpace='rgb', fillRGB=array([1, 1, 1]), interpolate=True, lineColor=array([1., 1., 1.]), lineColorSpace='rgb', lineRGB=array([1, 1, 1]), lineWidth=1.0, name='inter_stim_plus', opacity=1, ori=0.0, pos=array([0., 0.]), size=array([0.25, 0.25]), units='height', vertices=ndarray(...), win=Window(...), windingRule=None)
12.6200 	EXP 	Created go_plus = ShapeStim(__class__=<class 'psychopy.visual.shape.ShapeStim'>, autoDraw=False, autoLog=True, closeShape=True, color=method-wrapper(...), colorSpace='rgb', contrast=None, depth=-2.0, fillColor=array([1, 1, 1]), fillColorSpace='rgb', fillRGB=array([1, 1, 1]), interpolate=True, lineColor=array([1., 1., 1.]), lineColorSpace='rgb', lineRGB=array([1, 1, 1]), lineWidth=1.0, name='go_plus', opacity=1, ori=0.0, pos=array([0., 0.]), size=array([0.25, 0.25]), units='height', vertices=ndarray(...), win=Window(...), windingRule=None)
12.6233 	EXP 	Created go_image = ImageStim(__class__=<class 'psychopy.visual.image.ImageStim'>, autoLog=True, color=array([1., 1., 1.]), colorSpace='rgb', contrast=1.0, depth=-3.0, flipHoriz=False, flipVert=False, image='sin', interpolate=True, mask=None, maskParams=None, name='go_image', opacity=1, ori=0.0, pos=array([0., 0.]), size=array([0.85, 0.85]), texRes=128.0, units='height', win=Window(...))
12.6441 	EXP 	Created GNG_instructions_text = TextStim(__class__=<class 'psychopy.visual.text.TextStim'>, alignHoriz=method-wrapper(...), alignText='center', alignVert=method-wrapper(...), anchorHoriz='center', anchorVert='center', antialias=True, autoLog=True, bold=False, color=array([1., 1., 1.]), colorSpace='rgb', contrast=1.0, depth=0.0, flipHoriz=False, flipVert=False, font='Open Sans', fontFiles=[], height=0.05, italic=False, languageStyle='LTR', name='GNG_instructions_text', opacity=1, ori=0.0, pos=array([0., 0.]), rgb=UNKNOWN, text=str(...), units='height', win=Window(...), wrapWidth=1)
12.6443 	EXP 	UDP Sent: marker_value=6, marker_string=trial_start
12.6467 	EXP 	Created inter_stim_plus = ShapeStim(__class__=<class 'psychopy.visual.shape.ShapeStim'>, autoDraw=False, autoLog=True, closeShape=True, color=method-wrapper(...), colorSpace='rgb', contrast=None, depth=-1.0, fillColor=array([1, 1, 1]), fillColorSpace='rgb', fillRGB=array([1, 1, 1]), interpolate=True, lineColor=array([1., 1., 1.]), lineColorSpace='rgb', lineRGB=array([1, 1, 1]), lineWidth=1.0, name='inter_stim_plus', opacity=1, ori=0.0, pos=array([0., 0.]), size=array([0.25, 0.25]), units='height', vertices=ndarray(...), win=Window(...), windingRule=None)
12.6491 	EXP 	Created GNG_plus = ShapeStim(__class__=<class 'psychopy.visual.shape.ShapeStim'>, autoDraw=False, autoLog=True, closeShape=True, color=method-wrapper(...), colorSpace='rgb', contrast=None, depth=-2.0, fillColor=array([1, 1, 1]), fillColorSpace='rgb', fillRGB=array([1, 1, 1]), interpolate=True, lineColor=array([1., 1., 1.]), lineColorSpace='rgb', lineRGB=array([1, 1, 1]), lineWidth=1.0, name='GNG_plus', opacity=1, ori=0.0, pos=array([0., 0.]), size=array([0.25, 0.25]), units='height', vertices=ndarray(...), win=Window(...), windingRule=None)
12.6527 	EXP 	Created GNG_image = ImageStim(__class__=<class 'psychopy.visual.image.ImageStim'>, autoLog=True, color=array([1., 1., 1.]), colorSpace='rgb', contrast=1.0, depth=-3.0, flipHoriz=False, flipVert=False, image='sin', interpolate=True, mask=None, maskParams=None, name='GNG_image', opacity=1, ori=0.0, pos=array([0., 0.]), size=array([0.85, 0.85]), texRes=128.0, units='height', win=Window(...))
12.6888 	EXP 	initial_instructions_text: autoDraw = True
13.0358 	DATA 	Keypress: space
13.0375 	EXP 	initial_instructions_text: autoDraw = False
13.0375 	EXP 	practice_instructions_text: autoDraw = True
13.3618 	DATA 	Keypress: space
13.3676 	EXP 	UDP Sent: marker_value=2, marker_string=practice_start
13.3734 	EXP 	Imported C:\Users\zackg\OneDrive\Ayaz Lab\KernelFlow_PsychoPy\go_no_go\affective_GNG\practice\practice_loop_count.csv as conditions, 3 conditions, 1 params
13.3738 	EXP 	Created sequence: sequential, trialTypes=3, nReps=1, seed=None
13.3740 	EXP 	New trial (rep=0, index=0): OrderedDict([('loop_count', 1)])
13.3773 	EXP 	Imported C:\Users\zackg\OneDrive\Ayaz Lab\KernelFlow_PsychoPy\go_no_go\affective_GNG\practice\GNG_stims-16458273315520523.csv as conditions, 4 conditions, 3 params
13.3775 	EXP 	Created sequence: sequential, trialTypes=4, nReps=1, seed=None
13.3778 	EXP 	New trial (rep=0, index=0): OrderedDict([('inter_stim_inverval', 6.5), ('GNG_stim', 'affective_go_stimuli\\puppy_14.jpeg'), ('match', 1)])
13.3819 	EXP 	practice_instructions_text: autoDraw = False
13.3819 	EXP 	practice_interval_plus: autoDraw = True
18.4259 	EXP 	practice_interval_plus: autoDraw = False
18.4259 	EXP 	practice_image: image = 'affective_go_stimuli\\puppy_14.jpeg'
18.4259 	EXP 	practice_text: autoDraw = True
18.4259 	EXP 	practice_plus: autoDraw = True
18.4259 	EXP 	practice_image: autoDraw = True
18.9244 	EXP 	practice_text: autoDraw = False
18.9244 	EXP 	practice_image: autoDraw = False
21.3755 	EXP 	New trial (rep=0, index=1): OrderedDict([('inter_stim_inverval', 6.5), ('GNG_stim', 'affective_go_stimuli\\puppy_1.jpg'), ('match', 1)])
21.3822 	EXP 	practice_text: autoDraw = False
21.3822 	EXP 	practice_plus: autoDraw = False
21.3822 	EXP 	practice_image: autoDraw = False
21.3822 	EXP 	practice_interval_plus: autoDraw = True
26.3934 	EXP 	practice_interval_plus: autoDraw = False
26.3934 	EXP 	practice_image: image = 'affective_go_stimuli\\puppy_1.jpg'
26.3934 	EXP 	practice_text: autoDraw = True
26.3934 	EXP 	practice_plus: autoDraw = True
26.3934 	EXP 	practice_image: autoDraw = True
26.8951 	EXP 	practice_text: autoDraw = False
26.8951 	EXP 	practice_image: autoDraw = False
29.3740 	EXP 	New trial (rep=0, index=2): OrderedDict([('inter_stim_inverval', 5.0), ('GNG_stim', 'affective_no_go_stimuli\\spider_4.jpeg'), ('match', 0)])
29.3806 	EXP 	practice_text: autoDraw = False
29.3806 	EXP 	practice_plus: autoDraw = False
29.3806 	EXP 	practice_image: autoDraw = False
29.3806 	EXP 	practice_interval_plus: autoDraw = True
34.4640 	EXP 	practice_interval_plus: autoDraw = False
34.4640 	EXP 	practice_image: image = 'affective_no_go_stimuli\\spider_4.jpeg'
34.4640 	EXP 	practice_text: autoDraw = True
34.4640 	EXP 	practice_plus: autoDraw = True
34.4640 	EXP 	practice_image: autoDraw = True
34.9629 	EXP 	practice_text: autoDraw = False
34.9629 	EXP 	practice_image: autoDraw = False
37.3725 	EXP 	New trial (rep=0, index=3): OrderedDict([('inter_stim_inverval', 5.5), ('GNG_stim', 'affective_no_go_stimuli\\spider_5.jpeg'), ('match', 0)])
37.3791 	EXP 	practice_text: autoDraw = False
37.3791 	EXP 	practice_plus: autoDraw = False
37.3791 	EXP 	practice_image: autoDraw = False
37.3791 	EXP 	practice_interval_plus: autoDraw = True
42.4699 	EXP 	practice_interval_plus: autoDraw = False
42.4699 	EXP 	practice_image: image = 'affective_no_go_stimuli\\spider_5.jpeg'
42.4699 	EXP 	practice_text: autoDraw = True
42.4699 	EXP 	practice_plus: autoDraw = True
42.4699 	EXP 	practice_image: autoDraw = True
42.9683 	EXP 	practice_text: autoDraw = False
42.9683 	EXP 	practice_image: autoDraw = False
45.3787 	EXP 	practice_text: autoDraw = False
45.3787 	EXP 	practice_plus: autoDraw = False
45.3787 	EXP 	practice_image: autoDraw = False
45.3787 	EXP 	finish_practice_text: autoDraw = True
45.9599 	DATA 	Keypress: space
45.9656 	EXP 	UDP Sent: marker_value=3, marker_string=practice_end
45.9660 	EXP 	Created sequence: sequential, trialTypes=1, nReps=2, seed=None
45.9661 	EXP 	New trial (rep=0, index=0): None
45.9747 	EXP 	finish_practice_text: autoDraw = False
45.9747 	EXP 	go_instructions_text: autoDraw = True
46.6796 	EXP 	UDP Sent: marker_value=4, marker_string=block_start
46.6854 	EXP 	Imported affective_GNG_conditions\go_stims-16458273313190513.csv as conditions, 20 conditions, 3 params
46.6857 	EXP 	Created sequence: sequential, trialTypes=20, nReps=1, seed=None
46.6860 	EXP 	New trial (rep=0, index=0): OrderedDict([('inter_stim_interval', 5.5), ('go_stim', 'affective_go_stimuli\\puppy_10.jpg'), ('match', 1)])
46.6907 	DATA 	Keypress: space
46.6920 	EXP 	go_instructions_text: autoDraw = False
46.6920 	EXP 	inter_stim_plus: autoDraw = True
52.1909 	EXP 	UDP Sent: marker_value=8, marker_string=stimuli_start
52.2059 	EXP 	inter_stim_plus: autoDraw = False
52.2059 	EXP 	inter_stim_plus: autoDraw = False
52.2059 	EXP 	go_image: image = 'affective_go_stimuli\\puppy_10.jpg'
52.2059 	EXP 	go_plus: autoDraw = True
52.2059 	EXP 	go_image: autoDraw = True
52.5536 	EXP 	UDP Sent: marker_value=9, marker_string=stimuli_end
52.5537 	EXP 	UDP Sent: marker_value=11, marker_string=incorrect_ans
52.5537 	EXP 	UDP Sent: marker_value=7, marker_string=trial_end
52.5567 	EXP 	New trial (rep=0, index=1): OrderedDict([('inter_stim_interval', 6.5), ('go_stim', 'affective_go_stimuli\\puppy_9.jpg'), ('match', 1)])
52.5616 	DATA 	Keypress: space
52.5629 	EXP 	go_plus: autoDraw = False
52.5629 	EXP 	go_image: autoDraw = False
52.5629 	EXP 	inter_stim_plus: autoDraw = True
59.0578 	EXP 	UDP Sent: marker_value=8, marker_string=stimuli_start
59.0726 	EXP 	inter_stim_plus: autoDraw = False
59.0726 	EXP 	inter_stim_plus: autoDraw = False
59.0726 	EXP 	go_image: image = 'affective_go_stimuli\\puppy_9.jpg'
59.0726 	EXP 	go_plus: autoDraw = True
59.0726 	EXP 	go_image: autoDraw = True
59.3918 	DATA 	Keypress: space
59.5707 	EXP 	go_image: autoDraw = False
62.0618 	EXP 	UDP Sent: marker_value=9, marker_string=stimuli_end
64.2382 	EXP 	window1: mouseVisible = True
