8.3079 	EXP 	Created window1 = Window(allowGUI=False, allowStencil=False, autoLog=True, backendConf=UNKNOWN, bitsMode=UNKNOWN, blendMode='avg', bpc=(8, 8, 8), color=array([0, 0, 0]), colorSpace='rgb', depthBits=8, fullscr=<method-wrapper '__getattribute__' of attributeSetter object at 0x000002381E2F7908>, gamma=None, gammaErrorPolicy='raise', lms=UNKNOWN, monitor=<psychopy.monitors.calibTools.Monitor object at 0x000002381E373D30>, multiSample=False, name='window1', numSamples=2, pos=[0.0, 0.0], screen=0, size=array([1920, 1080]), stencilBits=0, stereo=False, units='height', useFBO=True, useRetina=False, viewOri=0.0, viewPos=None, viewScale=None, waitBlanking=True, winType='pyglet')
8.3082 	EXP 	window1: mouseVisible = True
8.3082 	EXP 	window1: recordFrameIntervals = False
8.3767 	EXP 	window1: recordFrameIntervals = True
8.4533 	EXP 	window1: recordFrameIntervals = False
8.8242 	EXP 	Created instructions_text = TextStim(__class__=<class 'psychopy.visual.text.TextStim'>, alignHoriz=method-wrapper(...), alignText='center', alignVert=method-wrapper(...), anchorHoriz='center', anchorVert='center', antialias=True, autoLog=True, bold=False, color=array([1., 1., 1.]), colorSpace='rgb', contrast=1.0, depth=0.0, flipHoriz=False, flipVert=False, font='Open Sans', fontFiles=[], height=0.1, italic=False, languageStyle='LTR', name='instructions_text', opacity=1, ori=0.0, pos=array([0., 0.]), rgb=UNKNOWN, text=str(...), units='height', win=Window(...), wrapWidth=1)
8.8259 	EXP 	Created response_interval_text = TextStim(__class__=<class 'psychopy.visual.text.TextStim'>, alignHoriz=method-wrapper(...), alignText='center', alignVert=method-wrapper(...), anchorHoriz='center', anchorVert='center', antialias=True, autoLog=True, bold=False, color=array([1., 1., 1.]), colorSpace='rgb', contrast=1.0, depth=0.0, flipHoriz=False, flipVert=False, font='Open Sans', fontFiles=[], height=0.1, italic=False, languageStyle='LTR', name='response_interval_text', opacity=1, ori=0.0, pos=array([0., 0.]), rgb=UNKNOWN, text='', units='height', win=Window(...), wrapWidth=1)
8.8273 	EXP 	Created inter_stim_text = TextStim(__class__=<class 'psychopy.visual.text.TextStim'>, alignHoriz=method-wrapper(...), alignText='center', alignVert=method-wrapper(...), anchorHoriz='center', anchorVert='center', antialias=True, autoLog=True, bold=False, color=array([1., 1., 1.]), colorSpace='rgb', contrast=1.0, depth=0.0, flipHoriz=False, flipVert=False, font='Open Sans', fontFiles=[], height=0.1, italic=False, languageStyle='LTR', name='inter_stim_text', opacity=1, ori=0.0, pos=array([0., 0.]), rgb=UNKNOWN, text='', units='height', win=Window(...), wrapWidth=1)
8.8285 	EXP 	Created response_interval_text = TextStim(__class__=<class 'psychopy.visual.text.TextStim'>, alignHoriz=method-wrapper(...), alignText='center', alignVert=method-wrapper(...), anchorHoriz='center', anchorVert='center', antialias=True, autoLog=True, bold=False, color=array([1., 1., 1.]), colorSpace='rgb', contrast=1.0, depth=0.0, flipHoriz=False, flipVert=False, font='Open Sans', fontFiles=[], height=0.1, italic=False, languageStyle='LTR', name='response_interval_text', opacity=1, ori=0.0, pos=array([0., 0.]), rgb=UNKNOWN, text='', units='height', win=Window(...), wrapWidth=1)
8.8298 	EXP 	Created inter_stim_text = TextStim(__class__=<class 'psychopy.visual.text.TextStim'>, alignHoriz=method-wrapper(...), alignText='center', alignVert=method-wrapper(...), anchorHoriz='center', anchorVert='center', antialias=True, autoLog=True, bold=False, color=array([1., 1., 1.]), colorSpace='rgb', contrast=1.0, depth=0.0, flipHoriz=False, flipVert=False, font='Open Sans', fontFiles=[], height=0.1, italic=False, languageStyle='LTR', name='inter_stim_text', opacity=1, ori=0.0, pos=array([0., 0.]), rgb=UNKNOWN, text='', units='height', win=Window(...), wrapWidth=1)
8.8607 	EXP 	instructions_text: autoDraw = True
9.3757 	EXP 	Created sequence: sequential, trialTypes=1, nReps=2, seed=None
9.3759 	EXP 	New trial (rep=0, index=0): None
9.3829 	EXP 	Imported affective_GNG_conditions\go_stims-16441706433562675.csv as conditions, 30 conditions, 2 params
9.3833 	EXP 	Created sequence: random, trialTypes=30, nReps=1, seed=None
9.3835 	EXP 	New trial (rep=0, index=0): OrderedDict([('go_stim', 'puppy_29.jpg'), ('match', ['space'])])
9.3888 	DATA 	Keypress: space
9.3901 	EXP 	instructions_text: autoDraw = False
9.3901 	EXP 	response_interval_text: autoDraw = True
12.3907 	EXP 	response_interval_text: autoDraw = False
12.3907 	EXP 	response_interval_text: autoDraw = False
12.3907 	EXP 	inter_stim_text: autoDraw = True
12.8778 	DATA 	Keypress: lalt
17.3866 	EXP 	New trial (rep=0, index=1): OrderedDict([('go_stim', 'puppy_30.jpg'), ('match', ['space'])])
17.3922 	EXP 	inter_stim_text: autoDraw = False
17.3922 	EXP 	inter_stim_text: autoDraw = False
17.3922 	EXP 	response_interval_text: autoDraw = True
18.4254 	DATA 	Mouse: Left button down, pos=(1063,526)
18.6420 	DATA 	Mouse:  Left button up, pos=(1063,526)
20.3965 	EXP 	response_interval_text: autoDraw = False
20.3965 	EXP 	inter_stim_text: autoDraw = True
20.6072 	DATA 	Keypress: escape
22.3295 	EXP 	window1: mouseVisible = True
